
Model Technology ModelSim SE-64 vmap 10.5c Lib Mapping Utility 2016.07 Jul 20 2016
vmap LIB_VHD /tp/xph3app/xph3app602/projet_drone/SYNTH_DC_LUDO/libs/LIB_VHD 
Modifying /tp/xph3app/xph3app602/projet_drone/CONFIG/modelsim.ini
Model Technology ModelSim SE-64 vcom 10.5c Compiler 2016.07 Jul 20 2016
Start time: 15:40:16 on Jan 23,2018
vcom "+acc" -work LIB_VHD /tp/xph3app/xph3app602/projet_drone/SYNTH_DC_LUDO/netlist/top_bar.vhd 
-- Loading package STANDARD
-- Loading package TEXTIO
-- Loading package std_logic_1164
-- Compiling package CONV_PACK_top_bar
-- Loading package CONV_PACK_top_bar
-- Compiling entity top_bar
-- Compiling architecture SYN_bar of top_bar
End time: 15:40:17 on Jan 23,2018, Elapsed time: 0:00:01
Errors: 0, Warnings: 0
Model Technology ModelSim SE-64 vmap 10.5c Lib Mapping Utility 2016.07 Jul 20 2016
vmap LIB_VHD_BENCH /tp/xph3app/xph3app602/projet_drone/SYNTH_DC_LUDO/libs/LIB_VHD_BENCH 
Modifying /tp/xph3app/xph3app602/projet_drone/CONFIG/modelsim.ini
Model Technology ModelSim SE-64 vlog 10.5c Compiler 2016.07 Jul 20 2016
Start time: 15:40:17 on Jan 23,2018
vlog -sv -work LIB_VHD_BENCH /tp/xph3app/xph3app602/projet_drone/SYNTH_DC_LUDO/bench/tbench.sv 
-- Compiling package tbench_sv_unit
-- Compiling module tbench

Top level modules:
	tbench
End time: 15:40:17 on Jan 23,2018, Elapsed time: 0:00:00
Errors: 0, Warnings: 0

Total Errors :	0
Total Warnings :	0
