
Modifying /tp/xph3app/xph3app602/projet_drone/CONFIG/modelsim.ini
Model Technology ModelSim SE-64 vcom 10.2c Compiler 2013.07 Jul 18 2013
-- Loading package STANDARD
-- Loading package TEXTIO
-- Loading package std_logic_1164
-- Loading package NUMERIC_STD
-- Compiling package constants_package
Model Technology ModelSim SE-64 vcom 10.2c Compiler 2013.07 Jul 18 2013
-- Loading package STANDARD
-- Loading package TEXTIO
-- Loading package std_logic_1164
-- Compiling package CONV_PACK_send_ppm
-- Loading package CONV_PACK_send_ppm
-- Compiling entity send_ppm
-- Compiling architecture SYN_rtl of send_ppm
Modifying /tp/xph3app/xph3app602/projet_drone/CONFIG/modelsim.ini
Model Technology ModelSim SE-64 vcom 10.2c Compiler 2013.07 Jul 18 2013
-- Loading package STANDARD
-- Loading package TEXTIO
-- Loading package std_logic_1164
-- Loading package NUMERIC_STD
-- Loading package constants_package
-- Compiling entity bench_send_ppm
-- Compiling architecture tb_ppm of bench_send_ppm

Total Errors :	0
Total Warnings :	0
