 
****************************************
Report : cell
Design : send_ppm
Version: J-2014.09-SP2
Date   : Tue Jan 23 08:25:15 2018
****************************************

Attributes:
    b - black box (unknown)
    d - dont_touch
    h - hierarchical
   mo - map_only
    n - noncombinational
    r - removable
    u - contains unmapped logic

Cell                      Reference       Library             Area  Attributes
--------------------------------------------------------------------------------
U16                       OAI222          c35_CORELIB_TYP 91.000000 
U22                       OAI212          c35_CORELIB_TYP 72.800003 
U23                       OAI222          c35_CORELIB_TYP 91.000000 
U25                       OAI212          c35_CORELIB_TYP 72.800003 
U26                       OAI222          c35_CORELIB_TYP 91.000000 
U87                       NOR21           c35_CORELIB_TYP 54.599998 
U88                       MUX22           c35_CORELIB_TYP 109.199997
U89                       MUX22           c35_CORELIB_TYP 109.199997
U90                       MUX22           c35_CORELIB_TYP 109.199997
U91                       MUX22           c35_CORELIB_TYP 109.199997
U92                       XNR21           c35_CORELIB_TYP 109.199997
U93                       XNR21           c35_CORELIB_TYP 109.199997
U94                       INV3            c35_CORELIB_TYP 36.400002 
U95                       NOR21           c35_CORELIB_TYP 54.599998 
U96                       INV3            c35_CORELIB_TYP 36.400002 
U97                       NOR21           c35_CORELIB_TYP 54.599998 
U98                       NOR21           c35_CORELIB_TYP 54.599998 
U99                       INV3            c35_CORELIB_TYP 36.400002 
U100                      XNR21           c35_CORELIB_TYP 109.199997
U101                      INV3            c35_CORELIB_TYP 36.400002 
U102                      XOR21           c35_CORELIB_TYP 127.400002
U103                      INV3            c35_CORELIB_TYP 36.400002 
U104                      INV3            c35_CORELIB_TYP 36.400002 
U105                      INV3            c35_CORELIB_TYP 36.400002 
U106                      INV3            c35_CORELIB_TYP 36.400002 
U107                      INV3            c35_CORELIB_TYP 36.400002 
U108                      INV3            c35_CORELIB_TYP 36.400002 
U109                      NOR21           c35_CORELIB_TYP 54.599998 
U110                      INV3            c35_CORELIB_TYP 36.400002 
U111                      NOR21           c35_CORELIB_TYP 54.599998 
U112                      NOR21           c35_CORELIB_TYP 54.599998 
U113                      INV3            c35_CORELIB_TYP 36.400002 
U114                      NOR21           c35_CORELIB_TYP 54.599998 
U115                      INV3            c35_CORELIB_TYP 36.400002 
U116                      NOR21           c35_CORELIB_TYP 54.599998 
U117                      INV3            c35_CORELIB_TYP 36.400002 
U118                      NOR21           c35_CORELIB_TYP 54.599998 
U119                      INV3            c35_CORELIB_TYP 36.400002 
U120                      XOR21           c35_CORELIB_TYP 127.400002
U121                      INV3            c35_CORELIB_TYP 36.400002 
U122                      XNR21           c35_CORELIB_TYP 109.199997
U123                      INV3            c35_CORELIB_TYP 36.400002 
U124                      XOR21           c35_CORELIB_TYP 127.400002
U125                      INV3            c35_CORELIB_TYP 36.400002 
U126                      XNR21           c35_CORELIB_TYP 109.199997
U127                      INV3            c35_CORELIB_TYP 36.400002 
U128                      XOR21           c35_CORELIB_TYP 127.400002
U129                      INV3            c35_CORELIB_TYP 36.400002 
U130                      XOR21           c35_CORELIB_TYP 127.400002
U131                      INV3            c35_CORELIB_TYP 36.400002 
U132                      INV3            c35_CORELIB_TYP 36.400002 
U133                      INV3            c35_CORELIB_TYP 36.400002 
U134                      INV3            c35_CORELIB_TYP 36.400002 
U135                      INV3            c35_CORELIB_TYP 36.400002 
U136                      INV3            c35_CORELIB_TYP 36.400002 
U137                      INV3            c35_CORELIB_TYP 36.400002 
U138                      INV3            c35_CORELIB_TYP 36.400002 
U139                      NOR21           c35_CORELIB_TYP 54.599998 
U140                      XOR21           c35_CORELIB_TYP 127.400002
U141                      XOR21           c35_CORELIB_TYP 127.400002
U142                      XOR21           c35_CORELIB_TYP 127.400002
U143                      NOR21           c35_CORELIB_TYP 54.599998 
U144                      INV3            c35_CORELIB_TYP 36.400002 
U145                      NOR21           c35_CORELIB_TYP 54.599998 
U146                      NOR21           c35_CORELIB_TYP 54.599998 
U147                      INV3            c35_CORELIB_TYP 36.400002 
U148                      INV3            c35_CORELIB_TYP 36.400002 
U149                      NOR21           c35_CORELIB_TYP 54.599998 
U150                      INV3            c35_CORELIB_TYP 36.400002 
U151                      INV3            c35_CORELIB_TYP 36.400002 
U152                      NOR21           c35_CORELIB_TYP 54.599998 
U153                      INV3            c35_CORELIB_TYP 36.400002 
U154                      INV3            c35_CORELIB_TYP 36.400002 
U155                      INV3            c35_CORELIB_TYP 36.400002 
U156                      INV3            c35_CORELIB_TYP 36.400002 
U157                      NOR21           c35_CORELIB_TYP 54.599998 
U158                      INV3            c35_CORELIB_TYP 36.400002 
U159                      INV3            c35_CORELIB_TYP 36.400002 
U160                      NOR21           c35_CORELIB_TYP 54.599998 
U161                      INV3            c35_CORELIB_TYP 36.400002 
U162                      INV3            c35_CORELIB_TYP 36.400002 
U163                      INV3            c35_CORELIB_TYP 36.400002 
U164                      NOR21           c35_CORELIB_TYP 54.599998 
U165                      INV3            c35_CORELIB_TYP 36.400002 
U166                      NOR21           c35_CORELIB_TYP 54.599998 
U167                      NOR21           c35_CORELIB_TYP 54.599998 
U168                      INV3            c35_CORELIB_TYP 36.400002 
U169                      XOR21           c35_CORELIB_TYP 127.400002
U170                      XOR21           c35_CORELIB_TYP 127.400002
                                                                    d
U171                      XOR21           c35_CORELIB_TYP 127.400002
U172                      INV3            c35_CORELIB_TYP 36.400002 
U173                      XNR21           c35_CORELIB_TYP 109.199997
U174                      INV3            c35_CORELIB_TYP 36.400002 
U175                      XOR21           c35_CORELIB_TYP 127.400002
U176                      INV3            c35_CORELIB_TYP 36.400002 
U177                      XOR21           c35_CORELIB_TYP 127.400002
U178                      INV3            c35_CORELIB_TYP 36.400002 
U179                      XNR21           c35_CORELIB_TYP 109.199997
U180                      INV3            c35_CORELIB_TYP 36.400002 
U181                      XOR21           c35_CORELIB_TYP 127.400002
U182                      INV3            c35_CORELIB_TYP 36.400002 
U183                      INV3            c35_CORELIB_TYP 36.400002 
U184                      XOR21           c35_CORELIB_TYP 127.400002
U185                      XOR21           c35_CORELIB_TYP 127.400002
U186                      XOR21           c35_CORELIB_TYP 127.400002
U187                      XOR21           c35_CORELIB_TYP 127.400002
U188                      XNR21           c35_CORELIB_TYP 109.199997
U189                      XOR21           c35_CORELIB_TYP 127.400002
U190                      XOR21           c35_CORELIB_TYP 127.400002
U191                      XOR21           c35_CORELIB_TYP 127.400002
U192                      XOR21           c35_CORELIB_TYP 127.400002
U193                      XOR21           c35_CORELIB_TYP 127.400002
U194                      XOR21           c35_CORELIB_TYP 127.400002
                                                                    d
U195                      XOR21           c35_CORELIB_TYP 127.400002
                                                                    d
U196                      XOR21           c35_CORELIB_TYP 127.400002
                                                                    d
U197                      XNR21           c35_CORELIB_TYP 109.199997
U198                      XNR21           c35_CORELIB_TYP 109.199997
U199                      NOR21           c35_CORELIB_TYP 54.599998 
U200                      INV3            c35_CORELIB_TYP 36.400002 
U201                      INV3            c35_CORELIB_TYP 36.400002 
U202                      NOR21           c35_CORELIB_TYP 54.599998 
U203                      INV3            c35_CORELIB_TYP 36.400002 
U204                      NOR21           c35_CORELIB_TYP 54.599998 
U205                      INV3            c35_CORELIB_TYP 36.400002 
U206                      NOR21           c35_CORELIB_TYP 54.599998 
U207                      INV3            c35_CORELIB_TYP 36.400002 
U208                      NOR21           c35_CORELIB_TYP 54.599998 
U209                      INV3            c35_CORELIB_TYP 36.400002 
U210                      INV3            c35_CORELIB_TYP 36.400002 
U211                      INV3            c35_CORELIB_TYP 36.400002 
U212                      INV3            c35_CORELIB_TYP 36.400002 
U213                      INV3            c35_CORELIB_TYP 36.400002 
U214                      INV3            c35_CORELIB_TYP 36.400002 
U215                      NOR21           c35_CORELIB_TYP 54.599998 
U216                      INV3            c35_CORELIB_TYP 36.400002 
U217                      INV3            c35_CORELIB_TYP 36.400002 
U218                      NOR21           c35_CORELIB_TYP 54.599998 
U219                      INV3            c35_CORELIB_TYP 36.400002 
U220                      INV3            c35_CORELIB_TYP 36.400002 
U221                      NOR21           c35_CORELIB_TYP 54.599998 
U222                      XOR21           c35_CORELIB_TYP 127.400002
U223                      XOR21           c35_CORELIB_TYP 127.400002
U224                      XNR21           c35_CORELIB_TYP 109.199997
U225                      NOR21           c35_CORELIB_TYP 54.599998 
U226                      INV3            c35_CORELIB_TYP 36.400002 
U227                      INV3            c35_CORELIB_TYP 36.400002 
U228                      NOR21           c35_CORELIB_TYP 54.599998 
U229                      INV3            c35_CORELIB_TYP 36.400002 
U230                      INV3            c35_CORELIB_TYP 36.400002 
U231                      NOR21           c35_CORELIB_TYP 54.599998 
U232                      INV3            c35_CORELIB_TYP 36.400002 
U233                      INV3            c35_CORELIB_TYP 36.400002 
U234                      NOR21           c35_CORELIB_TYP 54.599998 
U235                      INV3            c35_CORELIB_TYP 36.400002 
U236                      INV3            c35_CORELIB_TYP 36.400002 
U237                      NOR21           c35_CORELIB_TYP 54.599998 
U238                      INV3            c35_CORELIB_TYP 36.400002 
U239                      INV3            c35_CORELIB_TYP 36.400002 
U240                      INV3            c35_CORELIB_TYP 36.400002 
U241                      NOR21           c35_CORELIB_TYP 54.599998 
U242                      INV3            c35_CORELIB_TYP 36.400002 
U243                      NOR21           c35_CORELIB_TYP 54.599998 
U244                      INV3            c35_CORELIB_TYP 36.400002 
U245                      NOR21           c35_CORELIB_TYP 54.599998 
U246                      NOR21           c35_CORELIB_TYP 54.599998 
U247                      INV3            c35_CORELIB_TYP 36.400002 
U248                      INV3            c35_CORELIB_TYP 36.400002 
U249                      BUF2            c35_CORELIB_TYP 54.599998 
U250                      BUF2            c35_CORELIB_TYP 54.599998 
U251                      BUF2            c35_CORELIB_TYP 54.599998 
U252                      BUF2            c35_CORELIB_TYP 54.599998 
U253                      BUF2            c35_CORELIB_TYP 54.599998 
U254                      NOR40           c35_CORELIB_TYP 72.800003 
U255                      NAND31          c35_CORELIB_TYP 72.800003 
U256                      NAND22          c35_CORELIB_TYP 54.599998 
U257                      INV3            c35_CORELIB_TYP 36.400002 
U258                      NAND41          c35_CORELIB_TYP 91.000000 
U259                      NAND22          c35_CORELIB_TYP 54.599998 
U260                      INV3            c35_CORELIB_TYP 36.400002 
U261                      NOR21           c35_CORELIB_TYP 54.599998 
U262                      XOR21           c35_CORELIB_TYP 127.400002
U263                      NOR40           c35_CORELIB_TYP 72.800003 
U264                      NAND31          c35_CORELIB_TYP 72.800003 
U265                      NAND22          c35_CORELIB_TYP 54.599998 
U266                      NAND31          c35_CORELIB_TYP 72.800003 
U267                      NOR21           c35_CORELIB_TYP 54.599998 
U268                      INV3            c35_CORELIB_TYP 36.400002 
U269                      INV3            c35_CORELIB_TYP 36.400002 
U270                      XOR21           c35_CORELIB_TYP 127.400002
U271                      INV3            c35_CORELIB_TYP 36.400002 
U272                      XOR21           c35_CORELIB_TYP 127.400002
U273                      INV3            c35_CORELIB_TYP 36.400002 
U274                      INV3            c35_CORELIB_TYP 36.400002 
U275                      NOR21           c35_CORELIB_TYP 54.599998 
U276                      INV3            c35_CORELIB_TYP 36.400002 
U277                      NOR21           c35_CORELIB_TYP 54.599998 
U278                      INV3            c35_CORELIB_TYP 36.400002 
U279                      BUF2            c35_CORELIB_TYP 54.599998 
U280                      BUF2            c35_CORELIB_TYP 54.599998 
U281                      INV3            c35_CORELIB_TYP 36.400002 
U282                      INV3            c35_CORELIB_TYP 36.400002 
U283                      INV3            c35_CORELIB_TYP 36.400002 
U284                      BUF2            c35_CORELIB_TYP 54.599998 
U285                      NOR21           c35_CORELIB_TYP 54.599998 
U286                      INV3            c35_CORELIB_TYP 36.400002 
U287                      NOR21           c35_CORELIB_TYP 54.599998 
U288                      INV3            c35_CORELIB_TYP 36.400002 
U289                      NOR21           c35_CORELIB_TYP 54.599998 
U290                      INV3            c35_CORELIB_TYP 36.400002 
U291                      NOR21           c35_CORELIB_TYP 54.599998 
U292                      INV3            c35_CORELIB_TYP 36.400002 
U293                      NOR21           c35_CORELIB_TYP 54.599998 
U294                      INV3            c35_CORELIB_TYP 36.400002 
U295                      NOR21           c35_CORELIB_TYP 54.599998 
U296                      INV3            c35_CORELIB_TYP 36.400002 
U297                      NOR21           c35_CORELIB_TYP 54.599998 
U298                      INV3            c35_CORELIB_TYP 36.400002 
U299                      NOR21           c35_CORELIB_TYP 54.599998 
U300                      INV3            c35_CORELIB_TYP 36.400002 
U301                      NOR21           c35_CORELIB_TYP 54.599998 
U302                      INV3            c35_CORELIB_TYP 36.400002 
U303                      NOR21           c35_CORELIB_TYP 54.599998 
U304                      INV3            c35_CORELIB_TYP 36.400002 
U305                      NOR21           c35_CORELIB_TYP 54.599998 
U306                      INV3            c35_CORELIB_TYP 36.400002 
U307                      NOR21           c35_CORELIB_TYP 54.599998 
U308                      INV3            c35_CORELIB_TYP 36.400002 
U309                      NOR21           c35_CORELIB_TYP 54.599998 
U310                      INV3            c35_CORELIB_TYP 36.400002 
U311                      NOR21           c35_CORELIB_TYP 54.599998 
U312                      INV3            c35_CORELIB_TYP 36.400002 
U313                      NOR21           c35_CORELIB_TYP 54.599998 
U314                      INV3            c35_CORELIB_TYP 36.400002 
U315                      NOR21           c35_CORELIB_TYP 54.599998 
U316                      INV3            c35_CORELIB_TYP 36.400002 
U317                      NOR21           c35_CORELIB_TYP 54.599998 
U318                      INV3            c35_CORELIB_TYP 36.400002 
U319                      NOR21           c35_CORELIB_TYP 54.599998 
U320                      INV3            c35_CORELIB_TYP 36.400002 
U321                      XOR21           c35_CORELIB_TYP 127.400002
U322                      XOR21           c35_CORELIB_TYP 127.400002
U323                      XOR21           c35_CORELIB_TYP 127.400002
U324                      XOR21           c35_CORELIB_TYP 127.400002
U325                      XOR21           c35_CORELIB_TYP 127.400002
U326                      XNR21           c35_CORELIB_TYP 109.199997
U327                      XOR21           c35_CORELIB_TYP 127.400002
U328                      XOR21           c35_CORELIB_TYP 127.400002
U329                      XOR21           c35_CORELIB_TYP 127.400002
U330                      XOR21           c35_CORELIB_TYP 127.400002
U331                      XOR21           c35_CORELIB_TYP 127.400002
U332                      XOR21           c35_CORELIB_TYP 127.400002
U333                      XOR21           c35_CORELIB_TYP 127.400002
U334                      NOR21           c35_CORELIB_TYP 54.599998 
U335                      XOR21           c35_CORELIB_TYP 127.400002
U336                      XNR21           c35_CORELIB_TYP 109.199997
U337                      XNR21           c35_CORELIB_TYP 109.199997
U338                      XNR21           c35_CORELIB_TYP 109.199997
U339                      XOR21           c35_CORELIB_TYP 127.400002
U340                      XOR21           c35_CORELIB_TYP 127.400002
U341                      XOR21           c35_CORELIB_TYP 127.400002
U342                      NAND22          c35_CORELIB_TYP 54.599998 
U343                      NOR21           c35_CORELIB_TYP 54.599998 
U344                      INV3            c35_CORELIB_TYP 36.400002 
U345                      NOR21           c35_CORELIB_TYP 54.599998 
U346                      INV3            c35_CORELIB_TYP 36.400002 
U347                      INV3            c35_CORELIB_TYP 36.400002 
U348                      NOR21           c35_CORELIB_TYP 54.599998 
U349                      INV3            c35_CORELIB_TYP 36.400002 
U350                      INV3            c35_CORELIB_TYP 36.400002 
U351                      NOR21           c35_CORELIB_TYP 54.599998 
U352                      INV3            c35_CORELIB_TYP 36.400002 
U353                      INV3            c35_CORELIB_TYP 36.400002 
U354                      NOR21           c35_CORELIB_TYP 54.599998 
U355                      INV3            c35_CORELIB_TYP 36.400002 
U356                      INV3            c35_CORELIB_TYP 36.400002 
U357                      INV3            c35_CORELIB_TYP 36.400002 
U358                      INV3            c35_CORELIB_TYP 36.400002 
U359                      INV3            c35_CORELIB_TYP 36.400002 
U360                      INV3            c35_CORELIB_TYP 36.400002 
U361                      INV3            c35_CORELIB_TYP 36.400002 
U362                      INV3            c35_CORELIB_TYP 36.400002 
U363                      NAND22          c35_CORELIB_TYP 54.599998 d
U364                      NOR21           c35_CORELIB_TYP 54.599998 
U365                      NAND22          c35_CORELIB_TYP 54.599998 
U366                      XOR21           c35_CORELIB_TYP 127.400002
U367                      INV3            c35_CORELIB_TYP 36.400002 
U368                      NOR21           c35_CORELIB_TYP 54.599998 
U369                      INV3            c35_CORELIB_TYP 36.400002 
U370                      NOR21           c35_CORELIB_TYP 54.599998 
U371                      XOR21           c35_CORELIB_TYP 127.400002
U372                      XNR21           c35_CORELIB_TYP 109.199997
U373                      XNR21           c35_CORELIB_TYP 109.199997
U374                      XNR21           c35_CORELIB_TYP 109.199997
U375                      XOR21           c35_CORELIB_TYP 127.400002
U376                      NOR21           c35_CORELIB_TYP 54.599998 
U377                      XOR21           c35_CORELIB_TYP 127.400002
U378                      NOR21           c35_CORELIB_TYP 54.599998 
U379                      XOR21           c35_CORELIB_TYP 127.400002
U380                      NOR21           c35_CORELIB_TYP 54.599998 
U381                      XOR21           c35_CORELIB_TYP 127.400002
U382                      XOR21           c35_CORELIB_TYP 127.400002
U383                      XOR21           c35_CORELIB_TYP 127.400002
U384                      XNR21           c35_CORELIB_TYP 109.199997
U385                      NAND22          c35_CORELIB_TYP 54.599998 
U386                      NAND22          c35_CORELIB_TYP 54.599998 
U387                      NAND22          c35_CORELIB_TYP 54.599998 
U388                      NOR21           c35_CORELIB_TYP 54.599998 
U389                      INV3            c35_CORELIB_TYP 36.400002 
U390                      NOR21           c35_CORELIB_TYP 54.599998 
U391                      INV3            c35_CORELIB_TYP 36.400002 
U392                      NOR21           c35_CORELIB_TYP 54.599998 
U393                      INV3            c35_CORELIB_TYP 36.400002 
U394                      NOR21           c35_CORELIB_TYP 54.599998 
U395                      INV3            c35_CORELIB_TYP 36.400002 
U396                      INV3            c35_CORELIB_TYP 36.400002 
U397                      NOR21           c35_CORELIB_TYP 54.599998 
U398                      INV3            c35_CORELIB_TYP 36.400002 
U399                      INV3            c35_CORELIB_TYP 36.400002 
U400                      NOR21           c35_CORELIB_TYP 54.599998 
U401                      INV3            c35_CORELIB_TYP 36.400002 
U402                      INV3            c35_CORELIB_TYP 36.400002 
U403                      NOR21           c35_CORELIB_TYP 54.599998 
U404                      INV3            c35_CORELIB_TYP 36.400002 
U405                      NOR21           c35_CORELIB_TYP 54.599998 
U406                      INV3            c35_CORELIB_TYP 36.400002 
U407                      NOR21           c35_CORELIB_TYP 54.599998 
U408                      INV3            c35_CORELIB_TYP 36.400002 
U409                      INV3            c35_CORELIB_TYP 36.400002 
U410                      INV3            c35_CORELIB_TYP 36.400002 
U411                      NAND22          c35_CORELIB_TYP 54.599998 d
U412                      INV3            c35_CORELIB_TYP 36.400002 
U413                      NAND22          c35_CORELIB_TYP 54.599998 d
U414                      INV3            c35_CORELIB_TYP 36.400002 
U415                      NAND22          c35_CORELIB_TYP 54.599998 d
U416                      NOR21           c35_CORELIB_TYP 54.599998 
U417                      NAND22          c35_CORELIB_TYP 54.599998 
U418                      NOR21           c35_CORELIB_TYP 54.599998 
U419                      NAND22          c35_CORELIB_TYP 54.599998 
U420                      NOR21           c35_CORELIB_TYP 54.599998 
U421                      NAND22          c35_CORELIB_TYP 54.599998 
U422                      INV3            c35_CORELIB_TYP 36.400002 
U423                      NOR21           c35_CORELIB_TYP 54.599998 
U424                      INV3            c35_CORELIB_TYP 36.400002 
U425                      NOR21           c35_CORELIB_TYP 54.599998 
U426                      INV3            c35_CORELIB_TYP 36.400002 
U427                      NOR21           c35_CORELIB_TYP 54.599998 
U428                      INV3            c35_CORELIB_TYP 36.400002 
U429                      INV3            c35_CORELIB_TYP 36.400002 
U430                      NOR21           c35_CORELIB_TYP 54.599998 
U431                      INV3            c35_CORELIB_TYP 36.400002 
U432                      INV3            c35_CORELIB_TYP 36.400002 
U433                      NOR21           c35_CORELIB_TYP 54.599998 
U434                      INV3            c35_CORELIB_TYP 36.400002 
U435                      INV3            c35_CORELIB_TYP 36.400002 
U436                      INV3            c35_CORELIB_TYP 36.400002 
U437                      NOR21           c35_CORELIB_TYP 54.599998 
U438                      INV3            c35_CORELIB_TYP 36.400002 
U439                      NOR21           c35_CORELIB_TYP 54.599998 
U440                      INV3            c35_CORELIB_TYP 36.400002 
U441                      NOR21           c35_CORELIB_TYP 54.599998 
U442                      INV3            c35_CORELIB_TYP 36.400002 
U443                      INV3            c35_CORELIB_TYP 36.400002 
U444                      INV3            c35_CORELIB_TYP 36.400002 
U445                      NOR40           c35_CORELIB_TYP 72.800003 
U446                      NAND31          c35_CORELIB_TYP 72.800003 
U447                      NAND22          c35_CORELIB_TYP 54.599998 
U448                      INV3            c35_CORELIB_TYP 36.400002 
U449                      NOR40           c35_CORELIB_TYP 72.800003 
U450                      NAND31          c35_CORELIB_TYP 72.800003 
U451                      NAND22          c35_CORELIB_TYP 54.599998 
U452                      INV3            c35_CORELIB_TYP 36.400002 
U453                      NOR40           c35_CORELIB_TYP 72.800003 
U454                      NAND31          c35_CORELIB_TYP 72.800003 
U455                      NAND22          c35_CORELIB_TYP 54.599998 
U456                      INV3            c35_CORELIB_TYP 36.400002 
U457                      NOR40           c35_CORELIB_TYP 72.800003 
U458                      NAND31          c35_CORELIB_TYP 72.800003 
U459                      NAND22          c35_CORELIB_TYP 54.599998 
U460                      XNR21           c35_CORELIB_TYP 109.199997
U461                      NAND31          c35_CORELIB_TYP 72.800003 
U462                      INV3            c35_CORELIB_TYP 36.400002 
U463                      INV3            c35_CORELIB_TYP 36.400002 
U464                      INV3            c35_CORELIB_TYP 36.400002 
U465                      INV3            c35_CORELIB_TYP 36.400002 
U466                      INV3            c35_CORELIB_TYP 36.400002 
U467                      XOR21           c35_CORELIB_TYP 127.400002
U468                      XOR21           c35_CORELIB_TYP 127.400002
U469                      XOR21           c35_CORELIB_TYP 127.400002
U470                      XNR21           c35_CORELIB_TYP 109.199997
U471                      XNR21           c35_CORELIB_TYP 109.199997
U472                      AOI211          c35_CORELIB_TYP 72.800003 
U473                      NOR31           c35_CORELIB_TYP 72.800003 
U474                      INV3            c35_CORELIB_TYP 36.400002 
U475                      NAND22          c35_CORELIB_TYP 54.599998 
U476                      INV3            c35_CORELIB_TYP 36.400002 
U477                      NAND22          c35_CORELIB_TYP 54.599998 
U478                      INV3            c35_CORELIB_TYP 36.400002 
U479                      OAI2111         c35_CORELIB_TYP 91.000000 
U480                      AOI221          c35_CORELIB_TYP 91.000000 
U481                      NOR21           c35_CORELIB_TYP 54.599998 
U482                      NOR21           c35_CORELIB_TYP 54.599998 
U483                      NOR21           c35_CORELIB_TYP 54.599998 
U484                      INV3            c35_CORELIB_TYP 36.400002 
U485                      AOI211          c35_CORELIB_TYP 72.800003 
U486                      NOR40           c35_CORELIB_TYP 72.800003 
U487                      XNR21           c35_CORELIB_TYP 109.199997
U488                      INV3            c35_CORELIB_TYP 36.400002 
U489                      INV3            c35_CORELIB_TYP 36.400002 
U490                      XOR21           c35_CORELIB_TYP 127.400002
U491                      NAND22          c35_CORELIB_TYP 54.599998 
U492                      XNR21           c35_CORELIB_TYP 109.199997
U493                      XNR21           c35_CORELIB_TYP 109.199997
U494                      XNR21           c35_CORELIB_TYP 109.199997
U495                      XNR21           c35_CORELIB_TYP 109.199997
U496                      XNR21           c35_CORELIB_TYP 109.199997
U497                      XNR21           c35_CORELIB_TYP 109.199997
U498                      INV3            c35_CORELIB_TYP 36.400002 
U499                      INV3            c35_CORELIB_TYP 36.400002 
U500                      NOR21           c35_CORELIB_TYP 54.599998 
U501                      NOR21           c35_CORELIB_TYP 54.599998 
U502                      XNR21           c35_CORELIB_TYP 109.199997
U503                      XOR21           c35_CORELIB_TYP 127.400002
U504                      XNR21           c35_CORELIB_TYP 109.199997
U505                      XNR21           c35_CORELIB_TYP 109.199997
U506                      XNR21           c35_CORELIB_TYP 109.199997
U507                      XNR21           c35_CORELIB_TYP 109.199997
U508                      XOR21           c35_CORELIB_TYP 127.400002
U509                      XNR21           c35_CORELIB_TYP 109.199997
U510                      NOR21           c35_CORELIB_TYP 54.599998 
U511                      NAND22          c35_CORELIB_TYP 54.599998 
U512                      XNR21           c35_CORELIB_TYP 109.199997
U513                      XNR21           c35_CORELIB_TYP 109.199997
U514                      XNR21           c35_CORELIB_TYP 109.199997
U515                      XOR21           c35_CORELIB_TYP 127.400002
U516                      NOR21           c35_CORELIB_TYP 54.599998 
U517                      NOR21           c35_CORELIB_TYP 54.599998 
U518                      NOR21           c35_CORELIB_TYP 54.599998 
U519                      NOR21           c35_CORELIB_TYP 54.599998 
U520                      XOR21           c35_CORELIB_TYP 127.400002
U521                      NOR21           c35_CORELIB_TYP 54.599998 
U522                      XOR21           c35_CORELIB_TYP 127.400002
U523                      NOR21           c35_CORELIB_TYP 54.599998 
U524                      NOR21           c35_CORELIB_TYP 54.599998 
U525                      NOR21           c35_CORELIB_TYP 54.599998 
U526                      XOR21           c35_CORELIB_TYP 127.400002
U527                      NOR21           c35_CORELIB_TYP 54.599998 
U528                      XOR21           c35_CORELIB_TYP 127.400002
U529                      NOR21           c35_CORELIB_TYP 54.599998 
U530                      NOR21           c35_CORELIB_TYP 54.599998 
U531                      XNR21           c35_CORELIB_TYP 109.199997
U532                      INV3            c35_CORELIB_TYP 36.400002 
U533                      NOR21           c35_CORELIB_TYP 54.599998 
U534                      INV3            c35_CORELIB_TYP 36.400002 
U535                      NOR21           c35_CORELIB_TYP 54.599998 
U536                      INV3            c35_CORELIB_TYP 36.400002 
U537                      NOR21           c35_CORELIB_TYP 54.599998 
U538                      INV3            c35_CORELIB_TYP 36.400002 
U539                      NOR21           c35_CORELIB_TYP 54.599998 
U540                      INV3            c35_CORELIB_TYP 36.400002 
U541                      NOR21           c35_CORELIB_TYP 54.599998 
U542                      INV3            c35_CORELIB_TYP 36.400002 
U543                      NOR21           c35_CORELIB_TYP 54.599998 
U544                      INV3            c35_CORELIB_TYP 36.400002 
U545                      NOR21           c35_CORELIB_TYP 54.599998 
U546                      INV3            c35_CORELIB_TYP 36.400002 
U547                      NAND31          c35_CORELIB_TYP 72.800003 
U548                      XOR21           c35_CORELIB_TYP 127.400002
U549                      XOR21           c35_CORELIB_TYP 127.400002
U550                      XOR21           c35_CORELIB_TYP 127.400002
U551                      XNR21           c35_CORELIB_TYP 109.199997
U552                      NOR21           c35_CORELIB_TYP 54.599998 
U553                      NAND22          c35_CORELIB_TYP 54.599998 
U554                      XNR21           c35_CORELIB_TYP 109.199997
U555                      NOR21           c35_CORELIB_TYP 54.599998 
U556                      NAND22          c35_CORELIB_TYP 54.599998 
U557                      XOR21           c35_CORELIB_TYP 127.400002
U558                      XOR21           c35_CORELIB_TYP 127.400002
U559                      XOR21           c35_CORELIB_TYP 127.400002
U560                      OAI2111         c35_CORELIB_TYP 91.000000 
U561                      NAND31          c35_CORELIB_TYP 72.800003 
U562                      INV3            c35_CORELIB_TYP 36.400002 
U563                      XNR21           c35_CORELIB_TYP 109.199997
U564                      XNR21           c35_CORELIB_TYP 109.199997
U565                      XNR21           c35_CORELIB_TYP 109.199997
U566                      NOR21           c35_CORELIB_TYP 54.599998 
U567                      NAND22          c35_CORELIB_TYP 54.599998 
U568                      XNR21           c35_CORELIB_TYP 109.199997
U569                      XNR21           c35_CORELIB_TYP 109.199997
U570                      XNR21           c35_CORELIB_TYP 109.199997
U571                      XNR21           c35_CORELIB_TYP 109.199997
U572                      INV3            c35_CORELIB_TYP 36.400002 
U573                      AOI311          c35_CORELIB_TYP 91.000000 
U574                      NOR40           c35_CORELIB_TYP 72.800003 
U575                      NOR40           c35_CORELIB_TYP 72.800003 
U576                      NAND31          c35_CORELIB_TYP 72.800003 
U577                      NAND31          c35_CORELIB_TYP 72.800003 
U578                      NAND22          c35_CORELIB_TYP 54.599998 
U579                      NOR21           c35_CORELIB_TYP 54.599998 
U580                      AOI221          c35_CORELIB_TYP 91.000000 
U581                      NOR40           c35_CORELIB_TYP 72.800003 
U582                      NOR40           c35_CORELIB_TYP 72.800003 
U583                      NAND31          c35_CORELIB_TYP 72.800003 
U584                      XNR21           c35_CORELIB_TYP 109.199997
U585                      XNR21           c35_CORELIB_TYP 109.199997
U586                      XNR21           c35_CORELIB_TYP 109.199997
U587                      NAND31          c35_CORELIB_TYP 72.800003 
U588                      XNR21           c35_CORELIB_TYP 109.199997
U589                      XNR21           c35_CORELIB_TYP 109.199997
U590                      XNR21           c35_CORELIB_TYP 109.199997
U591                      NAND31          c35_CORELIB_TYP 72.800003 
U592                      XNR21           c35_CORELIB_TYP 109.199997
U593                      XNR21           c35_CORELIB_TYP 109.199997
U594                      XNR21           c35_CORELIB_TYP 109.199997
U595                      NAND31          c35_CORELIB_TYP 72.800003 
U596                      XNR21           c35_CORELIB_TYP 109.199997
U597                      XNR21           c35_CORELIB_TYP 109.199997
U598                      XNR21           c35_CORELIB_TYP 109.199997
U599                      NAND22          c35_CORELIB_TYP 54.599998 
U600                      XNR21           c35_CORELIB_TYP 109.199997
U601                      XNR21           c35_CORELIB_TYP 109.199997
U602                      NAND22          c35_CORELIB_TYP 54.599998 
U603                      XNR21           c35_CORELIB_TYP 109.199997
U604                      XNR21           c35_CORELIB_TYP 109.199997
U605                      NAND22          c35_CORELIB_TYP 54.599998 
U606                      XNR21           c35_CORELIB_TYP 109.199997
U607                      XNR21           c35_CORELIB_TYP 109.199997
U608                      NAND22          c35_CORELIB_TYP 54.599998 
U609                      XNR21           c35_CORELIB_TYP 109.199997
U610                      XNR21           c35_CORELIB_TYP 109.199997
U611                      OAI2111         c35_CORELIB_TYP 91.000000 
U612                      NAND22          c35_CORELIB_TYP 54.599998 
U613                      NAND31          c35_CORELIB_TYP 72.800003 
U614                      XNR21           c35_CORELIB_TYP 109.199997
U615                      XNR21           c35_CORELIB_TYP 109.199997
U616                      XNR21           c35_CORELIB_TYP 109.199997
U617                      XNR21           c35_CORELIB_TYP 109.199997
U618                      XNR21           c35_CORELIB_TYP 109.199997
U619                      XNR21           c35_CORELIB_TYP 109.199997
U620                      XNR21           c35_CORELIB_TYP 109.199997
U621                      XNR21           c35_CORELIB_TYP 109.199997
U622                      XOR21           c35_CORELIB_TYP 127.400002
U623                      XNR21           c35_CORELIB_TYP 109.199997
U624                      XNR21           c35_CORELIB_TYP 109.199997
U625                      XNR21           c35_CORELIB_TYP 109.199997
U626                      XNR21           c35_CORELIB_TYP 109.199997
U627                      XNR21           c35_CORELIB_TYP 109.199997
U628                      XNR21           c35_CORELIB_TYP 109.199997
U629                      XNR21           c35_CORELIB_TYP 109.199997
U630                      XNR21           c35_CORELIB_TYP 109.199997
U631                      XNR21           c35_CORELIB_TYP 109.199997
U632                      XOR21           c35_CORELIB_TYP 127.400002
U633                      XNR21           c35_CORELIB_TYP 109.199997
U634                      XNR21           c35_CORELIB_TYP 109.199997
U635                      XNR21           c35_CORELIB_TYP 109.199997
U636                      XNR21           c35_CORELIB_TYP 109.199997
U637                      XNR21           c35_CORELIB_TYP 109.199997
U638                      XNR21           c35_CORELIB_TYP 109.199997
U639                      XNR21           c35_CORELIB_TYP 109.199997
U640                      XNR21           c35_CORELIB_TYP 109.199997
U641                      AOI221          c35_CORELIB_TYP 91.000000 
U642                      XNR21           c35_CORELIB_TYP 109.199997
U643                      NAND22          c35_CORELIB_TYP 54.599998 
U644                      XNR21           c35_CORELIB_TYP 109.199997
U645                      XNR21           c35_CORELIB_TYP 109.199997
U646                      NAND22          c35_CORELIB_TYP 54.599998 
U647                      XNR21           c35_CORELIB_TYP 109.199997
U648                      XNR21           c35_CORELIB_TYP 109.199997
U649                      NAND22          c35_CORELIB_TYP 54.599998 
U650                      XNR21           c35_CORELIB_TYP 109.199997
U651                      XNR21           c35_CORELIB_TYP 109.199997
U652                      NAND31          c35_CORELIB_TYP 72.800003 
U653                      XNR21           c35_CORELIB_TYP 109.199997
U654                      XNR21           c35_CORELIB_TYP 109.199997
U655                      XNR21           c35_CORELIB_TYP 109.199997
U656                      NAND31          c35_CORELIB_TYP 72.800003 
U657                      XNR21           c35_CORELIB_TYP 109.199997
U658                      XNR21           c35_CORELIB_TYP 109.199997
U659                      XNR21           c35_CORELIB_TYP 109.199997
U660                      NAND31          c35_CORELIB_TYP 72.800003 
U661                      XNR21           c35_CORELIB_TYP 109.199997
U662                      XNR21           c35_CORELIB_TYP 109.199997
U663                      XNR21           c35_CORELIB_TYP 109.199997
U664                      XNR21           c35_CORELIB_TYP 109.199997
U665                      XNR21           c35_CORELIB_TYP 109.199997
U666                      XNR21           c35_CORELIB_TYP 109.199997
U667                      NAND41          c35_CORELIB_TYP 91.000000 
U668                      NOR21           c35_CORELIB_TYP 54.599998 
U669                      NOR31           c35_CORELIB_TYP 72.800003 
U670                      NOR40           c35_CORELIB_TYP 72.800003 
U671                      NOR31           c35_CORELIB_TYP 72.800003 
U672                      NAND31          c35_CORELIB_TYP 72.800003 
U673                      NOR31           c35_CORELIB_TYP 72.800003 
U674                      NAND31          c35_CORELIB_TYP 72.800003 
U675                      NOR31           c35_CORELIB_TYP 72.800003 
U676                      INV3            c35_CORELIB_TYP 36.400002 
U677                      NOR21           c35_CORELIB_TYP 54.599998 
U678                      NOR31           c35_CORELIB_TYP 72.800003 
U679                      NAND22          c35_CORELIB_TYP 54.599998 
U680                      NAND31          c35_CORELIB_TYP 72.800003 
U681                      NAND41          c35_CORELIB_TYP 91.000000 
U682                      NOR21           c35_CORELIB_TYP 54.599998 
U683                      XNR21           c35_CORELIB_TYP 109.199997
U684                      NAND31          c35_CORELIB_TYP 72.800003 
U685                      NOR21           c35_CORELIB_TYP 54.599998 
U686                      NAND31          c35_CORELIB_TYP 72.800003 
U687                      NOR31           c35_CORELIB_TYP 72.800003 
U688                      NAND22          c35_CORELIB_TYP 54.599998 
U689                      NOR21           c35_CORELIB_TYP 54.599998 
U690                      NOR31           c35_CORELIB_TYP 72.800003 
U691                      AOI221          c35_CORELIB_TYP 91.000000 
U692                      NOR21           c35_CORELIB_TYP 54.599998 
U693                      NAND31          c35_CORELIB_TYP 72.800003 
current_state_reg[0]      DF3             c35_CORELIB_TYP 273.000000
                                                                    n
current_state_reg[1]      DF3             c35_CORELIB_TYP 273.000000
                                                                    n
current_state_reg[2]      DF3             c35_CORELIB_TYP 273.000000
                                                                    n
dp_cluster_0/add_1_root_sub_235_cf/U1_2
                          ADD32           c35_CORELIB_TYP 273.000000
                                                                    d, mo, r
dp_cluster_0/add_1_root_sub_235_cf/U1_3
                          ADD32           c35_CORELIB_TYP 273.000000
                                                                    d, mo, r
dp_cluster_0/add_1_root_sub_235_cf/U1_4
                          ADD32           c35_CORELIB_TYP 273.000000
                                                                    d, mo, r
dp_cluster_0/add_1_root_sub_235_cf/U1_5
                          ADD32           c35_CORELIB_TYP 273.000000
                                                                    d, mo, r
dp_cluster_0/add_1_root_sub_235_cf/U1_6
                          ADD32           c35_CORELIB_TYP 273.000000
                                                                    d, mo, r
dp_cluster_0/add_1_root_sub_235_cf/U1_7
                          ADD32           c35_CORELIB_TYP 273.000000
                                                                    d, mo, r
dp_cluster_0/add_1_root_sub_235_cf/U1_8
                          ADD32           c35_CORELIB_TYP 273.000000
                                                                    d, mo, r
dp_cluster_0/add_1_root_sub_235_cf/U1_9
                          ADD32           c35_CORELIB_TYP 273.000000
                                                                    d, mo, r
dp_cluster_0/add_1_root_sub_235_cf/U1_10
                          ADD32           c35_CORELIB_TYP 273.000000
                                                                    d, mo, r
dp_cluster_0/add_1_root_sub_235_cf/U1_11
                          ADD32           c35_CORELIB_TYP 273.000000
                                                                    d, mo, r
dp_cluster_0/add_1_root_sub_235_cf/U1_12
                          ADD32           c35_CORELIB_TYP 273.000000
                                                                    d, mo, r
dp_cluster_0/add_1_root_sub_235_cf/U1_13
                          ADD32           c35_CORELIB_TYP 273.000000
                                                                    d, mo, r
dp_cluster_0/add_1_root_sub_235_cf/U1_14
                          ADD32           c35_CORELIB_TYP 273.000000
                                                                    d, mo, r
dp_cluster_0/add_1_root_sub_235_cf/U1_15
                          ADD32           c35_CORELIB_TYP 273.000000
                                                                    d, mo, r
dp_cluster_0/add_3_root_sub_235_cf/U1_2
                          ADD32           c35_CORELIB_TYP 273.000000
                                                                    d, mo, r
dp_cluster_0/add_3_root_sub_235_cf/U1_3
                          ADD32           c35_CORELIB_TYP 273.000000
                                                                    d, mo, r
dp_cluster_0/add_3_root_sub_235_cf/U1_4
                          ADD32           c35_CORELIB_TYP 273.000000
                                                                    d, mo, r
dp_cluster_0/add_3_root_sub_235_cf/U1_5
                          ADD32           c35_CORELIB_TYP 273.000000
                                                                    d, mo, r
dp_cluster_0/add_3_root_sub_235_cf/U1_6
                          ADD32           c35_CORELIB_TYP 273.000000
                                                                    d, mo, r
dp_cluster_0/add_3_root_sub_235_cf/U1_7
                          ADD32           c35_CORELIB_TYP 273.000000
                                                                    d, mo, r
dp_cluster_0/add_3_root_sub_235_cf/U1_8
                          ADD32           c35_CORELIB_TYP 273.000000
                                                                    d, mo, r
dp_cluster_0/add_3_root_sub_235_cf/U1_9
                          ADD32           c35_CORELIB_TYP 273.000000
                                                                    d, mo, r
dp_cluster_0/add_3_root_sub_235_cf/U1_10
                          ADD32           c35_CORELIB_TYP 273.000000
                                                                    d, mo, r
dp_cluster_0/add_3_root_sub_235_cf/U1_11
                          ADD32           c35_CORELIB_TYP 273.000000
                                                                    d, mo, r
dp_cluster_0/add_3_root_sub_235_cf/U1_12
                          ADD32           c35_CORELIB_TYP 273.000000
                                                                    d, mo, r
dp_cluster_0/add_3_root_sub_235_cf/U1_13
                          ADD32           c35_CORELIB_TYP 273.000000
                                                                    d, mo, r
dp_cluster_0/add_3_root_sub_235_cf/U1_14
                          ADD32           c35_CORELIB_TYP 273.000000
                                                                    d, mo, r
dp_cluster_0/add_3_root_sub_235_cf/U1_15
                          ADD32           c35_CORELIB_TYP 273.000000
                                                                    d, mo, r
dp_cluster_0/sub_0_root_sub_235_cf/U2_2
                          ADD32           c35_CORELIB_TYP 273.000000
                                                                    d, mo, r
dp_cluster_0/sub_0_root_sub_235_cf/U2_3
                          ADD32           c35_CORELIB_TYP 273.000000
                                                                    d, mo, r
dp_cluster_0/sub_0_root_sub_235_cf/U2_4
                          ADD32           c35_CORELIB_TYP 273.000000
                                                                    d, mo, r
dp_cluster_0/sub_0_root_sub_235_cf/U2_5
                          ADD32           c35_CORELIB_TYP 273.000000
                                                                    d, mo, r
dp_cluster_0/sub_0_root_sub_235_cf/U2_6
                          ADD32           c35_CORELIB_TYP 273.000000
                                                                    d, mo, r
dp_cluster_0/sub_0_root_sub_235_cf/U2_7
                          ADD32           c35_CORELIB_TYP 273.000000
                                                                    d, mo, r
dp_cluster_0/sub_0_root_sub_235_cf/U2_8
                          ADD32           c35_CORELIB_TYP 273.000000
                                                                    d, mo, r
dp_cluster_0/sub_0_root_sub_235_cf/U2_9
                          ADD32           c35_CORELIB_TYP 273.000000
                                                                    d, mo, r
dp_cluster_0/sub_0_root_sub_235_cf/U2_10
                          ADD32           c35_CORELIB_TYP 273.000000
                                                                    d, mo, r
dp_cluster_0/sub_0_root_sub_235_cf/U2_11
                          ADD32           c35_CORELIB_TYP 273.000000
                                                                    d, mo, r
dp_cluster_0/sub_0_root_sub_235_cf/U2_12
                          ADD32           c35_CORELIB_TYP 273.000000
                                                                    d, mo, r
dp_cluster_0/sub_0_root_sub_235_cf/U2_13
                          ADD32           c35_CORELIB_TYP 273.000000
                                                                    d, mo, r
dp_cluster_0/sub_0_root_sub_235_cf/U2_14
                          ADD32           c35_CORELIB_TYP 273.000000
                                                                    d, mo, r
dp_cluster_0/sub_0_root_sub_235_cf/U2_15
                          ADD32           c35_CORELIB_TYP 273.000000
                                                                    d, mo, r
dp_cluster_0/sub_0_root_sub_235_cf/U2_16
                          ADD32           c35_CORELIB_TYP 273.000000
                                                                    d, mo, r
dp_cluster_1/mult_114/S2_5_1
                          ADD32           c35_CORELIB_TYP 273.000000
                                                                    d, mo, r
dp_cluster_1/mult_114/S2_6_1
                          ADD32           c35_CORELIB_TYP 273.000000
                                                                    d, mo, r
dp_cluster_1/mult_114/S3_2_5
                          ADD32           c35_CORELIB_TYP 273.000000
                                                                    d, mo, r
dp_cluster_1/mult_114/S3_3_5
                          ADD32           c35_CORELIB_TYP 273.000000
                                                                    d, mo, r
dp_cluster_1/mult_114/S3_4_5
                          ADD32           c35_CORELIB_TYP 273.000000
                                                                    d, mo, r
dp_cluster_1/mult_114/S3_5_5
                          ADD32           c35_CORELIB_TYP 273.000000
                                                                    d, mo, r
dp_cluster_1/mult_114/S3_6_5
                          ADD32           c35_CORELIB_TYP 273.000000
                                                                    d, mo, r
dp_cluster_1/mult_114/S4_1
                          ADD32           c35_CORELIB_TYP 273.000000
                                                                    d, mo, r
dp_cluster_1/mult_114/S5_5
                          ADD32           c35_CORELIB_TYP 273.000000
                                                                    d, mo, r
dp_cluster_2/mult_117/S2_5_1
                          ADD32           c35_CORELIB_TYP 273.000000
                                                                    d, mo, r
dp_cluster_2/mult_117/S2_6_1
                          ADD32           c35_CORELIB_TYP 273.000000
                                                                    d, mo, r
dp_cluster_2/mult_117/S3_2_5
                          ADD32           c35_CORELIB_TYP 273.000000
                                                                    d, mo, r
dp_cluster_2/mult_117/S3_3_5
                          ADD32           c35_CORELIB_TYP 273.000000
                                                                    d, mo, r
dp_cluster_2/mult_117/S3_4_5
                          ADD32           c35_CORELIB_TYP 273.000000
                                                                    d, mo, r
dp_cluster_2/mult_117/S3_5_5
                          ADD32           c35_CORELIB_TYP 273.000000
                                                                    d, mo, r
dp_cluster_2/mult_117/S3_6_5
                          ADD32           c35_CORELIB_TYP 273.000000
                                                                    d, mo, r
dp_cluster_2/mult_117/S4_1
                          ADD32           c35_CORELIB_TYP 273.000000
                                                                    d, mo, r
dp_cluster_2/mult_117/S5_5
                          ADD32           c35_CORELIB_TYP 273.000000
                                                                    d, mo, r
dp_cluster_3/mult_120/S2_5_1
                          ADD32           c35_CORELIB_TYP 273.000000
                                                                    d, mo, r
dp_cluster_3/mult_120/S2_6_1
                          ADD32           c35_CORELIB_TYP 273.000000
                                                                    d, mo, r
dp_cluster_3/mult_120/S3_2_5
                          ADD32           c35_CORELIB_TYP 273.000000
                                                                    d, mo, r
dp_cluster_3/mult_120/S3_3_5
                          ADD32           c35_CORELIB_TYP 273.000000
                                                                    d, mo, r
dp_cluster_3/mult_120/S3_4_5
                          ADD32           c35_CORELIB_TYP 273.000000
                                                                    d, mo, r
dp_cluster_3/mult_120/S3_5_5
                          ADD32           c35_CORELIB_TYP 273.000000
                                                                    d, mo, r
dp_cluster_3/mult_120/S3_6_5
                          ADD32           c35_CORELIB_TYP 273.000000
                                                                    d, mo, r
dp_cluster_3/mult_120/S4_1
                          ADD32           c35_CORELIB_TYP 273.000000
                                                                    d, mo, r
dp_cluster_3/mult_120/S5_5
                          ADD32           c35_CORELIB_TYP 273.000000
                                                                    d, mo, r
dp_cluster_4/mult_123/S2_5_1
                          ADD32           c35_CORELIB_TYP 273.000000
                                                                    d, mo, r
dp_cluster_4/mult_123/S2_6_1
                          ADD32           c35_CORELIB_TYP 273.000000
                                                                    d, mo, r
dp_cluster_4/mult_123/S3_2_5
                          ADD32           c35_CORELIB_TYP 273.000000
                                                                    d, mo, r
dp_cluster_4/mult_123/S3_3_5
                          ADD32           c35_CORELIB_TYP 273.000000
                                                                    d, mo, r
dp_cluster_4/mult_123/S3_4_5
                          ADD32           c35_CORELIB_TYP 273.000000
                                                                    d, mo, r
dp_cluster_4/mult_123/S3_5_5
                          ADD32           c35_CORELIB_TYP 273.000000
                                                                    d, mo, r
dp_cluster_4/mult_123/S3_6_5
                          ADD32           c35_CORELIB_TYP 273.000000
                                                                    d, mo, r
dp_cluster_4/mult_123/S4_1
                          ADD32           c35_CORELIB_TYP 273.000000
                                                                    d, mo, r
dp_cluster_4/mult_123/S5_5
                          ADD32           c35_CORELIB_TYP 273.000000
                                                                    d, mo, r
local_counter1/add_34/U1_1_1
                          ADD22           c35_CORELIB_TYP 145.600006
                                                                    mo, r
local_counter1/add_34/U1_1_2
                          ADD22           c35_CORELIB_TYP 145.600006
                                                                    mo, r
local_counter1/add_34/U1_1_3
                          ADD22           c35_CORELIB_TYP 145.600006
                                                                    mo, r
local_counter1/add_34/U1_1_4
                          ADD22           c35_CORELIB_TYP 145.600006
                                                                    mo, r
local_counter1/add_34/U1_1_5
                          ADD22           c35_CORELIB_TYP 145.600006
                                                                    mo, r
local_counter1/add_34/U1_1_6
                          ADD22           c35_CORELIB_TYP 145.600006
                                                                    mo, r
local_counter1/add_34/U1_1_7
                          ADD22           c35_CORELIB_TYP 145.600006
                                                                    mo, r
local_counter1/add_34/U1_1_8
                          ADD22           c35_CORELIB_TYP 145.600006
                                                                    mo, r
local_counter1/add_34/U1_1_9
                          ADD22           c35_CORELIB_TYP 145.600006
                                                                    mo, r
local_counter1/add_34/U1_1_10
                          ADD22           c35_CORELIB_TYP 145.600006
                                                                    mo, r
local_counter1/add_34/U1_1_11
                          ADD22           c35_CORELIB_TYP 145.600006
                                                                    mo, r
local_counter1/add_34/U1_1_12
                          ADD22           c35_CORELIB_TYP 145.600006
                                                                    mo, r
local_counter1/add_34/U1_1_13
                          ADD22           c35_CORELIB_TYP 145.600006
                                                                    mo, r
local_counter1/add_34/U1_1_14
                          ADD22           c35_CORELIB_TYP 145.600006
                                                                    mo, r
local_counter1/add_34/U1_1_15
                          ADD22           c35_CORELIB_TYP 145.600006
                                                                    mo, r
local_counter1/add_34/U1_1_16
                          ADD22           c35_CORELIB_TYP 145.600006
                                                                    mo, r
local_counter1/add_34/U1_1_17
                          ADD22           c35_CORELIB_TYP 145.600006
                                                                    mo, r
local_counter1/add_34/U1_1_18
                          ADD22           c35_CORELIB_TYP 145.600006
                                                                    mo, r
local_counter1/o_count_reg[0]
                          DF3             c35_CORELIB_TYP 273.000000
                                                                    n
local_counter1/o_count_reg[1]
                          DF3             c35_CORELIB_TYP 273.000000
                                                                    n
local_counter1/o_count_reg[2]
                          DF3             c35_CORELIB_TYP 273.000000
                                                                    n
local_counter1/o_count_reg[3]
                          DF3             c35_CORELIB_TYP 273.000000
                                                                    n
local_counter1/o_count_reg[4]
                          DF3             c35_CORELIB_TYP 273.000000
                                                                    n
local_counter1/o_count_reg[5]
                          DF3             c35_CORELIB_TYP 273.000000
                                                                    n
local_counter1/o_count_reg[6]
                          DF3             c35_CORELIB_TYP 273.000000
                                                                    n
local_counter1/o_count_reg[7]
                          DF3             c35_CORELIB_TYP 273.000000
                                                                    n
local_counter1/o_count_reg[8]
                          DF3             c35_CORELIB_TYP 273.000000
                                                                    n
local_counter1/o_count_reg[9]
                          DF3             c35_CORELIB_TYP 273.000000
                                                                    n
local_counter1/o_count_reg[10]
                          DF3             c35_CORELIB_TYP 273.000000
                                                                    n
local_counter1/o_count_reg[11]
                          DF3             c35_CORELIB_TYP 273.000000
                                                                    n
local_counter1/o_count_reg[12]
                          DF3             c35_CORELIB_TYP 273.000000
                                                                    n
local_counter1/o_count_reg[13]
                          DF3             c35_CORELIB_TYP 273.000000
                                                                    n
local_counter1/o_count_reg[14]
                          DF3             c35_CORELIB_TYP 273.000000
                                                                    n
local_counter1/o_count_reg[15]
                          DF3             c35_CORELIB_TYP 273.000000
                                                                    n
local_counter1/o_count_reg[16]
                          DF3             c35_CORELIB_TYP 273.000000
                                                                    n
local_counter1/o_count_reg[17]
                          DF3             c35_CORELIB_TYP 273.000000
                                                                    n
local_counter1/o_count_reg[18]
                          DF3             c35_CORELIB_TYP 273.000000
                                                                    n
local_counter1/o_count_reg[19]
                          DF3             c35_CORELIB_TYP 273.000000
                                                                    n
local_counter1/v_val_reg[0]
                          DF3             c35_CORELIB_TYP 273.000000
                                                                    n
local_counter1/v_val_reg[1]
                          DF3             c35_CORELIB_TYP 273.000000
                                                                    n
local_counter1/v_val_reg[2]
                          DF3             c35_CORELIB_TYP 273.000000
                                                                    n
local_counter1/v_val_reg[3]
                          DF3             c35_CORELIB_TYP 273.000000
                                                                    n
local_counter1/v_val_reg[4]
                          DF3             c35_CORELIB_TYP 273.000000
                                                                    n
local_counter1/v_val_reg[5]
                          DF3             c35_CORELIB_TYP 273.000000
                                                                    n
local_counter1/v_val_reg[6]
                          DF3             c35_CORELIB_TYP 273.000000
                                                                    n
local_counter1/v_val_reg[7]
                          DF3             c35_CORELIB_TYP 273.000000
                                                                    n
local_counter1/v_val_reg[8]
                          DF3             c35_CORELIB_TYP 273.000000
                                                                    n
local_counter1/v_val_reg[9]
                          DF3             c35_CORELIB_TYP 273.000000
                                                                    n
local_counter1/v_val_reg[10]
                          DF3             c35_CORELIB_TYP 273.000000
                                                                    n
local_counter1/v_val_reg[11]
                          DF3             c35_CORELIB_TYP 273.000000
                                                                    n
local_counter1/v_val_reg[12]
                          DF3             c35_CORELIB_TYP 273.000000
                                                                    n
local_counter1/v_val_reg[13]
                          DF3             c35_CORELIB_TYP 273.000000
                                                                    n
local_counter1/v_val_reg[14]
                          DF3             c35_CORELIB_TYP 273.000000
                                                                    n
local_counter1/v_val_reg[15]
                          DF3             c35_CORELIB_TYP 273.000000
                                                                    n
local_counter1/v_val_reg[16]
                          DF3             c35_CORELIB_TYP 273.000000
                                                                    n
local_counter1/v_val_reg[17]
                          DF3             c35_CORELIB_TYP 273.000000
                                                                    n
local_counter1/v_val_reg[18]
                          DF3             c35_CORELIB_TYP 273.000000
                                                                    n
local_counter1/v_val_reg[19]
                          DF3             c35_CORELIB_TYP 273.000000
                                                                    n
sig_out_ppm_reg           DF3             c35_CORELIB_TYP 273.000000
                                                                    n
sig_reg_storage_reg[0]    DFE1            c35_CORELIB_TYP 327.600006
                                                                    n
sig_reg_storage_reg[1]    DFE1            c35_CORELIB_TYP 327.600006
                                                                    n
sig_reg_storage_reg[2]    DFE1            c35_CORELIB_TYP 327.600006
                                                                    n
sig_reg_storage_reg[3]    DFE1            c35_CORELIB_TYP 327.600006
                                                                    n
sig_reg_storage_reg[4]    DFE1            c35_CORELIB_TYP 327.600006
                                                                    n
sig_reg_storage_reg[5]    DFE1            c35_CORELIB_TYP 327.600006
                                                                    n
sig_reg_storage_reg[6]    DFE1            c35_CORELIB_TYP 327.600006
                                                                    n
sig_reg_storage_reg[7]    DFE1            c35_CORELIB_TYP 327.600006
                                                                    n
sig_reg_storage_reg[8]    DFE1            c35_CORELIB_TYP 327.600006
                                                                    n
sig_reg_storage_reg[9]    DFE1            c35_CORELIB_TYP 327.600006
                                                                    n
sig_reg_storage_reg[10]   DFE1            c35_CORELIB_TYP 327.600006
                                                                    n
sig_reg_storage_reg[11]   DFE1            c35_CORELIB_TYP 327.600006
                                                                    n
sig_reg_storage_reg[12]   DFE1            c35_CORELIB_TYP 327.600006
                                                                    n
sig_reg_storage_reg[13]   DFE1            c35_CORELIB_TYP 327.600006
                                                                    n
sig_reg_storage_reg[14]   DFE1            c35_CORELIB_TYP 327.600006
                                                                    n
sig_reg_storage_reg[15]   DFE1            c35_CORELIB_TYP 327.600006
                                                                    n
sig_reg_storage_reg[16]   DFE1            c35_CORELIB_TYP 327.600006
                                                                    n
sig_reg_storage_reg[17]   DFE1            c35_CORELIB_TYP 327.600006
                                                                    n
sig_reg_storage_reg[18]   DFE1            c35_CORELIB_TYP 327.600006
                                                                    n
sig_reg_storage_reg[19]   DFE1            c35_CORELIB_TYP 327.600006
                                                                    n
sig_reg_storage_reg[20]   DFE1            c35_CORELIB_TYP 327.600006
                                                                    n
sig_reg_storage_reg[21]   DFE1            c35_CORELIB_TYP 327.600006
                                                                    n
sig_reg_storage_reg[22]   DFE1            c35_CORELIB_TYP 327.600006
                                                                    n
sig_reg_storage_reg[23]   DFE1            c35_CORELIB_TYP 327.600006
                                                                    n
sig_reg_storage_reg[24]   DFE1            c35_CORELIB_TYP 327.600006
                                                                    n
sig_reg_storage_reg[25]   DFE1            c35_CORELIB_TYP 327.600006
                                                                    n
sig_reg_storage_reg[26]   DFE1            c35_CORELIB_TYP 327.600006
                                                                    n
sig_reg_storage_reg[27]   DFE1            c35_CORELIB_TYP 327.600006
                                                                    n
sig_reg_storage_reg[28]   DFE1            c35_CORELIB_TYP 327.600006
                                                                    n
sig_reg_storage_reg[29]   DFE1            c35_CORELIB_TYP 327.600006
                                                                    n
sig_reg_storage_reg[30]   DFE1            c35_CORELIB_TYP 327.600006
                                                                    n
sig_reg_storage_reg[31]   DFE1            c35_CORELIB_TYP 327.600006
                                                                    n
sig_state_reg[0]          DFE1            c35_CORELIB_TYP 327.600006
                                                                    n
sig_state_reg[1]          DFE1            c35_CORELIB_TYP 327.600006
                                                                    n
sig_state_reg[2]          DFE1            c35_CORELIB_TYP 327.600006
                                                                    n
--------------------------------------------------------------------------------
Total 788 cells                                           90890.800255
1
