/softslin/synthesisvJ2014_09_sp2_64b/auxx/gui/dv/dv_setup.tcl
/softslin/synthesisvJ2014_09_sp2_64b/auxx/gui/syn/snpsSynProcs.tcl
/softslin/synthesisvJ2014_09_sp2_64b/auxx/tcllib/lib/tcl8.5/tm.tcl
/softslin/synthesisvJ2014_09_sp2_64b/auxx/tcllib/lib/tcl8.5/package.tcl
/softslin/synthesisvJ2014_09_sp2_64b/auxx/gui/syn/layout/pkgIndex.tcl
/softslin/synthesisvJ2014_09_sp2_64b/auxx/gui/common/WindowFrameWork/pkgIndex.tcl
/softslin/synthesisvJ2014_09_sp2_64b/auxx/gui/common/acg/pkgIndex.tcl
/softslin/synthesisvJ2014_09_sp2_64b/auxx/gui/common/commandform/pkgIndex.tcl
/softslin/synthesisvJ2014_09_sp2_64b/auxx/gui/common/dialogs/pkgIndex.tcl
/softslin/synthesisvJ2014_09_sp2_64b/auxx/gui/common/docBrowser/pkgIndex.tcl
/softslin/synthesisvJ2014_09_sp2_64b/auxx/gui/common/fanoutviewer/pkgIndex.tcl
/softslin/synthesisvJ2014_09_sp2_64b/auxx/gui/common/hierarchy/pkgIndex.tcl
/softslin/synthesisvJ2014_09_sp2_64b/auxx/gui/common/highlight/pkgIndex.tcl
/softslin/synthesisvJ2014_09_sp2_64b/auxx/gui/common/histogram/pkgIndex.tcl
/softslin/synthesisvJ2014_09_sp2_64b/auxx/gui/common/layout/pkgIndex.tcl
/softslin/synthesisvJ2014_09_sp2_64b/auxx/gui/common/libviewer/pkgIndex.tcl
/softslin/synthesisvJ2014_09_sp2_64b/auxx/gui/common/menus/pkgIndex.tcl
/softslin/synthesisvJ2014_09_sp2_64b/auxx/gui/common/misc/pkgIndex.tcl
/softslin/synthesisvJ2014_09_sp2_64b/auxx/gui/common/mrupalette/pkgIndex.tcl
/softslin/synthesisvJ2014_09_sp2_64b/auxx/gui/common/opdlg/pkgIndex.tcl
/softslin/synthesisvJ2014_09_sp2_64b/auxx/gui/common/palettegroup/pkgIndex.tcl
/softslin/synthesisvJ2014_09_sp2_64b/auxx/gui/common/pathinspector/pkgIndex.tcl
/softslin/synthesisvJ2014_09_sp2_64b/auxx/gui/common/profiler/pkgIndex.tcl
/softslin/synthesisvJ2014_09_sp2_64b/auxx/gui/common/qtcl/pkgIndex.tcl
/softslin/synthesisvJ2014_09_sp2_64b/auxx/gui/common/regressionToolkit/pkgIndex.tcl
/softslin/synthesisvJ2014_09_sp2_64b/auxx/gui/common/schematic/pkgIndex.tcl
/softslin/synthesisvJ2014_09_sp2_64b/auxx/gui/common/select/pkgIndex.tcl
/softslin/synthesisvJ2014_09_sp2_64b/auxx/gui/common/setup/pkgIndex.tcl
/softslin/synthesisvJ2014_09_sp2_64b/auxx/gui/common/strokes/pkgIndex.tcl
/softslin/synthesisvJ2014_09_sp2_64b/auxx/gui/common/table/pkgIndex.tcl
/softslin/synthesisvJ2014_09_sp2_64b/auxx/gui/common/tcl-dp/pkgIndex.tcl
/softslin/synthesisvJ2014_09_sp2_64b/auxx/gui/common/tiledview/pkgIndex.tcl
/softslin/synthesisvJ2014_09_sp2_64b/auxx/gui/common/timing/pkgIndex.tcl
/softslin/synthesisvJ2014_09_sp2_64b/auxx/gui/common/tq/pkgIndex.tcl
/softslin/synthesisvJ2014_09_sp2_64b/auxx/gui/common/view/pkgIndex.tcl
/softslin/synthesisvJ2014_09_sp2_64b/auxx/gui/dv/pkgIndex.tcl
/softslin/synthesisvJ2014_09_sp2_64b/auxx/tcllib/snps_tcl/snpsTclPro/pkgIndex.tcl
/softslin/synthesisvJ2014_09_sp2_64b/auxx/tcllib/snps_tcl/snpsTest/pkgIndex.tcl
/softslin/synthesisvJ2014_09_sp2_64b/auxx/tcllib/snps_tcl/snpsUtils/pkgIndex.tcl
/softslin/synthesisvJ2014_09_sp2_64b/auxx/tcllib/snps_tcl/pkgIndex.tcl
/softslin/synthesisvJ2014_09_sp2_64b/auxx/tcllib/lib/tcl8.5/dde/pkgIndex.tcl
/softslin/synthesisvJ2014_09_sp2_64b/auxx/tcllib/lib/tcl8.5/http/pkgIndex.tcl
/softslin/synthesisvJ2014_09_sp2_64b/auxx/tcllib/lib/tcl8.5/http1.0/pkgIndex.tcl
/softslin/synthesisvJ2014_09_sp2_64b/auxx/tcllib/lib/tcl8.5/msgcat/pkgIndex.tcl
/softslin/synthesisvJ2014_09_sp2_64b/auxx/tcllib/lib/tcl8.5/opt/pkgIndex.tcl
/softslin/synthesisvJ2014_09_sp2_64b/auxx/tcllib/lib/tcl8.5/platform/pkgIndex.tcl
/softslin/synthesisvJ2014_09_sp2_64b/auxx/tcllib/lib/tcl8.5/reg/pkgIndex.tcl
/softslin/synthesisvJ2014_09_sp2_64b/auxx/tcllib/lib/tcl8.5/tcltest/pkgIndex.tcl
/softslin/synthesisvJ2014_09_sp2_64b/auxx/gui/common/setup/snpsCommonSetup.tcl
/softslin/synthesisvJ2014_09_sp2_64b/auxx/gui/common/setup/snpsCustomize.tcl
/softslin/synthesisvJ2014_09_sp2_64b/auxx/gui/common/setup/snpsProcheck.tcl
/softslin/synthesisvJ2014_09_sp2_64b/auxx/gui/common/qtcl/.synopsys_qtcl.tcl
/softslin/synthesisvJ2014_09_sp2_64b/auxx/gui/common/highlight/highlight.tcl
/softslin/synthesisvJ2014_09_sp2_64b/auxx/gui/common/misc/base.tcl
/softslin/synthesisvJ2014_09_sp2_64b/auxx/gui/common/misc/timing.tcl
/softslin/synthesisvJ2014_09_sp2_64b/auxx/gui/common/misc/setting.tcl
/softslin/synthesisvJ2014_09_sp2_64b/auxx/gui/common/misc/preset.tcl
/softslin/synthesisvJ2014_09_sp2_64b/auxx/gui/common/WindowFrameWork/windowFrameWork.tcl
/softslin/synthesisvJ2014_09_sp2_64b/auxx/gui/common/WindowFrameWork/skipBusyCursorCmdList.tcl
/softslin/synthesisvJ2014_09_sp2_64b/auxx/gui/common/docBrowser/docBrowser.tcl
/softslin/synthesisvJ2014_09_sp2_64b/auxx/tcllib/snps_tcl/snpsUtils/snpsUtils.tcl
/softslin/synthesisvJ2014_09_sp2_64b/auxx/gui/common/dialogs/ObjectChooser.tcl
/softslin/synthesisvJ2014_09_sp2_64b/auxx/gui/common/misc/DialogObjectChooser.tcl
/softslin/synthesisvJ2014_09_sp2_64b/auxx/gui/common/dialogs/HistBinInformation.tcl
/softslin/synthesisvJ2014_09_sp2_64b/auxx/gui/common/dialogs/HistBin1Information.tcl
/softslin/synthesisvJ2014_09_sp2_64b/auxx/gui/common/dialogs/BinsOnlyInformation.tcl
/softslin/synthesisvJ2014_09_sp2_64b/auxx/gui/common/dialogs/FileChooser.tcl
/softslin/synthesisvJ2014_09_sp2_64b/auxx/gui/common/dialogs/PathPinSimpleInfo.tcl
/softslin/synthesisvJ2014_09_sp2_64b/auxx/gui/common/dialogs/PathsBasicInfo.tcl
/softslin/synthesisvJ2014_09_sp2_64b/auxx/gui/common/dialogs/PathsBasicSimpleInfo.tcl
/softslin/synthesisvJ2014_09_sp2_64b/auxx/gui/common/dialogs/SlctOperationInfo.tcl
/softslin/synthesisvJ2014_09_sp2_64b/auxx/gui/common/dialogs/ObjectListInfo.tcl
/softslin/synthesisvJ2014_09_sp2_64b/auxx/gui/common/dialogs/FanInOutInfo.tcl
/softslin/synthesisvJ2014_09_sp2_64b/auxx/gui/common/dialogs/NumberOfLevelsChooser.tcl
/softslin/synthesisvJ2014_09_sp2_64b/auxx/gui/common/dialogs/WindowReuseInfo.tcl
/softslin/synthesisvJ2014_09_sp2_64b/auxx/gui/common/dialogs/ReportOutputOptionInfo.tcl
/softslin/synthesisvJ2014_09_sp2_64b/auxx/gui/common/setup/snpsCollections.tcl
/softslin/synthesisvJ2014_09_sp2_64b/auxx/gui/common/dialogs/CompileLinkDesign.tcl
/softslin/synthesisvJ2014_09_sp2_64b/auxx/gui/common/histogram/DialogEndpointSlack.tcl
/softslin/synthesisvJ2014_09_sp2_64b/auxx/gui/common/histogram/DialogPathsSlack.tcl
/softslin/synthesisvJ2014_09_sp2_64b/auxx/gui/common/histogram/DialogNetCapacitance.tcl
/softslin/synthesisvJ2014_09_sp2_64b/auxx/gui/common/schematic/DialogPathSchematicFanInOut.tcl
/softslin/synthesisvJ2014_09_sp2_64b/auxx/gui/common/schematic/DialogPathSchematicAddPaths.tcl
/tp/xph3app/xph3app602/projet_drone/SYNTH_DC_LUDO/scripts/run_synthesis.tcl
/tp/xph3app/xph3app602/projet_drone/SYNTH_DC_LUDO/scripts/define_variables.tcl
/tp/xph3app/xph3app602/projet_drone/VHD/image_process.vhd
/tp/xph3app/xph3app602/projet_drone/VHD/gensync.vhd
/tp/xph3app/xph3app602/projet_drone/VHD/position.vhd
/tp/xph3app/xph3app602/projet_drone/VHD/div.vhd
/tp/xph3app/xph3app602/projet_drone/VHD/top.vhd
/softslin/AMS_410_CDS/synopsys/c35_3.3V/c35_CORELIB_TYP.db
/softslin/synthesisvJ2014_09_sp2_64b/libraries/syn/gtech.db
/softslin/synthesisvJ2014_09_sp2_64b/libraries/syn/standard.sldb
