 
****************************************
Report : timing
        -path full
        -delay max
        -nworst 10
        -max_paths 10
Design : top_ppm
Version: J-2014.09-SP2
Date   : Thu Jan 18 12:30:05 2018
****************************************

Operating Conditions: WORST   Library: c35_CORELIB_TYP
Wire Load Model Mode: enclosed

  Startpoint: send_ppm1/sig_reg_storage_reg[16]
              (rising edge-triggered flip-flop clocked by HCLK)
  Endpoint: send_ppm1/sig_state_reg[2]
            (rising edge-triggered flip-flop clocked by HCLK)
  Path Group: HCLK
  Path Type: max

  Des/Clust/Port     Wire Load Model       Library
  ------------------------------------------------
  top_ppm            10k                   c35_CORELIB_TYP
  send_ppm           10k                   c35_CORELIB_TYP
  send_ppm_DW01_sub_0
                     10k                   c35_CORELIB_TYP

  Point                                                   Incr       Path
  --------------------------------------------------------------------------
  clock HCLK (rise edge)                                  0.00       0.00
  clock network delay (ideal)                             0.00       0.00
  send_ppm1/sig_reg_storage_reg[16]/C (DFE1)              0.00       0.00 r
  send_ppm1/sig_reg_storage_reg[16]/Q (DFE1)              1.82       1.82 f
  send_ppm1/mult_120/A[0] (send_ppm_DW02_mult_2)          0.00       1.82 f
  send_ppm1/mult_120/PRODUCT[1] (send_ppm_DW02_mult_2)
                                                          0.00       1.82 f
  send_ppm1/U227/Q (NAND20)                               1.09       2.91 r
  send_ppm1/U229/Q (CLKIN0)                               0.70       3.61 f
  send_ppm1/U224/Q (NOR20)                                0.57       4.18 r
  send_ppm1/U226/Q (CLKIN0)                               0.68       4.86 f
  send_ppm1/U221/Q (NOR20)                                0.56       5.43 r
  send_ppm1/U223/Q (CLKIN0)                               0.70       6.12 f
  send_ppm1/U218/Q (NAND20)                               0.82       6.94 r
  send_ppm1/U220/Q (CLKIN0)                               0.67       7.61 f
  send_ppm1/U215/Q (NOR20)                                0.56       8.17 r
  send_ppm1/U217/Q (CLKIN0)                               0.68       8.84 f
  send_ppm1/U212/Q (NAND20)                               0.80       9.65 r
  send_ppm1/U214/Q (CLKIN0)                               0.68      10.33 f
  send_ppm1/U209/Q (NAND20)                               0.81      11.13 r
  send_ppm1/U211/Q (CLKIN0)                               0.68      11.81 f
  send_ppm1/U206/Q (NAND20)                               0.81      12.62 r
  send_ppm1/U208/Q (CLKIN0)                               0.66      13.29 f
  send_ppm1/U203/Q (NOR20)                                0.56      13.84 r
  send_ppm1/U205/Q (CLKIN0)                               0.68      14.52 f
  send_ppm1/U186/Q (NAND20)                               0.80      15.32 r
  send_ppm1/U188/Q (CLKIN0)                               0.68      16.00 f
  send_ppm1/U161/Q (NAND20)                               0.81      16.81 r
  send_ppm1/U163/Q (CLKIN0)                               0.68      17.49 f
  send_ppm1/U158/Q (NAND20)                               0.81      18.30 r
  send_ppm1/U160/Q (CLKIN0)                               0.66      18.96 f
  send_ppm1/U144/Q (XNR20)                                1.73      20.69 r
  send_ppm1/add_2_root_sub_0_root_sub_235_cf/U1_14/S (ADD32)
                                                          1.90      22.60 r
  send_ppm1/add_1_root_sub_0_root_sub_235_cf/B[14] (send_ppm_DW01_add_8)
                                                          0.00      22.60 r
  send_ppm1/add_1_root_sub_0_root_sub_235_cf/U1_14/S (ADD32)
                                                          1.03      23.63 r
  send_ppm1/add_1_root_sub_0_root_sub_235_cf/SUM[14] (send_ppm_DW01_add_8)
                                                          0.00      23.63 r
  send_ppm1/sub_0_root_sub_0_root_sub_235_cf/B[14] (send_ppm_DW01_sub_0)
                                                          0.00      23.63 r
  send_ppm1/sub_0_root_sub_0_root_sub_235_cf/U8/Q (INV3)
                                                          0.19      23.81 f
  send_ppm1/sub_0_root_sub_0_root_sub_235_cf/U2_14/CO (ADD32)
                                                          0.71      24.52 f
  send_ppm1/sub_0_root_sub_0_root_sub_235_cf/U2_15/CO (ADD32)
                                                          0.67      25.20 f
  send_ppm1/sub_0_root_sub_0_root_sub_235_cf/U2_16/CO (ADD32)
                                                          0.67      25.87 f
  send_ppm1/sub_0_root_sub_0_root_sub_235_cf/U2_17/CO (ADD32)
                                                          0.68      26.55 f
  send_ppm1/sub_0_root_sub_0_root_sub_235_cf/U23/Q (NOR21)
                                                          0.39      26.94 r
  send_ppm1/sub_0_root_sub_0_root_sub_235_cf/U22/Q (XNR21)
                                                          0.86      27.81 f
  send_ppm1/sub_0_root_sub_0_root_sub_235_cf/DIFF[19] (send_ppm_DW01_sub_0)
                                                          0.00      27.81 f
  send_ppm1/U450/Q (XNR20)                                0.82      28.62 f
  send_ppm1/U454/Q (NAND40)                               0.90      29.53 r
  send_ppm1/U462/Q (NOR40)                                1.31      30.84 f
  send_ppm1/U34/Q (INV3)                                  0.60      31.44 r
  send_ppm1/U85/Q (NAND31)                                0.15      31.59 f
  send_ppm1/U83/Q (OAI2111)                               0.70      32.30 r
  send_ppm1/U82/Q (INV3)                                  0.16      32.46 f
  send_ppm1/U16/Q (OAI212)                                0.43      32.89 r
  send_ppm1/U90/Q (AOI211)                                0.39      33.28 f
  send_ppm1/U13/Q (OAI212)                                0.37      33.65 r
  send_ppm1/sig_state_reg[2]/D (DF3)                      0.00      33.65 r
  data arrival time                                                 33.65

  clock HCLK (rise edge)                                 40.00      40.00
  clock network delay (ideal)                             0.00      40.00
  clock uncertainty                                      -0.50      39.50
  send_ppm1/sig_state_reg[2]/C (DF3)                      0.00      39.50 r
  library setup time                                     -0.01      39.49
  data required time                                                39.49
  --------------------------------------------------------------------------
  data required time                                                39.49
  data arrival time                                                -33.65
  --------------------------------------------------------------------------
  slack (MET)                                                        5.84


  Startpoint: send_ppm1/sig_reg_storage_reg[24]
              (rising edge-triggered flip-flop clocked by HCLK)
  Endpoint: send_ppm1/sig_state_reg[2]
            (rising edge-triggered flip-flop clocked by HCLK)
  Path Group: HCLK
  Path Type: max

  Des/Clust/Port     Wire Load Model       Library
  ------------------------------------------------
  top_ppm            10k                   c35_CORELIB_TYP
  send_ppm           10k                   c35_CORELIB_TYP
  send_ppm_DW01_sub_0
                     10k                   c35_CORELIB_TYP

  Point                                                   Incr       Path
  --------------------------------------------------------------------------
  clock HCLK (rise edge)                                  0.00       0.00
  clock network delay (ideal)                             0.00       0.00
  send_ppm1/sig_reg_storage_reg[24]/C (DFE1)              0.00       0.00 r
  send_ppm1/sig_reg_storage_reg[24]/Q (DFE1)              1.82       1.82 f
  send_ppm1/mult_123/A[0] (send_ppm_DW02_mult_3)          0.00       1.82 f
  send_ppm1/mult_123/PRODUCT[1] (send_ppm_DW02_mult_3)
                                                          0.00       1.82 f
  send_ppm1/U254/Q (NAND20)                               1.09       2.91 r
  send_ppm1/U256/Q (CLKIN0)                               0.70       3.61 f
  send_ppm1/U251/Q (NOR20)                                0.57       4.18 r
  send_ppm1/U253/Q (CLKIN0)                               0.68       4.86 f
  send_ppm1/U248/Q (NOR20)                                0.56       5.43 r
  send_ppm1/U250/Q (CLKIN0)                               0.70       6.12 f
  send_ppm1/U245/Q (NAND20)                               0.82       6.94 r
  send_ppm1/U247/Q (CLKIN0)                               0.67       7.61 f
  send_ppm1/U242/Q (NOR20)                                0.56       8.17 r
  send_ppm1/U244/Q (CLKIN0)                               0.68       8.84 f
  send_ppm1/U239/Q (NAND20)                               0.80       9.65 r
  send_ppm1/U241/Q (CLKIN0)                               0.68      10.33 f
  send_ppm1/U236/Q (NAND20)                               0.81      11.13 r
  send_ppm1/U238/Q (CLKIN0)                               0.68      11.81 f
  send_ppm1/U233/Q (NAND20)                               0.81      12.62 r
  send_ppm1/U235/Q (CLKIN0)                               0.66      13.29 f
  send_ppm1/U230/Q (NOR20)                                0.56      13.84 r
  send_ppm1/U232/Q (CLKIN0)                               0.68      14.52 f
  send_ppm1/U189/Q (NAND20)                               0.80      15.32 r
  send_ppm1/U191/Q (CLKIN0)                               0.68      16.00 f
  send_ppm1/U167/Q (NAND20)                               0.81      16.81 r
  send_ppm1/U169/Q (CLKIN0)                               0.68      17.49 f
  send_ppm1/U164/Q (NAND20)                               0.81      18.30 r
  send_ppm1/U166/Q (CLKIN0)                               0.66      18.96 f
  send_ppm1/U147/Q (XNR20)                                1.80      20.77 r
  send_ppm1/add_2_root_sub_0_root_sub_235_cf/U1_14/S (ADD32)
                                                          1.69      22.46 r
  send_ppm1/add_1_root_sub_0_root_sub_235_cf/B[14] (send_ppm_DW01_add_8)
                                                          0.00      22.46 r
  send_ppm1/add_1_root_sub_0_root_sub_235_cf/U1_14/S (ADD32)
                                                          1.03      23.49 r
  send_ppm1/add_1_root_sub_0_root_sub_235_cf/SUM[14] (send_ppm_DW01_add_8)
                                                          0.00      23.49 r
  send_ppm1/sub_0_root_sub_0_root_sub_235_cf/B[14] (send_ppm_DW01_sub_0)
                                                          0.00      23.49 r
  send_ppm1/sub_0_root_sub_0_root_sub_235_cf/U8/Q (INV3)
                                                          0.19      23.67 f
  send_ppm1/sub_0_root_sub_0_root_sub_235_cf/U2_14/CO (ADD32)
                                                          0.71      24.38 f
  send_ppm1/sub_0_root_sub_0_root_sub_235_cf/U2_15/CO (ADD32)
                                                          0.67      25.06 f
  send_ppm1/sub_0_root_sub_0_root_sub_235_cf/U2_16/CO (ADD32)
                                                          0.67      25.73 f
  send_ppm1/sub_0_root_sub_0_root_sub_235_cf/U2_17/CO (ADD32)
                                                          0.68      26.41 f
  send_ppm1/sub_0_root_sub_0_root_sub_235_cf/U23/Q (NOR21)
                                                          0.39      26.80 r
  send_ppm1/sub_0_root_sub_0_root_sub_235_cf/U22/Q (XNR21)
                                                          0.86      27.67 f
  send_ppm1/sub_0_root_sub_0_root_sub_235_cf/DIFF[19] (send_ppm_DW01_sub_0)
                                                          0.00      27.67 f
  send_ppm1/U450/Q (XNR20)                                0.82      28.48 f
  send_ppm1/U454/Q (NAND40)                               0.90      29.38 r
  send_ppm1/U462/Q (NOR40)                                1.31      30.70 f
  send_ppm1/U34/Q (INV3)                                  0.60      31.30 r
  send_ppm1/U85/Q (NAND31)                                0.15      31.45 f
  send_ppm1/U83/Q (OAI2111)                               0.70      32.16 r
  send_ppm1/U82/Q (INV3)                                  0.16      32.32 f
  send_ppm1/U16/Q (OAI212)                                0.43      32.75 r
  send_ppm1/U90/Q (AOI211)                                0.39      33.14 f
  send_ppm1/U13/Q (OAI212)                                0.37      33.51 r
  send_ppm1/sig_state_reg[2]/D (DF3)                      0.00      33.51 r
  data arrival time                                                 33.51

  clock HCLK (rise edge)                                 40.00      40.00
  clock network delay (ideal)                             0.00      40.00
  clock uncertainty                                      -0.50      39.50
  send_ppm1/sig_state_reg[2]/C (DF3)                      0.00      39.50 r
  library setup time                                     -0.01      39.49
  data required time                                                39.49
  --------------------------------------------------------------------------
  data required time                                                39.49
  data arrival time                                                -33.51
  --------------------------------------------------------------------------
  slack (MET)                                                        5.98


  Startpoint: send_ppm1/sig_reg_storage_reg[16]
              (rising edge-triggered flip-flop clocked by HCLK)
  Endpoint: send_ppm1/sig_state_reg[2]
            (rising edge-triggered flip-flop clocked by HCLK)
  Path Group: HCLK
  Path Type: max

  Des/Clust/Port     Wire Load Model       Library
  ------------------------------------------------
  top_ppm            10k                   c35_CORELIB_TYP
  send_ppm           10k                   c35_CORELIB_TYP
  send_ppm_DW01_add_8
                     10k                   c35_CORELIB_TYP
  send_ppm_DW01_sub_0
                     10k                   c35_CORELIB_TYP

  Point                                                   Incr       Path
  --------------------------------------------------------------------------
  clock HCLK (rise edge)                                  0.00       0.00
  clock network delay (ideal)                             0.00       0.00
  send_ppm1/sig_reg_storage_reg[16]/C (DFE1)              0.00       0.00 r
  send_ppm1/sig_reg_storage_reg[16]/Q (DFE1)              1.82       1.82 f
  send_ppm1/mult_120/A[0] (send_ppm_DW02_mult_2)          0.00       1.82 f
  send_ppm1/mult_120/PRODUCT[1] (send_ppm_DW02_mult_2)
                                                          0.00       1.82 f
  send_ppm1/U227/Q (NAND20)                               1.09       2.91 r
  send_ppm1/U229/Q (CLKIN0)                               0.70       3.61 f
  send_ppm1/U224/Q (NOR20)                                0.57       4.18 r
  send_ppm1/U226/Q (CLKIN0)                               0.68       4.86 f
  send_ppm1/U221/Q (NOR20)                                0.56       5.43 r
  send_ppm1/U223/Q (CLKIN0)                               0.70       6.12 f
  send_ppm1/U218/Q (NAND20)                               0.82       6.94 r
  send_ppm1/U220/Q (CLKIN0)                               0.67       7.61 f
  send_ppm1/U215/Q (NOR20)                                0.56       8.17 r
  send_ppm1/U217/Q (CLKIN0)                               0.68       8.84 f
  send_ppm1/U212/Q (NAND20)                               0.80       9.65 r
  send_ppm1/U214/Q (CLKIN0)                               0.68      10.33 f
  send_ppm1/U209/Q (NAND20)                               0.81      11.13 r
  send_ppm1/U211/Q (CLKIN0)                               0.68      11.81 f
  send_ppm1/U206/Q (NAND20)                               0.81      12.62 r
  send_ppm1/U208/Q (CLKIN0)                               0.66      13.29 f
  send_ppm1/U203/Q (NOR20)                                0.56      13.84 r
  send_ppm1/U205/Q (CLKIN0)                               0.68      14.52 f
  send_ppm1/U186/Q (NAND20)                               0.80      15.32 r
  send_ppm1/U188/Q (CLKIN0)                               0.68      16.00 f
  send_ppm1/U161/Q (NAND20)                               0.81      16.81 r
  send_ppm1/U163/Q (CLKIN0)                               0.68      17.49 f
  send_ppm1/U158/Q (NAND20)                               0.81      18.30 r
  send_ppm1/U160/Q (CLKIN0)                               0.66      18.96 f
  send_ppm1/U144/Q (XNR20)                                1.73      20.69 r
  send_ppm1/add_2_root_sub_0_root_sub_235_cf/U1_14/S (ADD32)
                                                          1.90      22.60 r
  send_ppm1/add_1_root_sub_0_root_sub_235_cf/B[14] (send_ppm_DW01_add_8)
                                                          0.00      22.60 r
  send_ppm1/add_1_root_sub_0_root_sub_235_cf/U1_14/CO (ADD32)
                                                          0.64      23.24 r
  send_ppm1/add_1_root_sub_0_root_sub_235_cf/U1_15/S (ADD32)
                                                          0.92      24.16 r
  send_ppm1/add_1_root_sub_0_root_sub_235_cf/SUM[15] (send_ppm_DW01_add_8)
                                                          0.00      24.16 r
  send_ppm1/sub_0_root_sub_0_root_sub_235_cf/B[15] (send_ppm_DW01_sub_0)
                                                          0.00      24.16 r
  send_ppm1/sub_0_root_sub_0_root_sub_235_cf/U7/Q (INV3)
                                                          0.19      24.34 f
  send_ppm1/sub_0_root_sub_0_root_sub_235_cf/U2_15/CO (ADD32)
                                                          0.71      25.05 f
  send_ppm1/sub_0_root_sub_0_root_sub_235_cf/U2_16/CO (ADD32)
                                                          0.67      25.72 f
  send_ppm1/sub_0_root_sub_0_root_sub_235_cf/U2_17/CO (ADD32)
                                                          0.68      26.41 f
  send_ppm1/sub_0_root_sub_0_root_sub_235_cf/U23/Q (NOR21)
                                                          0.39      26.80 r
  send_ppm1/sub_0_root_sub_0_root_sub_235_cf/U22/Q (XNR21)
                                                          0.86      27.66 f
  send_ppm1/sub_0_root_sub_0_root_sub_235_cf/DIFF[19] (send_ppm_DW01_sub_0)
                                                          0.00      27.66 f
  send_ppm1/U450/Q (XNR20)                                0.82      28.48 f
  send_ppm1/U454/Q (NAND40)                               0.90      29.38 r
  send_ppm1/U462/Q (NOR40)                                1.31      30.69 f
  send_ppm1/U34/Q (INV3)                                  0.60      31.29 r
  send_ppm1/U85/Q (NAND31)                                0.15      31.45 f
  send_ppm1/U83/Q (OAI2111)                               0.70      32.15 r
  send_ppm1/U82/Q (INV3)                                  0.16      32.32 f
  send_ppm1/U16/Q (OAI212)                                0.43      32.75 r
  send_ppm1/U90/Q (AOI211)                                0.39      33.14 f
  send_ppm1/U13/Q (OAI212)                                0.37      33.50 r
  send_ppm1/sig_state_reg[2]/D (DF3)                      0.00      33.50 r
  data arrival time                                                 33.50

  clock HCLK (rise edge)                                 40.00      40.00
  clock network delay (ideal)                             0.00      40.00
  clock uncertainty                                      -0.50      39.50
  send_ppm1/sig_state_reg[2]/C (DF3)                      0.00      39.50 r
  library setup time                                     -0.01      39.49
  data required time                                                39.49
  --------------------------------------------------------------------------
  data required time                                                39.49
  data arrival time                                                -33.50
  --------------------------------------------------------------------------
  slack (MET)                                                        5.99


  Startpoint: send_ppm1/sig_reg_storage_reg[16]
              (rising edge-triggered flip-flop clocked by HCLK)
  Endpoint: send_ppm1/sig_state_reg[2]
            (rising edge-triggered flip-flop clocked by HCLK)
  Path Group: HCLK
  Path Type: max

  Des/Clust/Port     Wire Load Model       Library
  ------------------------------------------------
  top_ppm            10k                   c35_CORELIB_TYP
  send_ppm           10k                   c35_CORELIB_TYP
  send_ppm_DW01_sub_0
                     10k                   c35_CORELIB_TYP

  Point                                                   Incr       Path
  --------------------------------------------------------------------------
  clock HCLK (rise edge)                                  0.00       0.00
  clock network delay (ideal)                             0.00       0.00
  send_ppm1/sig_reg_storage_reg[16]/C (DFE1)              0.00       0.00 r
  send_ppm1/sig_reg_storage_reg[16]/Q (DFE1)              1.82       1.82 f
  send_ppm1/mult_120/A[0] (send_ppm_DW02_mult_2)          0.00       1.82 f
  send_ppm1/mult_120/PRODUCT[1] (send_ppm_DW02_mult_2)
                                                          0.00       1.82 f
  send_ppm1/U227/Q (NAND20)                               1.09       2.91 r
  send_ppm1/U229/Q (CLKIN0)                               0.70       3.61 f
  send_ppm1/U224/Q (NOR20)                                0.57       4.18 r
  send_ppm1/U226/Q (CLKIN0)                               0.68       4.86 f
  send_ppm1/U221/Q (NOR20)                                0.56       5.43 r
  send_ppm1/U223/Q (CLKIN0)                               0.70       6.12 f
  send_ppm1/U218/Q (NAND20)                               0.82       6.94 r
  send_ppm1/U220/Q (CLKIN0)                               0.67       7.61 f
  send_ppm1/U215/Q (NOR20)                                0.56       8.17 r
  send_ppm1/U217/Q (CLKIN0)                               0.68       8.84 f
  send_ppm1/U212/Q (NAND20)                               0.80       9.65 r
  send_ppm1/U214/Q (CLKIN0)                               0.68      10.33 f
  send_ppm1/U209/Q (NAND20)                               0.81      11.13 r
  send_ppm1/U211/Q (CLKIN0)                               0.68      11.81 f
  send_ppm1/U206/Q (NAND20)                               0.81      12.62 r
  send_ppm1/U208/Q (CLKIN0)                               0.66      13.29 f
  send_ppm1/U203/Q (NOR20)                                0.56      13.84 r
  send_ppm1/U205/Q (CLKIN0)                               0.68      14.52 f
  send_ppm1/U186/Q (NAND20)                               0.80      15.32 r
  send_ppm1/U188/Q (CLKIN0)                               0.68      16.00 f
  send_ppm1/U161/Q (NAND20)                               0.81      16.81 r
  send_ppm1/U163/Q (CLKIN0)                               0.68      17.49 f
  send_ppm1/U158/Q (NAND20)                               0.81      18.30 r
  send_ppm1/U160/Q (CLKIN0)                               0.66      18.96 f
  send_ppm1/U144/Q (XNR20)                                1.73      20.69 r
  send_ppm1/add_2_root_sub_0_root_sub_235_cf/U1_14/S (ADD32)
                                                          1.90      22.60 r
  send_ppm1/add_1_root_sub_0_root_sub_235_cf/B[14] (send_ppm_DW01_add_8)
                                                          0.00      22.60 r
  send_ppm1/add_1_root_sub_0_root_sub_235_cf/U1_14/S (ADD32)
                                                          1.03      23.63 r
  send_ppm1/add_1_root_sub_0_root_sub_235_cf/SUM[14] (send_ppm_DW01_add_8)
                                                          0.00      23.63 r
  send_ppm1/sub_0_root_sub_0_root_sub_235_cf/B[14] (send_ppm_DW01_sub_0)
                                                          0.00      23.63 r
  send_ppm1/sub_0_root_sub_0_root_sub_235_cf/U8/Q (INV3)
                                                          0.19      23.81 f
  send_ppm1/sub_0_root_sub_0_root_sub_235_cf/U2_14/CO (ADD32)
                                                          0.71      24.52 f
  send_ppm1/sub_0_root_sub_0_root_sub_235_cf/U2_15/CO (ADD32)
                                                          0.67      25.20 f
  send_ppm1/sub_0_root_sub_0_root_sub_235_cf/U2_16/CO (ADD32)
                                                          0.67      25.87 f
  send_ppm1/sub_0_root_sub_0_root_sub_235_cf/U2_17/CO (ADD32)
                                                          0.68      26.55 f
  send_ppm1/sub_0_root_sub_0_root_sub_235_cf/U21/Q (XNR21)
                                                          0.61      27.16 f
  send_ppm1/sub_0_root_sub_0_root_sub_235_cf/DIFF[18] (send_ppm_DW01_sub_0)
                                                          0.00      27.16 f
  send_ppm1/U445/Q (XNR20)                                0.81      27.98 f
  send_ppm1/U447/Q (NAND20)                               0.63      28.60 r
  send_ppm1/U448/Q (NOR40)                                0.63      29.23 f
  send_ppm1/U56/Q (INV3)                                  0.39      29.63 r
  send_ppm1/U462/Q (NOR40)                                1.04      30.67 f
  send_ppm1/U34/Q (INV3)                                  0.60      31.28 r
  send_ppm1/U85/Q (NAND31)                                0.15      31.43 f
  send_ppm1/U83/Q (OAI2111)                               0.70      32.13 r
  send_ppm1/U82/Q (INV3)                                  0.16      32.30 f
  send_ppm1/U16/Q (OAI212)                                0.43      32.73 r
  send_ppm1/U90/Q (AOI211)                                0.39      33.12 f
  send_ppm1/U13/Q (OAI212)                                0.37      33.48 r
  send_ppm1/sig_state_reg[2]/D (DF3)                      0.00      33.49 r
  data arrival time                                                 33.49

  clock HCLK (rise edge)                                 40.00      40.00
  clock network delay (ideal)                             0.00      40.00
  clock uncertainty                                      -0.50      39.50
  send_ppm1/sig_state_reg[2]/C (DF3)                      0.00      39.50 r
  library setup time                                     -0.01      39.49
  data required time                                                39.49
  --------------------------------------------------------------------------
  data required time                                                39.49
  data arrival time                                                -33.49
  --------------------------------------------------------------------------
  slack (MET)                                                        6.00


  Startpoint: send_ppm1/sig_reg_storage_reg[16]
              (rising edge-triggered flip-flop clocked by HCLK)
  Endpoint: send_ppm1/sig_state_reg[2]
            (rising edge-triggered flip-flop clocked by HCLK)
  Path Group: HCLK
  Path Type: max

  Des/Clust/Port     Wire Load Model       Library
  ------------------------------------------------
  top_ppm            10k                   c35_CORELIB_TYP
  send_ppm           10k                   c35_CORELIB_TYP
  send_ppm_DW01_sub_0
                     10k                   c35_CORELIB_TYP

  Point                                                   Incr       Path
  --------------------------------------------------------------------------
  clock HCLK (rise edge)                                  0.00       0.00
  clock network delay (ideal)                             0.00       0.00
  send_ppm1/sig_reg_storage_reg[16]/C (DFE1)              0.00       0.00 r
  send_ppm1/sig_reg_storage_reg[16]/Q (DFE1)              1.82       1.82 f
  send_ppm1/mult_120/A[0] (send_ppm_DW02_mult_2)          0.00       1.82 f
  send_ppm1/mult_120/PRODUCT[1] (send_ppm_DW02_mult_2)
                                                          0.00       1.82 f
  send_ppm1/U227/Q (NAND20)                               1.09       2.91 r
  send_ppm1/U229/Q (CLKIN0)                               0.70       3.61 f
  send_ppm1/U224/Q (NOR20)                                0.57       4.18 r
  send_ppm1/U226/Q (CLKIN0)                               0.68       4.86 f
  send_ppm1/U221/Q (NOR20)                                0.56       5.43 r
  send_ppm1/U223/Q (CLKIN0)                               0.70       6.12 f
  send_ppm1/U218/Q (NAND20)                               0.82       6.94 r
  send_ppm1/U220/Q (CLKIN0)                               0.67       7.61 f
  send_ppm1/U215/Q (NOR20)                                0.56       8.17 r
  send_ppm1/U217/Q (CLKIN0)                               0.68       8.84 f
  send_ppm1/U212/Q (NAND20)                               0.80       9.65 r
  send_ppm1/U214/Q (CLKIN0)                               0.68      10.33 f
  send_ppm1/U209/Q (NAND20)                               0.81      11.13 r
  send_ppm1/U211/Q (CLKIN0)                               0.68      11.81 f
  send_ppm1/U206/Q (NAND20)                               0.81      12.62 r
  send_ppm1/U208/Q (CLKIN0)                               0.66      13.29 f
  send_ppm1/U203/Q (NOR20)                                0.56      13.84 r
  send_ppm1/U205/Q (CLKIN0)                               0.68      14.52 f
  send_ppm1/U186/Q (NAND20)                               0.80      15.32 r
  send_ppm1/U188/Q (CLKIN0)                               0.68      16.00 f
  send_ppm1/U161/Q (NAND20)                               0.81      16.81 r
  send_ppm1/U163/Q (CLKIN0)                               0.68      17.49 f
  send_ppm1/U158/Q (NAND20)                               0.81      18.30 r
  send_ppm1/U160/Q (CLKIN0)                               0.66      18.96 f
  send_ppm1/U144/Q (XNR20)                                1.73      20.69 r
  send_ppm1/add_2_root_sub_0_root_sub_235_cf/U1_14/S (ADD32)
                                                          1.90      22.60 r
  send_ppm1/add_1_root_sub_0_root_sub_235_cf/B[14] (send_ppm_DW01_add_8)
                                                          0.00      22.60 r
  send_ppm1/add_1_root_sub_0_root_sub_235_cf/U1_14/S (ADD32)
                                                          1.03      23.63 r
  send_ppm1/add_1_root_sub_0_root_sub_235_cf/SUM[14] (send_ppm_DW01_add_8)
                                                          0.00      23.63 r
  send_ppm1/sub_0_root_sub_0_root_sub_235_cf/B[14] (send_ppm_DW01_sub_0)
                                                          0.00      23.63 r
  send_ppm1/sub_0_root_sub_0_root_sub_235_cf/U8/Q (INV3)
                                                          0.19      23.81 f
  send_ppm1/sub_0_root_sub_0_root_sub_235_cf/U2_14/CO (ADD32)
                                                          0.71      24.52 f
  send_ppm1/sub_0_root_sub_0_root_sub_235_cf/U2_15/CO (ADD32)
                                                          0.67      25.20 f
  send_ppm1/sub_0_root_sub_0_root_sub_235_cf/U2_16/CO (ADD32)
                                                          0.67      25.87 f
  send_ppm1/sub_0_root_sub_0_root_sub_235_cf/U2_17/CO (ADD32)
                                                          0.68      26.55 f
  send_ppm1/sub_0_root_sub_0_root_sub_235_cf/U21/Q (XNR21)
                                                          0.51      27.07 r
  send_ppm1/sub_0_root_sub_0_root_sub_235_cf/DIFF[18] (send_ppm_DW01_sub_0)
                                                          0.00      27.07 r
  send_ppm1/U445/Q (XNR20)                                0.87      27.94 f
  send_ppm1/U447/Q (NAND20)                               0.63      28.56 r
  send_ppm1/U448/Q (NOR40)                                0.63      29.19 f
  send_ppm1/U56/Q (INV3)                                  0.39      29.59 r
  send_ppm1/U462/Q (NOR40)                                1.04      30.63 f
  send_ppm1/U34/Q (INV3)                                  0.60      31.24 r
  send_ppm1/U85/Q (NAND31)                                0.15      31.39 f
  send_ppm1/U83/Q (OAI2111)                               0.70      32.09 r
  send_ppm1/U82/Q (INV3)                                  0.16      32.26 f
  send_ppm1/U16/Q (OAI212)                                0.43      32.69 r
  send_ppm1/U90/Q (AOI211)                                0.39      33.08 f
  send_ppm1/U13/Q (OAI212)                                0.37      33.45 r
  send_ppm1/sig_state_reg[2]/D (DF3)                      0.00      33.45 r
  data arrival time                                                 33.45

  clock HCLK (rise edge)                                 40.00      40.00
  clock network delay (ideal)                             0.00      40.00
  clock uncertainty                                      -0.50      39.50
  send_ppm1/sig_state_reg[2]/C (DF3)                      0.00      39.50 r
  library setup time                                     -0.01      39.49
  data required time                                                39.49
  --------------------------------------------------------------------------
  data required time                                                39.49
  data arrival time                                                -33.45
  --------------------------------------------------------------------------
  slack (MET)                                                        6.04


  Startpoint: send_ppm1/sig_reg_storage_reg[16]
              (rising edge-triggered flip-flop clocked by HCLK)
  Endpoint: send_ppm1/local_counter1/o_count_reg[4]
            (rising edge-triggered flip-flop clocked by HCLK)
  Path Group: HCLK
  Path Type: max

  Des/Clust/Port     Wire Load Model       Library
  ------------------------------------------------
  top_ppm            10k                   c35_CORELIB_TYP
  send_ppm           10k                   c35_CORELIB_TYP
  send_ppm_DW01_sub_0
                     10k                   c35_CORELIB_TYP
  local_counter      10k                   c35_CORELIB_TYP

  Point                                                   Incr       Path
  --------------------------------------------------------------------------
  clock HCLK (rise edge)                                  0.00       0.00
  clock network delay (ideal)                             0.00       0.00
  send_ppm1/sig_reg_storage_reg[16]/C (DFE1)              0.00       0.00 r
  send_ppm1/sig_reg_storage_reg[16]/Q (DFE1)              1.82       1.82 f
  send_ppm1/mult_120/A[0] (send_ppm_DW02_mult_2)          0.00       1.82 f
  send_ppm1/mult_120/PRODUCT[1] (send_ppm_DW02_mult_2)
                                                          0.00       1.82 f
  send_ppm1/U227/Q (NAND20)                               1.09       2.91 r
  send_ppm1/U229/Q (CLKIN0)                               0.70       3.61 f
  send_ppm1/U224/Q (NOR20)                                0.57       4.18 r
  send_ppm1/U226/Q (CLKIN0)                               0.68       4.86 f
  send_ppm1/U221/Q (NOR20)                                0.56       5.43 r
  send_ppm1/U223/Q (CLKIN0)                               0.70       6.12 f
  send_ppm1/U218/Q (NAND20)                               0.82       6.94 r
  send_ppm1/U220/Q (CLKIN0)                               0.67       7.61 f
  send_ppm1/U215/Q (NOR20)                                0.56       8.17 r
  send_ppm1/U217/Q (CLKIN0)                               0.68       8.84 f
  send_ppm1/U212/Q (NAND20)                               0.80       9.65 r
  send_ppm1/U214/Q (CLKIN0)                               0.68      10.33 f
  send_ppm1/U209/Q (NAND20)                               0.81      11.13 r
  send_ppm1/U211/Q (CLKIN0)                               0.68      11.81 f
  send_ppm1/U206/Q (NAND20)                               0.81      12.62 r
  send_ppm1/U208/Q (CLKIN0)                               0.66      13.29 f
  send_ppm1/U203/Q (NOR20)                                0.56      13.84 r
  send_ppm1/U205/Q (CLKIN0)                               0.68      14.52 f
  send_ppm1/U186/Q (NAND20)                               0.80      15.32 r
  send_ppm1/U188/Q (CLKIN0)                               0.68      16.00 f
  send_ppm1/U161/Q (NAND20)                               0.81      16.81 r
  send_ppm1/U163/Q (CLKIN0)                               0.68      17.49 f
  send_ppm1/U158/Q (NAND20)                               0.81      18.30 r
  send_ppm1/U160/Q (CLKIN0)                               0.66      18.96 f
  send_ppm1/U144/Q (XNR20)                                1.73      20.69 r
  send_ppm1/add_2_root_sub_0_root_sub_235_cf/U1_14/S (ADD32)
                                                          1.90      22.60 r
  send_ppm1/add_1_root_sub_0_root_sub_235_cf/B[14] (send_ppm_DW01_add_8)
                                                          0.00      22.60 r
  send_ppm1/add_1_root_sub_0_root_sub_235_cf/U1_14/S (ADD32)
                                                          1.03      23.63 r
  send_ppm1/add_1_root_sub_0_root_sub_235_cf/SUM[14] (send_ppm_DW01_add_8)
                                                          0.00      23.63 r
  send_ppm1/sub_0_root_sub_0_root_sub_235_cf/B[14] (send_ppm_DW01_sub_0)
                                                          0.00      23.63 r
  send_ppm1/sub_0_root_sub_0_root_sub_235_cf/U8/Q (INV3)
                                                          0.19      23.81 f
  send_ppm1/sub_0_root_sub_0_root_sub_235_cf/U2_14/CO (ADD32)
                                                          0.71      24.52 f
  send_ppm1/sub_0_root_sub_0_root_sub_235_cf/U2_15/CO (ADD32)
                                                          0.67      25.20 f
  send_ppm1/sub_0_root_sub_0_root_sub_235_cf/U2_16/CO (ADD32)
                                                          0.67      25.87 f
  send_ppm1/sub_0_root_sub_0_root_sub_235_cf/U2_17/CO (ADD32)
                                                          0.68      26.55 f
  send_ppm1/sub_0_root_sub_0_root_sub_235_cf/U23/Q (NOR21)
                                                          0.39      26.94 r
  send_ppm1/sub_0_root_sub_0_root_sub_235_cf/U22/Q (XNR21)
                                                          0.86      27.81 f
  send_ppm1/sub_0_root_sub_0_root_sub_235_cf/DIFF[19] (send_ppm_DW01_sub_0)
                                                          0.00      27.81 f
  send_ppm1/U450/Q (XNR20)                                0.82      28.62 f
  send_ppm1/U454/Q (NAND40)                               0.90      29.53 r
  send_ppm1/U462/Q (NOR40)                                1.31      30.84 f
  send_ppm1/U34/Q (INV3)                                  0.60      31.44 r
  send_ppm1/U91/Q (OAI2111)                               0.23      31.67 f
  send_ppm1/local_counter1/i_init (local_counter)         0.00      31.67 f
  send_ppm1/local_counter1/U43/Q (INV3)                   0.29      31.96 r
  send_ppm1/local_counter1/U42/Q (NAND22)                 0.14      32.10 f
  send_ppm1/local_counter1/U4/Q (BUF2)                    0.84      32.95 f
  send_ppm1/local_counter1/U22/Q (NOR21)                  0.49      33.43 r
  send_ppm1/local_counter1/o_count_reg[4]/D (DF3)         0.00      33.43 r
  data arrival time                                                 33.43

  clock HCLK (rise edge)                                 40.00      40.00
  clock network delay (ideal)                             0.00      40.00
  clock uncertainty                                      -0.50      39.50
  send_ppm1/local_counter1/o_count_reg[4]/C (DF3)         0.00      39.50 r
  library setup time                                     -0.01      39.49
  data required time                                                39.49
  --------------------------------------------------------------------------
  data required time                                                39.49
  data arrival time                                                -33.43
  --------------------------------------------------------------------------
  slack (MET)                                                        6.05


  Startpoint: send_ppm1/sig_reg_storage_reg[16]
              (rising edge-triggered flip-flop clocked by HCLK)
  Endpoint: send_ppm1/local_counter1/o_count_reg[3]
            (rising edge-triggered flip-flop clocked by HCLK)
  Path Group: HCLK
  Path Type: max

  Des/Clust/Port     Wire Load Model       Library
  ------------------------------------------------
  top_ppm            10k                   c35_CORELIB_TYP
  send_ppm           10k                   c35_CORELIB_TYP
  send_ppm_DW01_sub_0
                     10k                   c35_CORELIB_TYP
  local_counter      10k                   c35_CORELIB_TYP

  Point                                                   Incr       Path
  --------------------------------------------------------------------------
  clock HCLK (rise edge)                                  0.00       0.00
  clock network delay (ideal)                             0.00       0.00
  send_ppm1/sig_reg_storage_reg[16]/C (DFE1)              0.00       0.00 r
  send_ppm1/sig_reg_storage_reg[16]/Q (DFE1)              1.82       1.82 f
  send_ppm1/mult_120/A[0] (send_ppm_DW02_mult_2)          0.00       1.82 f
  send_ppm1/mult_120/PRODUCT[1] (send_ppm_DW02_mult_2)
                                                          0.00       1.82 f
  send_ppm1/U227/Q (NAND20)                               1.09       2.91 r
  send_ppm1/U229/Q (CLKIN0)                               0.70       3.61 f
  send_ppm1/U224/Q (NOR20)                                0.57       4.18 r
  send_ppm1/U226/Q (CLKIN0)                               0.68       4.86 f
  send_ppm1/U221/Q (NOR20)                                0.56       5.43 r
  send_ppm1/U223/Q (CLKIN0)                               0.70       6.12 f
  send_ppm1/U218/Q (NAND20)                               0.82       6.94 r
  send_ppm1/U220/Q (CLKIN0)                               0.67       7.61 f
  send_ppm1/U215/Q (NOR20)                                0.56       8.17 r
  send_ppm1/U217/Q (CLKIN0)                               0.68       8.84 f
  send_ppm1/U212/Q (NAND20)                               0.80       9.65 r
  send_ppm1/U214/Q (CLKIN0)                               0.68      10.33 f
  send_ppm1/U209/Q (NAND20)                               0.81      11.13 r
  send_ppm1/U211/Q (CLKIN0)                               0.68      11.81 f
  send_ppm1/U206/Q (NAND20)                               0.81      12.62 r
  send_ppm1/U208/Q (CLKIN0)                               0.66      13.29 f
  send_ppm1/U203/Q (NOR20)                                0.56      13.84 r
  send_ppm1/U205/Q (CLKIN0)                               0.68      14.52 f
  send_ppm1/U186/Q (NAND20)                               0.80      15.32 r
  send_ppm1/U188/Q (CLKIN0)                               0.68      16.00 f
  send_ppm1/U161/Q (NAND20)                               0.81      16.81 r
  send_ppm1/U163/Q (CLKIN0)                               0.68      17.49 f
  send_ppm1/U158/Q (NAND20)                               0.81      18.30 r
  send_ppm1/U160/Q (CLKIN0)                               0.66      18.96 f
  send_ppm1/U144/Q (XNR20)                                1.73      20.69 r
  send_ppm1/add_2_root_sub_0_root_sub_235_cf/U1_14/S (ADD32)
                                                          1.90      22.60 r
  send_ppm1/add_1_root_sub_0_root_sub_235_cf/B[14] (send_ppm_DW01_add_8)
                                                          0.00      22.60 r
  send_ppm1/add_1_root_sub_0_root_sub_235_cf/U1_14/S (ADD32)
                                                          1.03      23.63 r
  send_ppm1/add_1_root_sub_0_root_sub_235_cf/SUM[14] (send_ppm_DW01_add_8)
                                                          0.00      23.63 r
  send_ppm1/sub_0_root_sub_0_root_sub_235_cf/B[14] (send_ppm_DW01_sub_0)
                                                          0.00      23.63 r
  send_ppm1/sub_0_root_sub_0_root_sub_235_cf/U8/Q (INV3)
                                                          0.19      23.81 f
  send_ppm1/sub_0_root_sub_0_root_sub_235_cf/U2_14/CO (ADD32)
                                                          0.71      24.52 f
  send_ppm1/sub_0_root_sub_0_root_sub_235_cf/U2_15/CO (ADD32)
                                                          0.67      25.20 f
  send_ppm1/sub_0_root_sub_0_root_sub_235_cf/U2_16/CO (ADD32)
                                                          0.67      25.87 f
  send_ppm1/sub_0_root_sub_0_root_sub_235_cf/U2_17/CO (ADD32)
                                                          0.68      26.55 f
  send_ppm1/sub_0_root_sub_0_root_sub_235_cf/U23/Q (NOR21)
                                                          0.39      26.94 r
  send_ppm1/sub_0_root_sub_0_root_sub_235_cf/U22/Q (XNR21)
                                                          0.86      27.81 f
  send_ppm1/sub_0_root_sub_0_root_sub_235_cf/DIFF[19] (send_ppm_DW01_sub_0)
                                                          0.00      27.81 f
  send_ppm1/U450/Q (XNR20)                                0.82      28.62 f
  send_ppm1/U454/Q (NAND40)                               0.90      29.53 r
  send_ppm1/U462/Q (NOR40)                                1.31      30.84 f
  send_ppm1/U34/Q (INV3)                                  0.60      31.44 r
  send_ppm1/U91/Q (OAI2111)                               0.23      31.67 f
  send_ppm1/local_counter1/i_init (local_counter)         0.00      31.67 f
  send_ppm1/local_counter1/U43/Q (INV3)                   0.29      31.96 r
  send_ppm1/local_counter1/U42/Q (NAND22)                 0.14      32.10 f
  send_ppm1/local_counter1/U4/Q (BUF2)                    0.84      32.95 f
  send_ppm1/local_counter1/U24/Q (NOR21)                  0.49      33.43 r
  send_ppm1/local_counter1/o_count_reg[3]/D (DF3)         0.00      33.43 r
  data arrival time                                                 33.43

  clock HCLK (rise edge)                                 40.00      40.00
  clock network delay (ideal)                             0.00      40.00
  clock uncertainty                                      -0.50      39.50
  send_ppm1/local_counter1/o_count_reg[3]/C (DF3)         0.00      39.50 r
  library setup time                                     -0.01      39.49
  data required time                                                39.49
  --------------------------------------------------------------------------
  data required time                                                39.49
  data arrival time                                                -33.43
  --------------------------------------------------------------------------
  slack (MET)                                                        6.05


  Startpoint: send_ppm1/sig_reg_storage_reg[16]
              (rising edge-triggered flip-flop clocked by HCLK)
  Endpoint: send_ppm1/local_counter1/o_count_reg[2]
            (rising edge-triggered flip-flop clocked by HCLK)
  Path Group: HCLK
  Path Type: max

  Des/Clust/Port     Wire Load Model       Library
  ------------------------------------------------
  top_ppm            10k                   c35_CORELIB_TYP
  send_ppm           10k                   c35_CORELIB_TYP
  send_ppm_DW01_sub_0
                     10k                   c35_CORELIB_TYP
  local_counter      10k                   c35_CORELIB_TYP

  Point                                                   Incr       Path
  --------------------------------------------------------------------------
  clock HCLK (rise edge)                                  0.00       0.00
  clock network delay (ideal)                             0.00       0.00
  send_ppm1/sig_reg_storage_reg[16]/C (DFE1)              0.00       0.00 r
  send_ppm1/sig_reg_storage_reg[16]/Q (DFE1)              1.82       1.82 f
  send_ppm1/mult_120/A[0] (send_ppm_DW02_mult_2)          0.00       1.82 f
  send_ppm1/mult_120/PRODUCT[1] (send_ppm_DW02_mult_2)
                                                          0.00       1.82 f
  send_ppm1/U227/Q (NAND20)                               1.09       2.91 r
  send_ppm1/U229/Q (CLKIN0)                               0.70       3.61 f
  send_ppm1/U224/Q (NOR20)                                0.57       4.18 r
  send_ppm1/U226/Q (CLKIN0)                               0.68       4.86 f
  send_ppm1/U221/Q (NOR20)                                0.56       5.43 r
  send_ppm1/U223/Q (CLKIN0)                               0.70       6.12 f
  send_ppm1/U218/Q (NAND20)                               0.82       6.94 r
  send_ppm1/U220/Q (CLKIN0)                               0.67       7.61 f
  send_ppm1/U215/Q (NOR20)                                0.56       8.17 r
  send_ppm1/U217/Q (CLKIN0)                               0.68       8.84 f
  send_ppm1/U212/Q (NAND20)                               0.80       9.65 r
  send_ppm1/U214/Q (CLKIN0)                               0.68      10.33 f
  send_ppm1/U209/Q (NAND20)                               0.81      11.13 r
  send_ppm1/U211/Q (CLKIN0)                               0.68      11.81 f
  send_ppm1/U206/Q (NAND20)                               0.81      12.62 r
  send_ppm1/U208/Q (CLKIN0)                               0.66      13.29 f
  send_ppm1/U203/Q (NOR20)                                0.56      13.84 r
  send_ppm1/U205/Q (CLKIN0)                               0.68      14.52 f
  send_ppm1/U186/Q (NAND20)                               0.80      15.32 r
  send_ppm1/U188/Q (CLKIN0)                               0.68      16.00 f
  send_ppm1/U161/Q (NAND20)                               0.81      16.81 r
  send_ppm1/U163/Q (CLKIN0)                               0.68      17.49 f
  send_ppm1/U158/Q (NAND20)                               0.81      18.30 r
  send_ppm1/U160/Q (CLKIN0)                               0.66      18.96 f
  send_ppm1/U144/Q (XNR20)                                1.73      20.69 r
  send_ppm1/add_2_root_sub_0_root_sub_235_cf/U1_14/S (ADD32)
                                                          1.90      22.60 r
  send_ppm1/add_1_root_sub_0_root_sub_235_cf/B[14] (send_ppm_DW01_add_8)
                                                          0.00      22.60 r
  send_ppm1/add_1_root_sub_0_root_sub_235_cf/U1_14/S (ADD32)
                                                          1.03      23.63 r
  send_ppm1/add_1_root_sub_0_root_sub_235_cf/SUM[14] (send_ppm_DW01_add_8)
                                                          0.00      23.63 r
  send_ppm1/sub_0_root_sub_0_root_sub_235_cf/B[14] (send_ppm_DW01_sub_0)
                                                          0.00      23.63 r
  send_ppm1/sub_0_root_sub_0_root_sub_235_cf/U8/Q (INV3)
                                                          0.19      23.81 f
  send_ppm1/sub_0_root_sub_0_root_sub_235_cf/U2_14/CO (ADD32)
                                                          0.71      24.52 f
  send_ppm1/sub_0_root_sub_0_root_sub_235_cf/U2_15/CO (ADD32)
                                                          0.67      25.20 f
  send_ppm1/sub_0_root_sub_0_root_sub_235_cf/U2_16/CO (ADD32)
                                                          0.67      25.87 f
  send_ppm1/sub_0_root_sub_0_root_sub_235_cf/U2_17/CO (ADD32)
                                                          0.68      26.55 f
  send_ppm1/sub_0_root_sub_0_root_sub_235_cf/U23/Q (NOR21)
                                                          0.39      26.94 r
  send_ppm1/sub_0_root_sub_0_root_sub_235_cf/U22/Q (XNR21)
                                                          0.86      27.81 f
  send_ppm1/sub_0_root_sub_0_root_sub_235_cf/DIFF[19] (send_ppm_DW01_sub_0)
                                                          0.00      27.81 f
  send_ppm1/U450/Q (XNR20)                                0.82      28.62 f
  send_ppm1/U454/Q (NAND40)                               0.90      29.53 r
  send_ppm1/U462/Q (NOR40)                                1.31      30.84 f
  send_ppm1/U34/Q (INV3)                                  0.60      31.44 r
  send_ppm1/U91/Q (OAI2111)                               0.23      31.67 f
  send_ppm1/local_counter1/i_init (local_counter)         0.00      31.67 f
  send_ppm1/local_counter1/U43/Q (INV3)                   0.29      31.96 r
  send_ppm1/local_counter1/U42/Q (NAND22)                 0.14      32.10 f
  send_ppm1/local_counter1/U4/Q (BUF2)                    0.84      32.95 f
  send_ppm1/local_counter1/U26/Q (NOR21)                  0.49      33.43 r
  send_ppm1/local_counter1/o_count_reg[2]/D (DF3)         0.00      33.43 r
  data arrival time                                                 33.43

  clock HCLK (rise edge)                                 40.00      40.00
  clock network delay (ideal)                             0.00      40.00
  clock uncertainty                                      -0.50      39.50
  send_ppm1/local_counter1/o_count_reg[2]/C (DF3)         0.00      39.50 r
  library setup time                                     -0.01      39.49
  data required time                                                39.49
  --------------------------------------------------------------------------
  data required time                                                39.49
  data arrival time                                                -33.43
  --------------------------------------------------------------------------
  slack (MET)                                                        6.05


  Startpoint: send_ppm1/sig_reg_storage_reg[16]
              (rising edge-triggered flip-flop clocked by HCLK)
  Endpoint: send_ppm1/local_counter1/o_count_reg[1]
            (rising edge-triggered flip-flop clocked by HCLK)
  Path Group: HCLK
  Path Type: max

  Des/Clust/Port     Wire Load Model       Library
  ------------------------------------------------
  top_ppm            10k                   c35_CORELIB_TYP
  send_ppm           10k                   c35_CORELIB_TYP
  send_ppm_DW01_sub_0
                     10k                   c35_CORELIB_TYP
  local_counter      10k                   c35_CORELIB_TYP

  Point                                                   Incr       Path
  --------------------------------------------------------------------------
  clock HCLK (rise edge)                                  0.00       0.00
  clock network delay (ideal)                             0.00       0.00
  send_ppm1/sig_reg_storage_reg[16]/C (DFE1)              0.00       0.00 r
  send_ppm1/sig_reg_storage_reg[16]/Q (DFE1)              1.82       1.82 f
  send_ppm1/mult_120/A[0] (send_ppm_DW02_mult_2)          0.00       1.82 f
  send_ppm1/mult_120/PRODUCT[1] (send_ppm_DW02_mult_2)
                                                          0.00       1.82 f
  send_ppm1/U227/Q (NAND20)                               1.09       2.91 r
  send_ppm1/U229/Q (CLKIN0)                               0.70       3.61 f
  send_ppm1/U224/Q (NOR20)                                0.57       4.18 r
  send_ppm1/U226/Q (CLKIN0)                               0.68       4.86 f
  send_ppm1/U221/Q (NOR20)                                0.56       5.43 r
  send_ppm1/U223/Q (CLKIN0)                               0.70       6.12 f
  send_ppm1/U218/Q (NAND20)                               0.82       6.94 r
  send_ppm1/U220/Q (CLKIN0)                               0.67       7.61 f
  send_ppm1/U215/Q (NOR20)                                0.56       8.17 r
  send_ppm1/U217/Q (CLKIN0)                               0.68       8.84 f
  send_ppm1/U212/Q (NAND20)                               0.80       9.65 r
  send_ppm1/U214/Q (CLKIN0)                               0.68      10.33 f
  send_ppm1/U209/Q (NAND20)                               0.81      11.13 r
  send_ppm1/U211/Q (CLKIN0)                               0.68      11.81 f
  send_ppm1/U206/Q (NAND20)                               0.81      12.62 r
  send_ppm1/U208/Q (CLKIN0)                               0.66      13.29 f
  send_ppm1/U203/Q (NOR20)                                0.56      13.84 r
  send_ppm1/U205/Q (CLKIN0)                               0.68      14.52 f
  send_ppm1/U186/Q (NAND20)                               0.80      15.32 r
  send_ppm1/U188/Q (CLKIN0)                               0.68      16.00 f
  send_ppm1/U161/Q (NAND20)                               0.81      16.81 r
  send_ppm1/U163/Q (CLKIN0)                               0.68      17.49 f
  send_ppm1/U158/Q (NAND20)                               0.81      18.30 r
  send_ppm1/U160/Q (CLKIN0)                               0.66      18.96 f
  send_ppm1/U144/Q (XNR20)                                1.73      20.69 r
  send_ppm1/add_2_root_sub_0_root_sub_235_cf/U1_14/S (ADD32)
                                                          1.90      22.60 r
  send_ppm1/add_1_root_sub_0_root_sub_235_cf/B[14] (send_ppm_DW01_add_8)
                                                          0.00      22.60 r
  send_ppm1/add_1_root_sub_0_root_sub_235_cf/U1_14/S (ADD32)
                                                          1.03      23.63 r
  send_ppm1/add_1_root_sub_0_root_sub_235_cf/SUM[14] (send_ppm_DW01_add_8)
                                                          0.00      23.63 r
  send_ppm1/sub_0_root_sub_0_root_sub_235_cf/B[14] (send_ppm_DW01_sub_0)
                                                          0.00      23.63 r
  send_ppm1/sub_0_root_sub_0_root_sub_235_cf/U8/Q (INV3)
                                                          0.19      23.81 f
  send_ppm1/sub_0_root_sub_0_root_sub_235_cf/U2_14/CO (ADD32)
                                                          0.71      24.52 f
  send_ppm1/sub_0_root_sub_0_root_sub_235_cf/U2_15/CO (ADD32)
                                                          0.67      25.20 f
  send_ppm1/sub_0_root_sub_0_root_sub_235_cf/U2_16/CO (ADD32)
                                                          0.67      25.87 f
  send_ppm1/sub_0_root_sub_0_root_sub_235_cf/U2_17/CO (ADD32)
                                                          0.68      26.55 f
  send_ppm1/sub_0_root_sub_0_root_sub_235_cf/U23/Q (NOR21)
                                                          0.39      26.94 r
  send_ppm1/sub_0_root_sub_0_root_sub_235_cf/U22/Q (XNR21)
                                                          0.86      27.81 f
  send_ppm1/sub_0_root_sub_0_root_sub_235_cf/DIFF[19] (send_ppm_DW01_sub_0)
                                                          0.00      27.81 f
  send_ppm1/U450/Q (XNR20)                                0.82      28.62 f
  send_ppm1/U454/Q (NAND40)                               0.90      29.53 r
  send_ppm1/U462/Q (NOR40)                                1.31      30.84 f
  send_ppm1/U34/Q (INV3)                                  0.60      31.44 r
  send_ppm1/U91/Q (OAI2111)                               0.23      31.67 f
  send_ppm1/local_counter1/i_init (local_counter)         0.00      31.67 f
  send_ppm1/local_counter1/U43/Q (INV3)                   0.29      31.96 r
  send_ppm1/local_counter1/U42/Q (NAND22)                 0.14      32.10 f
  send_ppm1/local_counter1/U4/Q (BUF2)                    0.84      32.95 f
  send_ppm1/local_counter1/U28/Q (NOR21)                  0.49      33.43 r
  send_ppm1/local_counter1/o_count_reg[1]/D (DF3)         0.00      33.43 r
  data arrival time                                                 33.43

  clock HCLK (rise edge)                                 40.00      40.00
  clock network delay (ideal)                             0.00      40.00
  clock uncertainty                                      -0.50      39.50
  send_ppm1/local_counter1/o_count_reg[1]/C (DF3)         0.00      39.50 r
  library setup time                                     -0.01      39.49
  data required time                                                39.49
  --------------------------------------------------------------------------
  data required time                                                39.49
  data arrival time                                                -33.43
  --------------------------------------------------------------------------
  slack (MET)                                                        6.05


  Startpoint: send_ppm1/sig_reg_storage_reg[16]
              (rising edge-triggered flip-flop clocked by HCLK)
  Endpoint: send_ppm1/local_counter1/o_count_reg[0]
            (rising edge-triggered flip-flop clocked by HCLK)
  Path Group: HCLK
  Path Type: max

  Des/Clust/Port     Wire Load Model       Library
  ------------------------------------------------
  top_ppm            10k                   c35_CORELIB_TYP
  send_ppm           10k                   c35_CORELIB_TYP
  send_ppm_DW01_sub_0
                     10k                   c35_CORELIB_TYP
  local_counter      10k                   c35_CORELIB_TYP

  Point                                                   Incr       Path
  --------------------------------------------------------------------------
  clock HCLK (rise edge)                                  0.00       0.00
  clock network delay (ideal)                             0.00       0.00
  send_ppm1/sig_reg_storage_reg[16]/C (DFE1)              0.00       0.00 r
  send_ppm1/sig_reg_storage_reg[16]/Q (DFE1)              1.82       1.82 f
  send_ppm1/mult_120/A[0] (send_ppm_DW02_mult_2)          0.00       1.82 f
  send_ppm1/mult_120/PRODUCT[1] (send_ppm_DW02_mult_2)
                                                          0.00       1.82 f
  send_ppm1/U227/Q (NAND20)                               1.09       2.91 r
  send_ppm1/U229/Q (CLKIN0)                               0.70       3.61 f
  send_ppm1/U224/Q (NOR20)                                0.57       4.18 r
  send_ppm1/U226/Q (CLKIN0)                               0.68       4.86 f
  send_ppm1/U221/Q (NOR20)                                0.56       5.43 r
  send_ppm1/U223/Q (CLKIN0)                               0.70       6.12 f
  send_ppm1/U218/Q (NAND20)                               0.82       6.94 r
  send_ppm1/U220/Q (CLKIN0)                               0.67       7.61 f
  send_ppm1/U215/Q (NOR20)                                0.56       8.17 r
  send_ppm1/U217/Q (CLKIN0)                               0.68       8.84 f
  send_ppm1/U212/Q (NAND20)                               0.80       9.65 r
  send_ppm1/U214/Q (CLKIN0)                               0.68      10.33 f
  send_ppm1/U209/Q (NAND20)                               0.81      11.13 r
  send_ppm1/U211/Q (CLKIN0)                               0.68      11.81 f
  send_ppm1/U206/Q (NAND20)                               0.81      12.62 r
  send_ppm1/U208/Q (CLKIN0)                               0.66      13.29 f
  send_ppm1/U203/Q (NOR20)                                0.56      13.84 r
  send_ppm1/U205/Q (CLKIN0)                               0.68      14.52 f
  send_ppm1/U186/Q (NAND20)                               0.80      15.32 r
  send_ppm1/U188/Q (CLKIN0)                               0.68      16.00 f
  send_ppm1/U161/Q (NAND20)                               0.81      16.81 r
  send_ppm1/U163/Q (CLKIN0)                               0.68      17.49 f
  send_ppm1/U158/Q (NAND20)                               0.81      18.30 r
  send_ppm1/U160/Q (CLKIN0)                               0.66      18.96 f
  send_ppm1/U144/Q (XNR20)                                1.73      20.69 r
  send_ppm1/add_2_root_sub_0_root_sub_235_cf/U1_14/S (ADD32)
                                                          1.90      22.60 r
  send_ppm1/add_1_root_sub_0_root_sub_235_cf/B[14] (send_ppm_DW01_add_8)
                                                          0.00      22.60 r
  send_ppm1/add_1_root_sub_0_root_sub_235_cf/U1_14/S (ADD32)
                                                          1.03      23.63 r
  send_ppm1/add_1_root_sub_0_root_sub_235_cf/SUM[14] (send_ppm_DW01_add_8)
                                                          0.00      23.63 r
  send_ppm1/sub_0_root_sub_0_root_sub_235_cf/B[14] (send_ppm_DW01_sub_0)
                                                          0.00      23.63 r
  send_ppm1/sub_0_root_sub_0_root_sub_235_cf/U8/Q (INV3)
                                                          0.19      23.81 f
  send_ppm1/sub_0_root_sub_0_root_sub_235_cf/U2_14/CO (ADD32)
                                                          0.71      24.52 f
  send_ppm1/sub_0_root_sub_0_root_sub_235_cf/U2_15/CO (ADD32)
                                                          0.67      25.20 f
  send_ppm1/sub_0_root_sub_0_root_sub_235_cf/U2_16/CO (ADD32)
                                                          0.67      25.87 f
  send_ppm1/sub_0_root_sub_0_root_sub_235_cf/U2_17/CO (ADD32)
                                                          0.68      26.55 f
  send_ppm1/sub_0_root_sub_0_root_sub_235_cf/U23/Q (NOR21)
                                                          0.39      26.94 r
  send_ppm1/sub_0_root_sub_0_root_sub_235_cf/U22/Q (XNR21)
                                                          0.86      27.81 f
  send_ppm1/sub_0_root_sub_0_root_sub_235_cf/DIFF[19] (send_ppm_DW01_sub_0)
                                                          0.00      27.81 f
  send_ppm1/U450/Q (XNR20)                                0.82      28.62 f
  send_ppm1/U454/Q (NAND40)                               0.90      29.53 r
  send_ppm1/U462/Q (NOR40)                                1.31      30.84 f
  send_ppm1/U34/Q (INV3)                                  0.60      31.44 r
  send_ppm1/U91/Q (OAI2111)                               0.23      31.67 f
  send_ppm1/local_counter1/i_init (local_counter)         0.00      31.67 f
  send_ppm1/local_counter1/U43/Q (INV3)                   0.29      31.96 r
  send_ppm1/local_counter1/U42/Q (NAND22)                 0.14      32.10 f
  send_ppm1/local_counter1/U4/Q (BUF2)                    0.84      32.95 f
  send_ppm1/local_counter1/U46/Q (NOR21)                  0.49      33.43 r
  send_ppm1/local_counter1/o_count_reg[0]/D (DF3)         0.00      33.43 r
  data arrival time                                                 33.43

  clock HCLK (rise edge)                                 40.00      40.00
  clock network delay (ideal)                             0.00      40.00
  clock uncertainty                                      -0.50      39.50
  send_ppm1/local_counter1/o_count_reg[0]/C (DF3)         0.00      39.50 r
  library setup time                                     -0.01      39.49
  data required time                                                39.49
  --------------------------------------------------------------------------
  data required time                                                39.49
  data arrival time                                                -33.43
  --------------------------------------------------------------------------
  slack (MET)                                                        6.05


1
