Loading db file '/softslin/AMS_410_CDS/synopsys/c35_3.3V/c35_CORELIB_TYP.db'
Information: Propagating switching activity (low effort zero delay simulation). (PWR-6)
Warning: Design has unannotated primary inputs. (PWR-414)
Warning: Design has unannotated sequential cell outputs. (PWR-415)
 
****************************************
Report : power
        -analysis_effort low
Design : top_ppm
Version: J-2014.09-SP2
Date   : Thu Jan 18 12:30:06 2018
****************************************


Library(s) Used:

    c35_CORELIB_TYP (File: /softslin/AMS_410_CDS/synopsys/c35_3.3V/c35_CORELIB_TYP.db)


Operating Conditions: WORST   Library: c35_CORELIB_TYP
Wire Load Model Mode: enclosed

Design        Wire Load Model            Library
------------------------------------------------
top_ppm                10k               c35_CORELIB_TYP
decoder                10k               c35_CORELIB_TYP
send_ppm               10k               c35_CORELIB_TYP
local_counter          10k               c35_CORELIB_TYP
local_counter_DW01_inc_0
                       10k               c35_CORELIB_TYP
send_ppm_DW02_mult_0   10k               c35_CORELIB_TYP
send_ppm_DW02_mult_1   10k               c35_CORELIB_TYP
send_ppm_DW02_mult_2   10k               c35_CORELIB_TYP
send_ppm_DW02_mult_3   10k               c35_CORELIB_TYP
send_ppm_DW01_sub_0    10k               c35_CORELIB_TYP
send_ppm_DW01_add_8    10k               c35_CORELIB_TYP


Global Operating Voltage = 3    
Power-specific unit information :
    Voltage Units = 1V
    Capacitance Units = 1.000000pf
    Time Units = 1ns
    Dynamic Power Units = 1mW    (derived from V,C,T units)
    Leakage Power Units = 1pW


  Cell Internal Power  = 847.9645 uW   (81%)
  Net Switching Power  = 192.5420 uW   (19%)
                         ---------
Total Dynamic Power    =   1.0405 mW  (100%)

Cell Leakage Power     = 706.5372 pW


                 Internal         Switching           Leakage            Total
Power Group      Power            Power               Power              Power   (   %    )  Attrs
--------------------------------------------------------------------------------------------------
io_pad             0.0000            0.0000            0.0000            0.0000  (   0.00%)
memory             0.0000            0.0000            0.0000            0.0000  (   0.00%)
black_box          0.0000            0.0000            0.0000            0.0000  (   0.00%)
clock_network      0.0000            0.0000            0.0000            0.0000  (   0.00%)
register           0.6377        4.7203e-02          223.5082            0.6849  (  65.82%)
sequential         0.0000            0.0000            0.0000            0.0000  (   0.00%)
combinational      0.2103            0.1453          483.0290            0.3556  (  34.18%)
--------------------------------------------------------------------------------------------------
Total              0.8480 mW         0.1925 mW       706.5372 pW         1.0405 mW
1
