
Model Technology ModelSim SE-64 vmap 10.5c Lib Mapping Utility 2016.07 Jul 20 2016
vmap LIB_VHD /tp/xph3app/xph3app602/projet_drone/SYNTH_DC/libs/LIB_VHD 
Modifying /tp/xph3app/xph3app602/projet_drone/CONFIG/modelsim.ini
Model Technology ModelSim SE-64 vcom 10.5c Compiler 2016.07 Jul 20 2016
Start time: 12:35:12 on Jan 18,2018
vcom "+acc" -work LIB_VHD /tp/xph3app/xph3app602/projet_drone/SYNTH_DC/netlist/constants.vhd 
-- Loading package STANDARD
-- Loading package TEXTIO
-- Loading package std_logic_1164
-- Loading package NUMERIC_STD
-- Compiling package constants_package
End time: 12:35:13 on Jan 18,2018, Elapsed time: 0:00:01
Errors: 0, Warnings: 0
Model Technology ModelSim SE-64 vcom 10.5c Compiler 2016.07 Jul 20 2016
Start time: 12:35:13 on Jan 18,2018
vcom "+acc" -work LIB_VHD /tp/xph3app/xph3app602/projet_drone/SYNTH_DC/netlist/top_ppm.vhd 
-- Loading package STANDARD
-- Loading package TEXTIO
-- Loading package std_logic_1164
-- Compiling package CONV_PACK_top_ppm
-- Loading package CONV_PACK_top_ppm
-- Compiling entity top_ppm
-- Compiling architecture SYN_rtl of top_ppm
End time: 12:35:13 on Jan 18,2018, Elapsed time: 0:00:00
Errors: 0, Warnings: 0
Model Technology ModelSim SE-64 vmap 10.5c Lib Mapping Utility 2016.07 Jul 20 2016
vmap LIB_VHD_BENCH /tp/xph3app/xph3app602/projet_drone/SYNTH_DC/libs/LIB_VHD_BENCH 
Modifying /tp/xph3app/xph3app602/projet_drone/CONFIG/modelsim.ini
Model Technology ModelSim SE-64 vcom 10.5c Compiler 2016.07 Jul 20 2016
Start time: 12:35:13 on Jan 18,2018
vcom "+acc" -work LIB_VHD_BENCH /tp/xph3app/xph3app602/projet_drone/SYNTH_DC/bench/bench_top_ppm.vhd 
-- Loading package STANDARD
-- Loading package TEXTIO
-- Loading package std_logic_1164
-- Loading package NUMERIC_STD
-- Loading package constants_package
-- Compiling entity bench_top_ppm
-- Compiling architecture tb_top_ppm of bench_top_ppm
End time: 12:35:13 on Jan 18,2018, Elapsed time: 0:00:00
Errors: 0, Warnings: 0

Total Errors :	0
Total Warnings :	0
