Loading db file '/softslin/AMS_410_CDS/synopsys/c35_3.3V/c35_CORELIB_TYP.db'
Information: Propagating switching activity (low effort zero delay simulation). (PWR-6)
Warning: Design has unannotated primary inputs. (PWR-414)
Warning: Design has unannotated sequential cell outputs. (PWR-415)
 
****************************************
Report : power
        -analysis_effort low
Design : send_ppm
Version: J-2014.09-SP2
Date   : Tue Jan 16 15:57:45 2018
****************************************


Library(s) Used:

    c35_CORELIB_TYP (File: /softslin/AMS_410_CDS/synopsys/c35_3.3V/c35_CORELIB_TYP.db)


Operating Conditions: WORST   Library: c35_CORELIB_TYP
Wire Load Model Mode: enclosed

Design        Wire Load Model            Library
------------------------------------------------
send_ppm               10k               c35_CORELIB_TYP
local_counter          10k               c35_CORELIB_TYP
local_counter_DW01_inc_0
                       10k               c35_CORELIB_TYP
send_ppm_DW02_mult_0   10k               c35_CORELIB_TYP
send_ppm_DW02_mult_1   10k               c35_CORELIB_TYP
send_ppm_DW02_mult_2   10k               c35_CORELIB_TYP
send_ppm_DW02_mult_3   10k               c35_CORELIB_TYP
send_ppm_DW01_sub_0    10k               c35_CORELIB_TYP
send_ppm_DW01_add_8    10k               c35_CORELIB_TYP


Global Operating Voltage = 3    
Power-specific unit information :
    Voltage Units = 1V
    Capacitance Units = 1.000000pf
    Time Units = 1ns
    Dynamic Power Units = 1mW    (derived from V,C,T units)
    Leakage Power Units = 1pW


  Cell Internal Power  = 798.4788 uW   (92%)
  Net Switching Power  =  70.0540 uW    (8%)
                         ---------
Total Dynamic Power    = 868.5327 uW  (100%)

Cell Leakage Power     = 734.3805 pW


                 Internal         Switching           Leakage            Total
Power Group      Power            Power               Power              Power   (   %    )  Attrs
--------------------------------------------------------------------------------------------------
io_pad             0.0000            0.0000            0.0000            0.0000  (   0.00%)
memory             0.0000            0.0000            0.0000            0.0000  (   0.00%)
black_box          0.0000            0.0000            0.0000            0.0000  (   0.00%)
clock_network      0.0000            0.0000            0.0000            0.0000  (   0.00%)
register           0.7395        1.9163e-02          223.1833            0.7586  (  87.35%)
sequential         0.0000            0.0000            0.0000            0.0000  (   0.00%)
combinational  5.8996e-02        5.0891e-02          511.1973            0.1099  (  12.65%)
--------------------------------------------------------------------------------------------------
Total              0.7985 mW     7.0054e-02 mW       734.3805 pW         0.8685 mW
1
