################################################################################
#
# This file has been generated by SpyGlass:
#     Report Created by: xph3app602
#     Report Created on: Fri Jan 19 21:53:28 2018
#     Working Directory: /tp/xph3app/xph3app602/projet_drone/SPYGLASS/script
#     Report Location  : ./spyglass-1/Design_Read/spyglass_reports/SpyGlass/elab_summary.rpt
#     SpyGlass Version : 5.6.0
#     Policy Name      : SpyGlass(5.6.0)
#     Comment          : This report contains RTL and Elaborated names along with parameter values
#
################################################################################

================================================================================
Elaborated Name: 'decoder'
    (RTL Design Unit name: 'decoder', ../../VHD/decoder.vhd:11)
     Parameters (Total: 0)
     Instances (Total: 1): top_ppm.decoder1 

================================================================================

Elaborated Name: 'send_ppm'
    (RTL Design Unit name: 'send_ppm', ../../VHD/send_ppm.vhd:12)
     Parameters (Total: 0)
     Instances (Total: 1): top_ppm.send_ppm1 

================================================================================

Elaborated Name: 'local_counter'
    (RTL Design Unit name: 'local_counter', ../../VHD/local_counter.vhd:9)
     Parameters (Total: 0)
     Instances (Total: 1): top_ppm.send_ppm1.local_counter1 

================================================================================

Elaborated Name: 'top_ppm'
    (RTL Design Unit name: 'top_ppm', ../../VHD/top_ppm.vhd:10)
     Parameters (Total: 0)
================================================================================
