SpyGlass run started at 11:30:12 AM on Jan 22 2018 

SpyGlass Predictive Analyzer(R) - Version 5.6.0
Last compiled on Dec 15 2015

All Rights Reserved. Use, disclosure or duplication
without prior written permission of Synopsys Inc. is prohibited.
Technical support: email spyglass_support@synopsys.com.


Running SpyGlass 64-bit Executable: /softl3/spyglass5_6_0/SpyGlass-5.6.0/SPYGLASS_HOME/obj/check.Linux4

RULE-CHECKING IN MIXED MODE
Loading Policy: spyglass (Version: 5.6.0) from path: /softl3/spyglass5_6_0/SpyGlass-5.6.0/SPYGLASS_HOME/policies/spyglass
Loading Shared library libspyglassrules-Linux4.spyso from /softl3/spyglass5_6_0/SpyGlass-5.6.0/SPYGLASS_HOME/lib/libspyglassrules-Linux4.spyso 
Loading Shared library libsdcInitRules-Linux4.spyso from /softl3/spyglass5_6_0/SpyGlass-5.6.0/SPYGLASS_HOME/lib/libsdcInitRules-Linux4.spyso 
Loading Shared library librmerules-Linux4.spyso from /softl3/spyglass5_6_0/SpyGlass-5.6.0/SPYGLASS_HOME/lib/librmerules-Linux4.spyso 
##build_id : 5.6.0
##system   : Linux cimepc66 3.2.0-4-amd64 #1 SMP Debian 3.2.68-1+deb7u2 x86_64
##cwd      : /tp/xph3app/xph3app602/projet_drone/SPYGLASS/script
##lang     : Verilog+VHDL
##args     : -mSpyGlass::Compatibility::v2_7_3 \
             -mSpyGlass::Compatibility::v2_7_3 \
             -mSpyGlass::Compatibility::v2_7_3 \
             -I '/softslin/spyglass5_6_0/SpyGlass-5.6.0/SPYGLASS_PHYSICAL_HOME/common/sgphysical/policies/physical' \
             -nl \
             -wdir './spyglass-1/Design_Read' \
             -lib LIB_VHD ./../libs/LIB_VHD \
             -lib LIB_VHD ./../libs/LIB_VHD \
             -lib WORK ./spyglass-1/WORK \
             -dbdir './spyglass-1/.SG_SaveRestoreDB' \
             -mixed \
             -batch \
             -policy='none' \
             --goal_info 'Design_Read@' \
             -projectwdir './spyglass-1' \
             -hdllibdu \
             -templatedir '/softl3/spyglass5_6_0/SpyGlass-5.6.0/SPYGLASS_HOME/auxi/policy_data/spyglass/design_read' \
             --template_info 'Design_Read' \
             -enable_save_restore \
             -enable_save_restore_builtin 'true' \
             -64bit  \
             ../../VHD/constants.vhd \
             ../../VHD/local_counter.vhd \
             ../../VHD/send_ppm.vhd \
             ../../VHD/decoder.vhd
\
             -libhdlfiles LIB_VHD '/tp/xph3app/xph3app602/projet_drone/VHD/constants.vhd /tp/xph3app/xph3app602/projet_drone/VHD/local_counter.vhd /tp/xph3app/xph3app602/projet_drone/VHD/send_ppm.vhd /tp/xph3app/xph3app602/projet_drone/VHD/decoder.vhd'
##verbosity level   : 2
##exact cmdline arg : -batch -project spyglass-1.prj -designread  -64bit
##spyglass_run.csh begins :
;	cd /tp/xph3app/xph3app602/projet_drone/SPYGLASS/script
;	setenv ATRENTA_LICENSE_FILE 1721@cimekey1
;	setenv SPYGLASS_LD_PRELOAD /softl3/spyglass5_6_0/SpyGlass-5.6.0/SPYGLASS_HOME/lib/libsgjemalloc-Linux4.so
;	setenv SPYGLASS_DW_PATH /softl3/spyglass5_6_0/SpyGlass-5.6.0/SPYGLASS_HOME/dw_support
;	/softl3/spyglass5_6_0/SpyGlass-5.6.0/SPYGLASS_HOME/bin/spyglass  -batch -project spyglass-1.prj -designread  -64bit
##spyglass_run.csh ends
##files    : ../../VHD/constants.vhd \
             ../../VHD/local_counter.vhd \
             ../../VHD/send_ppm.vhd \
             ../../VHD/decoder.vhd


INFO [76]    Using `./spyglass-1/WORK/64' as the Work Directory for 64bit precompiled dump.
Checking Rule ZeroSizeFile (Rule 1 of total 112) .... done (Time = 0.00s, Memory = 0.0K)
Checking Rule PrecompileLibCheck01 (Rule 2 of total 112) .... done (Time = 0.00s, Memory = 0.0K)
Checking Rule PrecompileLibCheck02 (Rule 3 of total 112) .... done (Time = 0.00s, Memory = 0.0K)
Checking Rule PrecompileLibCheck03 (Rule 4 of total 112) .... done (Time = 0.01s, Memory = -14.0K)
Checking Rule PrecompileLibCheck04 (Rule 5 of total 112) .... done (Time = 0.00s, Memory = 0.0K)
Checking Rule ElabSummary (Rule 6 of total 112)##FILEDEBUG[sgOpenFile]: Opening File './spyglass-1/Design_Read/spyglass_reports/SpyGlass/elab_summary.rpt' in "w" mode ...
 .... done (Time = 0.00s, Memory = 0.0K)
Checking Rule SGDC_assume_path01 (Rule 7 of total 112) .... done (Time = 0.00s, Memory = -5.5K)
Checking Rule SGDC_sdcschema02 (Rule 8 of total 112) .... done (Time = 0.00s, Memory = -6.7K)
Checking Rule SGDC_clock05 (Rule 9 of total 112) .... done (Time = 0.00s, Memory = 0.0K)
Checking Rule SGDC_clock09 (Rule 10 of total 112) .... done (Time = 0.00s, Memory = 0.0K)
Checking Rule SGDC_force_ta05 (Rule 11 of total 112) .... done (Time = 0.00s, Memory = -8.0K)
Checking Rule SGDC_require_path03 (Rule 12 of total 112) .... done (Time = 0.00s, Memory = 0.0K)
Checking Rule SGDC_require_value03 (Rule 13 of total 112) .... done (Time = 0.00s, Memory = -32.0K)
Checking Rule SGDC_voltagedomain05 (Rule 14 of total 112) .... done (Time = 0.00s, Memory = 0.6K)
Checking Rule SGDC_voltagedomain06 (Rule 15 of total 112) .... done (Time = 0.00s, Memory = 8.0K)
Checking Rule SGDC_voltagedomain07 (Rule 16 of total 112) .... done (Time = 0.00s, Memory = 15.0K)
Checking Rule SGDC_powerdomainoutputs02 (Rule 17 of total 112) .... done (Time = 0.00s, Memory = 0.0K)
Checking Rule SGDC_supply01 (Rule 18 of total 112) .... done (Time = 0.00s, Memory = 16.0K)
Checking Rule SGDC_waive01 (Rule 19 of total 112) .... done (Time = 0.00s, Memory = 0.0K)
Checking Rule SGDC_waive02 (Rule 20 of total 112) .... done (Time = 0.00s, Memory = 0.0K)
Checking Rule SGDC_waive03 (Rule 21 of total 112) .... done (Time = 0.00s, Memory = 0.0K)
Checking Rule SGDC_waive04 (Rule 22 of total 112) .... done (Time = 0.00s, Memory = 0.0K)
Checking Rule SGDC_waive05 (Rule 23 of total 112) .... done (Time = 0.00s, Memory = 0.0K)
Checking Rule SGDC_waive06 (Rule 24 of total 112) .... done (Time = 0.00s, Memory = 0.0K)
Checking Rule SGDC_waive07 (Rule 25 of total 112) .... done (Time = 0.00s, Memory = 0.0K)
Checking Rule SGDC_waive08 (Rule 26 of total 112) .... done (Time = 0.00s, Memory = 0.0K)
Checking Rule SGDC_waive09 (Rule 27 of total 112) .... done (Time = 0.00s, Memory = 0.0K)
Checking Rule SGDC_waive10 (Rule 28 of total 112) .... done (Time = 0.00s, Memory = 0.0K)
Checking Rule SGDC_waive11 (Rule 29 of total 112) .... done (Time = 0.00s, Memory = 0.0K)
Checking Rule SGDC_waive12 (Rule 30 of total 112) .... done (Time = 0.00s, Memory = 0.0K)
Checking Rule SGDC_waive13 (Rule 31 of total 112) .... done (Time = 0.00s, Memory = 0.0K)
Checking Rule SGDC_waive21 (Rule 32 of total 112) .... done (Time = 0.00s, Memory = 2.1K)
Checking Rule SGDC_waive22 (Rule 33 of total 112) .... done (Time = 0.00s, Memory = 0.0K)
Checking Rule SGDC_waive30 (Rule 34 of total 112) .... done (Time = 0.00s, Memory = 0.6K)
Checking Rule SGDC_waive32 (Rule 35 of total 112) .... done (Time = 0.00s, Memory = 0.6K)
Checking Rule SGDC_waive33 (Rule 36 of total 112) .... done (Time = 0.00s, Memory = -2.5K)
Checking Rule SGDC_waive36 (Rule 37 of total 112) .... done (Time = 0.00s, Memory = 0.0K)
Checking Rule SGDC_waive38 (Rule 38 of total 112) .... done (Time = 0.00s, Memory = -0.2K)
Checking Rule SGDC_fifo01 (Rule 39 of total 112) .... done (Time = 0.00s, Memory = 125.9K)
Checking Rule SGDC_libgroup01 (Rule 40 of total 112) .... done (Time = 0.00s, Memory = 0.0K)
Checking Rule SGDC_libgroup02 (Rule 41 of total 112) .... done (Time = 0.00s, Memory = 0.0K)
Checking Rule SGDC_libgroup04 (Rule 42 of total 112) .... done (Time = 0.00s, Memory = 0.0K)
Checking Rule SGDC_power_data01 (Rule 43 of total 112) .... done (Time = 0.00s, Memory = 3.2K)
Checking Rule SGDC_ungroup01 (Rule 44 of total 112) .... done (Time = 0.00s, Memory = 0.0K)
Checking Rule SGDC_abstract_port06 (Rule 45 of total 112) .... done (Time = 0.00s, Memory = 15.0K)
Checking Rule SGDC_abstract_port14 (Rule 46 of total 112) .... done (Time = 0.00s, Memory = 1.6K)
Checking Rule SGDC_abstract_port15 (Rule 47 of total 112) .... done (Time = 0.00s, Memory = 0.0K)
Checking Rule SGDC_abstract_port18 (Rule 48 of total 112) .... done (Time = 0.00s, Memory = 0.0K)
Checking Rule sdc_init_rule (Rule 49 of total 112) .... done (Time = 0.00s, Memory = 0.6K)
Checking Rule CMD_ignorelibs01 (Rule 50 of total 112) .... done (Time = 0.00s, Memory = 0.0K)
Checking Rule ReportRuleNotRun (Rule 51 of total 112) .... done (Time = 0.00s, Memory = -27.0K)
 Reading waiver file "./spyglass-1/Design_Read/spyglass_spysch/waiver/pragma2Waiver.swl" ...
 Reading included SGDC file "./spyglass-1/Design_Read/spyglass_spysch/waiver/pragma2Waiver_varfile.swl" ....
Checking Rule ReportStopSummary (Rule 52 of total 112) .... done (Time = 0.00s, Memory = 0.0K)
Checking Rule ReportIgnoreSummary (Rule 53 of total 112) .... done (Time = 0.00s, Memory = 0.0K)
##SGDEBUG [BENCHMARK_ABSOLUTE]: Restoring NOM started: 2 sec, 525822 KB, 2125600 KB
##SGDEBUG [BENCHMARK_INCR]: Restoring NOM started: 2 sec, 525822 KB, 2125600 KB

INFO [235]    Restoring design database from directory './spyglass-1/.SG_SaveRestoreDB/autogenerated__default_snapshot' ...
              done

##SGDEBUG [BENCHMARK_ABSOLUTE]: Restoring NOM completed: 2 sec, 562884 KB, 2162464 KB
##SGDEBUG [BENCHMARK_INCR]: Restoring NOM completed: 0 sec, 37062 KB, 36864 KB
     (Memory Used = 37062.6K(incr), 562884.7K(tot), Cpu Time = 0.03s(incr))
Checking Rule InferBlackBox (Rule 54 of total 112) .... done (Time = 0.00s, Memory = 1.0K)
##SGDEBUG [BENCHMARK_DATA]: Number of NOM Modules = 3
##SGDEBUG [BENCHMARK_DATA]: Number of NOM Instances = 528
##SGDEBUG [BENCHMARK_DATA]: Number of NOM Nets = 1191
##SGDEBUG [BENCHMARK_DATA]: Number of NOM Terminals = 3261
##SGDEBUG [BENCHMARK_DATA]: Number of NOM Instances per Module (max and avg) = 285, 176
##SGDEBUG [BENCHMARK_ABSOLUTE]: Restoring SDE Data started: 2 sec, 567075 KB, 2166048 KB
##SGDEBUG [BENCHMARK_INCR]: Restoring SDE Data started: 0 sec, 4191 KB, 3584 KB
##SGDEBUG [BENCHMARK_ABSOLUTE]: Restoring SDE Data completed: 2 sec, 567083 KB, 2166048 KB
##SGDEBUG [BENCHMARK_INCR]: Restoring SDE Data completed: 0 sec, 8 KB, 0 KB
     (Memory Used = 7.9K(incr), 567083.1K(tot), Cpu Time = 0.00s(incr))
Checking Rule SGDC_waive37 (Rule 55 of total 112) .... done (Time = 0.00s, Memory = 0.0K)
Checking Rule SGDC_waive24 (Rule 56 of total 112) .... done (Time = 0.00s, Memory = -1.8K)
Checking Rule SGDC_waive25 (Rule 57 of total 112) .... done (Time = 0.00s, Memory = 0.0K)
Checking Rule SGDC_waive31 (Rule 58 of total 112) .... done (Time = 0.00s, Memory = 0.0K)
Checking Rule SGDC_waive35 (Rule 59 of total 112) .... done (Time = 0.00s, Memory = 0.0K)
Checking Rule DetectTopDesignUnits (Rule 60 of total 112) Detected 2 top level design units: 
     send_ppm.rtl
     decoder.rtl
 .... done (Time = 0.01s, Memory = 3.7K)
Checking Rule GenerateConfMap (Rule 61 of total 112) .... done (Time = 0.00s, Memory = 15.8K)
Performing semantic checks on SGDC contents
..... SGDC semantic checks completed. (Time = 0.00s, Memory = 52.4K)
Checking Rule SGDC_testmode03 (Rule 62 of total 112) .... done (Time = 0.00s, Memory = 32.0K)
Checking Rule CheckCelldefine (Rule 63 of total 112) .... done (Time = 0.00s, Memory = 0.0K)
Checking Rule checkSGDC_01 (Rule 64 of total 112) .... done (Time = 0.00s, Memory = 0.0K)
Checking Rule checkSGDC_03 (Rule 65 of total 112) .... done (Time = 0.00s, Memory = 0.0K)
Checking Rule checkSGDC_08 (Rule 66 of total 112) .... done (Time = 0.00s, Memory = 0.0K)
Checking Rule SGDC_memorywritepin04 (Rule 67 of total 112) .... done (Time = 0.00s, Memory = 15.0K)
Checking Rule SGDC_reset02 (Rule 68 of total 112) .... done (Time = 0.00s, Memory = 15.0K)
Checking Rule SGDC_reset03 (Rule 69 of total 112) .... done (Time = 0.00s, Memory = 0.0K)
Checking Rule SGDC_waive23 (Rule 70 of total 112) .... done (Time = 0.00s, Memory = 0.0K)
Checking Rule SGDC_waive26 (Rule 71 of total 112) .... done (Time = 0.00s, Memory = 0.0K)
Checking Rule SGDC_waive27 (Rule 72 of total 112) .... done (Time = 0.00s, Memory = 0.0K)
Checking Rule SGDC_waive29 (Rule 73 of total 112) .... done (Time = 0.00s, Memory = 16.0K)
Checking Rule SGDC_libgroup03 (Rule 74 of total 112) .... done (Time = 0.00s, Memory = 0.0K)
Checking Rule SGDC_ungroup02 (Rule 75 of total 112) .... done (Time = 0.00s, Memory = 0.0K)
Checking Rule _abstractPortSGDC (Rule 76 of total 112) .... done (Time = 0.00s, Memory = 0.0K)
Checking Rule SGDC_abstract_port03 (Rule 77 of total 112) .... done (Time = 0.00s, Memory = 0.0K)
Checking Rule SGDC_abstract_port04 (Rule 78 of total 112) .... done (Time = 0.00s, Memory = 0.0K)
Checking Rule SGDC_abstract_port05 (Rule 79 of total 112) .... done (Time = 0.00s, Memory = 0.0K)
Checking Rule SGDC_abstract_port07 (Rule 80 of total 112) .... done (Time = 0.00s, Memory = 0.0K)
Checking Rule SGDC_abstract_port08 (Rule 81 of total 112) .... done (Time = 0.00s, Memory = 0.0K)
Checking Rule SGDC_abstract_port10 (Rule 82 of total 112) .... done (Time = 0.00s, Memory = 0.0K)
Checking Rule SGDC_abstract_port11 (Rule 83 of total 112) .... done (Time = 0.00s, Memory = 0.0K)
Checking Rule SGDC_abstract_port12 (Rule 84 of total 112) .... done (Time = 0.00s, Memory = 0.0K)
Checking Rule SGDC_abstract_port13 (Rule 85 of total 112) .... done (Time = 0.00s, Memory = 0.0K)
Checking Rule ReportUngroup (Rule 86 of total 112) .... done (Time = 0.00s, Memory = 0.0K)
Checking Rule SGDC_abstract_port21 (Rule 87 of total 112) .... done (Time = 0.00s, Memory = 0.0K)
##SGDEBUG [BENCHMARK_ABSOLUTE]: VS rule checking finished...: 2 sec, 567292 KB, 2166048 KB
##SGDEBUG [BENCHMARK_INCR]: VS rule checking finished...: 0 sec, 209 KB, 0 KB
##SGDEBUG [BENCHMARK_ABSOLUTE]: Flattening started: 2 sec, 568185 KB, 2166816 KB
##SGDEBUG [BENCHMARK_INCR]: Flattening started: 0 sec, 893 KB, 768 KB
 Flattening send_ppm (.lib instances separately flattened) ....
     (Memory Used = 1455.9K(incr), 569641.6K(tot), Cpu Time = 0.01s(incr))
 Flattening completed
##SGDEBUG [BENCHMARK_DATA]: Number of Flat Instances = 366
##SGDEBUG [BENCHMARK_DATA]: Number of Flat Nets = 965
##SGDEBUG [BENCHMARK_DATA]: Number of Flat Terms = 2690
##SGDEBUG [BENCHMARK_DATA]: Number of Flat Paths = 2
##SGDEBUG [BENCHMARK_DATA]: Number of Flat Ports = 36
##SGDEBUG [BENCHMARK_DATA]: Number of Black-Box Instances = 0
##SGDEBUG [BENCHMARK_DATA]: Number of Lib Instances = 0
##SGDEBUG [BENCHMARK_DATA]: Number of ILM Instances = 0
##SGDEBUG [BENCHMARK_ABSOLUTE]: Flattening finished: 2 sec, 569673 KB, 2168096 KB
##SGDEBUG [BENCHMARK_INCR]: Flattening finished: 0 sec, 1488 KB, 1280 KB
##SGDEBUG [BENCHMARK_ABSOLUTE]: Flattening started: 2 sec, 569641 KB, 2168096 KB
##SGDEBUG [BENCHMARK_INCR]: Flattening started: 0 sec, -32 KB, 0 KB
 Flattening decoder (.lib instances separately flattened) ....
     (Memory Used = -3.8K(incr), 569637.7K(tot), Cpu Time = 0.01s(incr))
 Flattening completed
##SGDEBUG [BENCHMARK_DATA]: Number of Flat Instances = 161
##SGDEBUG [BENCHMARK_DATA]: Number of Flat Nets = 165
##SGDEBUG [BENCHMARK_DATA]: Number of Flat Terms = 465
##SGDEBUG [BENCHMARK_DATA]: Number of Flat Paths = 1
##SGDEBUG [BENCHMARK_DATA]: Number of Flat Ports = 38
##SGDEBUG [BENCHMARK_DATA]: Number of Black-Box Instances = 0
##SGDEBUG [BENCHMARK_DATA]: Number of Lib Instances = 0
##SGDEBUG [BENCHMARK_DATA]: Number of ILM Instances = 0
##SGDEBUG [BENCHMARK_ABSOLUTE]: Flattening finished: 3 sec, 569637 KB, 2168096 KB
##SGDEBUG [BENCHMARK_INCR]: Flattening finished: 1 sec, -4 KB, 0 KB
Checking Rule AnalyzeBBox (Rule 88 of total 112) .... done (Time = 0.00s, Memory = 0.0K)
Checking Rule ReportCheckDataSummary (Rule 89 of total 112) .... done (Time = 0.00s, Memory = -1.3K)

Applying user specified and internally generated waivers on violation database .... done (Time = 0.03s)

Generating data for Console...
##SGDEBUG [PEAK_MEMORY]: 2173472 KB for entire run at 'just before destroying nvn arrays in flattener' stage
##SGDEBUG [VMPEAK_MEMORY]: 2532760 KB for entire run
##SGDEBUG [BENCHMARK_ABSOLUTE]: Rule checking finished: 3 sec, 568994 KB, 2161440 KB
##SGDEBUG [BENCHMARK_INCR]: Rule checking finished: 0 sec, -643 KB, -6656 KB


=====================================================================================
							Rule Parameter Table
=====================================================================================

	PARAMETER-NAME                                     VALUE
-------------------------------------------------------------------------------------
	-allow_clock_on_output_port                        no
	-check_clock_group_violations                      no
	-debug_proc                                        no
	-force_genclk_for_txv                              no
	-library_gen_clock_naming                          no
	-netlist_clock_polarity                            yes
	-preserve_path                                     no
	-pt                                                no
	-show_all_sdc_violations                           no
	-show_sdc_progress                                 no
	-suppress_sdc_violation_in_abstract                no
	-truncate_through                                  yes
	-write_sdc                                         no
=====================================================================================



=====================================================================================
                               Rule Status Table

 RULE-NAME                      POLICY-NAME     ENABLED VIOL-CNT RULE-TYPE   ERROR-MSG         
=====================================================================================
 ElabSummary                    SpyGlass        Yes            1 SETUP          -               
 DetectTopDesignUnits           SpyGlass        Yes            2 SETUP          -               
-------------------------------------------------------------------------------------
Note: VSDU type of rules (as seen in the above table) are not run on
      unsynthesized modules reported by 'ErrorAnalyzeBBox/InfoAnalyzeBBox' messages
      (Please see messages starting with keyword 'UnsynthesizedDU')

##status : SpyGlass Rule Checking Complete.

---------------------------------------------------------------------------------------------
Results Summary:
---------------------------------------------------------------------------------------------
   Goal Run           :      Design_Read
   Command-line read  :      0 error,      0 warning,      0 information message 
   Design Read        :      0 error,      0 warning,      3 information messages
      Found 2 top modules:
         send_ppm.rtl   (file: ../../VHD/send_ppm.vhd)
         decoder.rtl    (file: ../../VHD/decoder.vhd)

   Blackbox Resolution:      0 error,      0 warning,      0 information message 
   SGDC Checks        :      0 error,      0 warning,      0 information message 
   -------------------------------------------------------------------------------------
   Total              :      0 error,      0 warning,      3 information messages

  Total Number of Generated Messages     :         3 (0 error, 0 warning, 3 Infos)
  Number of Reported Messages            :         3 (0 error, 0 warning, 3 Infos)

---------------------------------------------------------------------------------------------



SpyGlass Rule Checking Complete.

Generating moresimple report from './spyglass-1/Design_Read/spyglass.vdb' to './spyglass-1/Design_Read/spyglass_reports/moresimple.rpt' ....

Generating runsummary report from './spyglass-1/Design_Read/spyglass.vdb' ....

Generating no_msg_reporting_rules report from './spyglass-1/Design_Read/spyglass.vdb' to './spyglass-1/Design_Read/spyglass_reports/no_msg_reporting_rules.rpt' ....

Policy specific data (reports) are present in the directory './spyglass-1/Design_Read/spyglass_reports'.

SpyGlass critical reports for the current run are present in directory './spyglass-1/consolidated_reports/Design_Read/'.

SpyGlass Exit Code 0 (Rule-checking completed without errors or warnings)
SpyGlass total run-time is 0:0:3 (3 secs)
SpyGlass run completed at 11:31:00 AM on Jan 22 2018
