 
****************************************
Report : area
Design : send_ppm
Version: J-2014.09-SP2
Date   : Tue Jan 16 15:57:45 2018
****************************************

Library(s) Used:

    c35_CORELIB_TYP (File: /softslin/AMS_410_CDS/synopsys/c35_3.3V/c35_CORELIB_TYP.db)

Number of ports:                           35
Number of nets:                           743
Number of cells:                          584
Number of combinational cells:            538
Number of sequential cells:                39
Number of macros/black boxes:               0
Number of buf/inv:                        180
Number of references:                      43

Combinational area:              70798.000275
Buf/Inv area:                     9682.400375
Noncombinational area:           23478.000214
Macro/Black Box area:                0.000000
Net Interconnect area:           16731.000000

Total cell area:                 94276.000488
Total area:                     111007.000488
1
