 
****************************************
Report : cell
Design : send_ppm
Version: J-2014.09-SP2
Date   : Tue Jan 16 15:57:45 2018
****************************************

Attributes:
   BO - reference allows boundary optimization
    b - black box (unknown)
    h - hierarchical
   mo - map_only
    n - noncombinational
    r - removable
    u - contains unmapped logic

Cell                      Reference       Library             Area  Attributes
--------------------------------------------------------------------------------
U48                       OAI212          c35_CORELIB_TYP 72.800003 
U51                       OAI212          c35_CORELIB_TYP 72.800003 
U53                       OAI212          c35_CORELIB_TYP 72.800003 
U54                       OAI222          c35_CORELIB_TYP 91.000000 
U130                      XOR21           c35_CORELIB_TYP 127.400002
U131                      XNR21           c35_CORELIB_TYP 109.199997
U132                      XNR21           c35_CORELIB_TYP 109.199997
U133                      XOR21           c35_CORELIB_TYP 127.400002
U134                      XNR21           c35_CORELIB_TYP 109.199997
U135                      XOR21           c35_CORELIB_TYP 127.400002
U136                      XNR21           c35_CORELIB_TYP 109.199997
U137                      XNR21           c35_CORELIB_TYP 109.199997
U138                      XOR21           c35_CORELIB_TYP 127.400002
U139                      XNR21           c35_CORELIB_TYP 109.199997
U140                      XOR21           c35_CORELIB_TYP 127.400002
U141                      XNR21           c35_CORELIB_TYP 109.199997
U142                      NAND22          c35_CORELIB_TYP 54.599998 
U143                      INV3            c35_CORELIB_TYP 36.400002 
U144                      INV3            c35_CORELIB_TYP 36.400002 
U145                      INV3            c35_CORELIB_TYP 36.400002 
U146                      INV3            c35_CORELIB_TYP 36.400002 
U147                      INV3            c35_CORELIB_TYP 36.400002 
U148                      INV3            c35_CORELIB_TYP 36.400002 
U149                      INV3            c35_CORELIB_TYP 36.400002 
U150                      INV3            c35_CORELIB_TYP 36.400002 
U151                      INV3            c35_CORELIB_TYP 36.400002 
U152                      INV3            c35_CORELIB_TYP 36.400002 
U153                      INV3            c35_CORELIB_TYP 36.400002 
U154                      INV3            c35_CORELIB_TYP 36.400002 
U155                      INV3            c35_CORELIB_TYP 36.400002 
U156                      INV3            c35_CORELIB_TYP 36.400002 
U157                      INV3            c35_CORELIB_TYP 36.400002 
U158                      INV3            c35_CORELIB_TYP 36.400002 
U159                      INV3            c35_CORELIB_TYP 36.400002 
U160                      INV3            c35_CORELIB_TYP 36.400002 
U161                      INV3            c35_CORELIB_TYP 36.400002 
U162                      INV3            c35_CORELIB_TYP 36.400002 
U163                      INV3            c35_CORELIB_TYP 36.400002 
U164                      INV3            c35_CORELIB_TYP 36.400002 
U165                      INV3            c35_CORELIB_TYP 36.400002 
U166                      INV3            c35_CORELIB_TYP 36.400002 
U167                      INV3            c35_CORELIB_TYP 36.400002 
U168                      INV3            c35_CORELIB_TYP 36.400002 
U169                      INV3            c35_CORELIB_TYP 36.400002 
U170                      INV3            c35_CORELIB_TYP 36.400002 
U171                      INV3            c35_CORELIB_TYP 36.400002 
U172                      INV3            c35_CORELIB_TYP 36.400002 
U173                      INV3            c35_CORELIB_TYP 36.400002 
U174                      INV3            c35_CORELIB_TYP 36.400002 
U175                      BUF2            c35_CORELIB_TYP 54.599998 
U176                      BUF2            c35_CORELIB_TYP 54.599998 
U177                      BUF2            c35_CORELIB_TYP 54.599998 
U178                      BUF2            c35_CORELIB_TYP 54.599998 
U179                      BUF2            c35_CORELIB_TYP 54.599998 
U180                      INV3            c35_CORELIB_TYP 36.400002 
U181                      OAI2111         c35_CORELIB_TYP 91.000000 
U182                      NAND22          c35_CORELIB_TYP 54.599998 
U183                      AOI221          c35_CORELIB_TYP 91.000000 
U184                      AOI211          c35_CORELIB_TYP 72.800003 
U185                      NOR31           c35_CORELIB_TYP 72.800003 
U186                      INV3            c35_CORELIB_TYP 36.400002 
U187                      OAI2110         c35_CORELIB_TYP 91.000000 
U188                      NAND31          c35_CORELIB_TYP 72.800003 
U189                      NOR31           c35_CORELIB_TYP 72.800003 
U190                      INV0            c35_CORELIB_TYP 36.400002 
U191                      INV3            c35_CORELIB_TYP 36.400002 
U192                      INV3            c35_CORELIB_TYP 36.400002 
U193                      INV3            c35_CORELIB_TYP 36.400002 
U194                      INV3            c35_CORELIB_TYP 36.400002 
U195                      INV3            c35_CORELIB_TYP 36.400002 
U196                      INV3            c35_CORELIB_TYP 36.400002 
U197                      INV3            c35_CORELIB_TYP 36.400002 
U198                      INV3            c35_CORELIB_TYP 36.400002 
U199                      INV3            c35_CORELIB_TYP 36.400002 
U200                      INV3            c35_CORELIB_TYP 36.400002 
U201                      INV3            c35_CORELIB_TYP 36.400002 
U202                      INV3            c35_CORELIB_TYP 36.400002 
U203                      INV3            c35_CORELIB_TYP 36.400002 
U204                      NAND22          c35_CORELIB_TYP 54.599998 
U205                      INV1            c35_CORELIB_TYP 36.400002 
U206                      INV2            c35_CORELIB_TYP 36.400002 
U207                      INV1            c35_CORELIB_TYP 36.400002 
U208                      NOR31           c35_CORELIB_TYP 72.800003 
U209                      INV3            c35_CORELIB_TYP 36.400002 
U210                      INV3            c35_CORELIB_TYP 36.400002 
U211                      INV3            c35_CORELIB_TYP 36.400002 
U212                      NOR21           c35_CORELIB_TYP 54.599998 
U213                      NAND22          c35_CORELIB_TYP 54.599998 
U214                      NAND22          c35_CORELIB_TYP 54.599998 
U215                      INV3            c35_CORELIB_TYP 36.400002 
U216                      NAND31          c35_CORELIB_TYP 72.800003 
U217                      INV3            c35_CORELIB_TYP 36.400002 
U218                      NAND41          c35_CORELIB_TYP 91.000000 
U219                      AOI211          c35_CORELIB_TYP 72.800003 
U220                      INV3            c35_CORELIB_TYP 36.400002 
U221                      INV3            c35_CORELIB_TYP 36.400002 
U222                      INV3            c35_CORELIB_TYP 36.400002 
U223                      NOR21           c35_CORELIB_TYP 54.599998 
U224                      AOI221          c35_CORELIB_TYP 91.000000 
U225                      OAI2111         c35_CORELIB_TYP 91.000000 
U226                      NAND22          c35_CORELIB_TYP 54.599998 
U227                      AOI311          c35_CORELIB_TYP 91.000000 
U228                      INV3            c35_CORELIB_TYP 36.400002 
U229                      INV3            c35_CORELIB_TYP 36.400002 
U230                      INV3            c35_CORELIB_TYP 36.400002 
U231                      OAI2111         c35_CORELIB_TYP 91.000000 
U232                      NAND22          c35_CORELIB_TYP 54.599998 
U233                      NAND31          c35_CORELIB_TYP 72.800003 
U234                      INV3            c35_CORELIB_TYP 36.400002 
U235                      INV3            c35_CORELIB_TYP 36.400002 
U236                      INV3            c35_CORELIB_TYP 36.400002 
U237                      INV3            c35_CORELIB_TYP 36.400002 
U238                      INV3            c35_CORELIB_TYP 36.400002 
U239                      INV3            c35_CORELIB_TYP 36.400002 
U240                      INV3            c35_CORELIB_TYP 36.400002 
U241                      INV3            c35_CORELIB_TYP 36.400002 
U242                      INV3            c35_CORELIB_TYP 36.400002 
U243                      INV3            c35_CORELIB_TYP 36.400002 
U244                      BUF2            c35_CORELIB_TYP 54.599998 
U245                      BUF2            c35_CORELIB_TYP 54.599998 
U246                      BUF2            c35_CORELIB_TYP 54.599998 
U247                      NAND41          c35_CORELIB_TYP 91.000000 
U248                      NOR21           c35_CORELIB_TYP 54.599998 
U249                      NOR31           c35_CORELIB_TYP 72.800003 
U250                      NOR31           c35_CORELIB_TYP 72.800003 
U251                      NAND31          c35_CORELIB_TYP 72.800003 
U252                      NAND41          c35_CORELIB_TYP 91.000000 
U253                      NOR21           c35_CORELIB_TYP 54.599998 
U254                      NOR40           c35_CORELIB_TYP 72.800003 
U255                      INV3            c35_CORELIB_TYP 36.400002 
U256                      NOR21           c35_CORELIB_TYP 54.599998 
U257                      NAND31          c35_CORELIB_TYP 72.800003 
U258                      NAND31          c35_CORELIB_TYP 72.800003 
U259                      NAND22          c35_CORELIB_TYP 54.599998 
U260                      NOR21           c35_CORELIB_TYP 54.599998 
U261                      NAND22          c35_CORELIB_TYP 54.599998 
U262                      NAND41          c35_CORELIB_TYP 91.000000 
U263                      INV3            c35_CORELIB_TYP 36.400002 
U264                      INV3            c35_CORELIB_TYP 36.400002 
U265                      NAND22          c35_CORELIB_TYP 54.599998 
U266                      INV3            c35_CORELIB_TYP 36.400002 
U267                      NAND22          c35_CORELIB_TYP 54.599998 
U268                      INV3            c35_CORELIB_TYP 36.400002 
U269                      NAND22          c35_CORELIB_TYP 54.599998 
U270                      INV3            c35_CORELIB_TYP 36.400002 
U271                      NAND22          c35_CORELIB_TYP 54.599998 
U272                      INV3            c35_CORELIB_TYP 36.400002 
U273                      NAND22          c35_CORELIB_TYP 54.599998 
U274                      INV3            c35_CORELIB_TYP 36.400002 
U275                      NAND22          c35_CORELIB_TYP 54.599998 
U276                      INV3            c35_CORELIB_TYP 36.400002 
U277                      NAND22          c35_CORELIB_TYP 54.599998 
U278                      INV3            c35_CORELIB_TYP 36.400002 
U279                      NAND22          c35_CORELIB_TYP 54.599998 
U280                      INV3            c35_CORELIB_TYP 36.400002 
U281                      NAND22          c35_CORELIB_TYP 54.599998 
U282                      INV3            c35_CORELIB_TYP 36.400002 
U283                      NAND22          c35_CORELIB_TYP 54.599998 
U284                      INV3            c35_CORELIB_TYP 36.400002 
U285                      NAND22          c35_CORELIB_TYP 54.599998 
U286                      INV3            c35_CORELIB_TYP 36.400002 
U287                      NAND22          c35_CORELIB_TYP 54.599998 
U288                      INV3            c35_CORELIB_TYP 36.400002 
U289                      NAND22          c35_CORELIB_TYP 54.599998 
U290                      INV3            c35_CORELIB_TYP 36.400002 
U291                      NAND22          c35_CORELIB_TYP 54.599998 
U292                      INV3            c35_CORELIB_TYP 36.400002 
U293                      NAND22          c35_CORELIB_TYP 54.599998 
U294                      INV3            c35_CORELIB_TYP 36.400002 
U295                      NAND22          c35_CORELIB_TYP 54.599998 
U296                      INV3            c35_CORELIB_TYP 36.400002 
U297                      NAND22          c35_CORELIB_TYP 54.599998 
U298                      INV3            c35_CORELIB_TYP 36.400002 
U299                      NAND22          c35_CORELIB_TYP 54.599998 
U300                      INV3            c35_CORELIB_TYP 36.400002 
U301                      NAND22          c35_CORELIB_TYP 54.599998 
U302                      INV3            c35_CORELIB_TYP 36.400002 
U303                      NAND22          c35_CORELIB_TYP 54.599998 
U304                      INV3            c35_CORELIB_TYP 36.400002 
U305                      NAND22          c35_CORELIB_TYP 54.599998 
U306                      INV3            c35_CORELIB_TYP 36.400002 
U307                      NAND22          c35_CORELIB_TYP 54.599998 
U308                      INV3            c35_CORELIB_TYP 36.400002 
U309                      NAND22          c35_CORELIB_TYP 54.599998 
U310                      INV3            c35_CORELIB_TYP 36.400002 
U311                      NAND22          c35_CORELIB_TYP 54.599998 
U312                      INV3            c35_CORELIB_TYP 36.400002 
U313                      NAND22          c35_CORELIB_TYP 54.599998 
U314                      INV3            c35_CORELIB_TYP 36.400002 
U315                      NAND22          c35_CORELIB_TYP 54.599998 
U316                      INV3            c35_CORELIB_TYP 36.400002 
U317                      NAND22          c35_CORELIB_TYP 54.599998 
U318                      INV3            c35_CORELIB_TYP 36.400002 
U319                      NAND22          c35_CORELIB_TYP 54.599998 
U320                      INV3            c35_CORELIB_TYP 36.400002 
U321                      NAND22          c35_CORELIB_TYP 54.599998 
U322                      INV3            c35_CORELIB_TYP 36.400002 
U323                      NAND22          c35_CORELIB_TYP 54.599998 
U324                      INV3            c35_CORELIB_TYP 36.400002 
U325                      NAND22          c35_CORELIB_TYP 54.599998 
U326                      INV3            c35_CORELIB_TYP 36.400002 
U327                      NAND22          c35_CORELIB_TYP 54.599998 
U328                      LOGIC1          c35_CORELIB_TYP 36.400002 
U329                      LOGIC0          c35_CORELIB_TYP 36.400002 
U330                      NOR20           c35_CORELIB_TYP 54.599998 
U331                      XNR20           c35_CORELIB_TYP 109.199997
U332                      CLKIN0          c35_CORELIB_TYP 36.400002 
U333                      NOR20           c35_CORELIB_TYP 54.599998 
U334                      XNR20           c35_CORELIB_TYP 109.199997
U335                      CLKIN0          c35_CORELIB_TYP 36.400002 
U336                      NOR20           c35_CORELIB_TYP 54.599998 
U337                      XNR20           c35_CORELIB_TYP 109.199997
U338                      CLKIN0          c35_CORELIB_TYP 36.400002 
U339                      XOR20           c35_CORELIB_TYP 127.400002
U340                      CLKIN0          c35_CORELIB_TYP 36.400002 
U341                      NAND20          c35_CORELIB_TYP 54.599998 
U342                      XOR20           c35_CORELIB_TYP 127.400002
U343                      CLKIN0          c35_CORELIB_TYP 36.400002 
U344                      NOR20           c35_CORELIB_TYP 54.599998 
U345                      NAND20          c35_CORELIB_TYP 54.599998 
U346                      XOR20           c35_CORELIB_TYP 127.400002
U347                      CLKIN0          c35_CORELIB_TYP 36.400002 
U348                      NAND20          c35_CORELIB_TYP 54.599998 
U349                      XOR20           c35_CORELIB_TYP 127.400002
U350                      CLKIN0          c35_CORELIB_TYP 36.400002 
U351                      NAND20          c35_CORELIB_TYP 54.599998 
U352                      XOR20           c35_CORELIB_TYP 127.400002
U353                      CLKIN0          c35_CORELIB_TYP 36.400002 
U354                      NAND20          c35_CORELIB_TYP 54.599998 
U355                      XOR20           c35_CORELIB_TYP 127.400002
U356                      CLKIN0          c35_CORELIB_TYP 36.400002 
U357                      NAND20          c35_CORELIB_TYP 54.599998 
U358                      XOR20           c35_CORELIB_TYP 127.400002
U359                      CLKIN0          c35_CORELIB_TYP 36.400002 
U360                      NAND20          c35_CORELIB_TYP 54.599998 
U361                      XOR20           c35_CORELIB_TYP 127.400002
U362                      CLKIN0          c35_CORELIB_TYP 36.400002 
U363                      NAND20          c35_CORELIB_TYP 54.599998 
U364                      XOR20           c35_CORELIB_TYP 127.400002
U365                      CLKIN0          c35_CORELIB_TYP 36.400002 
U366                      NAND20          c35_CORELIB_TYP 54.599998 
U367                      XOR20           c35_CORELIB_TYP 127.400002
U368                      CLKIN0          c35_CORELIB_TYP 36.400002 
U369                      NAND20          c35_CORELIB_TYP 54.599998 
U370                      CLKIN0          c35_CORELIB_TYP 36.400002 
U371                      NAND20          c35_CORELIB_TYP 54.599998 
U372                      CLKIN0          c35_CORELIB_TYP 36.400002 
U373                      NAND20          c35_CORELIB_TYP 54.599998 
U374                      XOR20           c35_CORELIB_TYP 127.400002
U375                      CLKIN0          c35_CORELIB_TYP 36.400002 
U376                      NAND20          c35_CORELIB_TYP 54.599998 
U377                      XOR20           c35_CORELIB_TYP 127.400002
U378                      CLKIN0          c35_CORELIB_TYP 36.400002 
U379                      NAND20          c35_CORELIB_TYP 54.599998 
U380                      XOR20           c35_CORELIB_TYP 127.400002
U381                      CLKIN0          c35_CORELIB_TYP 36.400002 
U382                      NAND20          c35_CORELIB_TYP 54.599998 
U383                      XOR20           c35_CORELIB_TYP 127.400002
U384                      CLKIN0          c35_CORELIB_TYP 36.400002 
U385                      NAND20          c35_CORELIB_TYP 54.599998 
U386                      CLKIN0          c35_CORELIB_TYP 36.400002 
U387                      NOR20           c35_CORELIB_TYP 54.599998 
U388                      XNR20           c35_CORELIB_TYP 109.199997
U389                      CLKIN0          c35_CORELIB_TYP 36.400002 
U390                      NOR20           c35_CORELIB_TYP 54.599998 
U391                      XNR20           c35_CORELIB_TYP 109.199997
U392                      CLKIN0          c35_CORELIB_TYP 36.400002 
U393                      NAND20          c35_CORELIB_TYP 54.599998 
U394                      XOR20           c35_CORELIB_TYP 127.400002
U395                      CLKIN0          c35_CORELIB_TYP 36.400002 
U396                      NAND20          c35_CORELIB_TYP 54.599998 
U397                      XOR20           c35_CORELIB_TYP 127.400002
U398                      CLKIN0          c35_CORELIB_TYP 36.400002 
U399                      NAND20          c35_CORELIB_TYP 54.599998 
U400                      XOR20           c35_CORELIB_TYP 127.400002
U401                      CLKIN0          c35_CORELIB_TYP 36.400002 
U402                      NOR20           c35_CORELIB_TYP 54.599998 
U403                      XNR20           c35_CORELIB_TYP 109.199997
U404                      CLKIN0          c35_CORELIB_TYP 36.400002 
U405                      NAND20          c35_CORELIB_TYP 54.599998 
U406                      XOR20           c35_CORELIB_TYP 127.400002
U407                      CLKIN0          c35_CORELIB_TYP 36.400002 
U408                      NOR20           c35_CORELIB_TYP 54.599998 
U409                      XNR20           c35_CORELIB_TYP 109.199997
U410                      CLKIN0          c35_CORELIB_TYP 36.400002 
U411                      NOR20           c35_CORELIB_TYP 54.599998 
U412                      XNR20           c35_CORELIB_TYP 109.199997
U413                      CLKIN0          c35_CORELIB_TYP 36.400002 
U414                      NAND20          c35_CORELIB_TYP 54.599998 
U415                      XOR20           c35_CORELIB_TYP 127.400002
U416                      CLKIN0          c35_CORELIB_TYP 36.400002 
U417                      NOR20           c35_CORELIB_TYP 54.599998 
U418                      XNR20           c35_CORELIB_TYP 109.199997
U419                      CLKIN0          c35_CORELIB_TYP 36.400002 
U420                      NAND20          c35_CORELIB_TYP 54.599998 
U421                      XOR20           c35_CORELIB_TYP 127.400002
U422                      CLKIN0          c35_CORELIB_TYP 36.400002 
U423                      NAND20          c35_CORELIB_TYP 54.599998 
U424                      XOR20           c35_CORELIB_TYP 127.400002
U425                      CLKIN0          c35_CORELIB_TYP 36.400002 
U426                      NAND20          c35_CORELIB_TYP 54.599998 
U427                      XOR20           c35_CORELIB_TYP 127.400002
U428                      CLKIN0          c35_CORELIB_TYP 36.400002 
U429                      NOR20           c35_CORELIB_TYP 54.599998 
U430                      XNR20           c35_CORELIB_TYP 109.199997
U431                      CLKIN0          c35_CORELIB_TYP 36.400002 
U432                      NAND20          c35_CORELIB_TYP 54.599998 
U433                      XOR20           c35_CORELIB_TYP 127.400002
U434                      CLKIN0          c35_CORELIB_TYP 36.400002 
U435                      NOR20           c35_CORELIB_TYP 54.599998 
U436                      XNR20           c35_CORELIB_TYP 109.199997
U437                      CLKIN0          c35_CORELIB_TYP 36.400002 
U438                      NOR20           c35_CORELIB_TYP 54.599998 
U439                      XNR20           c35_CORELIB_TYP 109.199997
U440                      CLKIN0          c35_CORELIB_TYP 36.400002 
U441                      NAND20          c35_CORELIB_TYP 54.599998 
U442                      XOR20           c35_CORELIB_TYP 127.400002
U443                      CLKIN0          c35_CORELIB_TYP 36.400002 
U444                      NOR20           c35_CORELIB_TYP 54.599998 
U445                      XNR20           c35_CORELIB_TYP 109.199997
U446                      CLKIN0          c35_CORELIB_TYP 36.400002 
U447                      NAND20          c35_CORELIB_TYP 54.599998 
U448                      XOR20           c35_CORELIB_TYP 127.400002
U449                      CLKIN0          c35_CORELIB_TYP 36.400002 
U450                      NAND20          c35_CORELIB_TYP 54.599998 
U451                      XOR20           c35_CORELIB_TYP 127.400002
U452                      CLKIN0          c35_CORELIB_TYP 36.400002 
U453                      NAND20          c35_CORELIB_TYP 54.599998 
U454                      XOR20           c35_CORELIB_TYP 127.400002
U455                      CLKIN0          c35_CORELIB_TYP 36.400002 
U456                      NOR20           c35_CORELIB_TYP 54.599998 
U457                      XNR20           c35_CORELIB_TYP 109.199997
U458                      CLKIN0          c35_CORELIB_TYP 36.400002 
U459                      NAND20          c35_CORELIB_TYP 54.599998 
U460                      XOR20           c35_CORELIB_TYP 127.400002
U461                      CLKIN0          c35_CORELIB_TYP 36.400002 
U462                      NOR20           c35_CORELIB_TYP 54.599998 
U463                      XNR20           c35_CORELIB_TYP 109.199997
U464                      CLKIN0          c35_CORELIB_TYP 36.400002 
U465                      NOR20           c35_CORELIB_TYP 54.599998 
U466                      XNR20           c35_CORELIB_TYP 109.199997
U467                      CLKIN0          c35_CORELIB_TYP 36.400002 
U468                      NAND20          c35_CORELIB_TYP 54.599998 
U469                      XOR20           c35_CORELIB_TYP 127.400002
U470                      CLKIN0          c35_CORELIB_TYP 36.400002 
U471                      NAND20          c35_CORELIB_TYP 54.599998 
U472                      XOR20           c35_CORELIB_TYP 127.400002
U473                      CLKIN0          c35_CORELIB_TYP 36.400002 
U474                      NOR20           c35_CORELIB_TYP 54.599998 
U475                      XNR20           c35_CORELIB_TYP 109.199997
U476                      CLKIN0          c35_CORELIB_TYP 36.400002 
U477                      NAND20          c35_CORELIB_TYP 54.599998 
U478                      XOR20           c35_CORELIB_TYP 127.400002
U479                      CLKIN0          c35_CORELIB_TYP 36.400002 
U480                      NOR20           c35_CORELIB_TYP 54.599998 
U481                      XNR20           c35_CORELIB_TYP 109.199997
U482                      CLKIN0          c35_CORELIB_TYP 36.400002 
U483                      NOR20           c35_CORELIB_TYP 54.599998 
U484                      XNR20           c35_CORELIB_TYP 109.199997
U485                      CLKIN0          c35_CORELIB_TYP 36.400002 
U486                      NAND20          c35_CORELIB_TYP 54.599998 
U487                      XOR20           c35_CORELIB_TYP 127.400002
U488                      CLKIN0          c35_CORELIB_TYP 36.400002 
U489                      NAND20          c35_CORELIB_TYP 54.599998 
U490                      XOR20           c35_CORELIB_TYP 127.400002
U491                      CLKIN0          c35_CORELIB_TYP 36.400002 
U492                      NAND20          c35_CORELIB_TYP 54.599998 
U493                      XOR20           c35_CORELIB_TYP 127.400002
U494                      CLKIN0          c35_CORELIB_TYP 36.400002 
U495                      NAND20          c35_CORELIB_TYP 54.599998 
U496                      XOR20           c35_CORELIB_TYP 127.400002
U497                      CLKIN0          c35_CORELIB_TYP 36.400002 
U498                      NOR20           c35_CORELIB_TYP 54.599998 
U499                      CLKIN0          c35_CORELIB_TYP 36.400002 
U500                      NAND20          c35_CORELIB_TYP 54.599998 
U501                      CLKIN0          c35_CORELIB_TYP 36.400002 
U502                      NAND20          c35_CORELIB_TYP 54.599998 
U503                      CLKIN0          c35_CORELIB_TYP 36.400002 
U504                      NAND20          c35_CORELIB_TYP 54.599998 
U505                      CLKIN0          c35_CORELIB_TYP 36.400002 
U506                      NOR20           c35_CORELIB_TYP 54.599998 
U507                      CLKIN0          c35_CORELIB_TYP 36.400002 
U508                      NAND20          c35_CORELIB_TYP 54.599998 
U509                      CLKIN0          c35_CORELIB_TYP 36.400002 
U510                      NOR20           c35_CORELIB_TYP 54.599998 
U511                      CLKIN0          c35_CORELIB_TYP 36.400002 
U512                      NOR20           c35_CORELIB_TYP 54.599998 
U513                      CLKIN0          c35_CORELIB_TYP 36.400002 
U514                      NAND20          c35_CORELIB_TYP 54.599998 
U515                      XOR20           c35_CORELIB_TYP 127.400002
U516                      CLKIN0          c35_CORELIB_TYP 36.400002 
U517                      OAI220          c35_CORELIB_TYP 91.000000 
U518                      NOR20           c35_CORELIB_TYP 54.599998 
U519                      OAI220          c35_CORELIB_TYP 91.000000 
U520                      OAI220          c35_CORELIB_TYP 91.000000 
U521                      NOR40           c35_CORELIB_TYP 72.800003 
U522                      AOI220          c35_CORELIB_TYP 91.000000 
U523                      OAI220          c35_CORELIB_TYP 91.000000 
U524                      AOI2110         c35_CORELIB_TYP 91.000000 
U525                      OAI220          c35_CORELIB_TYP 91.000000 
U526                      OAI220          c35_CORELIB_TYP 91.000000 
U527                      NOR40           c35_CORELIB_TYP 72.800003 
U528                      AOI220          c35_CORELIB_TYP 91.000000 
U529                      AOI220          c35_CORELIB_TYP 91.000000 
U530                      AOI220          c35_CORELIB_TYP 91.000000 
U531                      AOI220          c35_CORELIB_TYP 91.000000 
U532                      NAND40          c35_CORELIB_TYP 91.000000 
U533                      AOI220          c35_CORELIB_TYP 91.000000 
U534                      AOI220          c35_CORELIB_TYP 91.000000 
U535                      AOI220          c35_CORELIB_TYP 91.000000 
U536                      NAND40          c35_CORELIB_TYP 91.000000 
U537                      OAI210          c35_CORELIB_TYP 72.800003 
U538                      NOR40           c35_CORELIB_TYP 72.800003 
U539                      NOR20           c35_CORELIB_TYP 54.599998 
U540                      NOR20           c35_CORELIB_TYP 54.599998 
U541                      NAND20          c35_CORELIB_TYP 54.599998 
U542                      NAND30          c35_CORELIB_TYP 72.800003 
U543                      OAI220          c35_CORELIB_TYP 91.000000 
U544                      NOR20           c35_CORELIB_TYP 54.599998 
U545                      OAI220          c35_CORELIB_TYP 91.000000 
U546                      OAI220          c35_CORELIB_TYP 91.000000 
U547                      NOR40           c35_CORELIB_TYP 72.800003 
U548                      AOI220          c35_CORELIB_TYP 91.000000 
U549                      OAI220          c35_CORELIB_TYP 91.000000 
U550                      AOI2110         c35_CORELIB_TYP 91.000000 
U551                      OAI220          c35_CORELIB_TYP 91.000000 
U552                      OAI220          c35_CORELIB_TYP 91.000000 
U553                      NOR40           c35_CORELIB_TYP 72.800003 
U554                      AOI220          c35_CORELIB_TYP 91.000000 
U555                      AOI220          c35_CORELIB_TYP 91.000000 
U556                      AOI220          c35_CORELIB_TYP 91.000000 
U557                      AOI220          c35_CORELIB_TYP 91.000000 
U558                      NAND40          c35_CORELIB_TYP 91.000000 
U559                      AOI220          c35_CORELIB_TYP 91.000000 
U560                      AOI220          c35_CORELIB_TYP 91.000000 
U561                      AOI220          c35_CORELIB_TYP 91.000000 
U562                      NAND40          c35_CORELIB_TYP 91.000000 
U563                      OAI210          c35_CORELIB_TYP 72.800003 
U564                      NOR40           c35_CORELIB_TYP 72.800003 
U565                      NOR20           c35_CORELIB_TYP 54.599998 
U566                      NOR20           c35_CORELIB_TYP 54.599998 
U567                      NAND20          c35_CORELIB_TYP 54.599998 
U568                      NAND30          c35_CORELIB_TYP 72.800003 
U569                      OAI220          c35_CORELIB_TYP 91.000000 
U570                      NOR20           c35_CORELIB_TYP 54.599998 
U571                      OAI220          c35_CORELIB_TYP 91.000000 
U572                      OAI220          c35_CORELIB_TYP 91.000000 
U573                      NOR40           c35_CORELIB_TYP 72.800003 
U574                      AOI220          c35_CORELIB_TYP 91.000000 
U575                      OAI220          c35_CORELIB_TYP 91.000000 
U576                      AOI2110         c35_CORELIB_TYP 91.000000 
U577                      OAI220          c35_CORELIB_TYP 91.000000 
U578                      OAI220          c35_CORELIB_TYP 91.000000 
U579                      NOR40           c35_CORELIB_TYP 72.800003 
U580                      AOI220          c35_CORELIB_TYP 91.000000 
U581                      AOI220          c35_CORELIB_TYP 91.000000 
U582                      AOI220          c35_CORELIB_TYP 91.000000 
U583                      AOI220          c35_CORELIB_TYP 91.000000 
U584                      NAND40          c35_CORELIB_TYP 91.000000 
U585                      AOI220          c35_CORELIB_TYP 91.000000 
U586                      AOI220          c35_CORELIB_TYP 91.000000 
U587                      AOI220          c35_CORELIB_TYP 91.000000 
U588                      NAND40          c35_CORELIB_TYP 91.000000 
U589                      OAI210          c35_CORELIB_TYP 72.800003 
U590                      NOR40           c35_CORELIB_TYP 72.800003 
U591                      NOR20           c35_CORELIB_TYP 54.599998 
U592                      NOR20           c35_CORELIB_TYP 54.599998 
U593                      NAND20          c35_CORELIB_TYP 54.599998 
U594                      NAND30          c35_CORELIB_TYP 72.800003 
U595                      OAI220          c35_CORELIB_TYP 91.000000 
U596                      NOR20           c35_CORELIB_TYP 54.599998 
U597                      OAI220          c35_CORELIB_TYP 91.000000 
U598                      OAI220          c35_CORELIB_TYP 91.000000 
U599                      NOR40           c35_CORELIB_TYP 72.800003 
U600                      AOI220          c35_CORELIB_TYP 91.000000 
U601                      OAI220          c35_CORELIB_TYP 91.000000 
U602                      AOI2110         c35_CORELIB_TYP 91.000000 
U603                      OAI220          c35_CORELIB_TYP 91.000000 
U604                      OAI220          c35_CORELIB_TYP 91.000000 
U605                      NOR40           c35_CORELIB_TYP 72.800003 
U606                      AOI220          c35_CORELIB_TYP 91.000000 
U607                      AOI220          c35_CORELIB_TYP 91.000000 
U608                      AOI220          c35_CORELIB_TYP 91.000000 
U609                      AOI220          c35_CORELIB_TYP 91.000000 
U610                      NAND40          c35_CORELIB_TYP 91.000000 
U611                      AOI220          c35_CORELIB_TYP 91.000000 
U612                      AOI220          c35_CORELIB_TYP 91.000000 
U613                      AOI220          c35_CORELIB_TYP 91.000000 
U614                      NAND40          c35_CORELIB_TYP 91.000000 
U615                      OAI210          c35_CORELIB_TYP 72.800003 
U616                      NOR40           c35_CORELIB_TYP 72.800003 
U617                      NOR20           c35_CORELIB_TYP 54.599998 
U618                      NOR20           c35_CORELIB_TYP 54.599998 
U619                      NAND20          c35_CORELIB_TYP 54.599998 
U620                      NAND30          c35_CORELIB_TYP 72.800003 
U621                      XNR20           c35_CORELIB_TYP 109.199997
U622                      XNR20           c35_CORELIB_TYP 109.199997
U623                      XNR20           c35_CORELIB_TYP 109.199997
U624                      NAND30          c35_CORELIB_TYP 72.800003 
U625                      XNR20           c35_CORELIB_TYP 109.199997
U626                      XNR20           c35_CORELIB_TYP 109.199997
U627                      NAND20          c35_CORELIB_TYP 54.599998 
U628                      XNR20           c35_CORELIB_TYP 109.199997
U629                      XNR20           c35_CORELIB_TYP 109.199997
U630                      XNR20           c35_CORELIB_TYP 109.199997
U631                      NAND30          c35_CORELIB_TYP 72.800003 
U632                      XNR20           c35_CORELIB_TYP 109.199997
U633                      XNR20           c35_CORELIB_TYP 109.199997
U634                      NAND20          c35_CORELIB_TYP 54.599998 
U635                      NOR40           c35_CORELIB_TYP 72.800003 
U636                      AOI220          c35_CORELIB_TYP 91.000000 
U637                      XNR20           c35_CORELIB_TYP 109.199997
U638                      XOR20           c35_CORELIB_TYP 127.400002
U639                      XOR20           c35_CORELIB_TYP 127.400002
U640                      NOR20           c35_CORELIB_TYP 54.599998 
U641                      NAND40          c35_CORELIB_TYP 91.000000 
U642                      XNR20           c35_CORELIB_TYP 109.199997
U643                      XNR20           c35_CORELIB_TYP 109.199997
U644                      XNR20           c35_CORELIB_TYP 109.199997
U645                      NAND30          c35_CORELIB_TYP 72.800003 
U646                      XNR20           c35_CORELIB_TYP 109.199997
U647                      XNR20           c35_CORELIB_TYP 109.199997
U648                      NAND20          c35_CORELIB_TYP 54.599998 
U649                      NOR40           c35_CORELIB_TYP 72.800003 
add_1_root_sub_0_root_sub_235_cf
                          send_ppm_DW01_add_8             4331.600006
                                                                    BO, h
add_2_root_sub_0_root_sub_235_cf/U1_2
                          ADD32           c35_CORELIB_TYP 273.000000
                                                                    mo, r
add_2_root_sub_0_root_sub_235_cf/U1_3
                          ADD32           c35_CORELIB_TYP 273.000000
                                                                    mo, r
add_2_root_sub_0_root_sub_235_cf/U1_4
                          ADD32           c35_CORELIB_TYP 273.000000
                                                                    mo, r
add_2_root_sub_0_root_sub_235_cf/U1_5
                          ADD32           c35_CORELIB_TYP 273.000000
                                                                    mo, r
add_2_root_sub_0_root_sub_235_cf/U1_6
                          ADD32           c35_CORELIB_TYP 273.000000
                                                                    mo, r
add_2_root_sub_0_root_sub_235_cf/U1_7
                          ADD32           c35_CORELIB_TYP 273.000000
                                                                    mo, r
add_2_root_sub_0_root_sub_235_cf/U1_8
                          ADD32           c35_CORELIB_TYP 273.000000
                                                                    mo, r
add_2_root_sub_0_root_sub_235_cf/U1_9
                          ADD32           c35_CORELIB_TYP 273.000000
                                                                    mo, r
add_2_root_sub_0_root_sub_235_cf/U1_10
                          ADD32           c35_CORELIB_TYP 273.000000
                                                                    mo, r
add_2_root_sub_0_root_sub_235_cf/U1_11
                          ADD32           c35_CORELIB_TYP 273.000000
                                                                    mo, r
add_2_root_sub_0_root_sub_235_cf/U1_12
                          ADD32           c35_CORELIB_TYP 273.000000
                                                                    mo, r
add_2_root_sub_0_root_sub_235_cf/U1_13
                          ADD32           c35_CORELIB_TYP 273.000000
                                                                    mo, r
add_2_root_sub_0_root_sub_235_cf/U1_14
                          ADD32           c35_CORELIB_TYP 273.000000
                                                                    mo, r
add_2_root_sub_0_root_sub_235_cf/U1_15
                          ADD32           c35_CORELIB_TYP 273.000000
                                                                    mo, r
current_state_reg[0]      DF3             c35_CORELIB_TYP 273.000000
                                                                    n
current_state_reg[1]      DF3             c35_CORELIB_TYP 273.000000
                                                                    n
current_state_reg[2]      DF3             c35_CORELIB_TYP 273.000000
                                                                    n
local_counter1            local_counter                   15652.000107
                                                                    h, n
mult_114                  send_ppm_DW02_mult_3            4459.000008
                                                                    BO, h
mult_117                  send_ppm_DW02_mult_2            4459.000008
                                                                    BO, h
mult_120                  send_ppm_DW02_mult_1            4459.000008
                                                                    BO, h
mult_123                  send_ppm_DW02_mult_0            4459.000008
                                                                    BO, h
sig_out_ppm_reg           DF3             c35_CORELIB_TYP 273.000000
                                                                    n
sig_reg_storage_reg[0]    DFE1            c35_CORELIB_TYP 327.600006
                                                                    n
sig_reg_storage_reg[1]    DFE1            c35_CORELIB_TYP 327.600006
                                                                    n
sig_reg_storage_reg[2]    DFE1            c35_CORELIB_TYP 327.600006
                                                                    n
sig_reg_storage_reg[3]    DFE1            c35_CORELIB_TYP 327.600006
                                                                    n
sig_reg_storage_reg[4]    DFE1            c35_CORELIB_TYP 327.600006
                                                                    n
sig_reg_storage_reg[5]    DFE1            c35_CORELIB_TYP 327.600006
                                                                    n
sig_reg_storage_reg[6]    DFE1            c35_CORELIB_TYP 327.600006
                                                                    n
sig_reg_storage_reg[7]    DFE1            c35_CORELIB_TYP 327.600006
                                                                    n
sig_reg_storage_reg[8]    DFE1            c35_CORELIB_TYP 327.600006
                                                                    n
sig_reg_storage_reg[9]    DFE1            c35_CORELIB_TYP 327.600006
                                                                    n
sig_reg_storage_reg[10]   DFE1            c35_CORELIB_TYP 327.600006
                                                                    n
sig_reg_storage_reg[11]   DFE1            c35_CORELIB_TYP 327.600006
                                                                    n
sig_reg_storage_reg[12]   DFE1            c35_CORELIB_TYP 327.600006
                                                                    n
sig_reg_storage_reg[13]   DFE1            c35_CORELIB_TYP 327.600006
                                                                    n
sig_reg_storage_reg[14]   DFE1            c35_CORELIB_TYP 327.600006
                                                                    n
sig_reg_storage_reg[15]   DFE1            c35_CORELIB_TYP 327.600006
                                                                    n
sig_reg_storage_reg[16]   DFE1            c35_CORELIB_TYP 327.600006
                                                                    n
sig_reg_storage_reg[17]   DFE1            c35_CORELIB_TYP 327.600006
                                                                    n
sig_reg_storage_reg[18]   DFE1            c35_CORELIB_TYP 327.600006
                                                                    n
sig_reg_storage_reg[19]   DFE1            c35_CORELIB_TYP 327.600006
                                                                    n
sig_reg_storage_reg[20]   DFE1            c35_CORELIB_TYP 327.600006
                                                                    n
sig_reg_storage_reg[21]   DFE1            c35_CORELIB_TYP 327.600006
                                                                    n
sig_reg_storage_reg[22]   DFE1            c35_CORELIB_TYP 327.600006
                                                                    n
sig_reg_storage_reg[23]   DFE1            c35_CORELIB_TYP 327.600006
                                                                    n
sig_reg_storage_reg[24]   DFE1            c35_CORELIB_TYP 327.600006
                                                                    n
sig_reg_storage_reg[25]   DFE1            c35_CORELIB_TYP 327.600006
                                                                    n
sig_reg_storage_reg[26]   DFE1            c35_CORELIB_TYP 327.600006
                                                                    n
sig_reg_storage_reg[27]   DFE1            c35_CORELIB_TYP 327.600006
                                                                    n
sig_reg_storage_reg[28]   DFE1            c35_CORELIB_TYP 327.600006
                                                                    n
sig_reg_storage_reg[29]   DFE1            c35_CORELIB_TYP 327.600006
                                                                    n
sig_reg_storage_reg[30]   DFE1            c35_CORELIB_TYP 327.600006
                                                                    n
sig_reg_storage_reg[31]   DFE1            c35_CORELIB_TYP 327.600006
                                                                    n
sig_state_reg[0]          DFE1            c35_CORELIB_TYP 327.600006
                                                                    n
sig_state_reg[1]          DFE1            c35_CORELIB_TYP 327.600006
                                                                    n
sig_state_reg[2]          DFE1            c35_CORELIB_TYP 327.600006
                                                                    n
sub_0_root_sub_0_root_sub_235_cf
                          send_ppm_DW01_sub_0             5460.000015
                                                                    BO, h
--------------------------------------------------------------------------------
Total 584 cells                                           94276.000488
1
