Loading db file '/softslin/AMS_410_CDS/synopsys/c35_3.3V/c35_CORELIB_TYP.db'
Information: Propagating switching activity (low effort zero delay simulation). (PWR-6)
Warning: Design has unannotated primary inputs. (PWR-414)
Warning: Design has unannotated sequential cell outputs. (PWR-415)
 
****************************************
Report : power
        -analysis_effort low
Design : send_ppm
Version: J-2014.09-SP2
Date   : Tue Jan 23 08:25:15 2018
****************************************


Library(s) Used:

    c35_CORELIB_TYP (File: /softslin/AMS_410_CDS/synopsys/c35_3.3V/c35_CORELIB_TYP.db)


Operating Conditions: WORST   Library: c35_CORELIB_TYP
Wire Load Model Mode: enclosed

Design        Wire Load Model            Library
------------------------------------------------
send_ppm               10k               c35_CORELIB_TYP


Global Operating Voltage = 3    
Power-specific unit information :
    Voltage Units = 1V
    Capacitance Units = 1.000000pf
    Time Units = 1ns
    Dynamic Power Units = 1mW    (derived from V,C,T units)
    Leakage Power Units = 1pW


  Cell Internal Power  =   1.0818 mW   (75%)
  Net Switching Power  = 363.9646 uW   (25%)
                         ---------
Total Dynamic Power    =   1.4458 mW  (100%)

Cell Leakage Power     = 748.6400 pW


                 Internal         Switching           Leakage            Total
Power Group      Power            Power               Power              Power   (   %    )  Attrs
--------------------------------------------------------------------------------------------------
io_pad             0.0000            0.0000            0.0000            0.0000  (   0.00%)
memory             0.0000            0.0000            0.0000            0.0000  (   0.00%)
black_box          0.0000            0.0000            0.0000            0.0000  (   0.00%)
clock_network      0.0000            0.0000            0.0000            0.0000  (   0.00%)
register           0.6271        4.9577e-02          223.1833            0.6767  (  46.80%)
sequential         0.0000            0.0000            0.0000            0.0000  (   0.00%)
combinational      0.4547            0.3144          525.4568            0.7691  (  53.20%)
--------------------------------------------------------------------------------------------------
Total              1.0818 mW         0.3640 mW       748.6400 pW         1.4458 mW
1
