 
****************************************
Report : timing
        -path full
        -delay max
        -nworst 10
        -max_paths 10
Design : send_ppm
Version: J-2014.09-SP2
Date   : Mon Jan 22 16:57:49 2018
****************************************

Operating Conditions: WORST   Library: c35_CORELIB_TYP
Wire Load Model Mode: enclosed

  Startpoint: sig_reg_storage_reg[0]
              (rising edge-triggered flip-flop clocked by HCLK)
  Endpoint: sig_state_reg[2]
            (rising edge-triggered flip-flop clocked by HCLK)
  Path Group: HCLK
  Path Type: max

  Des/Clust/Port     Wire Load Model       Library
  ------------------------------------------------
  send_ppm           10k                   c35_CORELIB_TYP

  Point                                                   Incr       Path
  --------------------------------------------------------------------------
  clock HCLK (rise edge)                                  0.00       0.00
  clock network delay (ideal)                             0.00       0.00
  sig_reg_storage_reg[0]/C (DFE1)                         0.00       0.00 r
  sig_reg_storage_reg[0]/QN (DFE1)                        2.24       2.24 r
  U481/Q (NOR21)                                          0.87       3.12 f
  U500/Q (NOR21)                                          0.67       3.79 r
  U499/Q (INV3)                                           0.19       3.98 f
  U539/Q (NOR21)                                          0.56       4.55 r
  U343/Q (NOR21)                                          0.61       5.15 f
  U368/Q (NOR21)                                          0.69       5.84 r
  U354/Q (NOR21)                                          0.62       6.46 f
  U349/Q (INV3)                                           0.33       6.80 r
  U348/Q (NOR21)                                          0.48       7.28 f
  U216/Q (INV3)                                           0.29       7.57 r
  U215/Q (NOR21)                                          0.45       8.02 f
  U221/Q (NOR21)                                          0.62       8.63 r
  U220/Q (INV3)                                           0.13       8.76 f
  U169/Q (XOR21)                                          0.95       9.71 r
  U114/Q (NOR21)                                          0.69      10.40 f
  U99/Q (INV3)                                            0.37      10.76 r
  U98/Q (NOR21)                                           0.45      11.21 f
  U113/Q (INV3)                                           0.37      11.57 r
  U112/Q (NOR21)                                          0.45      12.02 f
  U153/Q (INV3)                                           0.37      12.38 r
  U152/Q (NOR21)                                          0.45      12.83 f
  U171/Q (XOR21)                                          0.93      13.76 r
  dp_cluster_0/add_1_root_sub_235_cf/U1_15/S (ADD32)      1.21      14.97 r
  dp_cluster_0/sub_0_root_sub_235_cf/U2_15/CO (ADD32)     0.54      15.51 r
  dp_cluster_0/sub_0_root_sub_235_cf/U2_16/CO (ADD32)     0.57      16.08 r
  U109/Q (NOR21)                                          0.37      16.45 f
  U108/Q (INV3)                                           0.35      16.80 r
  U95/Q (NOR21)                                           0.36      17.16 f
  U498/Q (INV3)                                           0.28      17.44 r
  U496/Q (XNR21)                                          0.66      18.10 f
  U495/Q (XNR21)                                          0.66      18.76 f
  U258/Q (NAND41)                                         0.65      19.41 r
  U254/Q (NOR40)                                          1.34      20.75 f
  U473/Q (NOR31)                                          0.63      21.38 r
  U472/Q (AOI211)                                         0.53      21.91 f
  U25/Q (OAI212)                                          0.57      22.48 r
  U476/Q (INV3)                                           0.18      22.66 f
  U22/Q (OAI212)                                          0.30      22.96 r
  U485/Q (AOI211)                                         0.32      23.28 f
  U484/Q (INV3)                                           0.34      23.62 r
  sig_state_reg[2]/D (DFE1)                               0.00      23.62 r
  data arrival time                                                 23.62

  clock HCLK (rise edge)                                 40.00      40.00
  clock network delay (ideal)                             0.00      40.00
  clock uncertainty                                      -0.50      39.50
  sig_state_reg[2]/C (DFE1)                               0.00      39.50 r
  library setup time                                     -0.14      39.36
  data required time                                                39.36
  --------------------------------------------------------------------------
  data required time                                                39.36
  data arrival time                                                -23.62
  --------------------------------------------------------------------------
  slack (MET)                                                       15.74


  Startpoint: sig_reg_storage_reg[0]
              (rising edge-triggered flip-flop clocked by HCLK)
  Endpoint: sig_state_reg[2]
            (rising edge-triggered flip-flop clocked by HCLK)
  Path Group: HCLK
  Path Type: max

  Des/Clust/Port     Wire Load Model       Library
  ------------------------------------------------
  send_ppm           10k                   c35_CORELIB_TYP

  Point                                                   Incr       Path
  --------------------------------------------------------------------------
  clock HCLK (rise edge)                                  0.00       0.00
  clock network delay (ideal)                             0.00       0.00
  sig_reg_storage_reg[0]/C (DFE1)                         0.00       0.00 r
  sig_reg_storage_reg[0]/QN (DFE1)                        2.24       2.24 r
  U481/Q (NOR21)                                          0.87       3.12 f
  U500/Q (NOR21)                                          0.67       3.79 r
  U499/Q (INV3)                                           0.19       3.98 f
  U539/Q (NOR21)                                          0.56       4.55 r
  U343/Q (NOR21)                                          0.61       5.15 f
  U368/Q (NOR21)                                          0.69       5.84 r
  U354/Q (NOR21)                                          0.62       6.46 f
  U349/Q (INV3)                                           0.33       6.80 r
  U348/Q (NOR21)                                          0.48       7.28 f
  U216/Q (INV3)                                           0.29       7.57 r
  U215/Q (NOR21)                                          0.45       8.02 f
  U197/Q (XNR21)                                          0.88       8.90 r
  U116/Q (NOR21)                                          0.69       9.58 f
  U115/Q (INV3)                                           0.36       9.94 r
  U114/Q (NOR21)                                          0.44      10.39 f
  U99/Q (INV3)                                            0.37      10.75 r
  U98/Q (NOR21)                                           0.45      11.20 f
  U113/Q (INV3)                                           0.37      11.57 r
  U112/Q (NOR21)                                          0.45      12.01 f
  U153/Q (INV3)                                           0.37      12.38 r
  U152/Q (NOR21)                                          0.45      12.82 f
  U171/Q (XOR21)                                          0.93      13.75 r
  dp_cluster_0/add_1_root_sub_235_cf/U1_15/S (ADD32)      1.21      14.96 r
  dp_cluster_0/sub_0_root_sub_235_cf/U2_15/CO (ADD32)     0.54      15.50 r
  dp_cluster_0/sub_0_root_sub_235_cf/U2_16/CO (ADD32)     0.57      16.07 r
  U109/Q (NOR21)                                          0.37      16.44 f
  U108/Q (INV3)                                           0.35      16.79 r
  U95/Q (NOR21)                                           0.36      17.15 f
  U498/Q (INV3)                                           0.28      17.44 r
  U496/Q (XNR21)                                          0.66      18.09 f
  U495/Q (XNR21)                                          0.66      18.75 f
  U258/Q (NAND41)                                         0.65      19.40 r
  U254/Q (NOR40)                                          1.34      20.74 f
  U473/Q (NOR31)                                          0.63      21.37 r
  U472/Q (AOI211)                                         0.53      21.90 f
  U25/Q (OAI212)                                          0.57      22.47 r
  U476/Q (INV3)                                           0.18      22.65 f
  U22/Q (OAI212)                                          0.30      22.95 r
  U485/Q (AOI211)                                         0.32      23.27 f
  U484/Q (INV3)                                           0.34      23.61 r
  sig_state_reg[2]/D (DFE1)                               0.00      23.61 r
  data arrival time                                                 23.61

  clock HCLK (rise edge)                                 40.00      40.00
  clock network delay (ideal)                             0.00      40.00
  clock uncertainty                                      -0.50      39.50
  sig_state_reg[2]/C (DFE1)                               0.00      39.50 r
  library setup time                                     -0.14      39.36
  data required time                                                39.36
  --------------------------------------------------------------------------
  data required time                                                39.36
  data arrival time                                                -23.61
  --------------------------------------------------------------------------
  slack (MET)                                                       15.75


  Startpoint: sig_reg_storage_reg[0]
              (rising edge-triggered flip-flop clocked by HCLK)
  Endpoint: local_counter1/o_count_reg[0]
            (rising edge-triggered flip-flop clocked by HCLK)
  Path Group: HCLK
  Path Type: max

  Des/Clust/Port     Wire Load Model       Library
  ------------------------------------------------
  send_ppm           10k                   c35_CORELIB_TYP

  Point                                                   Incr       Path
  --------------------------------------------------------------------------
  clock HCLK (rise edge)                                  0.00       0.00
  clock network delay (ideal)                             0.00       0.00
  sig_reg_storage_reg[0]/C (DFE1)                         0.00       0.00 r
  sig_reg_storage_reg[0]/QN (DFE1)                        2.24       2.24 r
  U481/Q (NOR21)                                          0.87       3.12 f
  U500/Q (NOR21)                                          0.67       3.79 r
  U499/Q (INV3)                                           0.19       3.98 f
  U539/Q (NOR21)                                          0.56       4.55 r
  U343/Q (NOR21)                                          0.61       5.15 f
  U368/Q (NOR21)                                          0.69       5.84 r
  U354/Q (NOR21)                                          0.62       6.46 f
  U349/Q (INV3)                                           0.33       6.80 r
  U348/Q (NOR21)                                          0.48       7.28 f
  U216/Q (INV3)                                           0.29       7.57 r
  U215/Q (NOR21)                                          0.45       8.02 f
  U221/Q (NOR21)                                          0.62       8.63 r
  U220/Q (INV3)                                           0.13       8.76 f
  U169/Q (XOR21)                                          0.95       9.71 r
  U114/Q (NOR21)                                          0.69      10.40 f
  U99/Q (INV3)                                            0.37      10.76 r
  U98/Q (NOR21)                                           0.45      11.21 f
  U113/Q (INV3)                                           0.37      11.57 r
  U112/Q (NOR21)                                          0.45      12.02 f
  U153/Q (INV3)                                           0.37      12.38 r
  U152/Q (NOR21)                                          0.45      12.83 f
  U171/Q (XOR21)                                          0.93      13.76 r
  dp_cluster_0/add_1_root_sub_235_cf/U1_15/S (ADD32)      1.21      14.97 r
  dp_cluster_0/sub_0_root_sub_235_cf/U2_15/CO (ADD32)     0.54      15.51 r
  dp_cluster_0/sub_0_root_sub_235_cf/U2_16/CO (ADD32)     0.57      16.08 r
  U109/Q (NOR21)                                          0.37      16.45 f
  U108/Q (INV3)                                           0.35      16.80 r
  U95/Q (NOR21)                                           0.36      17.16 f
  U498/Q (INV3)                                           0.28      17.44 r
  U496/Q (XNR21)                                          0.66      18.10 f
  U495/Q (XNR21)                                          0.66      18.76 f
  U258/Q (NAND41)                                         0.65      19.41 r
  U254/Q (NOR40)                                          1.34      20.75 f
  U480/Q (AOI221)                                         0.90      21.64 r
  U479/Q (OAI2111)                                        0.24      21.88 f
  U478/Q (INV3)                                           0.35      22.22 r
  U477/Q (NAND22)                                         0.14      22.37 f
  U280/Q (BUF2)                                           0.84      23.21 f
  U501/Q (NOR21)                                          0.49      23.70 r
  local_counter1/o_count_reg[0]/D (DF3)                   0.00      23.70 r
  data arrival time                                                 23.70

  clock HCLK (rise edge)                                 40.00      40.00
  clock network delay (ideal)                             0.00      40.00
  clock uncertainty                                      -0.50      39.50
  local_counter1/o_count_reg[0]/C (DF3)                   0.00      39.50 r
  library setup time                                     -0.01      39.49
  data required time                                                39.49
  --------------------------------------------------------------------------
  data required time                                                39.49
  data arrival time                                                -23.70
  --------------------------------------------------------------------------
  slack (MET)                                                       15.79


  Startpoint: sig_reg_storage_reg[0]
              (rising edge-triggered flip-flop clocked by HCLK)
  Endpoint: local_counter1/o_count_reg[1]
            (rising edge-triggered flip-flop clocked by HCLK)
  Path Group: HCLK
  Path Type: max

  Des/Clust/Port     Wire Load Model       Library
  ------------------------------------------------
  send_ppm           10k                   c35_CORELIB_TYP

  Point                                                   Incr       Path
  --------------------------------------------------------------------------
  clock HCLK (rise edge)                                  0.00       0.00
  clock network delay (ideal)                             0.00       0.00
  sig_reg_storage_reg[0]/C (DFE1)                         0.00       0.00 r
  sig_reg_storage_reg[0]/QN (DFE1)                        2.24       2.24 r
  U481/Q (NOR21)                                          0.87       3.12 f
  U500/Q (NOR21)                                          0.67       3.79 r
  U499/Q (INV3)                                           0.19       3.98 f
  U539/Q (NOR21)                                          0.56       4.55 r
  U343/Q (NOR21)                                          0.61       5.15 f
  U368/Q (NOR21)                                          0.69       5.84 r
  U354/Q (NOR21)                                          0.62       6.46 f
  U349/Q (INV3)                                           0.33       6.80 r
  U348/Q (NOR21)                                          0.48       7.28 f
  U216/Q (INV3)                                           0.29       7.57 r
  U215/Q (NOR21)                                          0.45       8.02 f
  U221/Q (NOR21)                                          0.62       8.63 r
  U220/Q (INV3)                                           0.13       8.76 f
  U169/Q (XOR21)                                          0.95       9.71 r
  U114/Q (NOR21)                                          0.69      10.40 f
  U99/Q (INV3)                                            0.37      10.76 r
  U98/Q (NOR21)                                           0.45      11.21 f
  U113/Q (INV3)                                           0.37      11.57 r
  U112/Q (NOR21)                                          0.45      12.02 f
  U153/Q (INV3)                                           0.37      12.38 r
  U152/Q (NOR21)                                          0.45      12.83 f
  U171/Q (XOR21)                                          0.93      13.76 r
  dp_cluster_0/add_1_root_sub_235_cf/U1_15/S (ADD32)      1.21      14.97 r
  dp_cluster_0/sub_0_root_sub_235_cf/U2_15/CO (ADD32)     0.54      15.51 r
  dp_cluster_0/sub_0_root_sub_235_cf/U2_16/CO (ADD32)     0.57      16.08 r
  U109/Q (NOR21)                                          0.37      16.45 f
  U108/Q (INV3)                                           0.35      16.80 r
  U95/Q (NOR21)                                           0.36      17.16 f
  U498/Q (INV3)                                           0.28      17.44 r
  U496/Q (XNR21)                                          0.66      18.10 f
  U495/Q (XNR21)                                          0.66      18.76 f
  U258/Q (NAND41)                                         0.65      19.41 r
  U254/Q (NOR40)                                          1.34      20.75 f
  U480/Q (AOI221)                                         0.90      21.64 r
  U479/Q (OAI2111)                                        0.24      21.88 f
  U478/Q (INV3)                                           0.35      22.22 r
  U477/Q (NAND22)                                         0.14      22.37 f
  U280/Q (BUF2)                                           0.84      23.21 f
  U307/Q (NOR21)                                          0.49      23.70 r
  local_counter1/o_count_reg[1]/D (DF3)                   0.00      23.70 r
  data arrival time                                                 23.70

  clock HCLK (rise edge)                                 40.00      40.00
  clock network delay (ideal)                             0.00      40.00
  clock uncertainty                                      -0.50      39.50
  local_counter1/o_count_reg[1]/C (DF3)                   0.00      39.50 r
  library setup time                                     -0.01      39.49
  data required time                                                39.49
  --------------------------------------------------------------------------
  data required time                                                39.49
  data arrival time                                                -23.70
  --------------------------------------------------------------------------
  slack (MET)                                                       15.79


  Startpoint: sig_reg_storage_reg[0]
              (rising edge-triggered flip-flop clocked by HCLK)
  Endpoint: local_counter1/o_count_reg[2]
            (rising edge-triggered flip-flop clocked by HCLK)
  Path Group: HCLK
  Path Type: max

  Des/Clust/Port     Wire Load Model       Library
  ------------------------------------------------
  send_ppm           10k                   c35_CORELIB_TYP

  Point                                                   Incr       Path
  --------------------------------------------------------------------------
  clock HCLK (rise edge)                                  0.00       0.00
  clock network delay (ideal)                             0.00       0.00
  sig_reg_storage_reg[0]/C (DFE1)                         0.00       0.00 r
  sig_reg_storage_reg[0]/QN (DFE1)                        2.24       2.24 r
  U481/Q (NOR21)                                          0.87       3.12 f
  U500/Q (NOR21)                                          0.67       3.79 r
  U499/Q (INV3)                                           0.19       3.98 f
  U539/Q (NOR21)                                          0.56       4.55 r
  U343/Q (NOR21)                                          0.61       5.15 f
  U368/Q (NOR21)                                          0.69       5.84 r
  U354/Q (NOR21)                                          0.62       6.46 f
  U349/Q (INV3)                                           0.33       6.80 r
  U348/Q (NOR21)                                          0.48       7.28 f
  U216/Q (INV3)                                           0.29       7.57 r
  U215/Q (NOR21)                                          0.45       8.02 f
  U221/Q (NOR21)                                          0.62       8.63 r
  U220/Q (INV3)                                           0.13       8.76 f
  U169/Q (XOR21)                                          0.95       9.71 r
  U114/Q (NOR21)                                          0.69      10.40 f
  U99/Q (INV3)                                            0.37      10.76 r
  U98/Q (NOR21)                                           0.45      11.21 f
  U113/Q (INV3)                                           0.37      11.57 r
  U112/Q (NOR21)                                          0.45      12.02 f
  U153/Q (INV3)                                           0.37      12.38 r
  U152/Q (NOR21)                                          0.45      12.83 f
  U171/Q (XOR21)                                          0.93      13.76 r
  dp_cluster_0/add_1_root_sub_235_cf/U1_15/S (ADD32)      1.21      14.97 r
  dp_cluster_0/sub_0_root_sub_235_cf/U2_15/CO (ADD32)     0.54      15.51 r
  dp_cluster_0/sub_0_root_sub_235_cf/U2_16/CO (ADD32)     0.57      16.08 r
  U109/Q (NOR21)                                          0.37      16.45 f
  U108/Q (INV3)                                           0.35      16.80 r
  U95/Q (NOR21)                                           0.36      17.16 f
  U498/Q (INV3)                                           0.28      17.44 r
  U496/Q (XNR21)                                          0.66      18.10 f
  U495/Q (XNR21)                                          0.66      18.76 f
  U258/Q (NAND41)                                         0.65      19.41 r
  U254/Q (NOR40)                                          1.34      20.75 f
  U480/Q (AOI221)                                         0.90      21.64 r
  U479/Q (OAI2111)                                        0.24      21.88 f
  U478/Q (INV3)                                           0.35      22.22 r
  U477/Q (NAND22)                                         0.14      22.37 f
  U280/Q (BUF2)                                           0.84      23.21 f
  U305/Q (NOR21)                                          0.49      23.70 r
  local_counter1/o_count_reg[2]/D (DF3)                   0.00      23.70 r
  data arrival time                                                 23.70

  clock HCLK (rise edge)                                 40.00      40.00
  clock network delay (ideal)                             0.00      40.00
  clock uncertainty                                      -0.50      39.50
  local_counter1/o_count_reg[2]/C (DF3)                   0.00      39.50 r
  library setup time                                     -0.01      39.49
  data required time                                                39.49
  --------------------------------------------------------------------------
  data required time                                                39.49
  data arrival time                                                -23.70
  --------------------------------------------------------------------------
  slack (MET)                                                       15.79


  Startpoint: sig_reg_storage_reg[0]
              (rising edge-triggered flip-flop clocked by HCLK)
  Endpoint: local_counter1/o_count_reg[3]
            (rising edge-triggered flip-flop clocked by HCLK)
  Path Group: HCLK
  Path Type: max

  Des/Clust/Port     Wire Load Model       Library
  ------------------------------------------------
  send_ppm           10k                   c35_CORELIB_TYP

  Point                                                   Incr       Path
  --------------------------------------------------------------------------
  clock HCLK (rise edge)                                  0.00       0.00
  clock network delay (ideal)                             0.00       0.00
  sig_reg_storage_reg[0]/C (DFE1)                         0.00       0.00 r
  sig_reg_storage_reg[0]/QN (DFE1)                        2.24       2.24 r
  U481/Q (NOR21)                                          0.87       3.12 f
  U500/Q (NOR21)                                          0.67       3.79 r
  U499/Q (INV3)                                           0.19       3.98 f
  U539/Q (NOR21)                                          0.56       4.55 r
  U343/Q (NOR21)                                          0.61       5.15 f
  U368/Q (NOR21)                                          0.69       5.84 r
  U354/Q (NOR21)                                          0.62       6.46 f
  U349/Q (INV3)                                           0.33       6.80 r
  U348/Q (NOR21)                                          0.48       7.28 f
  U216/Q (INV3)                                           0.29       7.57 r
  U215/Q (NOR21)                                          0.45       8.02 f
  U221/Q (NOR21)                                          0.62       8.63 r
  U220/Q (INV3)                                           0.13       8.76 f
  U169/Q (XOR21)                                          0.95       9.71 r
  U114/Q (NOR21)                                          0.69      10.40 f
  U99/Q (INV3)                                            0.37      10.76 r
  U98/Q (NOR21)                                           0.45      11.21 f
  U113/Q (INV3)                                           0.37      11.57 r
  U112/Q (NOR21)                                          0.45      12.02 f
  U153/Q (INV3)                                           0.37      12.38 r
  U152/Q (NOR21)                                          0.45      12.83 f
  U171/Q (XOR21)                                          0.93      13.76 r
  dp_cluster_0/add_1_root_sub_235_cf/U1_15/S (ADD32)      1.21      14.97 r
  dp_cluster_0/sub_0_root_sub_235_cf/U2_15/CO (ADD32)     0.54      15.51 r
  dp_cluster_0/sub_0_root_sub_235_cf/U2_16/CO (ADD32)     0.57      16.08 r
  U109/Q (NOR21)                                          0.37      16.45 f
  U108/Q (INV3)                                           0.35      16.80 r
  U95/Q (NOR21)                                           0.36      17.16 f
  U498/Q (INV3)                                           0.28      17.44 r
  U496/Q (XNR21)                                          0.66      18.10 f
  U495/Q (XNR21)                                          0.66      18.76 f
  U258/Q (NAND41)                                         0.65      19.41 r
  U254/Q (NOR40)                                          1.34      20.75 f
  U480/Q (AOI221)                                         0.90      21.64 r
  U479/Q (OAI2111)                                        0.24      21.88 f
  U478/Q (INV3)                                           0.35      22.22 r
  U477/Q (NAND22)                                         0.14      22.37 f
  U280/Q (BUF2)                                           0.84      23.21 f
  U303/Q (NOR21)                                          0.49      23.70 r
  local_counter1/o_count_reg[3]/D (DF3)                   0.00      23.70 r
  data arrival time                                                 23.70

  clock HCLK (rise edge)                                 40.00      40.00
  clock network delay (ideal)                             0.00      40.00
  clock uncertainty                                      -0.50      39.50
  local_counter1/o_count_reg[3]/C (DF3)                   0.00      39.50 r
  library setup time                                     -0.01      39.49
  data required time                                                39.49
  --------------------------------------------------------------------------
  data required time                                                39.49
  data arrival time                                                -23.70
  --------------------------------------------------------------------------
  slack (MET)                                                       15.79


  Startpoint: sig_reg_storage_reg[0]
              (rising edge-triggered flip-flop clocked by HCLK)
  Endpoint: local_counter1/o_count_reg[4]
            (rising edge-triggered flip-flop clocked by HCLK)
  Path Group: HCLK
  Path Type: max

  Des/Clust/Port     Wire Load Model       Library
  ------------------------------------------------
  send_ppm           10k                   c35_CORELIB_TYP

  Point                                                   Incr       Path
  --------------------------------------------------------------------------
  clock HCLK (rise edge)                                  0.00       0.00
  clock network delay (ideal)                             0.00       0.00
  sig_reg_storage_reg[0]/C (DFE1)                         0.00       0.00 r
  sig_reg_storage_reg[0]/QN (DFE1)                        2.24       2.24 r
  U481/Q (NOR21)                                          0.87       3.12 f
  U500/Q (NOR21)                                          0.67       3.79 r
  U499/Q (INV3)                                           0.19       3.98 f
  U539/Q (NOR21)                                          0.56       4.55 r
  U343/Q (NOR21)                                          0.61       5.15 f
  U368/Q (NOR21)                                          0.69       5.84 r
  U354/Q (NOR21)                                          0.62       6.46 f
  U349/Q (INV3)                                           0.33       6.80 r
  U348/Q (NOR21)                                          0.48       7.28 f
  U216/Q (INV3)                                           0.29       7.57 r
  U215/Q (NOR21)                                          0.45       8.02 f
  U221/Q (NOR21)                                          0.62       8.63 r
  U220/Q (INV3)                                           0.13       8.76 f
  U169/Q (XOR21)                                          0.95       9.71 r
  U114/Q (NOR21)                                          0.69      10.40 f
  U99/Q (INV3)                                            0.37      10.76 r
  U98/Q (NOR21)                                           0.45      11.21 f
  U113/Q (INV3)                                           0.37      11.57 r
  U112/Q (NOR21)                                          0.45      12.02 f
  U153/Q (INV3)                                           0.37      12.38 r
  U152/Q (NOR21)                                          0.45      12.83 f
  U171/Q (XOR21)                                          0.93      13.76 r
  dp_cluster_0/add_1_root_sub_235_cf/U1_15/S (ADD32)      1.21      14.97 r
  dp_cluster_0/sub_0_root_sub_235_cf/U2_15/CO (ADD32)     0.54      15.51 r
  dp_cluster_0/sub_0_root_sub_235_cf/U2_16/CO (ADD32)     0.57      16.08 r
  U109/Q (NOR21)                                          0.37      16.45 f
  U108/Q (INV3)                                           0.35      16.80 r
  U95/Q (NOR21)                                           0.36      17.16 f
  U498/Q (INV3)                                           0.28      17.44 r
  U496/Q (XNR21)                                          0.66      18.10 f
  U495/Q (XNR21)                                          0.66      18.76 f
  U258/Q (NAND41)                                         0.65      19.41 r
  U254/Q (NOR40)                                          1.34      20.75 f
  U480/Q (AOI221)                                         0.90      21.64 r
  U479/Q (OAI2111)                                        0.24      21.88 f
  U478/Q (INV3)                                           0.35      22.22 r
  U477/Q (NAND22)                                         0.14      22.37 f
  U280/Q (BUF2)                                           0.84      23.21 f
  U301/Q (NOR21)                                          0.49      23.70 r
  local_counter1/o_count_reg[4]/D (DF3)                   0.00      23.70 r
  data arrival time                                                 23.70

  clock HCLK (rise edge)                                 40.00      40.00
  clock network delay (ideal)                             0.00      40.00
  clock uncertainty                                      -0.50      39.50
  local_counter1/o_count_reg[4]/C (DF3)                   0.00      39.50 r
  library setup time                                     -0.01      39.49
  data required time                                                39.49
  --------------------------------------------------------------------------
  data required time                                                39.49
  data arrival time                                                -23.70
  --------------------------------------------------------------------------
  slack (MET)                                                       15.79


  Startpoint: sig_reg_storage_reg[0]
              (rising edge-triggered flip-flop clocked by HCLK)
  Endpoint: local_counter1/o_count_reg[5]
            (rising edge-triggered flip-flop clocked by HCLK)
  Path Group: HCLK
  Path Type: max

  Des/Clust/Port     Wire Load Model       Library
  ------------------------------------------------
  send_ppm           10k                   c35_CORELIB_TYP

  Point                                                   Incr       Path
  --------------------------------------------------------------------------
  clock HCLK (rise edge)                                  0.00       0.00
  clock network delay (ideal)                             0.00       0.00
  sig_reg_storage_reg[0]/C (DFE1)                         0.00       0.00 r
  sig_reg_storage_reg[0]/QN (DFE1)                        2.24       2.24 r
  U481/Q (NOR21)                                          0.87       3.12 f
  U500/Q (NOR21)                                          0.67       3.79 r
  U499/Q (INV3)                                           0.19       3.98 f
  U539/Q (NOR21)                                          0.56       4.55 r
  U343/Q (NOR21)                                          0.61       5.15 f
  U368/Q (NOR21)                                          0.69       5.84 r
  U354/Q (NOR21)                                          0.62       6.46 f
  U349/Q (INV3)                                           0.33       6.80 r
  U348/Q (NOR21)                                          0.48       7.28 f
  U216/Q (INV3)                                           0.29       7.57 r
  U215/Q (NOR21)                                          0.45       8.02 f
  U221/Q (NOR21)                                          0.62       8.63 r
  U220/Q (INV3)                                           0.13       8.76 f
  U169/Q (XOR21)                                          0.95       9.71 r
  U114/Q (NOR21)                                          0.69      10.40 f
  U99/Q (INV3)                                            0.37      10.76 r
  U98/Q (NOR21)                                           0.45      11.21 f
  U113/Q (INV3)                                           0.37      11.57 r
  U112/Q (NOR21)                                          0.45      12.02 f
  U153/Q (INV3)                                           0.37      12.38 r
  U152/Q (NOR21)                                          0.45      12.83 f
  U171/Q (XOR21)                                          0.93      13.76 r
  dp_cluster_0/add_1_root_sub_235_cf/U1_15/S (ADD32)      1.21      14.97 r
  dp_cluster_0/sub_0_root_sub_235_cf/U2_15/CO (ADD32)     0.54      15.51 r
  dp_cluster_0/sub_0_root_sub_235_cf/U2_16/CO (ADD32)     0.57      16.08 r
  U109/Q (NOR21)                                          0.37      16.45 f
  U108/Q (INV3)                                           0.35      16.80 r
  U95/Q (NOR21)                                           0.36      17.16 f
  U498/Q (INV3)                                           0.28      17.44 r
  U496/Q (XNR21)                                          0.66      18.10 f
  U495/Q (XNR21)                                          0.66      18.76 f
  U258/Q (NAND41)                                         0.65      19.41 r
  U254/Q (NOR40)                                          1.34      20.75 f
  U480/Q (AOI221)                                         0.90      21.64 r
  U479/Q (OAI2111)                                        0.24      21.88 f
  U478/Q (INV3)                                           0.35      22.22 r
  U477/Q (NAND22)                                         0.14      22.37 f
  U280/Q (BUF2)                                           0.84      23.21 f
  U299/Q (NOR21)                                          0.49      23.70 r
  local_counter1/o_count_reg[5]/D (DF3)                   0.00      23.70 r
  data arrival time                                                 23.70

  clock HCLK (rise edge)                                 40.00      40.00
  clock network delay (ideal)                             0.00      40.00
  clock uncertainty                                      -0.50      39.50
  local_counter1/o_count_reg[5]/C (DF3)                   0.00      39.50 r
  library setup time                                     -0.01      39.49
  data required time                                                39.49
  --------------------------------------------------------------------------
  data required time                                                39.49
  data arrival time                                                -23.70
  --------------------------------------------------------------------------
  slack (MET)                                                       15.79


  Startpoint: sig_reg_storage_reg[0]
              (rising edge-triggered flip-flop clocked by HCLK)
  Endpoint: local_counter1/o_count_reg[6]
            (rising edge-triggered flip-flop clocked by HCLK)
  Path Group: HCLK
  Path Type: max

  Des/Clust/Port     Wire Load Model       Library
  ------------------------------------------------
  send_ppm           10k                   c35_CORELIB_TYP

  Point                                                   Incr       Path
  --------------------------------------------------------------------------
  clock HCLK (rise edge)                                  0.00       0.00
  clock network delay (ideal)                             0.00       0.00
  sig_reg_storage_reg[0]/C (DFE1)                         0.00       0.00 r
  sig_reg_storage_reg[0]/QN (DFE1)                        2.24       2.24 r
  U481/Q (NOR21)                                          0.87       3.12 f
  U500/Q (NOR21)                                          0.67       3.79 r
  U499/Q (INV3)                                           0.19       3.98 f
  U539/Q (NOR21)                                          0.56       4.55 r
  U343/Q (NOR21)                                          0.61       5.15 f
  U368/Q (NOR21)                                          0.69       5.84 r
  U354/Q (NOR21)                                          0.62       6.46 f
  U349/Q (INV3)                                           0.33       6.80 r
  U348/Q (NOR21)                                          0.48       7.28 f
  U216/Q (INV3)                                           0.29       7.57 r
  U215/Q (NOR21)                                          0.45       8.02 f
  U221/Q (NOR21)                                          0.62       8.63 r
  U220/Q (INV3)                                           0.13       8.76 f
  U169/Q (XOR21)                                          0.95       9.71 r
  U114/Q (NOR21)                                          0.69      10.40 f
  U99/Q (INV3)                                            0.37      10.76 r
  U98/Q (NOR21)                                           0.45      11.21 f
  U113/Q (INV3)                                           0.37      11.57 r
  U112/Q (NOR21)                                          0.45      12.02 f
  U153/Q (INV3)                                           0.37      12.38 r
  U152/Q (NOR21)                                          0.45      12.83 f
  U171/Q (XOR21)                                          0.93      13.76 r
  dp_cluster_0/add_1_root_sub_235_cf/U1_15/S (ADD32)      1.21      14.97 r
  dp_cluster_0/sub_0_root_sub_235_cf/U2_15/CO (ADD32)     0.54      15.51 r
  dp_cluster_0/sub_0_root_sub_235_cf/U2_16/CO (ADD32)     0.57      16.08 r
  U109/Q (NOR21)                                          0.37      16.45 f
  U108/Q (INV3)                                           0.35      16.80 r
  U95/Q (NOR21)                                           0.36      17.16 f
  U498/Q (INV3)                                           0.28      17.44 r
  U496/Q (XNR21)                                          0.66      18.10 f
  U495/Q (XNR21)                                          0.66      18.76 f
  U258/Q (NAND41)                                         0.65      19.41 r
  U254/Q (NOR40)                                          1.34      20.75 f
  U480/Q (AOI221)                                         0.90      21.64 r
  U479/Q (OAI2111)                                        0.24      21.88 f
  U478/Q (INV3)                                           0.35      22.22 r
  U477/Q (NAND22)                                         0.14      22.37 f
  U280/Q (BUF2)                                           0.84      23.21 f
  U297/Q (NOR21)                                          0.49      23.70 r
  local_counter1/o_count_reg[6]/D (DF3)                   0.00      23.70 r
  data arrival time                                                 23.70

  clock HCLK (rise edge)                                 40.00      40.00
  clock network delay (ideal)                             0.00      40.00
  clock uncertainty                                      -0.50      39.50
  local_counter1/o_count_reg[6]/C (DF3)                   0.00      39.50 r
  library setup time                                     -0.01      39.49
  data required time                                                39.49
  --------------------------------------------------------------------------
  data required time                                                39.49
  data arrival time                                                -23.70
  --------------------------------------------------------------------------
  slack (MET)                                                       15.79


  Startpoint: sig_reg_storage_reg[0]
              (rising edge-triggered flip-flop clocked by HCLK)
  Endpoint: local_counter1/o_count_reg[7]
            (rising edge-triggered flip-flop clocked by HCLK)
  Path Group: HCLK
  Path Type: max

  Des/Clust/Port     Wire Load Model       Library
  ------------------------------------------------
  send_ppm           10k                   c35_CORELIB_TYP

  Point                                                   Incr       Path
  --------------------------------------------------------------------------
  clock HCLK (rise edge)                                  0.00       0.00
  clock network delay (ideal)                             0.00       0.00
  sig_reg_storage_reg[0]/C (DFE1)                         0.00       0.00 r
  sig_reg_storage_reg[0]/QN (DFE1)                        2.24       2.24 r
  U481/Q (NOR21)                                          0.87       3.12 f
  U500/Q (NOR21)                                          0.67       3.79 r
  U499/Q (INV3)                                           0.19       3.98 f
  U539/Q (NOR21)                                          0.56       4.55 r
  U343/Q (NOR21)                                          0.61       5.15 f
  U368/Q (NOR21)                                          0.69       5.84 r
  U354/Q (NOR21)                                          0.62       6.46 f
  U349/Q (INV3)                                           0.33       6.80 r
  U348/Q (NOR21)                                          0.48       7.28 f
  U216/Q (INV3)                                           0.29       7.57 r
  U215/Q (NOR21)                                          0.45       8.02 f
  U221/Q (NOR21)                                          0.62       8.63 r
  U220/Q (INV3)                                           0.13       8.76 f
  U169/Q (XOR21)                                          0.95       9.71 r
  U114/Q (NOR21)                                          0.69      10.40 f
  U99/Q (INV3)                                            0.37      10.76 r
  U98/Q (NOR21)                                           0.45      11.21 f
  U113/Q (INV3)                                           0.37      11.57 r
  U112/Q (NOR21)                                          0.45      12.02 f
  U153/Q (INV3)                                           0.37      12.38 r
  U152/Q (NOR21)                                          0.45      12.83 f
  U171/Q (XOR21)                                          0.93      13.76 r
  dp_cluster_0/add_1_root_sub_235_cf/U1_15/S (ADD32)      1.21      14.97 r
  dp_cluster_0/sub_0_root_sub_235_cf/U2_15/CO (ADD32)     0.54      15.51 r
  dp_cluster_0/sub_0_root_sub_235_cf/U2_16/CO (ADD32)     0.57      16.08 r
  U109/Q (NOR21)                                          0.37      16.45 f
  U108/Q (INV3)                                           0.35      16.80 r
  U95/Q (NOR21)                                           0.36      17.16 f
  U498/Q (INV3)                                           0.28      17.44 r
  U496/Q (XNR21)                                          0.66      18.10 f
  U495/Q (XNR21)                                          0.66      18.76 f
  U258/Q (NAND41)                                         0.65      19.41 r
  U254/Q (NOR40)                                          1.34      20.75 f
  U480/Q (AOI221)                                         0.90      21.64 r
  U479/Q (OAI2111)                                        0.24      21.88 f
  U478/Q (INV3)                                           0.35      22.22 r
  U477/Q (NAND22)                                         0.14      22.37 f
  U279/Q (BUF2)                                           0.84      23.21 f
  U295/Q (NOR21)                                          0.49      23.70 r
  local_counter1/o_count_reg[7]/D (DF3)                   0.00      23.70 r
  data arrival time                                                 23.70

  clock HCLK (rise edge)                                 40.00      40.00
  clock network delay (ideal)                             0.00      40.00
  clock uncertainty                                      -0.50      39.50
  local_counter1/o_count_reg[7]/C (DF3)                   0.00      39.50 r
  library setup time                                     -0.01      39.49
  data required time                                                39.49
  --------------------------------------------------------------------------
  data required time                                                39.49
  data arrival time                                                -23.70
  --------------------------------------------------------------------------
  slack (MET)                                                       15.79


1
