 
****************************************
Report : area
Design : send_ppm
Version: J-2014.09-SP2
Date   : Mon Jan 22 16:57:49 2018
****************************************

Library(s) Used:

    c35_CORELIB_TYP (File: /softslin/AMS_410_CDS/synopsys/c35_3.3V/c35_CORELIB_TYP.db)

Number of ports:                           35
Number of nets:                           942
Number of cells:                          788
Number of combinational cells:            709
Number of sequential cells:                79
Number of macros/black boxes:               0
Number of buf/inv:                        194
Number of references:                      21

Combinational area:              67412.800041
Buf/Inv area:                     7207.200272
Noncombinational area:           23478.000214
Macro/Black Box area:                0.000000
Net Interconnect area:           14319.000000

Total cell area:                 90890.800255
Total area:                     105209.800255
1
