
################################################################################
#
# This file has been generated by SpyGlass:
#     Report Name      : moresimple
#     Report Created by: xph3app602
#     Report Created on:  Thu Jan 11 11:55:53 2018
#     Working Directory: /tp/xph3app/xph3app602/projet_drone/SPYGLASS
#     SpyGlass Version : 5.6.0
#     Policy Name      : SpyGlass(5.6.0)
#                        clock-reset(5.6.0)
#                        latch(5.6.0)
#                        morelint(5.6.0)
#                        openmore(5.6.0)
#                        power_est(5.6.0)
#                        starc(5.6.0)
#                        timing(5.6.0)
#                        txv(5.6.0)
#
#     Total Number of Generated Messages :          9
#     Number of Waived Messages          :          0
#     Number of Reported Messages        :          9
#     Number of Overlimit Messages       :          0
#
#
################################################################################

+++++++++++++++++++++++++++++++++++++++++++++++++++++++++++++++++++++++
MORESIMPLE REPORT:
############### FATAL MESSAGES ############### 
+++++++++++++++++++++++++++++++++++++++++++++++++++++++++++++++++++++++++++++++++
ID       Rule         Alias        Severity    File                                                          Line    Wt      Message
======================================================================================
[2]      STX_VH_11    STX_VH_11    Syntax      /tp/xph3app/xph3app602/projet_drone/VHD/local_counter.vhd     13      1000    Use of undeclared identifier 'const_vector_size'
[5]      STX_VH_11    STX_VH_11    Syntax      /tp/xph3app/xph3app602/projet_drone/VHD/global_counter.vhd    12      1000    Use of undeclared identifier 'const_vector_size'
[8]      STX_VH_11    STX_VH_11    Syntax      /tp/xph3app/xph3app602/projet_drone/VHD/send_ppm.vhd          29      1000    Use of undeclared identifier 'const_vector_size'
+++++++++++++++++++++++++++++++++++++++++++++++++++++++++++++++++++++++++++++++++++++++


############### BuiltIn -> RuleGroup=Design Read ###############
+++++++++++++++++++++++++++++++++++++++++++++++++++++++++++++++++++++++++++++++++++++++
ID       Rule       Alias      Severity       File                                                          Line    Wt      Message
======================================================================================
[3]      WRN_261    WRN_261    LangWarning    /tp/xph3app/xph3app602/projet_drone/VHD/global_counter.vhd    6       1000    Missing logical to physical mapping for logical library 'LIB_VHD'; Please provide it via set_option lib <logical_library_name> <library_path>
[0]      WRN_261    WRN_261    LangWarning    /tp/xph3app/xph3app602/projet_drone/VHD/local_counter.vhd     6       1000    Missing logical to physical mapping for logical library 'LIB_VHD'; Please provide it via set_option lib <logical_library_name> <library_path>
[6]      WRN_261    WRN_261    LangWarning    /tp/xph3app/xph3app602/projet_drone/VHD/send_ppm.vhd          7       1000    Missing logical to physical mapping for logical library 'LIB_VHD'; Please provide it via set_option lib <logical_library_name> <library_path>
[4]      WRN_384    WRN_384    LangWarning    /tp/xph3app/xph3app602/projet_drone/VHD/global_counter.vhd    7       1000    LIB_VHD does not denote a library or package
[1]      WRN_384    WRN_384    LangWarning    /tp/xph3app/xph3app602/projet_drone/VHD/local_counter.vhd     7       1000    LIB_VHD does not denote a library or package
[7]      WRN_384    WRN_384    LangWarning    /tp/xph3app/xph3app602/projet_drone/VHD/send_ppm.vhd          8       1000    LIB_VHD does not denote a library or package
+++++++++++++++++++++++++++++++++++++++++++++++++++++++++++++++++++++++++++++++++++++++
