
################################################################################
#
# This file has been generated by SpyGlass:
#     Report Name      : moresimple
#     Report Created by: xph3app602
#     Report Created on:  Thu Jan 18 12:05:09 2018
#     Working Directory: /tp/xph3app/xph3app602/projet_drone/SPYGLASS/script
#     SpyGlass Version : 5.6.0
#     Policy Name      : SpyGlass(5.6.0)
#                        erc(5.6.0)
#                        latch(5.6.0)
#                        lint(5.6.0)
#                        morelint(5.6.0)
#                        openmore(5.6.0)
#                        simulation(5.6.0)
#                        starc(5.6.0)
#                        starc2005(5.6.0)
#                        timing(5.6.0)
#
#     Total Number of Generated Messages :          6
#     Number of Waived Messages          :          0
#     Number of Reported Messages        :          6
#     Number of Overlimit Messages       :          0
#
#
################################################################################

+++++++++++++++++++++++++++++++++++++++++++++++++++++++++++++++++++++++
MORESIMPLE REPORT:


############### BuiltIn -> RuleGroup=Command-line read ###############
+++++++++++++++++++++++++++++++++++++++++++++++++++++++++++++++++++++++++++++++++++++++
ID       Rule                Alias               Severity    File    Line    Wt    Message
======================================================================================
[3]      HdlLibDuCheck_03    HdlLibDuCheck_03    Info        N.A.    0       10    No need to set option 'hdllibdu' since no precompiled design unit is being used in current run
+++++++++++++++++++++++++++++++++++++++++++++++++++++++++++++++++++++++++++++++++++++++


############### BuiltIn -> RuleGroup=Design Read ###############
+++++++++++++++++++++++++++++++++++++++++++++++++++++++++++++++++++++++++++++++++++++++
ID       Rule                    Alias                   Severity    File                                                                     Line    Wt    Message
======================================================================================
[1]      DetectTopDesignUnits    DetectTopDesignUnits    Info        ../../../DE1_SOC_CAMERA_IP_Vhdl/vhdl/image_process.vhd                   33      2     Architecture image_process.rtl is a top level design unit
[2]      DetectTopDesignUnits    DetectTopDesignUnits    Info        ../../../DE1_SOC_CAMERA_IP_Vhdl/vhdl/position.vhd                        30      2     Architecture position.det is a top level design unit
[0]      ElabSummary             ElabSummary             Info        ./spyglass-1/lint/lint_rtl/spyglass_reports/SpyGlass/elab_summary.rpt    0       2     Please refer file './spyglass-1/lint/lint_rtl/spyglass_reports/SpyGlass/elab_summary.rpt' for elab summary report
+++++++++++++++++++++++++++++++++++++++++++++++++++++++++++++++++++++++++++++++++++++++


############### Non-BuiltIn -> Goal=lint/lint_rtl ###############
+++++++++++++++++++++++++++++++++++++++++++++++++++++++++++++++++++++++++++++++++++++++
ID       Rule    Alias    Severity    File                                                      Line    Wt    Message
======================================================================================
[5]      W240             Warning     ../../../DE1_SOC_CAMERA_IP_Vhdl/vhdl/image_process.vhd    18      2     Not all the elements of in port 'VGA_HS' are read. [Hierarchy: ':image_process(rtl):']
[6]      W240             Warning     ../../../DE1_SOC_CAMERA_IP_Vhdl/vhdl/image_process.vhd    19      2     Not all the elements of in port 'VGA_VS' are read. [Hierarchy: ':image_process(rtl):']
+++++++++++++++++++++++++++++++++++++++++++++++++++++++++++++++++++++++++++++++++++++++
