
################################################################################
#
# This file has been generated by SpyGlass:
#     Report Name      : no_msg_reporting_rules
#     Report Created by: xph3app602
#     Report Created on:  Thu Jan 18 12:05:09 2018
#     Working Directory: /tp/xph3app/xph3app602/projet_drone/SPYGLASS/script
#     SpyGlass Version : 5.6.0
#     Policy Name      : SpyGlass(5.6.0)
#                        erc(5.6.0)
#                        latch(5.6.0)
#                        lint(5.6.0)
#                        morelint(5.6.0)
#                        openmore(5.6.0)
#                        simulation(5.6.0)
#                        starc(5.6.0)
#                        starc2005(5.6.0)
#                        timing(5.6.0)
#
#     Total Number of Generated Messages :          6
#     Number of Waived Messages          :          0
#     Number of Reported Messages        :          6
#     Number of Overlimit Messages       :          0
#
#
################################################################################

NO VIOLATION RULE REPORT :
++++++++++++++++++++++++++++++++++++++++++++++++++++++++++++++++++++++++++++++++

Following rules did not produce any violation or waived off during spyglass run

++++++++++++++++++++++++++++++++++++++++++++++++++++++++++++++++++++++++++++++++


================================================================================
	INDEX                                   RULE-NAME
================================================================================
	1                                  BlockHeader
	2                                  BufClock
	3                                  CheckDelayTimescale-ML
	4                                  CombLoop
	5                                  DuplicateCaseLabel-ML
	6                                  LatchFeedback
	7                                  NoAssignX-ML
	8                                  NoXInCase-ML
	9                                  ParamWidthMismatch-ML
	10                                 STARC05-1.2.1.2
	11                                 STARC05-1.3.1.3
	12                                 STARC05-2.1.3.1
	13                                 STARC05-2.1.4.5
	14                                 STARC05-2.1.5.3
	15                                 STARC05-2.1.6.5
	16                                 STARC05-2.10.2.3
	17                                 STARC05-2.11.3.1
	18                                 STARC05-2.2.3.3
	19                                 STARC05-2.3.1.2c
	20                                 STARC05-2.3.1.5b
	21                                 STARC05-2.3.1.6
	22                                 STARC05-2.3.4.1v
	23                                 STARC05-2.4.1.5
	24                                 STARC05-2.5.1.2
	25                                 STARC05-2.5.1.7
	26                                 STARC05-2.5.1.9
	27                                 UndrivenInTerm-ML
	28                                 W110
	29                                 W110a
	30                                 W116
	31                                 W122
	32                                 W123
	33                                 W19
	34                                 W215
	35                                 W216
	36                                 W218
	37                                 W263
	38                                 W289
	39                                 W292
	40                                 W293
	41                                 W317
	42                                 W336
	43                                 W337
	44                                 W352
	45                                 W362
	46                                 W392
	47                                 W398
	48                                 W414
	49                                 W415
	50                                 W416
	51                                 W421
	52                                 W422
	53                                 W424
	54                                 W426
	55                                 W442a
	56                                 W442b
	57                                 W442c
	58                                 W442f
	59                                 W450L
	60                                 W467
	61                                 W480
	62                                 W481a
	63                                 W481b
	64                                 W486
	65                                 W496a
	66                                 W496b
	67                                 W499
	68                                 W502
	69                                 W505
	70                                 W66
	71                                 W71
	72                                 badimplicitSM1
	73                                 badimplicitSM2
	74                                 badimplicitSM4
	75                                 bothedges
	76                                 sim_race02
================================================================================
