Flow report for CAMERA_IP_512x512
Thu Oct 26 09:23:16 2017
Quartus II 64-Bit Version 14.0.0 Build 200 06/17/2014 SJ Full Version


---------------------
; Table of Contents ;
---------------------
  1. Legal Notice
  2. Flow Summary
  3. Flow Settings
  4. Flow Non-Default Global Settings
  5. Flow Elapsed Time
  6. Flow OS Summary
  7. Flow Log
  8. Flow Messages
  9. Flow Suppressed Messages



----------------
; Legal Notice ;
----------------
Copyright (C) 1991-2014 Altera Corporation. All rights reserved.
Your use of Altera Corporation's design tools, logic functions 
and other software and tools, and its AMPP partner logic 
functions, and any output files from any of the foregoing 
(including device programming or simulation files), and any 
associated documentation or information are expressly subject 
to the terms and conditions of the Altera Program License 
Subscription Agreement, the Altera Quartus II License Agreement,
the Altera MegaCore Function License Agreement, or other 
applicable license agreement, including, without limitation, 
that your use is for the sole purpose of programming logic 
devices manufactured by Altera and sold by Altera or its 
authorized distributors.  Please refer to the applicable 
agreement for further details.



+-------------------------------------------------------------------------------+
; Flow Summary                                                                  ;
+---------------------------------+---------------------------------------------+
; Flow Status                     ; Successful - Thu Oct 26 09:23:16 2017       ;
; Quartus II 64-Bit Version       ; 14.0.0 Build 200 06/17/2014 SJ Full Version ;
; Revision Name                   ; CAMERA_IP_512x512                           ;
; Top-level Entity Name           ; TOP_D5M_IP                                  ;
; Family                          ; Cyclone V                                   ;
; Device                          ; 5CSEMA5F31C6                                ;
; Timing Models                   ; Final                                       ;
; Logic utilization (in ALMs)     ; 411 / 32,070 ( 1 % )                        ;
; Total registers                 ; 409                                         ;
; Total pins                      ; 76 / 457 ( 17 % )                           ;
; Total virtual pins              ; 0                                           ;
; Total block memory bits         ; 2,127,824 / 4,065,280 ( 52 % )              ;
; Total DSP Blocks                ; 0 / 87 ( 0 % )                              ;
; Total HSSI RX PCSs              ; 0                                           ;
; Total HSSI PMA RX Deserializers ; 0                                           ;
; Total HSSI TX PCSs              ; 0                                           ;
; Total HSSI PMA TX Serializers   ; 0                                           ;
; Total PLLs                      ; 1 / 6 ( 17 % )                              ;
; Total DLLs                      ; 0 / 4 ( 0 % )                               ;
+---------------------------------+---------------------------------------------+


+-----------------------------------------+
; Flow Settings                           ;
+-------------------+---------------------+
; Option            ; Setting             ;
+-------------------+---------------------+
; Start date & time ; 10/26/2017 09:19:09 ;
; Main task         ; Compilation         ;
; Revision Name     ; CAMERA_IP_512x512   ;
+-------------------+---------------------+


+-----------------------------------------------------------------------------------------------------------------------+
; Flow Non-Default Global Settings                                                                                      ;
+-------------------------------------+------------------------------+-------------------+-------------+----------------+
; Assignment Name                     ; Value                        ; Default Value     ; Entity Name ; Section Id     ;
+-------------------------------------+------------------------------+-------------------+-------------+----------------+
; COMPILER_SIGNATURE_ID               ; 144339962616.150900234908191 ; --                ; --          ; --             ;
; EDA_OUTPUT_DATA_FORMAT              ; Vhdl                         ; --                ; --          ; eda_simulation ;
; EDA_SIMULATION_TOOL                 ; ModelSim-Altera (VHDL)       ; <None>            ; --          ; --             ;
; IP_GENERATED_DEVICE_FAMILY          ; {Cyclone II}                 ; --                ; --          ; --             ;
; IP_TOOL_NAME                        ; Shift register (RAM-based)   ; --                ; --          ; --             ;
; IP_TOOL_VERSION                     ; 14.0                         ; --                ; --          ; --             ;
; MAX_CORE_JUNCTION_TEMP              ; 85                           ; --                ; --          ; --             ;
; MIN_CORE_JUNCTION_TEMP              ; 0                            ; --                ; --          ; --             ;
; MISC_FILE                           ; verilog/Line_Buffer.bsf      ; --                ; --          ; --             ;
; PARTITION_COLOR                     ; 16764057                     ; --                ; TOP_D5M_IP  ; Top            ;
; PARTITION_FITTER_PRESERVATION_LEVEL ; PLACEMENT_AND_ROUTING        ; --                ; TOP_D5M_IP  ; Top            ;
; PARTITION_NETLIST_TYPE              ; SOURCE                       ; --                ; TOP_D5M_IP  ; Top            ;
; PROJECT_OUTPUT_DIRECTORY            ; output_files                 ; --                ; --          ; --             ;
; TOP_LEVEL_ENTITY                    ; TOP_D5M_IP                   ; CAMERA_IP_512x512 ; --          ; --             ;
+-------------------------------------+------------------------------+-------------------+-------------+----------------+


+-------------------------------------------------------------------------------------------------------------------------------+
; Flow Elapsed Time                                                                                                             ;
+---------------------------+--------------+-------------------------+---------------------+------------------------------------+
; Module Name               ; Elapsed Time ; Average Processors Used ; Peak Virtual Memory ; Total CPU Time (on all processors) ;
+---------------------------+--------------+-------------------------+---------------------+------------------------------------+
; Analysis & Synthesis      ; 00:00:10     ; 1.0                     ; 904 MB              ; 00:00:07                           ;
; Fitter                    ; 00:02:27     ; 1.5                     ; 1828 MB             ; 00:03:12                           ;
; Assembler                 ; 00:00:20     ; 1.0                     ; 865 MB              ; 00:00:19                           ;
; TimeQuest Timing Analyzer ; 00:00:40     ; 1.5                     ; 1166 MB             ; 00:00:53                           ;
; EDA Netlist Writer        ; 00:00:04     ; 1.0                     ; 1142 MB             ; 00:00:04                           ;
; Total                     ; 00:03:41     ; --                      ; --                  ; 00:04:35                           ;
+---------------------------+--------------+-------------------------+---------------------+------------------------------------+


+---------------------------------------------------------------------------------------------+
; Flow OS Summary                                                                             ;
+---------------------------+------------------+----------------+------------+----------------+
; Module Name               ; Machine Hostname ; OS Name        ; OS Version ; Processor type ;
+---------------------------+------------------+----------------+------------+----------------+
; Analysis & Synthesis      ; cimepc66         ; CentOS release ; 7          ; x86_64         ;
; Fitter                    ; cimepc66         ; CentOS release ; 7          ; x86_64         ;
; Assembler                 ; cimepc66         ; CentOS release ; 7          ; x86_64         ;
; TimeQuest Timing Analyzer ; cimepc66         ; CentOS release ; 7          ; x86_64         ;
; EDA Netlist Writer        ; cimepc66         ; CentOS release ; 7          ; x86_64         ;
+---------------------------+------------------+----------------+------------+----------------+


------------
; Flow Log ;
------------
quartus_map --read_settings_files=on --write_settings_files=off CAMERA_IP_512x512 -c CAMERA_IP_512x512
quartus_fit --read_settings_files=off --write_settings_files=off CAMERA_IP_512x512 -c CAMERA_IP_512x512
quartus_asm --read_settings_files=off --write_settings_files=off CAMERA_IP_512x512 -c CAMERA_IP_512x512
quartus_sta CAMERA_IP_512x512 -c CAMERA_IP_512x512
quartus_eda --read_settings_files=off --write_settings_files=off CAMERA_IP_512x512 -c CAMERA_IP_512x512



