Assembler report for CAMERA_IP_512x512
Mon Jan  8 12:14:21 2018
Quartus II 64-Bit Version 14.0.0 Build 200 06/17/2014 SJ Full Version


---------------------
; Table of Contents ;
---------------------
  1. Legal Notice
  2. Assembler Summary
  3. Assembler Settings
  4. Assembler Generated Files
  5. Assembler Device Options: CAMERA_IP_512x512.sof
  6. Assembler Messages



----------------
; Legal Notice ;
----------------
Copyright (C) 1991-2014 Altera Corporation. All rights reserved.
Your use of Altera Corporation's design tools, logic functions 
and other software and tools, and its AMPP partner logic 
functions, and any output files from any of the foregoing 
(including device programming or simulation files), and any 
associated documentation or information are expressly subject 
to the terms and conditions of the Altera Program License 
Subscription Agreement, the Altera Quartus II License Agreement,
the Altera MegaCore Function License Agreement, or other 
applicable license agreement, including, without limitation, 
that your use is for the sole purpose of programming logic 
devices manufactured by Altera and sold by Altera or its 
authorized distributors.  Please refer to the applicable 
agreement for further details.



+---------------------------------------------------------------+
; Assembler Summary                                             ;
+-----------------------+---------------------------------------+
; Assembler Status      ; Successful - Mon Jan  8 12:14:21 2018 ;
; Revision Name         ; CAMERA_IP_512x512                     ;
; Top-level Entity Name ; TOP_D5M_IP                            ;
; Family                ; Cyclone V                             ;
; Device                ; 5CSEMA5F31C6                          ;
+-----------------------+---------------------------------------+


+----------------------------------+
; Assembler Settings               ;
+--------+---------+---------------+
; Option ; Setting ; Default Value ;
+--------+---------+---------------+


+---------------------------+
; Assembler Generated Files ;
+---------------------------+
; File Name                 ;
+---------------------------+
; CAMERA_IP_512x512.sof     ;
+---------------------------+


+-------------------------------------------------+
; Assembler Device Options: CAMERA_IP_512x512.sof ;
+----------------+--------------------------------+
; Option         ; Setting                        ;
+----------------+--------------------------------+
; Device         ; 5CSEMA5F31C6                   ;
; JTAG usercode  ; 0x00B5EA30                     ;
; Checksum       ; 0x00B5EA30                     ;
+----------------+--------------------------------+


+--------------------+
; Assembler Messages ;
+--------------------+
Info: *******************************************************************
Info: Running Quartus II 64-Bit Assembler
    Info: Version 14.0.0 Build 200 06/17/2014 SJ Full Version
    Info: Processing started: Mon Jan  8 12:14:04 2018
Info: Command: quartus_asm --read_settings_files=off --write_settings_files=off CAMERA_IP_512x512 -c CAMERA_IP_512x512
Info (115030): Assembler is generating device programming files
Info: Quartus II 64-Bit Assembler was successful. 0 errors, 0 warnings
    Info: Peak virtual memory: 852 megabytes
    Info: Processing ended: Mon Jan  8 12:14:21 2018
    Info: Elapsed time: 00:00:17
    Info: Total CPU time (on all processors): 00:00:15


