 
****************************************
Report : cell
Design : send_ppm
Version: J-2014.09-SP2
Date   : Mon Jan 22 16:55:01 2018
****************************************

Attributes:
    b - black box (unknown)
    h - hierarchical
   mo - map_only
    n - noncombinational
    r - removable
    u - contains unmapped logic

Cell                      Reference       Library             Area  Attributes
--------------------------------------------------------------------------------
U123                      NOR22           c35_CORELIB_TYP 72.800003 
U124                      NAND22          c35_CORELIB_TYP 54.599998 
U125                      NAND42          c35_CORELIB_TYP 145.600006
U126                      NOR32           c35_CORELIB_TYP 91.000000 
U127                      INV3            c35_CORELIB_TYP 36.400002 
U128                      INV3            c35_CORELIB_TYP 36.400002 
U129                      NOR20           c35_CORELIB_TYP 54.599998 
U130                      NOR21           c35_CORELIB_TYP 54.599998 
U131                      NOR21           c35_CORELIB_TYP 54.599998 
U132                      NOR21           c35_CORELIB_TYP 54.599998 
U133                      NOR21           c35_CORELIB_TYP 54.599998 
U134                      XNR21           c35_CORELIB_TYP 109.199997
U135                      NOR21           c35_CORELIB_TYP 54.599998 
U136                      XNR20           c35_CORELIB_TYP 109.199997
U137                      XNR20           c35_CORELIB_TYP 109.199997
U138                      INV3            c35_CORELIB_TYP 36.400002 
U139                      NOR20           c35_CORELIB_TYP 54.599998 
U140                      XNR21           c35_CORELIB_TYP 109.199997
U141                      INV3            c35_CORELIB_TYP 36.400002 
U142                      NOR21           c35_CORELIB_TYP 54.599998 
U143                      INV3            c35_CORELIB_TYP 36.400002 
U144                      NOR20           c35_CORELIB_TYP 54.599998 
U145                      XNR20           c35_CORELIB_TYP 109.199997
U146                      NOR21           c35_CORELIB_TYP 54.599998 
U147                      INV3            c35_CORELIB_TYP 36.400002 
U148                      XOR21           c35_CORELIB_TYP 127.400002
U149                      XOR21           c35_CORELIB_TYP 127.400002
U150                      NOR21           c35_CORELIB_TYP 54.599998 
U151                      INV3            c35_CORELIB_TYP 36.400002 
U152                      INV3            c35_CORELIB_TYP 36.400002 
U153                      NOR21           c35_CORELIB_TYP 54.599998 
U154                      INV3            c35_CORELIB_TYP 36.400002 
U155                      INV3            c35_CORELIB_TYP 36.400002 
U156                      NOR21           c35_CORELIB_TYP 54.599998 
U157                      INV3            c35_CORELIB_TYP 36.400002 
U158                      NOR21           c35_CORELIB_TYP 54.599998 
U159                      INV3            c35_CORELIB_TYP 36.400002 
U160                      INV3            c35_CORELIB_TYP 36.400002 
U161                      INV3            c35_CORELIB_TYP 36.400002 
U162                      NOR21           c35_CORELIB_TYP 54.599998 
U163                      NOR21           c35_CORELIB_TYP 54.599998 
U164                      INV3            c35_CORELIB_TYP 36.400002 
U165                      XOR21           c35_CORELIB_TYP 127.400002
U166                      XOR21           c35_CORELIB_TYP 127.400002
U167                      XOR21           c35_CORELIB_TYP 127.400002
U168                      XOR21           c35_CORELIB_TYP 127.400002
U169                      XNR21           c35_CORELIB_TYP 109.199997
U170                      XOR21           c35_CORELIB_TYP 127.400002
U171                      XNR21           c35_CORELIB_TYP 109.199997
U172                      INV3            c35_CORELIB_TYP 36.400002 
U173                      NOR21           c35_CORELIB_TYP 54.599998 
U174                      XNR21           c35_CORELIB_TYP 109.199997
U175                      XNR21           c35_CORELIB_TYP 109.199997
U176                      XOR21           c35_CORELIB_TYP 127.400002
U177                      XOR21           c35_CORELIB_TYP 127.400002
U178                      XOR21           c35_CORELIB_TYP 127.400002
U179                      XOR21           c35_CORELIB_TYP 127.400002
U180                      XOR21           c35_CORELIB_TYP 127.400002
U181                      XOR21           c35_CORELIB_TYP 127.400002
U182                      XOR21           c35_CORELIB_TYP 127.400002
U183                      XOR21           c35_CORELIB_TYP 127.400002
U184                      XOR21           c35_CORELIB_TYP 127.400002
U185                      XOR21           c35_CORELIB_TYP 127.400002
U186                      XNR21           c35_CORELIB_TYP 109.199997
U187                      XNR21           c35_CORELIB_TYP 109.199997
U188                      XNR21           c35_CORELIB_TYP 109.199997
U189                      XNR21           c35_CORELIB_TYP 109.199997
U190                      NOR21           c35_CORELIB_TYP 54.599998 
U191                      INV3            c35_CORELIB_TYP 36.400002 
U192                      INV3            c35_CORELIB_TYP 36.400002 
U193                      NOR21           c35_CORELIB_TYP 54.599998 
U194                      INV3            c35_CORELIB_TYP 36.400002 
U195                      NOR21           c35_CORELIB_TYP 54.599998 
U196                      INV3            c35_CORELIB_TYP 36.400002 
U197                      INV3            c35_CORELIB_TYP 36.400002 
U198                      NOR21           c35_CORELIB_TYP 54.599998 
U199                      INV3            c35_CORELIB_TYP 36.400002 
U200                      INV3            c35_CORELIB_TYP 36.400002 
U201                      NOR21           c35_CORELIB_TYP 54.599998 
U202                      INV3            c35_CORELIB_TYP 36.400002 
U203                      INV3            c35_CORELIB_TYP 36.400002 
U204                      NOR21           c35_CORELIB_TYP 54.599998 
U205                      INV3            c35_CORELIB_TYP 36.400002 
U206                      INV3            c35_CORELIB_TYP 36.400002 
U207                      INV3            c35_CORELIB_TYP 36.400002 
U208                      NOR21           c35_CORELIB_TYP 54.599998 
U209                      NOR21           c35_CORELIB_TYP 54.599998 
U210                      INV3            c35_CORELIB_TYP 36.400002 
U211                      NOR21           c35_CORELIB_TYP 54.599998 
U212                      INV3            c35_CORELIB_TYP 36.400002 
U213                      NOR21           c35_CORELIB_TYP 54.599998 
U214                      INV3            c35_CORELIB_TYP 36.400002 
U215                      NOR21           c35_CORELIB_TYP 54.599998 
U216                      INV3            c35_CORELIB_TYP 36.400002 
U217                      NOR21           c35_CORELIB_TYP 54.599998 
U218                      INV3            c35_CORELIB_TYP 36.400002 
U219                      INV3            c35_CORELIB_TYP 36.400002 
U220                      NOR21           c35_CORELIB_TYP 54.599998 
U221                      INV3            c35_CORELIB_TYP 36.400002 
U222                      INV3            c35_CORELIB_TYP 36.400002 
U223                      NOR21           c35_CORELIB_TYP 54.599998 
U224                      INV3            c35_CORELIB_TYP 36.400002 
U225                      INV3            c35_CORELIB_TYP 36.400002 
U226                      NOR21           c35_CORELIB_TYP 54.599998 
U227                      INV3            c35_CORELIB_TYP 36.400002 
U228                      INV3            c35_CORELIB_TYP 36.400002 
U229                      INV3            c35_CORELIB_TYP 36.400002 
U230                      NOR21           c35_CORELIB_TYP 54.599998 
U231                      XOR21           c35_CORELIB_TYP 127.400002
U232                      INV3            c35_CORELIB_TYP 36.400002 
U233                      NOR21           c35_CORELIB_TYP 54.599998 
U234                      NOR21           c35_CORELIB_TYP 54.599998 
U235                      INV3            c35_CORELIB_TYP 36.400002 
U236                      INV3            c35_CORELIB_TYP 36.400002 
U237                      NOR21           c35_CORELIB_TYP 54.599998 
U238                      INV3            c35_CORELIB_TYP 36.400002 
U239                      INV3            c35_CORELIB_TYP 36.400002 
U240                      NOR21           c35_CORELIB_TYP 54.599998 
U241                      INV3            c35_CORELIB_TYP 36.400002 
U242                      INV3            c35_CORELIB_TYP 36.400002 
U243                      NOR21           c35_CORELIB_TYP 54.599998 
U244                      INV3            c35_CORELIB_TYP 36.400002 
U245                      INV3            c35_CORELIB_TYP 36.400002 
U246                      INV3            c35_CORELIB_TYP 36.400002 
U247                      NOR21           c35_CORELIB_TYP 54.599998 
U248                      INV3            c35_CORELIB_TYP 36.400002 
U249                      NOR21           c35_CORELIB_TYP 54.599998 
U250                      INV3            c35_CORELIB_TYP 36.400002 
U251                      NOR21           c35_CORELIB_TYP 54.599998 
U252                      INV3            c35_CORELIB_TYP 36.400002 
U253                      NOR21           c35_CORELIB_TYP 54.599998 
U254                      INV3            c35_CORELIB_TYP 36.400002 
U255                      NOR21           c35_CORELIB_TYP 54.599998 
U256                      XOR21           c35_CORELIB_TYP 127.400002
U257                      XOR21           c35_CORELIB_TYP 127.400002
U258                      XOR21           c35_CORELIB_TYP 127.400002
U259                      XOR21           c35_CORELIB_TYP 127.400002
U260                      XNR21           c35_CORELIB_TYP 109.199997
U261                      XNR21           c35_CORELIB_TYP 109.199997
U262                      XOR21           c35_CORELIB_TYP 127.400002
U263                      XOR21           c35_CORELIB_TYP 127.400002
U264                      XNR21           c35_CORELIB_TYP 109.199997
U265                      XNR21           c35_CORELIB_TYP 109.199997
U266                      INV3            c35_CORELIB_TYP 36.400002 
U267                      NOR21           c35_CORELIB_TYP 54.599998 
U268                      XNR21           c35_CORELIB_TYP 109.199997
U269                      XOR21           c35_CORELIB_TYP 127.400002
U270                      XNR21           c35_CORELIB_TYP 109.199997
U271                      XNR21           c35_CORELIB_TYP 109.199997
U272                      INV3            c35_CORELIB_TYP 36.400002 
U273                      INV3            c35_CORELIB_TYP 36.400002 
U274                      INV3            c35_CORELIB_TYP 36.400002 
U275                      INV3            c35_CORELIB_TYP 36.400002 
U276                      XOR21           c35_CORELIB_TYP 127.400002
U277                      XOR21           c35_CORELIB_TYP 127.400002
U278                      XOR21           c35_CORELIB_TYP 127.400002
U279                      XOR21           c35_CORELIB_TYP 127.400002
U280                      XOR21           c35_CORELIB_TYP 127.400002
U281                      XOR21           c35_CORELIB_TYP 127.400002
U282                      XOR21           c35_CORELIB_TYP 127.400002
U283                      XOR21           c35_CORELIB_TYP 127.400002
U284                      XOR21           c35_CORELIB_TYP 127.400002
U285                      XOR21           c35_CORELIB_TYP 127.400002
U286                      XOR21           c35_CORELIB_TYP 127.400002
U287                      XNR21           c35_CORELIB_TYP 109.199997
U288                      XNR21           c35_CORELIB_TYP 109.199997
U289                      NOR21           c35_CORELIB_TYP 54.599998 
U290                      INV3            c35_CORELIB_TYP 36.400002 
U291                      INV3            c35_CORELIB_TYP 36.400002 
U292                      NOR21           c35_CORELIB_TYP 54.599998 
U293                      INV3            c35_CORELIB_TYP 36.400002 
U294                      INV3            c35_CORELIB_TYP 36.400002 
U295                      NOR21           c35_CORELIB_TYP 54.599998 
U296                      INV3            c35_CORELIB_TYP 36.400002 
U297                      NOR21           c35_CORELIB_TYP 54.599998 
U298                      INV3            c35_CORELIB_TYP 36.400002 
U299                      NOR21           c35_CORELIB_TYP 54.599998 
U300                      INV3            c35_CORELIB_TYP 36.400002 
U301                      NOR21           c35_CORELIB_TYP 54.599998 
U302                      INV3            c35_CORELIB_TYP 36.400002 
U303                      XOR21           c35_CORELIB_TYP 127.400002
U304                      XOR21           c35_CORELIB_TYP 127.400002
U305                      XOR21           c35_CORELIB_TYP 127.400002
U306                      NOR21           c35_CORELIB_TYP 54.599998 
U307                      INV3            c35_CORELIB_TYP 36.400002 
U308                      INV3            c35_CORELIB_TYP 36.400002 
U309                      NOR21           c35_CORELIB_TYP 54.599998 
U310                      INV3            c35_CORELIB_TYP 36.400002 
U311                      INV3            c35_CORELIB_TYP 36.400002 
U312                      NOR21           c35_CORELIB_TYP 54.599998 
U313                      INV3            c35_CORELIB_TYP 36.400002 
U314                      INV3            c35_CORELIB_TYP 36.400002 
U315                      NOR21           c35_CORELIB_TYP 54.599998 
U316                      INV3            c35_CORELIB_TYP 36.400002 
U317                      INV3            c35_CORELIB_TYP 36.400002 
U318                      NOR21           c35_CORELIB_TYP 54.599998 
U319                      INV3            c35_CORELIB_TYP 36.400002 
U320                      NOR21           c35_CORELIB_TYP 54.599998 
U321                      INV3            c35_CORELIB_TYP 36.400002 
U322                      NOR21           c35_CORELIB_TYP 54.599998 
U323                      INV3            c35_CORELIB_TYP 36.400002 
U324                      NOR21           c35_CORELIB_TYP 54.599998 
U325                      INV3            c35_CORELIB_TYP 36.400002 
U326                      XOR21           c35_CORELIB_TYP 127.400002
U327                      XOR21           c35_CORELIB_TYP 127.400002
U328                      INV3            c35_CORELIB_TYP 36.400002 
U329                      NOR21           c35_CORELIB_TYP 54.599998 
U330                      INV3            c35_CORELIB_TYP 36.400002 
U331                      NOR21           c35_CORELIB_TYP 54.599998 
U332                      XNR21           c35_CORELIB_TYP 109.199997
U333                      INV3            c35_CORELIB_TYP 36.400002 
U334                      NOR21           c35_CORELIB_TYP 54.599998 
U335                      INV3            c35_CORELIB_TYP 36.400002 
U336                      NOR21           c35_CORELIB_TYP 54.599998 
U337                      INV3            c35_CORELIB_TYP 36.400002 
U338                      NOR21           c35_CORELIB_TYP 54.599998 
U339                      INV3            c35_CORELIB_TYP 36.400002 
U340                      NOR21           c35_CORELIB_TYP 54.599998 
U341                      NOR21           c35_CORELIB_TYP 54.599998 
U342                      INV3            c35_CORELIB_TYP 36.400002 
U343                      INV3            c35_CORELIB_TYP 36.400002 
U344                      NOR21           c35_CORELIB_TYP 54.599998 
U345                      INV3            c35_CORELIB_TYP 36.400002 
U346                      INV3            c35_CORELIB_TYP 36.400002 
U347                      NOR21           c35_CORELIB_TYP 54.599998 
U348                      INV3            c35_CORELIB_TYP 36.400002 
U349                      INV3            c35_CORELIB_TYP 36.400002 
U350                      NOR21           c35_CORELIB_TYP 54.599998 
U351                      INV3            c35_CORELIB_TYP 36.400002 
U352                      INV3            c35_CORELIB_TYP 36.400002 
U353                      XNR21           c35_CORELIB_TYP 109.199997
U354                      XNR21           c35_CORELIB_TYP 109.199997
U355                      XNR21           c35_CORELIB_TYP 109.199997
U356                      XNR21           c35_CORELIB_TYP 109.199997
U357                      NOR21           c35_CORELIB_TYP 54.599998 
U358                      XOR21           c35_CORELIB_TYP 127.400002
U359                      XOR21           c35_CORELIB_TYP 127.400002
U360                      XOR21           c35_CORELIB_TYP 127.400002
U361                      XOR21           c35_CORELIB_TYP 127.400002
U362                      XOR21           c35_CORELIB_TYP 127.400002
U363                      XNR21           c35_CORELIB_TYP 109.199997
U364                      XOR21           c35_CORELIB_TYP 127.400002
U365                      XOR21           c35_CORELIB_TYP 127.400002
U366                      XNR21           c35_CORELIB_TYP 109.199997
U367                      XNR21           c35_CORELIB_TYP 109.199997
U368                      XNR21           c35_CORELIB_TYP 109.199997
U369                      XNR21           c35_CORELIB_TYP 109.199997
U370                      NOR21           c35_CORELIB_TYP 54.599998 
U371                      NOR21           c35_CORELIB_TYP 54.599998 
U372                      NOR21           c35_CORELIB_TYP 54.599998 
U373                      NOR21           c35_CORELIB_TYP 54.599998 
U374                      NOR21           c35_CORELIB_TYP 54.599998 
U375                      XOR21           c35_CORELIB_TYP 127.400002
U376                      NOR21           c35_CORELIB_TYP 54.599998 
U377                      NOR21           c35_CORELIB_TYP 54.599998 
U378                      XOR21           c35_CORELIB_TYP 127.400002
U379                      NOR21           c35_CORELIB_TYP 54.599998 
U380                      NOR21           c35_CORELIB_TYP 54.599998 
U381                      NOR21           c35_CORELIB_TYP 54.599998 
U382                      XOR21           c35_CORELIB_TYP 127.400002
U383                      NOR21           c35_CORELIB_TYP 54.599998 
U384                      XOR21           c35_CORELIB_TYP 127.400002
U385                      NOR21           c35_CORELIB_TYP 54.599998 
U386                      NOR21           c35_CORELIB_TYP 54.599998 
U387                      XOR21           c35_CORELIB_TYP 127.400002
U388                      XOR21           c35_CORELIB_TYP 127.400002
U389                      XOR21           c35_CORELIB_TYP 127.400002
U390                      XOR21           c35_CORELIB_TYP 127.400002
U391                      XOR21           c35_CORELIB_TYP 127.400002
U392                      INV3            c35_CORELIB_TYP 36.400002 
U393                      XOR21           c35_CORELIB_TYP 127.400002
U394                      XNR21           c35_CORELIB_TYP 109.199997
U395                      XNR21           c35_CORELIB_TYP 109.199997
U396                      INV3            c35_CORELIB_TYP 36.400002 
U397                      NOR21           c35_CORELIB_TYP 54.599998 
U398                      INV3            c35_CORELIB_TYP 36.400002 
U399                      NOR21           c35_CORELIB_TYP 54.599998 
U400                      INV3            c35_CORELIB_TYP 36.400002 
U401                      NOR21           c35_CORELIB_TYP 54.599998 
U402                      INV3            c35_CORELIB_TYP 36.400002 
U403                      NOR21           c35_CORELIB_TYP 54.599998 
U404                      INV3            c35_CORELIB_TYP 36.400002 
U405                      NOR21           c35_CORELIB_TYP 54.599998 
U406                      INV3            c35_CORELIB_TYP 36.400002 
U407                      NOR21           c35_CORELIB_TYP 54.599998 
U408                      INV3            c35_CORELIB_TYP 36.400002 
U409                      NOR21           c35_CORELIB_TYP 54.599998 
U410                      INV3            c35_CORELIB_TYP 36.400002 
U411                      NOR21           c35_CORELIB_TYP 54.599998 
U412                      CLKIN0          c35_CORELIB_TYP 36.400002 
U413                      XOR20           c35_CORELIB_TYP 127.400002
U414                      CLKIN0          c35_CORELIB_TYP 36.400002 
U415                      CLKIN0          c35_CORELIB_TYP 36.400002 
U416                      CLKIN0          c35_CORELIB_TYP 36.400002 
U417                      CLKIN0          c35_CORELIB_TYP 36.400002 
U418                      CLKIN0          c35_CORELIB_TYP 36.400002 
U419                      CLKIN0          c35_CORELIB_TYP 36.400002 
U420                      CLKIN0          c35_CORELIB_TYP 36.400002 
U421                      XOR20           c35_CORELIB_TYP 127.400002
U422                      CLKIN0          c35_CORELIB_TYP 36.400002 
U423                      CLKIN0          c35_CORELIB_TYP 36.400002 
U424                      CLKIN0          c35_CORELIB_TYP 36.400002 
U425                      CLKIN0          c35_CORELIB_TYP 36.400002 
U426                      CLKIN0          c35_CORELIB_TYP 36.400002 
U427                      CLKIN0          c35_CORELIB_TYP 36.400002 
U428                      CLKIN0          c35_CORELIB_TYP 36.400002 
U429                      CLKIN0          c35_CORELIB_TYP 36.400002 
U430                      XOR20           c35_CORELIB_TYP 127.400002
U431                      CLKIN0          c35_CORELIB_TYP 36.400002 
U432                      CLKIN0          c35_CORELIB_TYP 36.400002 
U433                      CLKIN0          c35_CORELIB_TYP 36.400002 
U434                      CLKIN0          c35_CORELIB_TYP 36.400002 
U435                      CLKIN0          c35_CORELIB_TYP 36.400002 
U436                      XOR20           c35_CORELIB_TYP 127.400002
U437                      CLKIN0          c35_CORELIB_TYP 36.400002 
U438                      CLKIN0          c35_CORELIB_TYP 36.400002 
U439                      CLKIN0          c35_CORELIB_TYP 36.400002 
U440                      CLKIN0          c35_CORELIB_TYP 36.400002 
U441                      CLKIN0          c35_CORELIB_TYP 36.400002 
U442                      CLKIN0          c35_CORELIB_TYP 36.400002 
U443                      CLKIN0          c35_CORELIB_TYP 36.400002 
U444                      CLKIN0          c35_CORELIB_TYP 36.400002 
U445                      NOR20           c35_CORELIB_TYP 54.599998 
U446                      XNR20           c35_CORELIB_TYP 109.199997
U447                      NOR20           c35_CORELIB_TYP 54.599998 
U448                      CLKIN0          c35_CORELIB_TYP 36.400002 
U449                      NOR20           c35_CORELIB_TYP 54.599998 
U450                      CLKIN0          c35_CORELIB_TYP 36.400002 
U451                      NOR20           c35_CORELIB_TYP 54.599998 
U452                      CLKIN0          c35_CORELIB_TYP 36.400002 
U453                      NOR20           c35_CORELIB_TYP 54.599998 
U454                      CLKIN0          c35_CORELIB_TYP 36.400002 
U455                      NOR20           c35_CORELIB_TYP 54.599998 
U456                      CLKIN0          c35_CORELIB_TYP 36.400002 
U457                      NOR20           c35_CORELIB_TYP 54.599998 
U458                      CLKIN0          c35_CORELIB_TYP 36.400002 
U459                      NOR20           c35_CORELIB_TYP 54.599998 
U460                      CLKIN0          c35_CORELIB_TYP 36.400002 
U461                      NOR20           c35_CORELIB_TYP 54.599998 
U462                      CLKIN0          c35_CORELIB_TYP 36.400002 
U463                      NOR20           c35_CORELIB_TYP 54.599998 
U464                      CLKIN0          c35_CORELIB_TYP 36.400002 
U465                      NOR20           c35_CORELIB_TYP 54.599998 
U466                      CLKIN0          c35_CORELIB_TYP 36.400002 
U467                      NOR20           c35_CORELIB_TYP 54.599998 
U468                      CLKIN0          c35_CORELIB_TYP 36.400002 
U469                      NOR20           c35_CORELIB_TYP 54.599998 
U470                      CLKIN0          c35_CORELIB_TYP 36.400002 
U471                      NOR20           c35_CORELIB_TYP 54.599998 
U472                      CLKIN0          c35_CORELIB_TYP 36.400002 
U473                      NOR20           c35_CORELIB_TYP 54.599998 
U474                      CLKIN0          c35_CORELIB_TYP 36.400002 
U475                      NOR20           c35_CORELIB_TYP 54.599998 
U476                      CLKIN0          c35_CORELIB_TYP 36.400002 
U477                      NOR20           c35_CORELIB_TYP 54.599998 
U478                      CLKIN0          c35_CORELIB_TYP 36.400002 
U479                      NOR20           c35_CORELIB_TYP 54.599998 
U480                      CLKIN0          c35_CORELIB_TYP 36.400002 
U481                      NOR20           c35_CORELIB_TYP 54.599998 
U482                      CLKIN0          c35_CORELIB_TYP 36.400002 
U483                      NOR20           c35_CORELIB_TYP 54.599998 
U484                      NAND20          c35_CORELIB_TYP 54.599998 
U485                      CLKIN0          c35_CORELIB_TYP 36.400002 
U486                      OAI310          c35_CORELIB_TYP 91.000000 
U487                      NAND20          c35_CORELIB_TYP 54.599998 
U488                      AOI210          c35_CORELIB_TYP 72.800003 
U489                      NOR30           c35_CORELIB_TYP 72.800003 
U490                      OAI2110         c35_CORELIB_TYP 91.000000 
U491                      NAND30          c35_CORELIB_TYP 72.800003 
U492                      NAND30          c35_CORELIB_TYP 72.800003 
U493                      NAND30          c35_CORELIB_TYP 72.800003 
U494                      CLKIN0          c35_CORELIB_TYP 36.400002 
U495                      OAI210          c35_CORELIB_TYP 72.800003 
U496                      IMUX20          c35_CORELIB_TYP 91.000000 
U497                      AOI210          c35_CORELIB_TYP 72.800003 
U498                      NAND20          c35_CORELIB_TYP 54.599998 
U499                      CLKIN0          c35_CORELIB_TYP 36.400002 
U500                      IMUX20          c35_CORELIB_TYP 91.000000 
U501                      AOI210          c35_CORELIB_TYP 72.800003 
U502                      NAND20          c35_CORELIB_TYP 54.599998 
U503                      MUX21           c35_CORELIB_TYP 109.199997
U504                      NOR30           c35_CORELIB_TYP 72.800003 
U505                      CLKIN0          c35_CORELIB_TYP 36.400002 
U506                      NAND30          c35_CORELIB_TYP 72.800003 
U507                      OAI310          c35_CORELIB_TYP 91.000000 
U508                      NAND20          c35_CORELIB_TYP 54.599998 
U509                      NAND40          c35_CORELIB_TYP 91.000000 
U510                      NOR40           c35_CORELIB_TYP 72.800003 
U511                      NOR40           c35_CORELIB_TYP 72.800003 
U512                      CLKIN0          c35_CORELIB_TYP 36.400002 
U513                      NAND40          c35_CORELIB_TYP 91.000000 
U514                      NOR40           c35_CORELIB_TYP 72.800003 
U515                      CLKIN0          c35_CORELIB_TYP 36.400002 
U516                      CLKIN0          c35_CORELIB_TYP 36.400002 
U517                      NAND40          c35_CORELIB_TYP 91.000000 
U518                      NOR40           c35_CORELIB_TYP 72.800003 
U519                      NAND20          c35_CORELIB_TYP 54.599998 
U520                      XNR20           c35_CORELIB_TYP 109.199997
U521                      AOI220          c35_CORELIB_TYP 91.000000 
U522                      XNR20           c35_CORELIB_TYP 109.199997
U523                      AOI220          c35_CORELIB_TYP 91.000000 
U524                      XNR20           c35_CORELIB_TYP 109.199997
U525                      AOI220          c35_CORELIB_TYP 91.000000 
U526                      OAI220          c35_CORELIB_TYP 91.000000 
U527                      XNR20           c35_CORELIB_TYP 109.199997
U528                      AOI220          c35_CORELIB_TYP 91.000000 
U529                      NOR40           c35_CORELIB_TYP 72.800003 
U530                      XNR20           c35_CORELIB_TYP 109.199997
U531                      AOI220          c35_CORELIB_TYP 91.000000 
U532                      XNR20           c35_CORELIB_TYP 109.199997
U533                      AOI220          c35_CORELIB_TYP 91.000000 
U534                      NAND20          c35_CORELIB_TYP 54.599998 
U535                      XNR20           c35_CORELIB_TYP 109.199997
U536                      AOI220          c35_CORELIB_TYP 91.000000 
U537                      XNR20           c35_CORELIB_TYP 109.199997
U538                      AOI220          c35_CORELIB_TYP 91.000000 
U539                      XNR20           c35_CORELIB_TYP 109.199997
U540                      AOI220          c35_CORELIB_TYP 91.000000 
U541                      NOR40           c35_CORELIB_TYP 72.800003 
U542                      XNR20           c35_CORELIB_TYP 109.199997
U543                      AOI220          c35_CORELIB_TYP 91.000000 
U544                      XNR20           c35_CORELIB_TYP 109.199997
U545                      AOI220          c35_CORELIB_TYP 91.000000 
U546                      NAND20          c35_CORELIB_TYP 54.599998 
U547                      XNR20           c35_CORELIB_TYP 109.199997
U548                      AOI220          c35_CORELIB_TYP 91.000000 
U549                      XOR20           c35_CORELIB_TYP 127.400002
U550                      AOI220          c35_CORELIB_TYP 91.000000 
U551                      XNR20           c35_CORELIB_TYP 109.199997
U552                      AOI220          c35_CORELIB_TYP 91.000000 
U553                      NOR40           c35_CORELIB_TYP 72.800003 
U554                      XNR20           c35_CORELIB_TYP 109.199997
U555                      NAND20          c35_CORELIB_TYP 54.599998 
U556                      XNR20           c35_CORELIB_TYP 109.199997
U557                      AOI220          c35_CORELIB_TYP 91.000000 
U558                      XNR20           c35_CORELIB_TYP 109.199997
U559                      NAND20          c35_CORELIB_TYP 54.599998 
U560                      NAND20          c35_CORELIB_TYP 54.599998 
U561                      XNR20           c35_CORELIB_TYP 109.199997
U562                      NAND40          c35_CORELIB_TYP 91.000000 
U563                      NOR40           c35_CORELIB_TYP 72.800003 
U564                      NAND20          c35_CORELIB_TYP 54.599998 
U565                      XNR20           c35_CORELIB_TYP 109.199997
U566                      NAND20          c35_CORELIB_TYP 54.599998 
U567                      XNR20           c35_CORELIB_TYP 109.199997
U568                      XNR20           c35_CORELIB_TYP 109.199997
U569                      NOR40           c35_CORELIB_TYP 72.800003 
U570                      XNR20           c35_CORELIB_TYP 109.199997
U571                      XNR20           c35_CORELIB_TYP 109.199997
U572                      XNR20           c35_CORELIB_TYP 109.199997
U573                      XNR20           c35_CORELIB_TYP 109.199997
U574                      NOR40           c35_CORELIB_TYP 72.800003 
U575                      XNR20           c35_CORELIB_TYP 109.199997
U576                      XNR20           c35_CORELIB_TYP 109.199997
U577                      XNR20           c35_CORELIB_TYP 109.199997
U578                      XNR20           c35_CORELIB_TYP 109.199997
U579                      NOR40           c35_CORELIB_TYP 72.800003 
U580                      XNR20           c35_CORELIB_TYP 109.199997
U581                      XNR20           c35_CORELIB_TYP 109.199997
U582                      XNR20           c35_CORELIB_TYP 109.199997
U583                      XNR20           c35_CORELIB_TYP 109.199997
U584                      MUX21           c35_CORELIB_TYP 109.199997
U585                      NAND40          c35_CORELIB_TYP 91.000000 
U586                      NOR40           c35_CORELIB_TYP 72.800003 
U587                      XNR20           c35_CORELIB_TYP 109.199997
U588                      XNR20           c35_CORELIB_TYP 109.199997
U589                      NAND20          c35_CORELIB_TYP 54.599998 
U590                      XNR20           c35_CORELIB_TYP 109.199997
U591                      XNR20           c35_CORELIB_TYP 109.199997
U592                      NOR40           c35_CORELIB_TYP 72.800003 
U593                      XNR20           c35_CORELIB_TYP 109.199997
U594                      XNR20           c35_CORELIB_TYP 109.199997
U595                      XNR20           c35_CORELIB_TYP 109.199997
U596                      XNR20           c35_CORELIB_TYP 109.199997
U597                      NOR40           c35_CORELIB_TYP 72.800003 
U598                      XNR20           c35_CORELIB_TYP 109.199997
U599                      XNR20           c35_CORELIB_TYP 109.199997
U600                      XNR20           c35_CORELIB_TYP 109.199997
U601                      XNR20           c35_CORELIB_TYP 109.199997
U602                      NOR40           c35_CORELIB_TYP 72.800003 
U603                      XNR20           c35_CORELIB_TYP 109.199997
U604                      XNR20           c35_CORELIB_TYP 109.199997
U605                      XNR20           c35_CORELIB_TYP 109.199997
U606                      NAND40          c35_CORELIB_TYP 91.000000 
U607                      NOR40           c35_CORELIB_TYP 72.800003 
U608                      XNR20           c35_CORELIB_TYP 109.199997
U609                      XNR20           c35_CORELIB_TYP 109.199997
U610                      NAND20          c35_CORELIB_TYP 54.599998 
U611                      XNR20           c35_CORELIB_TYP 109.199997
U612                      XNR20           c35_CORELIB_TYP 109.199997
U613                      XNR20           c35_CORELIB_TYP 109.199997
U614                      NOR40           c35_CORELIB_TYP 72.800003 
U615                      XNR20           c35_CORELIB_TYP 109.199997
U616                      XNR20           c35_CORELIB_TYP 109.199997
U617                      XNR20           c35_CORELIB_TYP 109.199997
U618                      XNR20           c35_CORELIB_TYP 109.199997
U619                      NOR40           c35_CORELIB_TYP 72.800003 
U620                      XNR20           c35_CORELIB_TYP 109.199997
U621                      XNR20           c35_CORELIB_TYP 109.199997
U622                      XNR20           c35_CORELIB_TYP 109.199997
U623                      XNR20           c35_CORELIB_TYP 109.199997
U624                      NOR40           c35_CORELIB_TYP 72.800003 
U625                      NAND20          c35_CORELIB_TYP 54.599998 
U626                      NOR40           c35_CORELIB_TYP 72.800003 
U627                      XNR20           c35_CORELIB_TYP 109.199997
U628                      XNR20           c35_CORELIB_TYP 109.199997
U629                      IMUX20          c35_CORELIB_TYP 91.000000 
U630                      CLKIN0          c35_CORELIB_TYP 36.400002 
U631                      AOI220          c35_CORELIB_TYP 91.000000 
U632                      NAND20          c35_CORELIB_TYP 54.599998 
U633                      CLKIN0          c35_CORELIB_TYP 36.400002 
U634                      NAND20          c35_CORELIB_TYP 54.599998 
U635                      NOR20           c35_CORELIB_TYP 54.599998 
U636                      IMUX20          c35_CORELIB_TYP 91.000000 
U637                      NOR20           c35_CORELIB_TYP 54.599998 
U638                      CLKIN0          c35_CORELIB_TYP 36.400002 
U639                      NAND20          c35_CORELIB_TYP 54.599998 
U640                      XNR20           c35_CORELIB_TYP 109.199997
U641                      XOR20           c35_CORELIB_TYP 127.400002
U642                      XNR20           c35_CORELIB_TYP 109.199997
U643                      XNR20           c35_CORELIB_TYP 109.199997
U644                      NAND20          c35_CORELIB_TYP 54.599998 
U645                      CLKIN0          c35_CORELIB_TYP 36.400002 
U646                      NAND20          c35_CORELIB_TYP 54.599998 
U647                      NOR20           c35_CORELIB_TYP 54.599998 
U648                      CLKIN0          c35_CORELIB_TYP 36.400002 
U649                      NAND20          c35_CORELIB_TYP 54.599998 
U650                      XNR20           c35_CORELIB_TYP 109.199997
U651                      XOR20           c35_CORELIB_TYP 127.400002
U652                      XNR20           c35_CORELIB_TYP 109.199997
U653                      XNR20           c35_CORELIB_TYP 109.199997
U654                      NAND20          c35_CORELIB_TYP 54.599998 
U655                      CLKIN0          c35_CORELIB_TYP 36.400002 
U656                      NAND20          c35_CORELIB_TYP 54.599998 
U657                      NOR20           c35_CORELIB_TYP 54.599998 
U658                      CLKIN0          c35_CORELIB_TYP 36.400002 
U659                      NAND20          c35_CORELIB_TYP 54.599998 
U660                      XNR20           c35_CORELIB_TYP 109.199997
U661                      XOR20           c35_CORELIB_TYP 127.400002
U662                      XNR20           c35_CORELIB_TYP 109.199997
U663                      XNR20           c35_CORELIB_TYP 109.199997
U664                      NAND20          c35_CORELIB_TYP 54.599998 
U665                      CLKIN0          c35_CORELIB_TYP 36.400002 
U666                      NAND20          c35_CORELIB_TYP 54.599998 
U667                      NOR20           c35_CORELIB_TYP 54.599998 
U668                      CLKIN0          c35_CORELIB_TYP 36.400002 
U669                      NAND20          c35_CORELIB_TYP 54.599998 
U670                      XNR20           c35_CORELIB_TYP 109.199997
U671                      XOR20           c35_CORELIB_TYP 127.400002
U672                      XNR20           c35_CORELIB_TYP 109.199997
U673                      XNR20           c35_CORELIB_TYP 109.199997
U674                      NAND20          c35_CORELIB_TYP 54.599998 
U675                      CLKIN0          c35_CORELIB_TYP 36.400002 
U676                      NAND20          c35_CORELIB_TYP 54.599998 
U677                      NOR20           c35_CORELIB_TYP 54.599998 
U678                      CLKIN0          c35_CORELIB_TYP 36.400002 
U679                      NAND20          c35_CORELIB_TYP 54.599998 
U680                      CLKIN0          c35_CORELIB_TYP 36.400002 
U681                      NOR20           c35_CORELIB_TYP 54.599998 
U682                      NAND30          c35_CORELIB_TYP 72.800003 
U683                      CLKIN0          c35_CORELIB_TYP 36.400002 
add_1_root_sub_235_cf/U1_2
                          ADD32           c35_CORELIB_TYP 273.000000
                                                                    mo, r
add_1_root_sub_235_cf/U1_3
                          ADD32           c35_CORELIB_TYP 273.000000
                                                                    mo, r
add_1_root_sub_235_cf/U1_4
                          ADD32           c35_CORELIB_TYP 273.000000
                                                                    mo, r
add_1_root_sub_235_cf/U1_5
                          ADD32           c35_CORELIB_TYP 273.000000
                                                                    mo, r
add_1_root_sub_235_cf/U1_6
                          ADD32           c35_CORELIB_TYP 273.000000
                                                                    mo, r
add_1_root_sub_235_cf/U1_7
                          ADD32           c35_CORELIB_TYP 273.000000
                                                                    mo, r
add_1_root_sub_235_cf/U1_8
                          ADD32           c35_CORELIB_TYP 273.000000
                                                                    mo, r
add_1_root_sub_235_cf/U1_9
                          ADD32           c35_CORELIB_TYP 273.000000
                                                                    mo, r
add_1_root_sub_235_cf/U1_10
                          ADD32           c35_CORELIB_TYP 273.000000
                                                                    mo, r
add_1_root_sub_235_cf/U1_11
                          ADD32           c35_CORELIB_TYP 273.000000
                                                                    mo, r
add_1_root_sub_235_cf/U1_12
                          ADD32           c35_CORELIB_TYP 273.000000
                                                                    mo, r
add_1_root_sub_235_cf/U1_13
                          ADD32           c35_CORELIB_TYP 273.000000
                                                                    mo, r
add_1_root_sub_235_cf/U1_14
                          ADD32           c35_CORELIB_TYP 273.000000
                                                                    mo, r
add_1_root_sub_235_cf/U1_15
                          ADD32           c35_CORELIB_TYP 273.000000
                                                                    mo, r
add_3_root_sub_235_cf/U1_2
                          ADD32           c35_CORELIB_TYP 273.000000
                                                                    mo, r
add_3_root_sub_235_cf/U1_3
                          ADD32           c35_CORELIB_TYP 273.000000
                                                                    mo, r
add_3_root_sub_235_cf/U1_4
                          ADD32           c35_CORELIB_TYP 273.000000
                                                                    mo, r
add_3_root_sub_235_cf/U1_5
                          ADD32           c35_CORELIB_TYP 273.000000
                                                                    mo, r
add_3_root_sub_235_cf/U1_6
                          ADD32           c35_CORELIB_TYP 273.000000
                                                                    mo, r
add_3_root_sub_235_cf/U1_7
                          ADD32           c35_CORELIB_TYP 273.000000
                                                                    mo, r
add_3_root_sub_235_cf/U1_8
                          ADD32           c35_CORELIB_TYP 273.000000
                                                                    mo, r
add_3_root_sub_235_cf/U1_9
                          ADD32           c35_CORELIB_TYP 273.000000
                                                                    mo, r
add_3_root_sub_235_cf/U1_10
                          ADD32           c35_CORELIB_TYP 273.000000
                                                                    mo, r
add_3_root_sub_235_cf/U1_11
                          ADD32           c35_CORELIB_TYP 273.000000
                                                                    mo, r
add_3_root_sub_235_cf/U1_12
                          ADD32           c35_CORELIB_TYP 273.000000
                                                                    mo, r
add_3_root_sub_235_cf/U1_13
                          ADD32           c35_CORELIB_TYP 273.000000
                                                                    mo, r
add_3_root_sub_235_cf/U1_14
                          ADD32           c35_CORELIB_TYP 273.000000
                                                                    mo, r
add_3_root_sub_235_cf/U1_15
                          ADD32           c35_CORELIB_TYP 273.000000
                                                                    mo, r
current_state_reg[0]      DF3             c35_CORELIB_TYP 273.000000
                                                                    n
current_state_reg[1]      DF3             c35_CORELIB_TYP 273.000000
                                                                    n
current_state_reg[2]      DF3             c35_CORELIB_TYP 273.000000
                                                                    n
local_counter1/add_34/U1_1_1
                          ADD22           c35_CORELIB_TYP 145.600006
                                                                    mo, r
local_counter1/add_34/U1_1_2
                          ADD22           c35_CORELIB_TYP 145.600006
                                                                    mo, r
local_counter1/add_34/U1_1_3
                          ADD22           c35_CORELIB_TYP 145.600006
                                                                    mo, r
local_counter1/add_34/U1_1_4
                          ADD22           c35_CORELIB_TYP 145.600006
                                                                    mo, r
local_counter1/add_34/U1_1_5
                          ADD22           c35_CORELIB_TYP 145.600006
                                                                    mo, r
local_counter1/add_34/U1_1_6
                          ADD22           c35_CORELIB_TYP 145.600006
                                                                    mo, r
local_counter1/add_34/U1_1_7
                          ADD22           c35_CORELIB_TYP 145.600006
                                                                    mo, r
local_counter1/add_34/U1_1_8
                          ADD22           c35_CORELIB_TYP 145.600006
                                                                    mo, r
local_counter1/add_34/U1_1_9
                          ADD22           c35_CORELIB_TYP 145.600006
                                                                    mo, r
local_counter1/add_34/U1_1_10
                          ADD22           c35_CORELIB_TYP 145.600006
                                                                    mo, r
local_counter1/add_34/U1_1_11
                          ADD22           c35_CORELIB_TYP 145.600006
                                                                    mo, r
local_counter1/add_34/U1_1_12
                          ADD22           c35_CORELIB_TYP 145.600006
                                                                    mo, r
local_counter1/add_34/U1_1_13
                          ADD22           c35_CORELIB_TYP 145.600006
                                                                    mo, r
local_counter1/add_34/U1_1_14
                          ADD22           c35_CORELIB_TYP 145.600006
                                                                    mo, r
local_counter1/add_34/U1_1_15
                          ADD22           c35_CORELIB_TYP 145.600006
                                                                    mo, r
local_counter1/add_34/U1_1_16
                          ADD22           c35_CORELIB_TYP 145.600006
                                                                    mo, r
local_counter1/add_34/U1_1_17
                          ADD22           c35_CORELIB_TYP 145.600006
                                                                    mo, r
local_counter1/add_34/U1_1_18
                          ADD22           c35_CORELIB_TYP 145.600006
                                                                    mo, r
local_counter1/o_count_reg[0]
                          DF3             c35_CORELIB_TYP 273.000000
                                                                    n
local_counter1/o_count_reg[1]
                          DF3             c35_CORELIB_TYP 273.000000
                                                                    n
local_counter1/o_count_reg[2]
                          DF3             c35_CORELIB_TYP 273.000000
                                                                    n
local_counter1/o_count_reg[3]
                          DF3             c35_CORELIB_TYP 273.000000
                                                                    n
local_counter1/o_count_reg[4]
                          DF3             c35_CORELIB_TYP 273.000000
                                                                    n
local_counter1/o_count_reg[5]
                          DF3             c35_CORELIB_TYP 273.000000
                                                                    n
local_counter1/o_count_reg[6]
                          DF3             c35_CORELIB_TYP 273.000000
                                                                    n
local_counter1/o_count_reg[7]
                          DF3             c35_CORELIB_TYP 273.000000
                                                                    n
local_counter1/o_count_reg[8]
                          DF3             c35_CORELIB_TYP 273.000000
                                                                    n
local_counter1/o_count_reg[9]
                          DF3             c35_CORELIB_TYP 273.000000
                                                                    n
local_counter1/o_count_reg[10]
                          DF3             c35_CORELIB_TYP 273.000000
                                                                    n
local_counter1/o_count_reg[11]
                          DF3             c35_CORELIB_TYP 273.000000
                                                                    n
local_counter1/o_count_reg[12]
                          DF3             c35_CORELIB_TYP 273.000000
                                                                    n
local_counter1/o_count_reg[13]
                          DF3             c35_CORELIB_TYP 273.000000
                                                                    n
local_counter1/o_count_reg[14]
                          DF3             c35_CORELIB_TYP 273.000000
                                                                    n
local_counter1/o_count_reg[15]
                          DF3             c35_CORELIB_TYP 273.000000
                                                                    n
local_counter1/o_count_reg[16]
                          DF3             c35_CORELIB_TYP 273.000000
                                                                    n
local_counter1/o_count_reg[17]
                          DF3             c35_CORELIB_TYP 273.000000
                                                                    n
local_counter1/o_count_reg[18]
                          DF3             c35_CORELIB_TYP 273.000000
                                                                    n
local_counter1/o_count_reg[19]
                          DF3             c35_CORELIB_TYP 273.000000
                                                                    n
local_counter1/v_val_reg[0]
                          DF3             c35_CORELIB_TYP 273.000000
                                                                    n
local_counter1/v_val_reg[1]
                          DF3             c35_CORELIB_TYP 273.000000
                                                                    n
local_counter1/v_val_reg[2]
                          DF3             c35_CORELIB_TYP 273.000000
                                                                    n
local_counter1/v_val_reg[3]
                          DF3             c35_CORELIB_TYP 273.000000
                                                                    n
local_counter1/v_val_reg[4]
                          DF3             c35_CORELIB_TYP 273.000000
                                                                    n
local_counter1/v_val_reg[5]
                          DF3             c35_CORELIB_TYP 273.000000
                                                                    n
local_counter1/v_val_reg[6]
                          DF3             c35_CORELIB_TYP 273.000000
                                                                    n
local_counter1/v_val_reg[7]
                          DF3             c35_CORELIB_TYP 273.000000
                                                                    n
local_counter1/v_val_reg[8]
                          DF3             c35_CORELIB_TYP 273.000000
                                                                    n
local_counter1/v_val_reg[9]
                          DF3             c35_CORELIB_TYP 273.000000
                                                                    n
local_counter1/v_val_reg[10]
                          DF3             c35_CORELIB_TYP 273.000000
                                                                    n
local_counter1/v_val_reg[11]
                          DF3             c35_CORELIB_TYP 273.000000
                                                                    n
local_counter1/v_val_reg[12]
                          DF3             c35_CORELIB_TYP 273.000000
                                                                    n
local_counter1/v_val_reg[13]
                          DF3             c35_CORELIB_TYP 273.000000
                                                                    n
local_counter1/v_val_reg[14]
                          DF3             c35_CORELIB_TYP 273.000000
                                                                    n
local_counter1/v_val_reg[15]
                          DF3             c35_CORELIB_TYP 273.000000
                                                                    n
local_counter1/v_val_reg[16]
                          DF3             c35_CORELIB_TYP 273.000000
                                                                    n
local_counter1/v_val_reg[17]
                          DF3             c35_CORELIB_TYP 273.000000
                                                                    n
local_counter1/v_val_reg[18]
                          DF3             c35_CORELIB_TYP 273.000000
                                                                    n
local_counter1/v_val_reg[19]
                          DF3             c35_CORELIB_TYP 273.000000
                                                                    n
mult_114/S2_5_1           ADD32           c35_CORELIB_TYP 273.000000
                                                                    mo, r
mult_114/S2_6_1           ADD32           c35_CORELIB_TYP 273.000000
                                                                    mo, r
mult_114/S3_2_5           ADD32           c35_CORELIB_TYP 273.000000
                                                                    mo, r
mult_114/S3_3_5           ADD32           c35_CORELIB_TYP 273.000000
                                                                    mo, r
mult_114/S3_4_5           ADD32           c35_CORELIB_TYP 273.000000
                                                                    mo, r
mult_114/S3_5_5           ADD32           c35_CORELIB_TYP 273.000000
                                                                    mo, r
mult_114/S3_6_5           ADD32           c35_CORELIB_TYP 273.000000
                                                                    mo, r
mult_114/S4_1             ADD32           c35_CORELIB_TYP 273.000000
                                                                    mo, r
mult_114/S5_5             ADD32           c35_CORELIB_TYP 273.000000
                                                                    mo, r
mult_117/S2_5_1           ADD32           c35_CORELIB_TYP 273.000000
                                                                    mo, r
mult_117/S2_6_1           ADD32           c35_CORELIB_TYP 273.000000
                                                                    mo, r
mult_117/S3_2_5           ADD32           c35_CORELIB_TYP 273.000000
                                                                    mo, r
mult_117/S3_3_5           ADD32           c35_CORELIB_TYP 273.000000
                                                                    mo, r
mult_117/S3_4_5           ADD32           c35_CORELIB_TYP 273.000000
                                                                    mo, r
mult_117/S3_5_5           ADD32           c35_CORELIB_TYP 273.000000
                                                                    mo, r
mult_117/S3_6_5           ADD32           c35_CORELIB_TYP 273.000000
                                                                    mo, r
mult_117/S4_1             ADD32           c35_CORELIB_TYP 273.000000
                                                                    mo, r
mult_117/S5_5             ADD32           c35_CORELIB_TYP 273.000000
                                                                    mo, r
mult_120/S2_5_1           ADD32           c35_CORELIB_TYP 273.000000
                                                                    mo, r
mult_120/S2_6_1           ADD32           c35_CORELIB_TYP 273.000000
                                                                    mo, r
mult_120/S3_2_5           ADD32           c35_CORELIB_TYP 273.000000
                                                                    mo, r
mult_120/S3_3_5           ADD32           c35_CORELIB_TYP 273.000000
                                                                    mo, r
mult_120/S3_4_5           ADD32           c35_CORELIB_TYP 273.000000
                                                                    mo, r
mult_120/S3_5_5           ADD32           c35_CORELIB_TYP 273.000000
                                                                    mo, r
mult_120/S3_6_5           ADD32           c35_CORELIB_TYP 273.000000
                                                                    mo, r
mult_120/S4_1             ADD32           c35_CORELIB_TYP 273.000000
                                                                    mo, r
mult_120/S5_5             ADD32           c35_CORELIB_TYP 273.000000
                                                                    mo, r
mult_123/S2_5_1           ADD32           c35_CORELIB_TYP 273.000000
                                                                    mo, r
mult_123/S2_6_1           ADD32           c35_CORELIB_TYP 273.000000
                                                                    mo, r
mult_123/S3_2_5           ADD32           c35_CORELIB_TYP 273.000000
                                                                    mo, r
mult_123/S3_3_5           ADD32           c35_CORELIB_TYP 273.000000
                                                                    mo, r
mult_123/S3_4_5           ADD32           c35_CORELIB_TYP 273.000000
                                                                    mo, r
mult_123/S3_5_5           ADD32           c35_CORELIB_TYP 273.000000
                                                                    mo, r
mult_123/S3_6_5           ADD32           c35_CORELIB_TYP 273.000000
                                                                    mo, r
mult_123/S4_1             ADD32           c35_CORELIB_TYP 273.000000
                                                                    mo, r
mult_123/S5_5             ADD32           c35_CORELIB_TYP 273.000000
                                                                    mo, r
sig_out_ppm_reg           DF3             c35_CORELIB_TYP 273.000000
                                                                    n
sig_reg_storage_reg[0]    DFE1            c35_CORELIB_TYP 327.600006
                                                                    n
sig_reg_storage_reg[1]    DFE1            c35_CORELIB_TYP 327.600006
                                                                    n
sig_reg_storage_reg[2]    DFE1            c35_CORELIB_TYP 327.600006
                                                                    n
sig_reg_storage_reg[3]    DFE1            c35_CORELIB_TYP 327.600006
                                                                    n
sig_reg_storage_reg[4]    DFE1            c35_CORELIB_TYP 327.600006
                                                                    n
sig_reg_storage_reg[5]    DFE1            c35_CORELIB_TYP 327.600006
                                                                    n
sig_reg_storage_reg[6]    DFE1            c35_CORELIB_TYP 327.600006
                                                                    n
sig_reg_storage_reg[7]    DFE1            c35_CORELIB_TYP 327.600006
                                                                    n
sig_reg_storage_reg[8]    DFE1            c35_CORELIB_TYP 327.600006
                                                                    n
sig_reg_storage_reg[9]    DFE1            c35_CORELIB_TYP 327.600006
                                                                    n
sig_reg_storage_reg[10]   DFE1            c35_CORELIB_TYP 327.600006
                                                                    n
sig_reg_storage_reg[11]   DFE1            c35_CORELIB_TYP 327.600006
                                                                    n
sig_reg_storage_reg[12]   DFE1            c35_CORELIB_TYP 327.600006
                                                                    n
sig_reg_storage_reg[13]   DFE1            c35_CORELIB_TYP 327.600006
                                                                    n
sig_reg_storage_reg[14]   DFE1            c35_CORELIB_TYP 327.600006
                                                                    n
sig_reg_storage_reg[15]   DFE1            c35_CORELIB_TYP 327.600006
                                                                    n
sig_reg_storage_reg[16]   DFE1            c35_CORELIB_TYP 327.600006
                                                                    n
sig_reg_storage_reg[17]   DFE1            c35_CORELIB_TYP 327.600006
                                                                    n
sig_reg_storage_reg[18]   DFE1            c35_CORELIB_TYP 327.600006
                                                                    n
sig_reg_storage_reg[19]   DFE1            c35_CORELIB_TYP 327.600006
                                                                    n
sig_reg_storage_reg[20]   DFE1            c35_CORELIB_TYP 327.600006
                                                                    n
sig_reg_storage_reg[21]   DFE1            c35_CORELIB_TYP 327.600006
                                                                    n
sig_reg_storage_reg[22]   DFE1            c35_CORELIB_TYP 327.600006
                                                                    n
sig_reg_storage_reg[23]   DFE1            c35_CORELIB_TYP 327.600006
                                                                    n
sig_reg_storage_reg[24]   DFE1            c35_CORELIB_TYP 327.600006
                                                                    n
sig_reg_storage_reg[25]   DFE1            c35_CORELIB_TYP 327.600006
                                                                    n
sig_reg_storage_reg[26]   DFE1            c35_CORELIB_TYP 327.600006
                                                                    n
sig_reg_storage_reg[27]   DFE1            c35_CORELIB_TYP 327.600006
                                                                    n
sig_reg_storage_reg[28]   DFE1            c35_CORELIB_TYP 327.600006
                                                                    n
sig_reg_storage_reg[29]   DFE1            c35_CORELIB_TYP 327.600006
                                                                    n
sig_reg_storage_reg[30]   DFE1            c35_CORELIB_TYP 327.600006
                                                                    n
sig_reg_storage_reg[31]   DFE1            c35_CORELIB_TYP 327.600006
                                                                    n
sig_state_reg[0]          DFE1            c35_CORELIB_TYP 327.600006
                                                                    n
sig_state_reg[1]          DFE1            c35_CORELIB_TYP 327.600006
                                                                    n
sig_state_reg[2]          DFE1            c35_CORELIB_TYP 327.600006
                                                                    n
sub_0_root_sub_235_cf/U2_2
                          ADD32           c35_CORELIB_TYP 273.000000
                                                                    mo, r
sub_0_root_sub_235_cf/U2_3
                          ADD32           c35_CORELIB_TYP 273.000000
                                                                    mo, r
sub_0_root_sub_235_cf/U2_4
                          ADD32           c35_CORELIB_TYP 273.000000
                                                                    mo, r
sub_0_root_sub_235_cf/U2_5
                          ADD32           c35_CORELIB_TYP 273.000000
                                                                    mo, r
sub_0_root_sub_235_cf/U2_6
                          ADD32           c35_CORELIB_TYP 273.000000
                                                                    mo, r
sub_0_root_sub_235_cf/U2_7
                          ADD32           c35_CORELIB_TYP 273.000000
                                                                    mo, r
sub_0_root_sub_235_cf/U2_8
                          ADD32           c35_CORELIB_TYP 273.000000
                                                                    mo, r
sub_0_root_sub_235_cf/U2_9
                          ADD32           c35_CORELIB_TYP 273.000000
                                                                    mo, r
sub_0_root_sub_235_cf/U2_10
                          ADD32           c35_CORELIB_TYP 273.000000
                                                                    mo, r
sub_0_root_sub_235_cf/U2_11
                          ADD32           c35_CORELIB_TYP 273.000000
                                                                    mo, r
sub_0_root_sub_235_cf/U2_12
                          ADD32           c35_CORELIB_TYP 273.000000
                                                                    mo, r
sub_0_root_sub_235_cf/U2_13
                          ADD32           c35_CORELIB_TYP 273.000000
                                                                    mo, r
sub_0_root_sub_235_cf/U2_14
                          ADD32           c35_CORELIB_TYP 273.000000
                                                                    mo, r
sub_0_root_sub_235_cf/U2_15
                          ADD32           c35_CORELIB_TYP 273.000000
                                                                    mo, r
sub_0_root_sub_235_cf/U2_16
                          ADD32           c35_CORELIB_TYP 273.000000
                                                                    mo, r
--------------------------------------------------------------------------------
Total 737 cells                                           87942.400223
1
