# Info: [9566]: Logging session transcript to file /tp/xph3app/xph3app602/projet_drone/SYNTH/precision.log
//  Precision RTL Synthesis 2014a.1_64-bit (Production Release) Mon Feb 24 02:39:08 PST 2014
//  
//  Copyright (c) Mentor Graphics Corporation, 1996-2014, All Rights Reserved.
//             Portions copyright 1991-2008 Compuware Corporation
//                       UNPUBLISHED, LICENSED SOFTWARE.
//            CONFIDENTIAL AND PROPRIETARY INFORMATION WHICH IS THE
//          PROPERTY OF MENTOR GRAPHICS CORPORATION OR ITS LICENSORS
//  
//  Running on Linux xph3app602@ocaepc26 #1 SMP Debian 3.2.60-1+deb7u3 3.2.0-4-amd64 x86_64
//  
//  Start time Mon Jan 15 10:40:32 2018
# -------------------------------------------------
# Info: [9566]: Logging session transcript to file /tp/xph3app/xph3app602/projet_drone/SYNTH/precision.log
# COMMAND: new_project -name ppm_synth -folder /tp/xph3app/xph3app602/projet_drone/SYNTH -createimpl_name ppm_synth_impl_1
# Info: [9574]: Input directory: /tp/xph3app/xph3app602/projet_drone/SYNTH
# Info: [9569]: Moving session transcript to file /tp/xph3app/xph3app602/projet_drone/SYNTH/precision.log
# Info: [9555]: Created project /tp/xph3app/xph3app602/projet_drone/SYNTH/ppm_synth.psp in folder /tp/xph3app/xph3app602/projet_drone/SYNTH.
# Info: [9531]: Created directory: /tp/xph3app/xph3app602/projet_drone/SYNTH/ppm_synth_impl_1.
# Info: [9554]: Created implementation ppm_synth_impl_1 in project /tp/xph3app/xph3app602/projet_drone/SYNTH/ppm_synth.psp.
# Info: [9575]: The Results Directory has been set to: /tp/xph3app/xph3app602/projet_drone/SYNTH/ppm_synth_impl_1/
# Info: [9566]: Logging project transcript to file /tp/xph3app/xph3app602/projet_drone/SYNTH/ppm_synth_impl_1/precision.log
# Info: [9566]: Logging suppressed messages transcript to file /tp/xph3app/xph3app602/projet_drone/SYNTH/ppm_synth_impl_1/precision.log.suppressed
# Info: [9550]: Activated implementation ppm_synth_impl_1 in project /tp/xph3app/xph3app602/projet_drone/SYNTH/ppm_synth.psp.
new_project -name ppm_synth -folder /tp/xph3app/xph3app602/projet_drone/SYNTH -createimpl_name ppm_synth_impl_1
# COMMAND: setup_design -manufacturer Altera -family "Cyclone V" -part 5CSEMA5F31C -speed 6
# Info: [15297]: Setting up the design to use synthesis library "cyclonev.syn"
# Info: [573]: The global max fanout is currently set to 1000 for Altera - Cyclone V.
# Info: [15323]: Setting Part to: "5CSEMA5F31C".
# Info: [15324]: Setting Process to: "6".
setup_design -manufacturer Altera -family "Cyclone V" -part 5CSEMA5F31C -speed 6
# COMMAND: setup_design -frequency 25 -max_fanout=1000
# Info: [573]: The global max fanout is currently set to 1000 for Altera - Cyclone V.
setup_design -frequency 25 -max_fanout=1000
# COMMAND: save_project
# Info: [9562]: Saved implementation ppm_synth_impl_1 in project /tp/xph3app/xph3app602/projet_drone/SYNTH/ppm_synth.psp.
save_project
# COMMAND: save_project
# Info: [9562]: Saved implementation ppm_synth_impl_1 in project /tp/xph3app/xph3app602/projet_drone/SYNTH/ppm_synth.psp.
save_project
# COMMAND: add_input_file {../VHD/constants.vhd ../VHD/global_counter.vhd ../VHD/local_counter.vhd ../VHD/send_ppm.vhd}
add_input_file {../VHD/constants.vhd ../VHD/global_counter.vhd ../VHD/local_counter.vhd ../VHD/send_ppm.vhd}
# COMMAND: move_input_file_to_bottom -from {3}
move_input_file_to_bottom -from {3}
# COMMAND: setup_design -basename=send_ppm_synth -edif=true -vhdl=true -vendor_constraint_file=false
setup_design -basename=send_ppm_synth -edif=true -vhdl=true -vendor_constraint_file=false
# COMMAND: compile
# Info: [3022]: Reading file: /softslin/precision2014a_64b/Mgc_home/pkgs/psr/techlibs/cyclonev.syn.
# Info: [631]: Loading library initialization file /softslin/precision2014a_64b/Mgc_home/pkgs/psr/userware/armstrong_rename.tcl
# Info: [40000]: vhdlorder, Release 2014a.1
# Info: [40000]: Files sorted successfully.
# Info: [40000]: hdl-analyze, Release RTLC-Precision 2014a.1
# Info: [42502]: Analyzing input file "/tp/xph3app/xph3app602/projet_drone/SYNTH/../VHD/constants.vhd" ...
# Info: [42502]: Analyzing input file "/tp/xph3app/xph3app602/projet_drone/SYNTH/../VHD/global_counter.vhd" ...
# Info: [42502]: Analyzing input file "/tp/xph3app/xph3app602/projet_drone/SYNTH/../VHD/local_counter.vhd" ...
# Info: [42502]: Analyzing input file "/tp/xph3app/xph3app602/projet_drone/SYNTH/../VHD/send_ppm.vhd" ...
# Info: [656]: Top module of the design is set to: send_ppm.
# Info: [654]: Current working directory: /tp/xph3app/xph3app602/projet_drone/SYNTH/ppm_synth_impl_1.
# Info: [40000]: RTLC-Driver, Release RTLC-Precision 2014a.1
# Info: [40000]: Last compiled on Feb 21 2014 20:01:23
# Info: [44512]: Initializing...
# Info: [44504]: Partitioning design ....
# Info: [40000]: RTLCompiler, Release RTLC-Precision 2014a.1
# Info: [40000]: Last compiled on Feb 21 2014 08:49:08
# Info: [44512]: Initializing...
# Info: [44522]: Root Module work.send_ppm(rtl): Pre-processing...
# Info: [45143]: "/tp/xph3app/xph3app602/projet_drone/SYNTH/../VHD/send_ppm.vhd", line 49: Enumerated type ppm_states with 5 elements encoded as onehot.
# Info: [45144]: Encodings for ppm_states values.
# Info: [40000]: value                              	                    ppm_states[4-0]
# Info: [40000]: tempo                              	                         00001
# Info: [40000]: pulse                              	                         00010
# Info: [40000]: synchro                            	                         00100
# Info: [40000]: reset                              	                         01000
# Info: [40000]: fin_trame                          	                         10000
# Info: [44506]: Module work.global_counter(a): Pre-processing...
# Info: [44506]: Module work.local_counter(b): Pre-processing...
# Info: [45144]: Extracted FSM in module work.send_ppm(rtl), with state variable = current_state[4:0], async set/reset state(s) = (none), number of states = 5.
# Info: [45144]: Re-encoding 5 state FSM as "onehot".
# Info: [45144]: FSM: State encoding table.
# Info: [40000]: FSM:	Index	     State Name	                            Literal	                      Encoding
# Info: [40000]: FSM:	    0	          reset	                              01000	                         00001
# Info: [40000]: FSM:	    1	          tempo	                              00001	                         00010
# Info: [40000]: FSM:	    2	          pulse	                              00010	                         00100
# Info: [40000]: FSM:	    3	        synchro	                              00100	                         01000
# Info: [40000]: FSM:	    4	      fin_trame	                              10000	                         10000
# Warning: [45729]: "/tp/xph3app/xph3app602/projet_drone/SYNTH/../VHD/send_ppm.vhd", line 57: signal sig_in_enable has never been used.
# Warning: [45729]: "/tp/xph3app/xph3app602/projet_drone/SYNTH/../VHD/send_ppm.vhd", line 64: signal sig_out_global_count has never been used.
# Warning: [45729]: "/tp/xph3app/xph3app602/projet_drone/SYNTH/../VHD/send_ppm.vhd", line 74: signal sig_cyclesSynchro[39:20] has never been used.
# Warning: [45729]: "/tp/xph3app/xph3app602/projet_drone/SYNTH/../VHD/send_ppm.vhd", line 88: signal sig_flag_ppm_ready has never been used.
# Info: [44508]: Module work.global_counter(a): Compiling...
# Info: [44508]: Module work.local_counter(b): Compiling...
# Info: [44523]: Root Module work.send_ppm(rtl): Compiling...
# Info: [44838]: "/tp/xph3app/xph3app602/projet_drone/SYNTH/../VHD/send_ppm.vhd", line 123: Macro mult_add (multiplier adder) "MULT_ADD_16" inferred for node "sig_final4".
# Info: [44838]: "/tp/xph3app/xph3app602/projet_drone/SYNTH/../VHD/send_ppm.vhd", line 120: Macro mult_add (multiplier adder) "MULT_ADD_16" inferred for node "sig_final3".
# Info: [44838]: "/tp/xph3app/xph3app602/projet_drone/SYNTH/../VHD/send_ppm.vhd", line 117: Macro mult_add (multiplier adder) "MULT_ADD_16" inferred for node "sig_final2".
# Info: [44838]: "/tp/xph3app/xph3app602/projet_drone/SYNTH/../VHD/send_ppm.vhd", line 114: Macro mult_add (multiplier adder) "MULT_ADD_16" inferred for node "sig_final1".
# Info: [45193]: "/tp/xph3app/xph3app602/projet_drone/SYNTH/../VHD/send_ppm.vhd", line 88: Net sig_flag_ppm_ready is unused after optimization
# Info: [45193]: "/tp/xph3app/xph3app602/projet_drone/SYNTH/../VHD/send_ppm.vhd", line 17: Net i_enable is unused after optimization
# Info: [44846]: Rebalanced Expression Tree...
# Info: [44842]: Compilation successfully completed.
# Info: [44841]: Counter Inferencing === Detected : 7, Inferred (Modgen/Selcounter/AddSub) : 0 (0 / 0 / 0), AcrossDH (Merged/Not-Merged) : (0 / 0), Not-Inferred (Acrossdh/Attempted) : (0 / 2), Local Vars : 5 ===
# Info: [44856]: Total lines of RTL compiled: 300.
# Info: [44835]: Total CPU time for compilation: 0.0 secs.
# Info: [44513]: Overall running time for compilation: 5.0 secs.
# Info: [654]: Current working directory: /tp/xph3app/xph3app602/projet_drone/SYNTH/ppm_synth_impl_1.
# Info: [15329]: Doing rtl optimizations.
# Info: [657]: Finished compiling design.
compile
# COMMAND: compile
# Info: [631]: Loading library initialization file /softslin/precision2014a_64b/Mgc_home/pkgs/psr/userware/armstrong_rename.tcl
# Info: [40000]: vhdlorder, Release 2014a.1
# Info: [40000]: Files sorted successfully.
# Info: [40000]: hdl-analyze, Release RTLC-Precision 2014a.1
# Info: [42502]: Analyzing input file "/tp/xph3app/xph3app602/projet_drone/SYNTH/../VHD/constants.vhd" ...
# Info: [42502]: Analyzing input file "/tp/xph3app/xph3app602/projet_drone/SYNTH/../VHD/global_counter.vhd" ...
# Info: [42502]: Analyzing input file "/tp/xph3app/xph3app602/projet_drone/SYNTH/../VHD/local_counter.vhd" ...
# Info: [42502]: Analyzing input file "/tp/xph3app/xph3app602/projet_drone/SYNTH/../VHD/send_ppm.vhd" ...
# Info: [656]: Top module of the design is set to: send_ppm.
# Info: [654]: Current working directory: /tp/xph3app/xph3app602/projet_drone/SYNTH/ppm_synth_impl_1.
# Info: [40000]: RTLC-Driver, Release RTLC-Precision 2014a.1
# Info: [40000]: Last compiled on Feb 21 2014 20:01:23
# Info: [44512]: Initializing...
# Info: [44504]: Partitioning design ....
# Info: [40000]: RTLCompiler, Release RTLC-Precision 2014a.1
# Info: [40000]: Last compiled on Feb 21 2014 08:49:08
# Info: [44512]: Initializing...
# Info: [44522]: Root Module work.send_ppm(rtl): Pre-processing...
# Info: [45143]: "/tp/xph3app/xph3app602/projet_drone/SYNTH/../VHD/send_ppm.vhd", line 49: Enumerated type ppm_states with 5 elements encoded as onehot.
# Info: [45144]: Encodings for ppm_states values.
# Info: [40000]: value                              	                    ppm_states[4-0]
# Info: [40000]: tempo                              	                         00001
# Info: [40000]: pulse                              	                         00010
# Info: [40000]: synchro                            	                         00100
# Info: [40000]: reset                              	                         01000
# Info: [40000]: fin_trame                          	                         10000
# Info: [44506]: Module work.global_counter(a): Pre-processing...
# Info: [44506]: Module work.local_counter(b): Pre-processing...
# Info: [45144]: Extracted FSM in module work.send_ppm(rtl), with state variable = current_state[4:0], async set/reset state(s) = (none), number of states = 5.
# Info: [45144]: Re-encoding 5 state FSM as "onehot".
# Info: [45144]: FSM: State encoding table.
# Info: [40000]: FSM:	Index	     State Name	                            Literal	                      Encoding
# Info: [40000]: FSM:	    0	          reset	                              01000	                         00001
# Info: [40000]: FSM:	    1	          tempo	                              00001	                         00010
# Info: [40000]: FSM:	    2	          pulse	                              00010	                         00100
# Info: [40000]: FSM:	    3	        synchro	                              00100	                         01000
# Info: [40000]: FSM:	    4	      fin_trame	                              10000	                         10000
# Warning: [45729]: "/tp/xph3app/xph3app602/projet_drone/SYNTH/../VHD/send_ppm.vhd", line 64: signal sig_out_global_count has never been used.
# Warning: [45729]: "/tp/xph3app/xph3app602/projet_drone/SYNTH/../VHD/send_ppm.vhd", line 74: signal sig_cyclesSynchro[39:20] has never been used.
# Warning: [45729]: "/tp/xph3app/xph3app602/projet_drone/SYNTH/../VHD/send_ppm.vhd", line 88: signal sig_flag_ppm_ready has never been used.
# Info: [44508]: Module work.global_counter(a): Compiling...
# Info: [44508]: Module work.local_counter(b): Compiling...
# Info: [44523]: Root Module work.send_ppm(rtl): Compiling...
# Info: [44838]: "/tp/xph3app/xph3app602/projet_drone/SYNTH/../VHD/send_ppm.vhd", line 123: Macro mult_add (multiplier adder) "MULT_ADD_16" inferred for node "sig_final4".
# Info: [44838]: "/tp/xph3app/xph3app602/projet_drone/SYNTH/../VHD/send_ppm.vhd", line 120: Macro mult_add (multiplier adder) "MULT_ADD_16" inferred for node "sig_final3".
# Info: [44838]: "/tp/xph3app/xph3app602/projet_drone/SYNTH/../VHD/send_ppm.vhd", line 117: Macro mult_add (multiplier adder) "MULT_ADD_16" inferred for node "sig_final2".
# Info: [44838]: "/tp/xph3app/xph3app602/projet_drone/SYNTH/../VHD/send_ppm.vhd", line 114: Macro mult_add (multiplier adder) "MULT_ADD_16" inferred for node "sig_final1".
# Info: [45193]: "/tp/xph3app/xph3app602/projet_drone/SYNTH/../VHD/send_ppm.vhd", line 88: Net sig_flag_ppm_ready is unused after optimization
# Info: [44846]: Rebalanced Expression Tree...
# Info: [44842]: Compilation successfully completed.
# Info: [44841]: Counter Inferencing === Detected : 7, Inferred (Modgen/Selcounter/AddSub) : 0 (0 / 0 / 0), AcrossDH (Merged/Not-Merged) : (0 / 0), Not-Inferred (Acrossdh/Attempted) : (0 / 2), Local Vars : 5 ===
# Info: [44856]: Total lines of RTL compiled: 300.
# Info: [44835]: Total CPU time for compilation: 0.0 secs.
# Info: [44513]: Overall running time for compilation: 1.0 secs.
# Info: [654]: Current working directory: /tp/xph3app/xph3app602/projet_drone/SYNTH/ppm_synth_impl_1.
# Info: [15329]: Doing rtl optimizations.
# Info: [657]: Finished compiling design.
compile
# COMMAND: compile
# Info: [631]: Loading library initialization file /softslin/precision2014a_64b/Mgc_home/pkgs/psr/userware/armstrong_rename.tcl
# Info: [40000]: vhdlorder, Release 2014a.1
# Info: [40000]: Files sorted successfully.
# Info: [40000]: hdl-analyze, Release RTLC-Precision 2014a.1
# Info: [42502]: Analyzing input file "/tp/xph3app/xph3app602/projet_drone/SYNTH/../VHD/constants.vhd" ...
# Info: [42502]: Analyzing input file "/tp/xph3app/xph3app602/projet_drone/SYNTH/../VHD/global_counter.vhd" ...
# Info: [42502]: Analyzing input file "/tp/xph3app/xph3app602/projet_drone/SYNTH/../VHD/local_counter.vhd" ...
# Info: [42502]: Analyzing input file "/tp/xph3app/xph3app602/projet_drone/SYNTH/../VHD/send_ppm.vhd" ...
# Warning: [15258]: Multiple tops found: global_counter
# Info:      send_ppm
# Info: [656]: Top module of the design is set to: send_ppm.
# Info: [654]: Current working directory: /tp/xph3app/xph3app602/projet_drone/SYNTH/ppm_synth_impl_1.
# Info: [40000]: RTLC-Driver, Release RTLC-Precision 2014a.1
# Info: [40000]: Last compiled on Feb 21 2014 20:01:23
# Info: [44512]: Initializing...
# Info: [44504]: Partitioning design ....
# Info: [40000]: RTLCompiler, Release RTLC-Precision 2014a.1
# Info: [40000]: Last compiled on Feb 21 2014 08:49:08
# Info: [44512]: Initializing...
# Info: [44522]: Root Module work.send_ppm(rtl): Pre-processing...
# Info: [45143]: "/tp/xph3app/xph3app602/projet_drone/SYNTH/../VHD/send_ppm.vhd", line 49: Enumerated type ppm_states with 5 elements encoded as onehot.
# Info: [45144]: Encodings for ppm_states values.
# Info: [40000]: value                              	                    ppm_states[4-0]
# Info: [40000]: tempo                              	                         00001
# Info: [40000]: pulse                              	                         00010
# Info: [40000]: synchro                            	                         00100
# Info: [40000]: reset                              	                         01000
# Info: [40000]: fin_trame                          	                         10000
# Info: [44506]: Module work.local_counter(b): Pre-processing...
# Info: [45144]: Extracted FSM in module work.send_ppm(rtl), with state variable = current_state[4:0], async set/reset state(s) = (none), number of states = 5.
# Info: [45144]: Re-encoding 5 state FSM as "onehot".
# Info: [45144]: FSM: State encoding table.
# Info: [40000]: FSM:	Index	     State Name	                            Literal	                      Encoding
# Info: [40000]: FSM:	    0	          reset	                              01000	                         00001
# Info: [40000]: FSM:	    1	          tempo	                              00001	                         00010
# Info: [40000]: FSM:	    2	          pulse	                              00010	                         00100
# Info: [40000]: FSM:	    3	        synchro	                              00100	                         01000
# Info: [40000]: FSM:	    4	      fin_trame	                              10000	                         10000
# Warning: [45729]: "/tp/xph3app/xph3app602/projet_drone/SYNTH/../VHD/send_ppm.vhd", line 74: signal sig_cyclesSynchro[39:20] has never been used.
# Warning: [45729]: "/tp/xph3app/xph3app602/projet_drone/SYNTH/../VHD/send_ppm.vhd", line 88: signal sig_flag_ppm_ready has never been used.
# Info: [44508]: Module work.local_counter(b): Compiling...
# Info: [44523]: Root Module work.send_ppm(rtl): Compiling...
# Info: [44838]: "/tp/xph3app/xph3app602/projet_drone/SYNTH/../VHD/send_ppm.vhd", line 123: Macro mult_add (multiplier adder) "MULT_ADD_16" inferred for node "sig_final4".
# Info: [44838]: "/tp/xph3app/xph3app602/projet_drone/SYNTH/../VHD/send_ppm.vhd", line 120: Macro mult_add (multiplier adder) "MULT_ADD_16" inferred for node "sig_final3".
# Info: [44838]: "/tp/xph3app/xph3app602/projet_drone/SYNTH/../VHD/send_ppm.vhd", line 117: Macro mult_add (multiplier adder) "MULT_ADD_16" inferred for node "sig_final2".
# Info: [44838]: "/tp/xph3app/xph3app602/projet_drone/SYNTH/../VHD/send_ppm.vhd", line 114: Macro mult_add (multiplier adder) "MULT_ADD_16" inferred for node "sig_final1".
# Info: [45193]: "/tp/xph3app/xph3app602/projet_drone/SYNTH/../VHD/send_ppm.vhd", line 88: Net sig_flag_ppm_ready is unused after optimization
# Info: [44846]: Rebalanced Expression Tree...
# Info: [44842]: Compilation successfully completed.
# Info: [44841]: Counter Inferencing === Detected : 6, Inferred (Modgen/Selcounter/AddSub) : 0 (0 / 0 / 0), AcrossDH (Merged/Not-Merged) : (0 / 0), Not-Inferred (Acrossdh/Attempted) : (0 / 1), Local Vars : 5 ===
# Info: [44856]: Total lines of RTL compiled: 272.
# Info: [44835]: Total CPU time for compilation: 0.0 secs.
# Info: [44513]: Overall running time for compilation: 1.0 secs.
# Info: [654]: Current working directory: /tp/xph3app/xph3app602/projet_drone/SYNTH/ppm_synth_impl_1.
# Info: [15329]: Doing rtl optimizations.
# Info: [657]: Finished compiling design.
compile
# COMMAND: synthesize
# Info: [654]: Current working directory: /tp/xph3app/xph3app602/projet_drone/SYNTH/ppm_synth_impl_1.
# Info: [4557]: instance:local_counter1 Instance is flattened in hierarchical block view:.work.send_ppm.rtl.
# Info: [15002]: Optimizing design view:.work.send_ppm.rtl
# Info: [12045]: Starting timing reports generation...
# Info: [12046]: Timing reports generation done.
# Info: [12047]: POST-SYNTHESIS TIMING REPORTS ARE ESTIMATES AND SHOULD NOT BE RELIED ON TO MAKE QoR DECISIONS. For accurate timing information, please run place-and-route (P&R) and review P&R generated timing reports.
# Info: [3027]: Writing file: /tp/xph3app/xph3app602/projet_drone/SYNTH/ppm_synth_impl_1/send_ppm_synth.edf.
# Info: [3027]: Writing file: /tp/xph3app/xph3app602/projet_drone/SYNTH/ppm_synth_impl_1/send_ppm_synth.vhd.
# Info: [3027]: Writing file: /tp/xph3app/xph3app602/projet_drone/SYNTH/ppm_synth_impl_1/send_ppm_synth.vqm.
# Info: [657]: Finished synthesizing design.
# Info: [11019]: Total CPU time for synthesis: 3.3 s secs.
# Info: [11020]: Overall running time for synthesis: 4.0 s secs.
synthesize
# Error: Segmentation violation
# Info: backtrace() returned 31 addresses (
# Info: /softslin/precision2014a_64b/Mgc_home/lib/libprecpkgs.so(_ZN17stackwalker_linux16CSDiagStackTrace17CollectStackTraceEv+0x26) [0x7f5bacce0a66]
# Info: /softslin/precision2014a_64b/Mgc_home/lib/libprecpkgs.so(_ZN16CSDiagStackTrace13GetStackTraceERSt6vectorISsSaISsEE+0x20) [0x7f5bacce0700]
# Info: /softslin/precision2014a_64b/Mgc_home/lib/libprecpkgs.so(sigsegv_handler+0x46) [0x7f5baccbc1d6]
# Info: /lib/x86_64-linux-gnu/libpthread.so.0(+0xf0a0) [0x7f5babe260a0]
# Info: /lib/x86_64-linux-gnu/libc.so.6(+0x7fdb1) [0x7f5bab175db1]
# Info: /softslin/precision2014a_64b/Mgc_home/pkgs/prec_gcc/lib/libstdc++.so.6(_ZNSsC1EPKcRKSaIcE+0x30) [0x7f5bab9acf30]
# Info: /softslin/precision2014a_64b/Mgc_home/pkgs/psr/.bin/precision_newgui() [0xa9c540]
# Info: /softslin/precision2014a_64b/Mgc_home/pkgs/psr/.bin/precision_newgui() [0x9c962d]
# Info: /softslin/precision2014a_64b/Mgc_home/pkgs/psr/.bin/precision_newgui() [0x9c96ef]
# Info: /softslin/precision2014a_64b/Mgc_home/pkgs/psr/.bin/precision_newgui() [0xa96a38]
# Info: /softslin/precision2014a_64b/Mgc_home/pkgs/psr/.bin/precision_newgui() [0xab7762]
# Info: /softslin/precision2014a_64b/Mgc_home/pkgs/psr/.bin/precision_newgui() [0x932bb6]
# Info: /softslin/precision2014a_64b/Mgc_home/pkgs/psr/.bin/precision_newgui() [0x9349f3]
# Info: /softslin/precision2014a_64b/Mgc_home/pkgs/psr/.bin/precision_newgui() [0xa236b3]
# Info: /softslin/precision2014a_64b/Mgc_home/lib/libprecpkgs.so(_ZN25CSStringTclCommandHandler19EvaluateWithObjectsEiPKP7Tcl_Obj+0x3d) [0x7f5baccaa15d]
# Info: /softslin/precision2014a_64b/Mgc_home/lib/libprecpkgs.so(+0x1b1d43) [0x7f5baccaad43]
# Info: /softslin/precision2014a_64b/Mgc_home/lib/libtcl8.4t.so(TclEvalObjvInternal+0x2f6) [0x7f5bac061596]
# Info: /softslin/precision2014a_64b/Mgc_home/lib/libtcl8.4t.so(Tcl_EvalEx+0x399) [0x7f5bac061a99]
# Info: /softslin/precision2014a_64b/Mgc_home/lib/libtk8.4t.so(Tk_BindEvent+0x811) [0x7f5bac564561]
# Info: /softslin/precision2014a_64b/Mgc_home/lib/libtk8.4t.so(TkBindEventProc+0xc9) [0x7f5bac5696c9]
# Info: /softslin/precision2014a_64b/Mgc_home/lib/libtk8.4t.so(Tk_HandleEvent+0x448) [0x7f5bac56ed68]
# Info: /softslin/precision2014a_64b/Mgc_home/lib/libtk8.4t.so(+0x3c1dc) [0x7f5bac56f1dc]
# Info: /softslin/precision2014a_64b/Mgc_home/lib/libtcl8.4t.so(Tcl_ServiceEvent+0x74) [0x7f5bac0ab174]
# Info: /softslin/precision2014a_64b/Mgc_home/lib/libtcl8.4t.so(Tcl_DoOneEvent+0x75) [0x7f5bac0ab405]
# Info: /softslin/precision2014a_64b/Mgc_home/lib/libtk8.4t.so(Tk_MainLoop+0x18) [0x7f5bac56e698]
# Info: /softslin/precision2014a_64b/Mgc_home/lib/libtk8.4t.so(Tk_MainEx+0x35e) [0x7f5bac57b2de]
# Info: /softslin/precision2014a_64b/Mgc_home/pkgs/psr/.bin/precision_newgui() [0xa1542b]
# Info: /softslin/precision2014a_64b/Mgc_home/pkgs/psr/.bin/precision_newgui() [0x450c3c]
# Info: /softslin/precision2014a_64b/Mgc_home/pkgs/psr/.bin/precision_newgui(__gxx_personality_v0+0x3a0) [0x44f798]
# Info: /lib/x86_64-linux-gnu/libc.so.6(__libc_start_main+0xfd) [0x7f5bab114ead]
# Info: /softslin/precision2014a_64b/Mgc_home/pkgs/psr/.bin/precision_newgui(__gxx_personality_v0+0x1f2) [0x44f5ea]
# Info: )
