 
****************************************
Report : cell
Design : top_ppm
Version: J-2014.09-SP2
Date   : Thu Jan 18 12:34:39 2018
****************************************

Attributes:
    b - black box (unknown)
    d - dont_touch
    h - hierarchical
   mo - map_only
    n - noncombinational
    r - removable
    u - contains unmapped logic

Cell                      Reference       Library             Area  Attributes
--------------------------------------------------------------------------------
U1                        NOR21           c35_CORELIB_TYP 54.599998 
U2                        MUX22           c35_CORELIB_TYP 109.199997
U3                        MUX22           c35_CORELIB_TYP 109.199997
U4                        MUX22           c35_CORELIB_TYP 109.199997
U5                        MUX22           c35_CORELIB_TYP 109.199997
U6                        XNR21           c35_CORELIB_TYP 109.199997
U7                        XNR21           c35_CORELIB_TYP 109.199997
U8                        INV3            c35_CORELIB_TYP 36.400002 
U9                        NOR21           c35_CORELIB_TYP 54.599998 
U10                       NOR21           c35_CORELIB_TYP 54.599998 
U11                       INV3            c35_CORELIB_TYP 36.400002 
U12                       INV3            c35_CORELIB_TYP 36.400002 
U13                       NOR21           c35_CORELIB_TYP 54.599998 
U14                       XNR21           c35_CORELIB_TYP 109.199997
U15                       INV3            c35_CORELIB_TYP 36.400002 
U16                       XOR21           c35_CORELIB_TYP 127.400002
U17                       INV3            c35_CORELIB_TYP 36.400002 
U18                       INV3            c35_CORELIB_TYP 36.400002 
U19                       INV3            c35_CORELIB_TYP 36.400002 
U20                       INV3            c35_CORELIB_TYP 36.400002 
U21                       INV3            c35_CORELIB_TYP 36.400002 
U22                       NOR21           c35_CORELIB_TYP 54.599998 
U23                       INV3            c35_CORELIB_TYP 36.400002 
U24                       NOR21           c35_CORELIB_TYP 54.599998 
U25                       NOR21           c35_CORELIB_TYP 54.599998 
U26                       INV3            c35_CORELIB_TYP 36.400002 
U27                       NOR21           c35_CORELIB_TYP 54.599998 
U28                       INV3            c35_CORELIB_TYP 36.400002 
U29                       NOR21           c35_CORELIB_TYP 54.599998 
U30                       INV3            c35_CORELIB_TYP 36.400002 
U31                       INV3            c35_CORELIB_TYP 36.400002 
U32                       NOR21           c35_CORELIB_TYP 54.599998 
U33                       INV3            c35_CORELIB_TYP 36.400002 
U34                       INV3            c35_CORELIB_TYP 36.400002 
U35                       XNR21           c35_CORELIB_TYP 109.199997
U36                       INV3            c35_CORELIB_TYP 36.400002 
U37                       XOR21           c35_CORELIB_TYP 127.400002
U38                       INV3            c35_CORELIB_TYP 36.400002 
U39                       XNR21           c35_CORELIB_TYP 109.199997
U40                       INV3            c35_CORELIB_TYP 36.400002 
U41                       XOR21           c35_CORELIB_TYP 127.400002
U42                       INV3            c35_CORELIB_TYP 36.400002 
U43                       XOR21           c35_CORELIB_TYP 127.400002
U44                       INV3            c35_CORELIB_TYP 36.400002 
U45                       INV3            c35_CORELIB_TYP 36.400002 
U46                       INV3            c35_CORELIB_TYP 36.400002 
U47                       INV3            c35_CORELIB_TYP 36.400002 
U48                       INV3            c35_CORELIB_TYP 36.400002 
U49                       INV3            c35_CORELIB_TYP 36.400002 
U50                       INV3            c35_CORELIB_TYP 36.400002 
U51                       NOR21           c35_CORELIB_TYP 54.599998 
U52                       XOR21           c35_CORELIB_TYP 127.400002
U53                       XOR21           c35_CORELIB_TYP 127.400002
U54                       XOR21           c35_CORELIB_TYP 127.400002
U55                       XOR21           c35_CORELIB_TYP 127.400002
U56                       NOR21           c35_CORELIB_TYP 54.599998 
U57                       INV3            c35_CORELIB_TYP 36.400002 
U58                       NOR21           c35_CORELIB_TYP 54.599998 
U59                       NOR21           c35_CORELIB_TYP 54.599998 
U60                       INV3            c35_CORELIB_TYP 36.400002 
U61                       INV3            c35_CORELIB_TYP 36.400002 
U62                       NOR21           c35_CORELIB_TYP 54.599998 
U63                       INV3            c35_CORELIB_TYP 36.400002 
U64                       INV3            c35_CORELIB_TYP 36.400002 
U65                       INV3            c35_CORELIB_TYP 36.400002 
U66                       INV3            c35_CORELIB_TYP 36.400002 
U67                       INV3            c35_CORELIB_TYP 36.400002 
U68                       NOR21           c35_CORELIB_TYP 54.599998 
U69                       INV3            c35_CORELIB_TYP 36.400002 
U70                       INV3            c35_CORELIB_TYP 36.400002 
U71                       INV3            c35_CORELIB_TYP 36.400002 
U72                       NOR21           c35_CORELIB_TYP 54.599998 
U73                       INV3            c35_CORELIB_TYP 36.400002 
U74                       NOR21           c35_CORELIB_TYP 54.599998 
U75                       NOR21           c35_CORELIB_TYP 54.599998 
U76                       INV3            c35_CORELIB_TYP 36.400002 
U77                       INV3            c35_CORELIB_TYP 36.400002 
U78                       NOR21           c35_CORELIB_TYP 54.599998 
U79                       INV3            c35_CORELIB_TYP 36.400002 
U80                       INV3            c35_CORELIB_TYP 36.400002 
U81                       NOR21           c35_CORELIB_TYP 54.599998 
U82                       INV3            c35_CORELIB_TYP 36.400002 
U83                       XOR21           c35_CORELIB_TYP 127.400002
U84                       INV3            c35_CORELIB_TYP 36.400002 
U85                       XNR21           c35_CORELIB_TYP 109.199997
U86                       INV3            c35_CORELIB_TYP 36.400002 
U87                       XOR21           c35_CORELIB_TYP 127.400002
U88                       INV3            c35_CORELIB_TYP 36.400002 
U89                       XOR21           c35_CORELIB_TYP 127.400002
U90                       INV3            c35_CORELIB_TYP 36.400002 
U91                       XNR21           c35_CORELIB_TYP 109.199997
U92                       INV3            c35_CORELIB_TYP 36.400002 
U93                       XOR21           c35_CORELIB_TYP 127.400002
U94                       INV3            c35_CORELIB_TYP 36.400002 
U95                       INV3            c35_CORELIB_TYP 36.400002 
U96                       INV3            c35_CORELIB_TYP 36.400002 
U97                       XOR21           c35_CORELIB_TYP 127.400002
U98                       XOR21           c35_CORELIB_TYP 127.400002
U99                       XOR21           c35_CORELIB_TYP 127.400002
U100                      XOR21           c35_CORELIB_TYP 127.400002
U101                      XOR21           c35_CORELIB_TYP 127.400002
U102                      XOR21           c35_CORELIB_TYP 127.400002
U103                      XOR21           c35_CORELIB_TYP 127.400002
U104                      XOR21           c35_CORELIB_TYP 127.400002
                                                                    d
U105                      XOR21           c35_CORELIB_TYP 127.400002
                                                                    d
U106                      XOR21           c35_CORELIB_TYP 127.400002
                                                                    d
U107                      XOR21           c35_CORELIB_TYP 127.400002
                                                                    d
U108                      XNR21           c35_CORELIB_TYP 109.199997
U109                      NOR21           c35_CORELIB_TYP 54.599998 
U110                      INV3            c35_CORELIB_TYP 36.400002 
U111                      INV3            c35_CORELIB_TYP 36.400002 
U112                      NOR21           c35_CORELIB_TYP 54.599998 
U113                      INV3            c35_CORELIB_TYP 36.400002 
U114                      NOR21           c35_CORELIB_TYP 54.599998 
U115                      INV3            c35_CORELIB_TYP 36.400002 
U116                      NOR21           c35_CORELIB_TYP 54.599998 
U117                      INV3            c35_CORELIB_TYP 36.400002 
U118                      NOR21           c35_CORELIB_TYP 54.599998 
U119                      INV3            c35_CORELIB_TYP 36.400002 
U120                      INV3            c35_CORELIB_TYP 36.400002 
U121                      INV3            c35_CORELIB_TYP 36.400002 
U122                      INV3            c35_CORELIB_TYP 36.400002 
U123                      INV3            c35_CORELIB_TYP 36.400002 
U124                      INV3            c35_CORELIB_TYP 36.400002 
U125                      NOR21           c35_CORELIB_TYP 54.599998 
U126                      INV3            c35_CORELIB_TYP 36.400002 
U127                      INV3            c35_CORELIB_TYP 36.400002 
U128                      NOR21           c35_CORELIB_TYP 54.599998 
U129                      INV3            c35_CORELIB_TYP 36.400002 
U130                      INV3            c35_CORELIB_TYP 36.400002 
U131                      NOR21           c35_CORELIB_TYP 54.599998 
U132                      XOR21           c35_CORELIB_TYP 127.400002
U133                      XOR21           c35_CORELIB_TYP 127.400002
U134                      XOR21           c35_CORELIB_TYP 127.400002
U135                      XNR21           c35_CORELIB_TYP 109.199997
U136                      XNR21           c35_CORELIB_TYP 109.199997
U137                      XOR21           c35_CORELIB_TYP 127.400002
U138                      XOR21           c35_CORELIB_TYP 127.400002
U139                      XNR21           c35_CORELIB_TYP 109.199997
U140                      NOR21           c35_CORELIB_TYP 54.599998 
U141                      INV3            c35_CORELIB_TYP 36.400002 
U142                      INV3            c35_CORELIB_TYP 36.400002 
U143                      NOR21           c35_CORELIB_TYP 54.599998 
U144                      INV3            c35_CORELIB_TYP 36.400002 
U145                      INV3            c35_CORELIB_TYP 36.400002 
U146                      NOR21           c35_CORELIB_TYP 54.599998 
U147                      INV3            c35_CORELIB_TYP 36.400002 
U148                      INV3            c35_CORELIB_TYP 36.400002 
U149                      NOR21           c35_CORELIB_TYP 54.599998 
U150                      INV3            c35_CORELIB_TYP 36.400002 
U151                      INV3            c35_CORELIB_TYP 36.400002 
U152                      NOR21           c35_CORELIB_TYP 54.599998 
U153                      INV3            c35_CORELIB_TYP 36.400002 
U154                      INV3            c35_CORELIB_TYP 36.400002 
U155                      INV3            c35_CORELIB_TYP 36.400002 
U156                      NOR21           c35_CORELIB_TYP 54.599998 
U157                      INV3            c35_CORELIB_TYP 36.400002 
U158                      NOR21           c35_CORELIB_TYP 54.599998 
U159                      INV3            c35_CORELIB_TYP 36.400002 
U160                      NOR21           c35_CORELIB_TYP 54.599998 
U161                      NOR21           c35_CORELIB_TYP 54.599998 
U162                      INV3            c35_CORELIB_TYP 36.400002 
U163                      INV3            c35_CORELIB_TYP 36.400002 
U164                      BUF2            c35_CORELIB_TYP 54.599998 
U165                      BUF2            c35_CORELIB_TYP 54.599998 
U166                      BUF2            c35_CORELIB_TYP 54.599998 
U167                      BUF2            c35_CORELIB_TYP 54.599998 
U168                      BUF2            c35_CORELIB_TYP 54.599998 
U169                      NOR40           c35_CORELIB_TYP 72.800003 
U170                      NAND31          c35_CORELIB_TYP 72.800003 
U171                      NAND22          c35_CORELIB_TYP 54.599998 
U172                      INV3            c35_CORELIB_TYP 36.400002 
U173                      NAND41          c35_CORELIB_TYP 91.000000 
U174                      NAND22          c35_CORELIB_TYP 54.599998 
U175                      INV3            c35_CORELIB_TYP 36.400002 
U176                      NOR21           c35_CORELIB_TYP 54.599998 
U177                      NOR40           c35_CORELIB_TYP 72.800003 
U178                      NAND31          c35_CORELIB_TYP 72.800003 
U179                      NAND22          c35_CORELIB_TYP 54.599998 
U180                      NAND31          c35_CORELIB_TYP 72.800003 
U181                      NOR21           c35_CORELIB_TYP 54.599998 
U182                      INV3            c35_CORELIB_TYP 36.400002 
U183                      INV3            c35_CORELIB_TYP 36.400002 
U184                      XOR21           c35_CORELIB_TYP 127.400002
U185                      INV3            c35_CORELIB_TYP 36.400002 
U186                      XOR21           c35_CORELIB_TYP 127.400002
U187                      INV3            c35_CORELIB_TYP 36.400002 
U188                      INV3            c35_CORELIB_TYP 36.400002 
U189                      NOR21           c35_CORELIB_TYP 54.599998 
U190                      BUF2            c35_CORELIB_TYP 54.599998 
U191                      BUF2            c35_CORELIB_TYP 54.599998 
U192                      INV3            c35_CORELIB_TYP 36.400002 
U193                      INV3            c35_CORELIB_TYP 36.400002 
U194                      INV3            c35_CORELIB_TYP 36.400002 
U195                      NOR21           c35_CORELIB_TYP 54.599998 
U196                      INV3            c35_CORELIB_TYP 36.400002 
U197                      NOR21           c35_CORELIB_TYP 54.599998 
U198                      INV3            c35_CORELIB_TYP 36.400002 
U199                      NOR21           c35_CORELIB_TYP 54.599998 
U200                      INV3            c35_CORELIB_TYP 36.400002 
U201                      NOR21           c35_CORELIB_TYP 54.599998 
U202                      INV3            c35_CORELIB_TYP 36.400002 
U203                      NOR21           c35_CORELIB_TYP 54.599998 
U204                      INV3            c35_CORELIB_TYP 36.400002 
U205                      NOR21           c35_CORELIB_TYP 54.599998 
U206                      INV3            c35_CORELIB_TYP 36.400002 
U207                      NOR21           c35_CORELIB_TYP 54.599998 
U208                      INV3            c35_CORELIB_TYP 36.400002 
U209                      NOR21           c35_CORELIB_TYP 54.599998 
U210                      INV3            c35_CORELIB_TYP 36.400002 
U211                      NOR21           c35_CORELIB_TYP 54.599998 
U212                      INV3            c35_CORELIB_TYP 36.400002 
U213                      NOR21           c35_CORELIB_TYP 54.599998 
U214                      INV3            c35_CORELIB_TYP 36.400002 
U215                      NOR21           c35_CORELIB_TYP 54.599998 
U216                      INV3            c35_CORELIB_TYP 36.400002 
U217                      NOR21           c35_CORELIB_TYP 54.599998 
U218                      INV3            c35_CORELIB_TYP 36.400002 
U219                      XOR21           c35_CORELIB_TYP 127.400002
U220                      XOR21           c35_CORELIB_TYP 127.400002
U221                      XOR21           c35_CORELIB_TYP 127.400002
U222                      XOR21           c35_CORELIB_TYP 127.400002
U223                      XOR21           c35_CORELIB_TYP 127.400002
U224                      XOR21           c35_CORELIB_TYP 127.400002
U225                      XOR21           c35_CORELIB_TYP 127.400002
U226                      XOR21           c35_CORELIB_TYP 127.400002
U227                      XOR21           c35_CORELIB_TYP 127.400002
U228                      XOR21           c35_CORELIB_TYP 127.400002
U229                      NOR21           c35_CORELIB_TYP 54.599998 
U230                      XOR21           c35_CORELIB_TYP 127.400002
U231                      XNR21           c35_CORELIB_TYP 109.199997
U232                      XNR21           c35_CORELIB_TYP 109.199997
U233                      XNR21           c35_CORELIB_TYP 109.199997
U234                      XOR21           c35_CORELIB_TYP 127.400002
U235                      XOR21           c35_CORELIB_TYP 127.400002
U236                      XOR21           c35_CORELIB_TYP 127.400002
U237                      XOR21           c35_CORELIB_TYP 127.400002
U238                      NAND22          c35_CORELIB_TYP 54.599998 
U239                      NOR21           c35_CORELIB_TYP 54.599998 
U240                      INV3            c35_CORELIB_TYP 36.400002 
U241                      NOR21           c35_CORELIB_TYP 54.599998 
U242                      INV3            c35_CORELIB_TYP 36.400002 
U243                      INV3            c35_CORELIB_TYP 36.400002 
U244                      NOR21           c35_CORELIB_TYP 54.599998 
U245                      INV3            c35_CORELIB_TYP 36.400002 
U246                      INV3            c35_CORELIB_TYP 36.400002 
U247                      NOR21           c35_CORELIB_TYP 54.599998 
U248                      INV3            c35_CORELIB_TYP 36.400002 
U249                      INV3            c35_CORELIB_TYP 36.400002 
U250                      NOR21           c35_CORELIB_TYP 54.599998 
U251                      INV3            c35_CORELIB_TYP 36.400002 
U252                      INV3            c35_CORELIB_TYP 36.400002 
U253                      INV3            c35_CORELIB_TYP 36.400002 
U254                      INV3            c35_CORELIB_TYP 36.400002 
U255                      INV3            c35_CORELIB_TYP 36.400002 
U256                      INV3            c35_CORELIB_TYP 36.400002 
U257                      NAND22          c35_CORELIB_TYP 54.599998 d
U258                      BUF2            c35_CORELIB_TYP 54.599998 
U259                      XOR21           c35_CORELIB_TYP 127.400002
U260                      INV3            c35_CORELIB_TYP 36.400002 
U261                      NOR21           c35_CORELIB_TYP 54.599998 
U262                      NOR21           c35_CORELIB_TYP 54.599998 
U263                      INV3            c35_CORELIB_TYP 36.400002 
U264                      NOR21           c35_CORELIB_TYP 54.599998 
U265                      INV3            c35_CORELIB_TYP 36.400002 
U266                      NOR21           c35_CORELIB_TYP 54.599998 
U267                      INV3            c35_CORELIB_TYP 36.400002 
U268                      NOR21           c35_CORELIB_TYP 54.599998 
U269                      INV3            c35_CORELIB_TYP 36.400002 
U270                      NOR21           c35_CORELIB_TYP 54.599998 
U271                      INV3            c35_CORELIB_TYP 36.400002 
U272                      NOR21           c35_CORELIB_TYP 54.599998 
U273                      INV3            c35_CORELIB_TYP 36.400002 
U274                      XOR21           c35_CORELIB_TYP 127.400002
U275                      XOR21           c35_CORELIB_TYP 127.400002
U276                      XOR21           c35_CORELIB_TYP 127.400002
U277                      XNR21           c35_CORELIB_TYP 109.199997
U278                      XNR21           c35_CORELIB_TYP 109.199997
U279                      XNR21           c35_CORELIB_TYP 109.199997
U280                      XNR21           c35_CORELIB_TYP 109.199997
U281                      XOR21           c35_CORELIB_TYP 127.400002
U282                      NOR21           c35_CORELIB_TYP 54.599998 
U283                      XOR21           c35_CORELIB_TYP 127.400002
U284                      NOR21           c35_CORELIB_TYP 54.599998 
U285                      XOR21           c35_CORELIB_TYP 127.400002
U286                      NOR21           c35_CORELIB_TYP 54.599998 
U287                      XOR21           c35_CORELIB_TYP 127.400002
U288                      XOR21           c35_CORELIB_TYP 127.400002
U289                      XOR21           c35_CORELIB_TYP 127.400002
U290                      XNR21           c35_CORELIB_TYP 109.199997
U291                      NAND22          c35_CORELIB_TYP 54.599998 
U292                      NAND22          c35_CORELIB_TYP 54.599998 
U293                      NAND22          c35_CORELIB_TYP 54.599998 
U294                      NOR21           c35_CORELIB_TYP 54.599998 
U295                      INV3            c35_CORELIB_TYP 36.400002 
U296                      NOR21           c35_CORELIB_TYP 54.599998 
U297                      INV3            c35_CORELIB_TYP 36.400002 
U298                      NOR21           c35_CORELIB_TYP 54.599998 
U299                      INV3            c35_CORELIB_TYP 36.400002 
U300                      NOR21           c35_CORELIB_TYP 54.599998 
U301                      INV3            c35_CORELIB_TYP 36.400002 
U302                      INV3            c35_CORELIB_TYP 36.400002 
U303                      NOR21           c35_CORELIB_TYP 54.599998 
U304                      INV3            c35_CORELIB_TYP 36.400002 
U305                      INV3            c35_CORELIB_TYP 36.400002 
U306                      NOR21           c35_CORELIB_TYP 54.599998 
U307                      INV3            c35_CORELIB_TYP 36.400002 
U308                      INV3            c35_CORELIB_TYP 36.400002 
U309                      NOR21           c35_CORELIB_TYP 54.599998 
U310                      INV3            c35_CORELIB_TYP 36.400002 
U311                      INV3            c35_CORELIB_TYP 36.400002 
U312                      NOR21           c35_CORELIB_TYP 54.599998 
U313                      INV3            c35_CORELIB_TYP 36.400002 
U314                      NOR21           c35_CORELIB_TYP 54.599998 
U315                      INV3            c35_CORELIB_TYP 36.400002 
U316                      NOR21           c35_CORELIB_TYP 54.599998 
U317                      INV3            c35_CORELIB_TYP 36.400002 
U318                      INV3            c35_CORELIB_TYP 36.400002 
U319                      INV3            c35_CORELIB_TYP 36.400002 
U320                      INV3            c35_CORELIB_TYP 36.400002 
U321                      INV3            c35_CORELIB_TYP 36.400002 
U322                      NAND22          c35_CORELIB_TYP 54.599998 d
U323                      INV3            c35_CORELIB_TYP 36.400002 
U324                      NAND22          c35_CORELIB_TYP 54.599998 d
U325                      INV3            c35_CORELIB_TYP 36.400002 
U326                      NAND22          c35_CORELIB_TYP 54.599998 d
U327                      NOR21           c35_CORELIB_TYP 54.599998 
U328                      NAND22          c35_CORELIB_TYP 54.599998 
U329                      NOR21           c35_CORELIB_TYP 54.599998 
U330                      NAND22          c35_CORELIB_TYP 54.599998 
U331                      NOR21           c35_CORELIB_TYP 54.599998 
U332                      NAND22          c35_CORELIB_TYP 54.599998 
U333                      NOR21           c35_CORELIB_TYP 54.599998 
U334                      NAND22          c35_CORELIB_TYP 54.599998 
U335                      INV3            c35_CORELIB_TYP 36.400002 
U336                      NOR21           c35_CORELIB_TYP 54.599998 
U337                      INV3            c35_CORELIB_TYP 36.400002 
U338                      NOR21           c35_CORELIB_TYP 54.599998 
U339                      INV3            c35_CORELIB_TYP 36.400002 
U340                      NOR21           c35_CORELIB_TYP 54.599998 
U341                      INV3            c35_CORELIB_TYP 36.400002 
U342                      NOR21           c35_CORELIB_TYP 54.599998 
U343                      INV3            c35_CORELIB_TYP 36.400002 
U344                      NOR21           c35_CORELIB_TYP 54.599998 
U345                      INV3            c35_CORELIB_TYP 36.400002 
U346                      INV3            c35_CORELIB_TYP 36.400002 
U347                      NOR21           c35_CORELIB_TYP 54.599998 
U348                      INV3            c35_CORELIB_TYP 36.400002 
U349                      INV3            c35_CORELIB_TYP 36.400002 
U350                      INV3            c35_CORELIB_TYP 36.400002 
U351                      NOR21           c35_CORELIB_TYP 54.599998 
U352                      INV3            c35_CORELIB_TYP 36.400002 
U353                      NOR21           c35_CORELIB_TYP 54.599998 
U354                      INV3            c35_CORELIB_TYP 36.400002 
U355                      NOR21           c35_CORELIB_TYP 54.599998 
U356                      INV3            c35_CORELIB_TYP 36.400002 
U357                      INV3            c35_CORELIB_TYP 36.400002 
U358                      INV3            c35_CORELIB_TYP 36.400002 
U359                      NOR40           c35_CORELIB_TYP 72.800003 
U360                      NAND41          c35_CORELIB_TYP 91.000000 
U361                      NAND41          c35_CORELIB_TYP 91.000000 
U362                      NAND41          c35_CORELIB_TYP 91.000000 
U363                      XNR21           c35_CORELIB_TYP 109.199997
U364                      AOI221          c35_CORELIB_TYP 91.000000 
U365                      NOR21           c35_CORELIB_TYP 54.599998 
U366                      NOR21           c35_CORELIB_TYP 54.599998 
U367                      INV3            c35_CORELIB_TYP 36.400002 
U368                      NOR21           c35_CORELIB_TYP 54.599998 
U369                      NOR21           c35_CORELIB_TYP 54.599998 
U370                      NOR31           c35_CORELIB_TYP 72.800003 
U371                      INV3            c35_CORELIB_TYP 36.400002 
U372                      INV3            c35_CORELIB_TYP 36.400002 
U373                      INV3            c35_CORELIB_TYP 36.400002 
U374                      INV3            c35_CORELIB_TYP 36.400002 
U375                      INV3            c35_CORELIB_TYP 36.400002 
U376                      BUF2            c35_CORELIB_TYP 54.599998 
U377                      NOR21           c35_CORELIB_TYP 54.599998 
U378                      NAND22          c35_CORELIB_TYP 54.599998 
U379                      XOR21           c35_CORELIB_TYP 127.400002
U380                      INV3            c35_CORELIB_TYP 36.400002 
U381                      OAI2111         c35_CORELIB_TYP 91.000000 
U382                      NAND31          c35_CORELIB_TYP 72.800003 
U383                      NAND31          c35_CORELIB_TYP 72.800003 
U384                      XNR21           c35_CORELIB_TYP 109.199997
U385                      XNR21           c35_CORELIB_TYP 109.199997
U386                      NAND22          c35_CORELIB_TYP 54.599998 
U387                      INV3            c35_CORELIB_TYP 36.400002 
U388                      INV3            c35_CORELIB_TYP 36.400002 
U389                      NOR21           c35_CORELIB_TYP 54.599998 
U390                      NOR21           c35_CORELIB_TYP 54.599998 
U391                      NAND41          c35_CORELIB_TYP 91.000000 
U392                      AOI211          c35_CORELIB_TYP 72.800003 
U393                      XNR21           c35_CORELIB_TYP 109.199997
U394                      INV3            c35_CORELIB_TYP 36.400002 
U395                      INV3            c35_CORELIB_TYP 36.400002 
U396                      XOR21           c35_CORELIB_TYP 127.400002
U397                      NAND22          c35_CORELIB_TYP 54.599998 
U398                      INV3            c35_CORELIB_TYP 36.400002 
U399                      OAI2111         c35_CORELIB_TYP 91.000000 
U400                      AOI221          c35_CORELIB_TYP 91.000000 
U401                      XNR21           c35_CORELIB_TYP 109.199997
U402                      XNR21           c35_CORELIB_TYP 109.199997
U403                      XNR21           c35_CORELIB_TYP 109.199997
U404                      INV3            c35_CORELIB_TYP 36.400002 
U405                      INV3            c35_CORELIB_TYP 36.400002 
U406                      NOR21           c35_CORELIB_TYP 54.599998 
U407                      NAND22          c35_CORELIB_TYP 54.599998 
U408                      XNR21           c35_CORELIB_TYP 109.199997
U409                      XNR21           c35_CORELIB_TYP 109.199997
U410                      XNR21           c35_CORELIB_TYP 109.199997
U411                      NOR21           c35_CORELIB_TYP 54.599998 
U412                      XNR21           c35_CORELIB_TYP 109.199997
U413                      XOR21           c35_CORELIB_TYP 127.400002
U414                      XOR21           c35_CORELIB_TYP 127.400002
U415                      XNR21           c35_CORELIB_TYP 109.199997
U416                      XNR21           c35_CORELIB_TYP 109.199997
U417                      XNR21           c35_CORELIB_TYP 109.199997
U418                      XNR21           c35_CORELIB_TYP 109.199997
U419                      XOR21           c35_CORELIB_TYP 127.400002
U420                      XOR21           c35_CORELIB_TYP 127.400002
U421                      XNR21           c35_CORELIB_TYP 109.199997
U422                      NOR21           c35_CORELIB_TYP 54.599998 
U423                      NAND22          c35_CORELIB_TYP 54.599998 
U424                      XNR21           c35_CORELIB_TYP 109.199997
U425                      XOR21           c35_CORELIB_TYP 127.400002
U426                      XNR21           c35_CORELIB_TYP 109.199997
U427                      XNR21           c35_CORELIB_TYP 109.199997
U428                      NOR21           c35_CORELIB_TYP 54.599998 
U429                      NOR21           c35_CORELIB_TYP 54.599998 
U430                      NOR21           c35_CORELIB_TYP 54.599998 
U431                      NOR21           c35_CORELIB_TYP 54.599998 
U432                      NOR21           c35_CORELIB_TYP 54.599998 
U433                      XOR21           c35_CORELIB_TYP 127.400002
U434                      NOR21           c35_CORELIB_TYP 54.599998 
U435                      XOR21           c35_CORELIB_TYP 127.400002
U436                      NOR21           c35_CORELIB_TYP 54.599998 
U437                      NOR21           c35_CORELIB_TYP 54.599998 
U438                      NOR21           c35_CORELIB_TYP 54.599998 
U439                      XOR21           c35_CORELIB_TYP 127.400002
U440                      NOR21           c35_CORELIB_TYP 54.599998 
U441                      NOR21           c35_CORELIB_TYP 54.599998 
U442                      XNR21           c35_CORELIB_TYP 109.199997
U443                      INV3            c35_CORELIB_TYP 36.400002 
U444                      NOR21           c35_CORELIB_TYP 54.599998 
U445                      INV3            c35_CORELIB_TYP 36.400002 
U446                      NOR21           c35_CORELIB_TYP 54.599998 
U447                      INV3            c35_CORELIB_TYP 36.400002 
U448                      NOR21           c35_CORELIB_TYP 54.599998 
U449                      INV3            c35_CORELIB_TYP 36.400002 
U450                      NOR21           c35_CORELIB_TYP 54.599998 
U451                      INV3            c35_CORELIB_TYP 36.400002 
U452                      NOR21           c35_CORELIB_TYP 54.599998 
U453                      INV3            c35_CORELIB_TYP 36.400002 
U454                      NOR21           c35_CORELIB_TYP 54.599998 
U455                      INV3            c35_CORELIB_TYP 36.400002 
U456                      NOR21           c35_CORELIB_TYP 54.599998 
U457                      INV3            c35_CORELIB_TYP 36.400002 
U458                      NAND31          c35_CORELIB_TYP 72.800003 
U459                      XOR21           c35_CORELIB_TYP 127.400002
U460                      XOR21           c35_CORELIB_TYP 127.400002
U461                      XOR21           c35_CORELIB_TYP 127.400002
U462                      XNR21           c35_CORELIB_TYP 109.199997
U463                      NOR21           c35_CORELIB_TYP 54.599998 
U464                      NAND22          c35_CORELIB_TYP 54.599998 
U465                      XNR21           c35_CORELIB_TYP 109.199997
U466                      NOR21           c35_CORELIB_TYP 54.599998 
U467                      NAND22          c35_CORELIB_TYP 54.599998 
U468                      XOR21           c35_CORELIB_TYP 127.400002
U469                      XOR21           c35_CORELIB_TYP 127.400002
U470                      XOR21           c35_CORELIB_TYP 127.400002
U471                      OAI2111         c35_CORELIB_TYP 91.000000 
U472                      NAND31          c35_CORELIB_TYP 72.800003 
U473                      NOR21           c35_CORELIB_TYP 54.599998 
U474                      XOR21           c35_CORELIB_TYP 127.400002
U475                      XNR21           c35_CORELIB_TYP 109.199997
U476                      XNR21           c35_CORELIB_TYP 109.199997
U477                      NOR21           c35_CORELIB_TYP 54.599998 
U478                      NAND22          c35_CORELIB_TYP 54.599998 
U479                      XNR21           c35_CORELIB_TYP 109.199997
U480                      XNR21           c35_CORELIB_TYP 109.199997
U481                      XNR21           c35_CORELIB_TYP 109.199997
U482                      XNR21           c35_CORELIB_TYP 109.199997
U483                      XNR21           c35_CORELIB_TYP 109.199997
U484                      NAND41          c35_CORELIB_TYP 91.000000 
U485                      NOR40           c35_CORELIB_TYP 72.800003 
U486                      XNR21           c35_CORELIB_TYP 109.199997
U487                      XNR21           c35_CORELIB_TYP 109.199997
U488                      NAND41          c35_CORELIB_TYP 91.000000 
U489                      NOR40           c35_CORELIB_TYP 72.800003 
U490                      XNR21           c35_CORELIB_TYP 109.199997
U491                      XNR21           c35_CORELIB_TYP 109.199997
U492                      NAND41          c35_CORELIB_TYP 91.000000 
U493                      NOR40           c35_CORELIB_TYP 72.800003 
U494                      XNR21           c35_CORELIB_TYP 109.199997
U495                      XNR21           c35_CORELIB_TYP 109.199997
U496                      INV3            c35_CORELIB_TYP 36.400002 
U497                      AOI311          c35_CORELIB_TYP 91.000000 
U498                      NOR40           c35_CORELIB_TYP 72.800003 
U499                      XNR21           c35_CORELIB_TYP 109.199997
U500                      XNR21           c35_CORELIB_TYP 109.199997
U501                      XNR21           c35_CORELIB_TYP 109.199997
U502                      NOR21           c35_CORELIB_TYP 54.599998 
U503                      AOI221          c35_CORELIB_TYP 91.000000 
U504                      NOR40           c35_CORELIB_TYP 72.800003 
U505                      NOR40           c35_CORELIB_TYP 72.800003 
U506                      NAND41          c35_CORELIB_TYP 91.000000 
U507                      NOR40           c35_CORELIB_TYP 72.800003 
U508                      XNR21           c35_CORELIB_TYP 109.199997
U509                      XNR21           c35_CORELIB_TYP 109.199997
U510                      NAND41          c35_CORELIB_TYP 91.000000 
U511                      XNR21           c35_CORELIB_TYP 109.199997
U512                      XNR21           c35_CORELIB_TYP 109.199997
U513                      XNR21           c35_CORELIB_TYP 109.199997
U514                      NAND41          c35_CORELIB_TYP 91.000000 
U515                      XNR21           c35_CORELIB_TYP 109.199997
U516                      XNR21           c35_CORELIB_TYP 109.199997
U517                      XNR21           c35_CORELIB_TYP 109.199997
U518                      NAND41          c35_CORELIB_TYP 91.000000 
U519                      XNR21           c35_CORELIB_TYP 109.199997
U520                      XNR21           c35_CORELIB_TYP 109.199997
U521                      XNR21           c35_CORELIB_TYP 109.199997
U522                      OAI2111         c35_CORELIB_TYP 91.000000 
U523                      NAND22          c35_CORELIB_TYP 54.599998 
U524                      NAND31          c35_CORELIB_TYP 72.800003 
U525                      XNR21           c35_CORELIB_TYP 109.199997
U526                      XNR21           c35_CORELIB_TYP 109.199997
U527                      XNR21           c35_CORELIB_TYP 109.199997
U528                      XNR21           c35_CORELIB_TYP 109.199997
U529                      XNR21           c35_CORELIB_TYP 109.199997
U530                      XNR21           c35_CORELIB_TYP 109.199997
U531                      XNR21           c35_CORELIB_TYP 109.199997
U532                      XNR21           c35_CORELIB_TYP 109.199997
U533                      XNR21           c35_CORELIB_TYP 109.199997
U534                      NAND41          c35_CORELIB_TYP 91.000000 
U535                      XNR21           c35_CORELIB_TYP 109.199997
U536                      XNR21           c35_CORELIB_TYP 109.199997
U537                      XNR21           c35_CORELIB_TYP 109.199997
U538                      NAND41          c35_CORELIB_TYP 91.000000 
U539                      XNR21           c35_CORELIB_TYP 109.199997
U540                      XNR21           c35_CORELIB_TYP 109.199997
U541                      XNR21           c35_CORELIB_TYP 109.199997
U542                      XNR21           c35_CORELIB_TYP 109.199997
U543                      XNR21           c35_CORELIB_TYP 109.199997
U544                      XNR21           c35_CORELIB_TYP 109.199997
U545                      XNR21           c35_CORELIB_TYP 109.199997
U546                      XNR21           c35_CORELIB_TYP 109.199997
U547                      XNR21           c35_CORELIB_TYP 109.199997
U548                      NAND41          c35_CORELIB_TYP 91.000000 
U549                      XNR21           c35_CORELIB_TYP 109.199997
U550                      XNR21           c35_CORELIB_TYP 109.199997
U551                      XNR21           c35_CORELIB_TYP 109.199997
U552                      XOR21           c35_CORELIB_TYP 127.400002
U553                      XOR21           c35_CORELIB_TYP 127.400002
U554                      XNR21           c35_CORELIB_TYP 109.199997
U555                      XNR21           c35_CORELIB_TYP 109.199997
U556                      XNR21           c35_CORELIB_TYP 109.199997
U557                      XNR21           c35_CORELIB_TYP 109.199997
U558                      NAND41          c35_CORELIB_TYP 91.000000 
U559                      INV3            c35_CORELIB_TYP 36.400002 
U560                      XNR21           c35_CORELIB_TYP 109.199997
U561                      NAND41          c35_CORELIB_TYP 91.000000 
U562                      INV3            c35_CORELIB_TYP 36.400002 
U563                      XNR21           c35_CORELIB_TYP 109.199997
U564                      XNR21           c35_CORELIB_TYP 109.199997
U565                      NOR21           c35_CORELIB_TYP 54.599998 
U566                      XOR21           c35_CORELIB_TYP 127.400002
U567                      XOR21           c35_CORELIB_TYP 127.400002
U568                      NOR21           c35_CORELIB_TYP 54.599998 
U569                      XOR21           c35_CORELIB_TYP 127.400002
U570                      XOR21           c35_CORELIB_TYP 127.400002
U571                      NOR21           c35_CORELIB_TYP 54.599998 
U572                      XOR21           c35_CORELIB_TYP 127.400002
U573                      XOR21           c35_CORELIB_TYP 127.400002
U574                      NAND41          c35_CORELIB_TYP 91.000000 
U575                      INV3            c35_CORELIB_TYP 36.400002 
U576                      XNR21           c35_CORELIB_TYP 109.199997
U577                      XNR21           c35_CORELIB_TYP 109.199997
U578                      NOR21           c35_CORELIB_TYP 54.599998 
U579                      XOR21           c35_CORELIB_TYP 127.400002
U580                      XOR21           c35_CORELIB_TYP 127.400002
U581                      NAND41          c35_CORELIB_TYP 91.000000 
U582                      NOR21           c35_CORELIB_TYP 54.599998 
U583                      NOR31           c35_CORELIB_TYP 72.800003 
U584                      NOR40           c35_CORELIB_TYP 72.800003 
U585                      NOR31           c35_CORELIB_TYP 72.800003 
U586                      NOR31           c35_CORELIB_TYP 72.800003 
U587                      NAND22          c35_CORELIB_TYP 54.599998 
U588                      NAND31          c35_CORELIB_TYP 72.800003 
U589                      NAND41          c35_CORELIB_TYP 91.000000 
U590                      NOR21           c35_CORELIB_TYP 54.599998 
U591                      INV3            c35_CORELIB_TYP 36.400002 
U592                      NOR21           c35_CORELIB_TYP 54.599998 
U593                      NOR31           c35_CORELIB_TYP 72.800003 
U594                      AOI221          c35_CORELIB_TYP 91.000000 
U595                      NAND22          c35_CORELIB_TYP 54.599998 
U596                      NOR21           c35_CORELIB_TYP 54.599998 
U597                      NOR21           c35_CORELIB_TYP 54.599998 
U598                      NOR21           c35_CORELIB_TYP 54.599998 
U599                      INV3            c35_CORELIB_TYP 36.400002 
U600                      INV3            c35_CORELIB_TYP 36.400002 
U601                      INV3            c35_CORELIB_TYP 36.400002 
U602                      OAI222          c35_CORELIB_TYP 91.000000 
U603                      OAI222          c35_CORELIB_TYP 91.000000 
U604                      OAI222          c35_CORELIB_TYP 91.000000 
U605                      OAI222          c35_CORELIB_TYP 91.000000 
send_ppm1/U6              OAI222          c35_CORELIB_TYP 91.000000 
send_ppm1/U13             OAI212          c35_CORELIB_TYP 72.800003 
send_ppm1/U16             OAI212          c35_CORELIB_TYP 72.800003 
send_ppm1/U39             OAI222          c35_CORELIB_TYP 91.000000 
send_ppm1/current_state_reg[0]
                          DF3             c35_CORELIB_TYP 273.000000
                                                                    n
send_ppm1/current_state_reg[1]
                          DF3             c35_CORELIB_TYP 273.000000
                                                                    n
send_ppm1/current_state_reg[2]
                          DF3             c35_CORELIB_TYP 273.000000
                                                                    n
send_ppm1/dp_cluster_0/add_1_root_sub_235_cf/U1_2
                          ADD32           c35_CORELIB_TYP 273.000000
                                                                    d, mo, r
send_ppm1/dp_cluster_0/add_1_root_sub_235_cf/U1_3
                          ADD32           c35_CORELIB_TYP 273.000000
                                                                    d, mo, r
send_ppm1/dp_cluster_0/add_1_root_sub_235_cf/U1_4
                          ADD32           c35_CORELIB_TYP 273.000000
                                                                    d, mo, r
send_ppm1/dp_cluster_0/add_1_root_sub_235_cf/U1_5
                          ADD32           c35_CORELIB_TYP 273.000000
                                                                    d, mo, r
send_ppm1/dp_cluster_0/add_1_root_sub_235_cf/U1_6
                          ADD32           c35_CORELIB_TYP 273.000000
                                                                    d, mo, r
send_ppm1/dp_cluster_0/add_1_root_sub_235_cf/U1_7
                          ADD32           c35_CORELIB_TYP 273.000000
                                                                    d, mo, r
send_ppm1/dp_cluster_0/add_1_root_sub_235_cf/U1_8
                          ADD32           c35_CORELIB_TYP 273.000000
                                                                    d, mo, r
send_ppm1/dp_cluster_0/add_1_root_sub_235_cf/U1_9
                          ADD32           c35_CORELIB_TYP 273.000000
                                                                    d, mo, r
send_ppm1/dp_cluster_0/add_1_root_sub_235_cf/U1_10
                          ADD32           c35_CORELIB_TYP 273.000000
                                                                    d, mo, r
send_ppm1/dp_cluster_0/add_1_root_sub_235_cf/U1_11
                          ADD32           c35_CORELIB_TYP 273.000000
                                                                    d, mo, r
send_ppm1/dp_cluster_0/add_1_root_sub_235_cf/U1_12
                          ADD32           c35_CORELIB_TYP 273.000000
                                                                    d, mo, r
send_ppm1/dp_cluster_0/add_1_root_sub_235_cf/U1_13
                          ADD32           c35_CORELIB_TYP 273.000000
                                                                    d, mo, r
send_ppm1/dp_cluster_0/add_1_root_sub_235_cf/U1_14
                          ADD32           c35_CORELIB_TYP 273.000000
                                                                    d, mo, r
send_ppm1/dp_cluster_0/add_1_root_sub_235_cf/U1_15
                          ADD32           c35_CORELIB_TYP 273.000000
                                                                    d, mo, r
send_ppm1/dp_cluster_0/add_3_root_sub_235_cf/U1_2
                          ADD32           c35_CORELIB_TYP 273.000000
                                                                    d, mo, r
send_ppm1/dp_cluster_0/add_3_root_sub_235_cf/U1_3
                          ADD32           c35_CORELIB_TYP 273.000000
                                                                    d, mo, r
send_ppm1/dp_cluster_0/add_3_root_sub_235_cf/U1_4
                          ADD32           c35_CORELIB_TYP 273.000000
                                                                    d, mo, r
send_ppm1/dp_cluster_0/add_3_root_sub_235_cf/U1_5
                          ADD32           c35_CORELIB_TYP 273.000000
                                                                    d, mo, r
send_ppm1/dp_cluster_0/add_3_root_sub_235_cf/U1_6
                          ADD32           c35_CORELIB_TYP 273.000000
                                                                    d, mo, r
send_ppm1/dp_cluster_0/add_3_root_sub_235_cf/U1_7
                          ADD32           c35_CORELIB_TYP 273.000000
                                                                    d, mo, r
send_ppm1/dp_cluster_0/add_3_root_sub_235_cf/U1_8
                          ADD32           c35_CORELIB_TYP 273.000000
                                                                    d, mo, r
send_ppm1/dp_cluster_0/add_3_root_sub_235_cf/U1_9
                          ADD32           c35_CORELIB_TYP 273.000000
                                                                    d, mo, r
send_ppm1/dp_cluster_0/add_3_root_sub_235_cf/U1_10
                          ADD32           c35_CORELIB_TYP 273.000000
                                                                    d, mo, r
send_ppm1/dp_cluster_0/add_3_root_sub_235_cf/U1_11
                          ADD32           c35_CORELIB_TYP 273.000000
                                                                    d, mo, r
send_ppm1/dp_cluster_0/add_3_root_sub_235_cf/U1_12
                          ADD32           c35_CORELIB_TYP 273.000000
                                                                    d, mo, r
send_ppm1/dp_cluster_0/add_3_root_sub_235_cf/U1_13
                          ADD32           c35_CORELIB_TYP 273.000000
                                                                    d, mo, r
send_ppm1/dp_cluster_0/add_3_root_sub_235_cf/U1_14
                          ADD32           c35_CORELIB_TYP 273.000000
                                                                    d, mo, r
send_ppm1/dp_cluster_0/add_3_root_sub_235_cf/U1_15
                          ADD32           c35_CORELIB_TYP 273.000000
                                                                    d, mo, r
send_ppm1/dp_cluster_0/sub_0_root_sub_235_cf/U2_2
                          ADD32           c35_CORELIB_TYP 273.000000
                                                                    d, mo, r
send_ppm1/dp_cluster_0/sub_0_root_sub_235_cf/U2_3
                          ADD32           c35_CORELIB_TYP 273.000000
                                                                    d, mo, r
send_ppm1/dp_cluster_0/sub_0_root_sub_235_cf/U2_4
                          ADD32           c35_CORELIB_TYP 273.000000
                                                                    d, mo, r
send_ppm1/dp_cluster_0/sub_0_root_sub_235_cf/U2_5
                          ADD32           c35_CORELIB_TYP 273.000000
                                                                    d, mo, r
send_ppm1/dp_cluster_0/sub_0_root_sub_235_cf/U2_6
                          ADD32           c35_CORELIB_TYP 273.000000
                                                                    d, mo, r
send_ppm1/dp_cluster_0/sub_0_root_sub_235_cf/U2_7
                          ADD32           c35_CORELIB_TYP 273.000000
                                                                    d, mo, r
send_ppm1/dp_cluster_0/sub_0_root_sub_235_cf/U2_8
                          ADD32           c35_CORELIB_TYP 273.000000
                                                                    d, mo, r
send_ppm1/dp_cluster_0/sub_0_root_sub_235_cf/U2_9
                          ADD32           c35_CORELIB_TYP 273.000000
                                                                    d, mo, r
send_ppm1/dp_cluster_0/sub_0_root_sub_235_cf/U2_10
                          ADD32           c35_CORELIB_TYP 273.000000
                                                                    d, mo, r
send_ppm1/dp_cluster_0/sub_0_root_sub_235_cf/U2_11
                          ADD32           c35_CORELIB_TYP 273.000000
                                                                    d, mo, r
send_ppm1/dp_cluster_0/sub_0_root_sub_235_cf/U2_12
                          ADD32           c35_CORELIB_TYP 273.000000
                                                                    d, mo, r
send_ppm1/dp_cluster_0/sub_0_root_sub_235_cf/U2_13
                          ADD32           c35_CORELIB_TYP 273.000000
                                                                    d, mo, r
send_ppm1/dp_cluster_0/sub_0_root_sub_235_cf/U2_14
                          ADD32           c35_CORELIB_TYP 273.000000
                                                                    d, mo, r
send_ppm1/dp_cluster_0/sub_0_root_sub_235_cf/U2_15
                          ADD32           c35_CORELIB_TYP 273.000000
                                                                    d, mo, r
send_ppm1/dp_cluster_0/sub_0_root_sub_235_cf/U2_16
                          ADD32           c35_CORELIB_TYP 273.000000
                                                                    d, mo, r
send_ppm1/dp_cluster_1/mult_114/S2_5_1
                          ADD32           c35_CORELIB_TYP 273.000000
                                                                    d, mo, r
send_ppm1/dp_cluster_1/mult_114/S2_6_1
                          ADD32           c35_CORELIB_TYP 273.000000
                                                                    d, mo, r
send_ppm1/dp_cluster_1/mult_114/S3_2_5
                          ADD32           c35_CORELIB_TYP 273.000000
                                                                    d, mo, r
send_ppm1/dp_cluster_1/mult_114/S3_3_5
                          ADD32           c35_CORELIB_TYP 273.000000
                                                                    d, mo, r
send_ppm1/dp_cluster_1/mult_114/S3_4_5
                          ADD32           c35_CORELIB_TYP 273.000000
                                                                    d, mo, r
send_ppm1/dp_cluster_1/mult_114/S3_5_5
                          ADD32           c35_CORELIB_TYP 273.000000
                                                                    d, mo, r
send_ppm1/dp_cluster_1/mult_114/S3_6_5
                          ADD32           c35_CORELIB_TYP 273.000000
                                                                    d, mo, r
send_ppm1/dp_cluster_1/mult_114/S4_1
                          ADD32           c35_CORELIB_TYP 273.000000
                                                                    d, mo, r
send_ppm1/dp_cluster_1/mult_114/S5_5
                          ADD32           c35_CORELIB_TYP 273.000000
                                                                    d, mo, r
send_ppm1/dp_cluster_2/mult_117/S2_5_1
                          ADD32           c35_CORELIB_TYP 273.000000
                                                                    d, mo, r
send_ppm1/dp_cluster_2/mult_117/S2_6_1
                          ADD32           c35_CORELIB_TYP 273.000000
                                                                    d, mo, r
send_ppm1/dp_cluster_2/mult_117/S3_2_5
                          ADD32           c35_CORELIB_TYP 273.000000
                                                                    d, mo, r
send_ppm1/dp_cluster_2/mult_117/S3_3_5
                          ADD32           c35_CORELIB_TYP 273.000000
                                                                    d, mo, r
send_ppm1/dp_cluster_2/mult_117/S3_4_5
                          ADD32           c35_CORELIB_TYP 273.000000
                                                                    d, mo, r
send_ppm1/dp_cluster_2/mult_117/S3_5_5
                          ADD32           c35_CORELIB_TYP 273.000000
                                                                    d, mo, r
send_ppm1/dp_cluster_2/mult_117/S3_6_5
                          ADD32           c35_CORELIB_TYP 273.000000
                                                                    d, mo, r
send_ppm1/dp_cluster_2/mult_117/S4_1
                          ADD32           c35_CORELIB_TYP 273.000000
                                                                    d, mo, r
send_ppm1/dp_cluster_2/mult_117/S5_5
                          ADD32           c35_CORELIB_TYP 273.000000
                                                                    d, mo, r
send_ppm1/dp_cluster_3/mult_120/S2_5_1
                          ADD32           c35_CORELIB_TYP 273.000000
                                                                    d, mo, r
send_ppm1/dp_cluster_3/mult_120/S2_6_1
                          ADD32           c35_CORELIB_TYP 273.000000
                                                                    d, mo, r
send_ppm1/dp_cluster_3/mult_120/S3_2_5
                          ADD32           c35_CORELIB_TYP 273.000000
                                                                    d, mo, r
send_ppm1/dp_cluster_3/mult_120/S3_3_5
                          ADD32           c35_CORELIB_TYP 273.000000
                                                                    d, mo, r
send_ppm1/dp_cluster_3/mult_120/S3_4_5
                          ADD32           c35_CORELIB_TYP 273.000000
                                                                    d, mo, r
send_ppm1/dp_cluster_3/mult_120/S3_5_5
                          ADD32           c35_CORELIB_TYP 273.000000
                                                                    d, mo, r
send_ppm1/dp_cluster_3/mult_120/S3_6_5
                          ADD32           c35_CORELIB_TYP 273.000000
                                                                    d, mo, r
send_ppm1/dp_cluster_3/mult_120/S4_1
                          ADD32           c35_CORELIB_TYP 273.000000
                                                                    d, mo, r
send_ppm1/dp_cluster_3/mult_120/S5_5
                          ADD32           c35_CORELIB_TYP 273.000000
                                                                    d, mo, r
send_ppm1/dp_cluster_4/mult_123/S2_5_1
                          ADD32           c35_CORELIB_TYP 273.000000
                                                                    d, mo, r
send_ppm1/dp_cluster_4/mult_123/S2_6_1
                          ADD32           c35_CORELIB_TYP 273.000000
                                                                    d, mo, r
send_ppm1/dp_cluster_4/mult_123/S3_2_5
                          ADD32           c35_CORELIB_TYP 273.000000
                                                                    d, mo, r
send_ppm1/dp_cluster_4/mult_123/S3_3_5
                          ADD32           c35_CORELIB_TYP 273.000000
                                                                    d, mo, r
send_ppm1/dp_cluster_4/mult_123/S3_4_5
                          ADD32           c35_CORELIB_TYP 273.000000
                                                                    d, mo, r
send_ppm1/dp_cluster_4/mult_123/S3_5_5
                          ADD32           c35_CORELIB_TYP 273.000000
                                                                    d, mo, r
send_ppm1/dp_cluster_4/mult_123/S3_6_5
                          ADD32           c35_CORELIB_TYP 273.000000
                                                                    d, mo, r
send_ppm1/dp_cluster_4/mult_123/S4_1
                          ADD32           c35_CORELIB_TYP 273.000000
                                                                    d, mo, r
send_ppm1/dp_cluster_4/mult_123/S5_5
                          ADD32           c35_CORELIB_TYP 273.000000
                                                                    d, mo, r
send_ppm1/local_counter1/add_34/U1_1_1
                          ADD22           c35_CORELIB_TYP 145.600006
                                                                    mo, r
send_ppm1/local_counter1/add_34/U1_1_2
                          ADD22           c35_CORELIB_TYP 145.600006
                                                                    mo, r
send_ppm1/local_counter1/add_34/U1_1_3
                          ADD22           c35_CORELIB_TYP 145.600006
                                                                    mo, r
send_ppm1/local_counter1/add_34/U1_1_4
                          ADD22           c35_CORELIB_TYP 145.600006
                                                                    mo, r
send_ppm1/local_counter1/add_34/U1_1_5
                          ADD22           c35_CORELIB_TYP 145.600006
                                                                    mo, r
send_ppm1/local_counter1/add_34/U1_1_6
                          ADD22           c35_CORELIB_TYP 145.600006
                                                                    mo, r
send_ppm1/local_counter1/add_34/U1_1_7
                          ADD22           c35_CORELIB_TYP 145.600006
                                                                    mo, r
send_ppm1/local_counter1/add_34/U1_1_8
                          ADD22           c35_CORELIB_TYP 145.600006
                                                                    mo, r
send_ppm1/local_counter1/add_34/U1_1_9
                          ADD22           c35_CORELIB_TYP 145.600006
                                                                    mo, r
send_ppm1/local_counter1/add_34/U1_1_10
                          ADD22           c35_CORELIB_TYP 145.600006
                                                                    mo, r
send_ppm1/local_counter1/add_34/U1_1_11
                          ADD22           c35_CORELIB_TYP 145.600006
                                                                    mo, r
send_ppm1/local_counter1/add_34/U1_1_12
                          ADD22           c35_CORELIB_TYP 145.600006
                                                                    mo, r
send_ppm1/local_counter1/add_34/U1_1_13
                          ADD22           c35_CORELIB_TYP 145.600006
                                                                    mo, r
send_ppm1/local_counter1/add_34/U1_1_14
                          ADD22           c35_CORELIB_TYP 145.600006
                                                                    mo, r
send_ppm1/local_counter1/add_34/U1_1_15
                          ADD22           c35_CORELIB_TYP 145.600006
                                                                    mo, r
send_ppm1/local_counter1/add_34/U1_1_16
                          ADD22           c35_CORELIB_TYP 145.600006
                                                                    mo, r
send_ppm1/local_counter1/add_34/U1_1_17
                          ADD22           c35_CORELIB_TYP 145.600006
                                                                    mo, r
send_ppm1/local_counter1/add_34/U1_1_18
                          ADD22           c35_CORELIB_TYP 145.600006
                                                                    mo, r
send_ppm1/local_counter1/o_count_reg[0]
                          DF3             c35_CORELIB_TYP 273.000000
                                                                    n
send_ppm1/local_counter1/o_count_reg[1]
                          DF3             c35_CORELIB_TYP 273.000000
                                                                    n
send_ppm1/local_counter1/o_count_reg[2]
                          DF3             c35_CORELIB_TYP 273.000000
                                                                    n
send_ppm1/local_counter1/o_count_reg[3]
                          DF3             c35_CORELIB_TYP 273.000000
                                                                    n
send_ppm1/local_counter1/o_count_reg[4]
                          DF3             c35_CORELIB_TYP 273.000000
                                                                    n
send_ppm1/local_counter1/o_count_reg[5]
                          DF3             c35_CORELIB_TYP 273.000000
                                                                    n
send_ppm1/local_counter1/o_count_reg[6]
                          DF3             c35_CORELIB_TYP 273.000000
                                                                    n
send_ppm1/local_counter1/o_count_reg[7]
                          DF3             c35_CORELIB_TYP 273.000000
                                                                    n
send_ppm1/local_counter1/o_count_reg[8]
                          DF3             c35_CORELIB_TYP 273.000000
                                                                    n
send_ppm1/local_counter1/o_count_reg[9]
                          DF3             c35_CORELIB_TYP 273.000000
                                                                    n
send_ppm1/local_counter1/o_count_reg[10]
                          DF3             c35_CORELIB_TYP 273.000000
                                                                    n
send_ppm1/local_counter1/o_count_reg[11]
                          DF3             c35_CORELIB_TYP 273.000000
                                                                    n
send_ppm1/local_counter1/o_count_reg[12]
                          DF3             c35_CORELIB_TYP 273.000000
                                                                    n
send_ppm1/local_counter1/o_count_reg[13]
                          DF3             c35_CORELIB_TYP 273.000000
                                                                    n
send_ppm1/local_counter1/o_count_reg[14]
                          DF3             c35_CORELIB_TYP 273.000000
                                                                    n
send_ppm1/local_counter1/o_count_reg[15]
                          DF3             c35_CORELIB_TYP 273.000000
                                                                    n
send_ppm1/local_counter1/o_count_reg[16]
                          DF3             c35_CORELIB_TYP 273.000000
                                                                    n
send_ppm1/local_counter1/o_count_reg[17]
                          DF3             c35_CORELIB_TYP 273.000000
                                                                    n
send_ppm1/local_counter1/o_count_reg[18]
                          DF3             c35_CORELIB_TYP 273.000000
                                                                    n
send_ppm1/local_counter1/o_count_reg[19]
                          DF3             c35_CORELIB_TYP 273.000000
                                                                    n
send_ppm1/local_counter1/v_val_reg[0]
                          DF3             c35_CORELIB_TYP 273.000000
                                                                    n
send_ppm1/local_counter1/v_val_reg[1]
                          DF3             c35_CORELIB_TYP 273.000000
                                                                    n
send_ppm1/local_counter1/v_val_reg[2]
                          DF3             c35_CORELIB_TYP 273.000000
                                                                    n
send_ppm1/local_counter1/v_val_reg[3]
                          DF3             c35_CORELIB_TYP 273.000000
                                                                    n
send_ppm1/local_counter1/v_val_reg[4]
                          DF3             c35_CORELIB_TYP 273.000000
                                                                    n
send_ppm1/local_counter1/v_val_reg[5]
                          DF3             c35_CORELIB_TYP 273.000000
                                                                    n
send_ppm1/local_counter1/v_val_reg[6]
                          DF3             c35_CORELIB_TYP 273.000000
                                                                    n
send_ppm1/local_counter1/v_val_reg[7]
                          DF3             c35_CORELIB_TYP 273.000000
                                                                    n
send_ppm1/local_counter1/v_val_reg[8]
                          DF3             c35_CORELIB_TYP 273.000000
                                                                    n
send_ppm1/local_counter1/v_val_reg[9]
                          DF3             c35_CORELIB_TYP 273.000000
                                                                    n
send_ppm1/local_counter1/v_val_reg[10]
                          DF3             c35_CORELIB_TYP 273.000000
                                                                    n
send_ppm1/local_counter1/v_val_reg[11]
                          DF3             c35_CORELIB_TYP 273.000000
                                                                    n
send_ppm1/local_counter1/v_val_reg[12]
                          DF3             c35_CORELIB_TYP 273.000000
                                                                    n
send_ppm1/local_counter1/v_val_reg[13]
                          DF3             c35_CORELIB_TYP 273.000000
                                                                    n
send_ppm1/local_counter1/v_val_reg[14]
                          DF3             c35_CORELIB_TYP 273.000000
                                                                    n
send_ppm1/local_counter1/v_val_reg[15]
                          DF3             c35_CORELIB_TYP 273.000000
                                                                    n
send_ppm1/local_counter1/v_val_reg[16]
                          DF3             c35_CORELIB_TYP 273.000000
                                                                    n
send_ppm1/local_counter1/v_val_reg[17]
                          DF3             c35_CORELIB_TYP 273.000000
                                                                    n
send_ppm1/local_counter1/v_val_reg[18]
                          DF3             c35_CORELIB_TYP 273.000000
                                                                    n
send_ppm1/local_counter1/v_val_reg[19]
                          DF3             c35_CORELIB_TYP 273.000000
                                                                    n
send_ppm1/sig_out_ppm_reg DF3             c35_CORELIB_TYP 273.000000
                                                                    n
send_ppm1/sig_reg_storage_reg[0]
                          DFE1            c35_CORELIB_TYP 327.600006
                                                                    n
send_ppm1/sig_reg_storage_reg[1]
                          DFE1            c35_CORELIB_TYP 327.600006
                                                                    n
send_ppm1/sig_reg_storage_reg[2]
                          DFE1            c35_CORELIB_TYP 327.600006
                                                                    n
send_ppm1/sig_reg_storage_reg[3]
                          DFE1            c35_CORELIB_TYP 327.600006
                                                                    n
send_ppm1/sig_reg_storage_reg[4]
                          DFE1            c35_CORELIB_TYP 327.600006
                                                                    n
send_ppm1/sig_reg_storage_reg[5]
                          DFE1            c35_CORELIB_TYP 327.600006
                                                                    n
send_ppm1/sig_reg_storage_reg[6]
                          DFE1            c35_CORELIB_TYP 327.600006
                                                                    n
send_ppm1/sig_reg_storage_reg[7]
                          DFE1            c35_CORELIB_TYP 327.600006
                                                                    n
send_ppm1/sig_reg_storage_reg[8]
                          DFE1            c35_CORELIB_TYP 327.600006
                                                                    n
send_ppm1/sig_reg_storage_reg[9]
                          DFE1            c35_CORELIB_TYP 327.600006
                                                                    n
send_ppm1/sig_reg_storage_reg[10]
                          DFE1            c35_CORELIB_TYP 327.600006
                                                                    n
send_ppm1/sig_reg_storage_reg[11]
                          DFE1            c35_CORELIB_TYP 327.600006
                                                                    n
send_ppm1/sig_reg_storage_reg[12]
                          DFE1            c35_CORELIB_TYP 327.600006
                                                                    n
send_ppm1/sig_reg_storage_reg[13]
                          DFE1            c35_CORELIB_TYP 327.600006
                                                                    n
send_ppm1/sig_reg_storage_reg[14]
                          DFE1            c35_CORELIB_TYP 327.600006
                                                                    n
send_ppm1/sig_reg_storage_reg[15]
                          DFE1            c35_CORELIB_TYP 327.600006
                                                                    n
send_ppm1/sig_reg_storage_reg[16]
                          DFE1            c35_CORELIB_TYP 327.600006
                                                                    n
send_ppm1/sig_reg_storage_reg[17]
                          DFE1            c35_CORELIB_TYP 327.600006
                                                                    n
send_ppm1/sig_reg_storage_reg[18]
                          DFE1            c35_CORELIB_TYP 327.600006
                                                                    n
send_ppm1/sig_reg_storage_reg[19]
                          DFE1            c35_CORELIB_TYP 327.600006
                                                                    n
send_ppm1/sig_reg_storage_reg[20]
                          DFE1            c35_CORELIB_TYP 327.600006
                                                                    n
send_ppm1/sig_reg_storage_reg[21]
                          DFE1            c35_CORELIB_TYP 327.600006
                                                                    n
send_ppm1/sig_reg_storage_reg[22]
                          DFE1            c35_CORELIB_TYP 327.600006
                                                                    n
send_ppm1/sig_reg_storage_reg[23]
                          DFE1            c35_CORELIB_TYP 327.600006
                                                                    n
send_ppm1/sig_reg_storage_reg[24]
                          DFE1            c35_CORELIB_TYP 327.600006
                                                                    n
send_ppm1/sig_reg_storage_reg[25]
                          DFE1            c35_CORELIB_TYP 327.600006
                                                                    n
send_ppm1/sig_reg_storage_reg[26]
                          DFE1            c35_CORELIB_TYP 327.600006
                                                                    n
send_ppm1/sig_reg_storage_reg[27]
                          DFE1            c35_CORELIB_TYP 327.600006
                                                                    n
send_ppm1/sig_reg_storage_reg[28]
                          DFE1            c35_CORELIB_TYP 327.600006
                                                                    n
send_ppm1/sig_reg_storage_reg[29]
                          DFE1            c35_CORELIB_TYP 327.600006
                                                                    n
send_ppm1/sig_reg_storage_reg[30]
                          DFE1            c35_CORELIB_TYP 327.600006
                                                                    n
send_ppm1/sig_reg_storage_reg[31]
                          DFE1            c35_CORELIB_TYP 327.600006
                                                                    n
send_ppm1/sig_state_reg[0]
                          JK3             c35_CORELIB_TYP 345.799988
                                                                    n
send_ppm1/sig_state_reg[1]
                          DF3             c35_CORELIB_TYP 273.000000
                                                                    n
send_ppm1/sig_state_reg[2]
                          DF3             c35_CORELIB_TYP 273.000000
                                                                    n
--------------------------------------------------------------------------------
Total 785 cells                                           90872.600212
1
