Loading db file '/softslin/AMS_410_CDS/synopsys/c35_3.3V/c35_CORELIB_TYP.db'
Information: Propagating switching activity (low effort zero delay simulation). (PWR-6)
Warning: Design has unannotated primary inputs. (PWR-414)
Warning: Design has unannotated sequential cell outputs. (PWR-415)
 
****************************************
Report : power
        -analysis_effort low
Design : top_ppm
Version: J-2014.09-SP2
Date   : Thu Jan 18 12:34:39 2018
****************************************


Library(s) Used:

    c35_CORELIB_TYP (File: /softslin/AMS_410_CDS/synopsys/c35_3.3V/c35_CORELIB_TYP.db)


Operating Conditions: WORST   Library: c35_CORELIB_TYP
Wire Load Model Mode: enclosed

Design        Wire Load Model            Library
------------------------------------------------
top_ppm                10k               c35_CORELIB_TYP


Global Operating Voltage = 3    
Power-specific unit information :
    Voltage Units = 1V
    Capacitance Units = 1.000000pf
    Time Units = 1ns
    Dynamic Power Units = 1mW    (derived from V,C,T units)
    Leakage Power Units = 1pW


  Cell Internal Power  = 848.7755 uW   (81%)
  Net Switching Power  = 202.5738 uW   (19%)
                         ---------
Total Dynamic Power    =   1.0513 mW  (100%)

Cell Leakage Power     = 746.3951 pW


                 Internal         Switching           Leakage            Total
Power Group      Power            Power               Power              Power   (   %    )  Attrs
--------------------------------------------------------------------------------------------------
io_pad             0.0000            0.0000            0.0000            0.0000  (   0.00%)
memory             0.0000            0.0000            0.0000            0.0000  (   0.00%)
black_box          0.0000            0.0000            0.0000            0.0000  (   0.00%)
clock_network      0.0000            0.0000            0.0000            0.0000  (   0.00%)
register           0.6372        5.7970e-02          223.5082            0.6951  (  66.12%)
sequential         0.0000            0.0000            0.0000            0.0000  (   0.00%)
combinational      0.2116            0.1446          522.8870            0.3562  (  33.88%)
--------------------------------------------------------------------------------------------------
Total              0.8488 mW         0.2026 mW       746.3951 pW         1.0514 mW
1
