
Modifying /tp/xph3app/xph3app602/projet_drone/CONFIG/modelsim.ini
Model Technology ModelSim SE-64 vcom 10.2c Compiler 2013.07 Jul 18 2013
-- Loading package STANDARD
-- Loading package TEXTIO
-- Loading package std_logic_1164
-- Compiling package CONV_PACK_top_bar
-- Loading package CONV_PACK_top_bar
-- Compiling entity top_bar
-- Compiling architecture SYN_bar of top_bar
Modifying /tp/xph3app/xph3app602/projet_drone/CONFIG/modelsim.ini
Model Technology ModelSim SE-64 vlog 10.2c Compiler 2013.07 Jul 18 2013
-- Compiling package tbench_sv_unit
-- Compiling module tbench

Top level modules:
	tbench
Model Technology ModelSim SE-64 vlog 10.2c Compiler 2013.07 Jul 18 2013
-- Compiling package tbench_sans_top_sv_unit
-- Compiling module tbench

Top level modules:
	tbench

Total Errors :	0
Total Warnings :	0
