################################################################################
#
# This file has been generated by SpyGlass:
#     Report Created by: xph3app602
#     Report Created on: Mon Jan 15 10:23:06 2018
#     Working Directory: /tp/xph3app/xph3app602/projet_drone/SPYGLASS/script
#     Report Location  : ./spyglass-1/lint/lint_rtl/spyglass_reports/SpyGlass/elab_summary.rpt
#     SpyGlass Version : 5.6.0
#     Policy Name      : SpyGlass(5.6.0)
#     Comment          : This report contains RTL and Elaborated names along with parameter values
#
################################################################################

================================================================================
Elaborated Name: 'global_counter'
    (RTL Design Unit name: 'global_counter', ../../VHD/global_counter.vhd:9)
     Parameters (Total: 0)
     Instances (Total: 1): send_ppm.global_counter1 

================================================================================

Elaborated Name: 'local_counter'
    (RTL Design Unit name: 'local_counter', ../../VHD/local_counter.vhd:9)
     Parameters (Total: 0)
     Instances (Total: 1): send_ppm.local_counter1 

================================================================================

Elaborated Name: 'send_ppm'
    (RTL Design Unit name: 'send_ppm', ../../VHD/send_ppm.vhd:12)
     Parameters (Total: 0)
================================================================================
